running egg_info
writing ../../build/cam_pub_sub/cam_pub_sub.egg-info/PKG-INFO
writing dependency_links to ../../build/cam_pub_sub/cam_pub_sub.egg-info/dependency_links.txt
writing entry points to ../../build/cam_pub_sub/cam_pub_sub.egg-info/entry_points.txt
writing requirements to ../../build/cam_pub_sub/cam_pub_sub.egg-info/requires.txt
writing top-level names to ../../build/cam_pub_sub/cam_pub_sub.egg-info/top_level.txt
reading manifest file '../../build/cam_pub_sub/cam_pub_sub.egg-info/SOURCES.txt'
writing manifest file '../../build/cam_pub_sub/cam_pub_sub.egg-info/SOURCES.txt'
running build
running build_py
running install
running install_lib
running install_data
running install_egg_info
removing '/home/akash/final_project_sme_lab_12194814/12194814_ros_ws/install/cam_pub_sub/lib/python3.10/site-packages/cam_pub_sub-0.0.0-py3.10.egg-info' (and everything under it)
Copying ../../build/cam_pub_sub/cam_pub_sub.egg-info to /home/akash/final_project_sme_lab_12194814/12194814_ros_ws/install/cam_pub_sub/lib/python3.10/site-packages/cam_pub_sub-0.0.0-py3.10.egg-info
running install_scripts
Installing cam_pub script to /home/akash/final_project_sme_lab_12194814/12194814_ros_ws/install/cam_pub_sub/lib/cam_pub_sub
Installing cam_sub script to /home/akash/final_project_sme_lab_12194814/12194814_ros_ws/install/cam_pub_sub/lib/cam_pub_sub
writing list of installed files to '/home/akash/final_project_sme_lab_12194814/12194814_ros_ws/build/cam_pub_sub/install.log'
