[0.306s] Invoking command in '/home/akash/new_ros_ws/build/gesture_interface': CMAKE_PREFIX_PATH=/opt/ros/humble /usr/bin/cmake --build /home/akash/new_ros_ws/build/gesture_interface -- -j12 -l12
[0.619s] [  3%] Built target gesture_interface__cpp
[0.650s] [ 12%] Built target gesture_interface__rosidl_generator_c
[0.706s] [ 12%] Built target ament_cmake_python_copy_gesture_interface
[0.818s] [ 22%] Built target gesture_interface__rosidl_typesupport_introspection_c
[0.822s] [ 32%] Built target gesture_interface__rosidl_typesupport_c
[0.824s] [ 41%] Built target gesture_interface__rosidl_typesupport_cpp
[0.827s] [ 51%] Built target gesture_interface__rosidl_typesupport_introspection_cpp
[0.832s] [ 61%] Built target gesture_interface__rosidl_typesupport_fastrtps_cpp
[0.853s] [ 70%] Built target gesture_interface__rosidl_typesupport_fastrtps_c
[0.937s] [ 70%] Built target gesture_interface
[1.013s] [ 74%] Built target gesture_interface__py
[1.101s] [ 80%] Built target gesture_interface__rosidl_generator_py
[1.183s] [ 87%] Built target gesture_interface__rosidl_typesupport_introspection_c__pyext
[1.199s] [ 93%] Built target gesture_interface__rosidl_typesupport_c__pyext
[1.209s] [100%] Built target gesture_interface__rosidl_typesupport_fastrtps_c__pyext
[1.970s] running egg_info
[1.972s] writing gesture_interface.egg-info/PKG-INFO
[1.973s] writing dependency_links to gesture_interface.egg-info/dependency_links.txt
[1.974s] writing top-level names to gesture_interface.egg-info/top_level.txt
[1.993s] reading manifest file 'gesture_interface.egg-info/SOURCES.txt'
[1.996s] writing manifest file 'gesture_interface.egg-info/SOURCES.txt'
[2.135s] [100%] Built target ament_cmake_python_build_gesture_interface_egg
[2.150s] Invoked command in '/home/akash/new_ros_ws/build/gesture_interface' returned '0': CMAKE_PREFIX_PATH=/opt/ros/humble /usr/bin/cmake --build /home/akash/new_ros_ws/build/gesture_interface -- -j12 -l12
[2.341s] Invoking command in '/home/akash/new_ros_ws/build/gesture_interface': CMAKE_PREFIX_PATH=/opt/ros/humble /usr/bin/cmake --install /home/akash/new_ros_ws/build/gesture_interface
[2.366s] -- Install configuration: ""
[2.367s] -- Up-to-date: /home/akash/new_ros_ws/install/gesture_interface/share/ament_index/resource_index/rosidl_interfaces/gesture_interface
[2.367s] -- Up-to-date: /home/akash/new_ros_ws/install/gesture_interface/include/gesture_interface/gesture_interface
[2.368s] -- Up-to-date: /home/akash/new_ros_ws/install/gesture_interface/include/gesture_interface/gesture_interface/msg
[2.368s] -- Up-to-date: /home/akash/new_ros_ws/install/gesture_interface/include/gesture_interface/gesture_interface/msg/rosidl_generator_c__visibility_control.h
[2.369s] -- Up-to-date: /home/akash/new_ros_ws/install/gesture_interface/include/gesture_interface/gesture_interface/msg/gesture_topic.h
[2.369s] -- Up-to-date: /home/akash/new_ros_ws/install/gesture_interface/include/gesture_interface/gesture_interface/msg/detail
[2.370s] -- Up-to-date: /home/akash/new_ros_ws/install/gesture_interface/include/gesture_interface/gesture_interface/msg/detail/gesture_topic__functions.c
[2.371s] -- Up-to-date: /home/akash/new_ros_ws/install/gesture_interface/include/gesture_interface/gesture_interface/msg/detail/gesture_topic__type_support.h
[2.371s] -- Up-to-date: /home/akash/new_ros_ws/install/gesture_interface/include/gesture_interface/gesture_interface/msg/detail/gesture_topic__struct.h
[2.372s] -- Up-to-date: /home/akash/new_ros_ws/install/gesture_interface/include/gesture_interface/gesture_interface/msg/detail/gesture_topic__functions.h
[2.372s] -- Up-to-date: /home/akash/new_ros_ws/install/gesture_interface/share/gesture_interface/environment/library_path.sh
[2.372s] -- Up-to-date: /home/akash/new_ros_ws/install/gesture_interface/share/gesture_interface/environment/library_path.dsv
[2.372s] -- Up-to-date: /home/akash/new_ros_ws/install/gesture_interface/lib/libgesture_interface__rosidl_generator_c.so
[2.373s] -- Up-to-date: /home/akash/new_ros_ws/install/gesture_interface/include/gesture_interface/gesture_interface
[2.373s] -- Up-to-date: /home/akash/new_ros_ws/install/gesture_interface/include/gesture_interface/gesture_interface/msg
[2.375s] -- Up-to-date: /home/akash/new_ros_ws/install/gesture_interface/include/gesture_interface/gesture_interface/msg/rosidl_typesupport_fastrtps_c__visibility_control.h
[2.376s] -- Up-to-date: /home/akash/new_ros_ws/install/gesture_interface/include/gesture_interface/gesture_interface/msg/detail
[2.379s] -- Up-to-date: /home/akash/new_ros_ws/install/gesture_interface/include/gesture_interface/gesture_interface/msg/detail/gesture_topic__rosidl_typesupport_fastrtps_c.h
[2.383s] -- Up-to-date: /home/akash/new_ros_ws/install/gesture_interface/lib/libgesture_interface__rosidl_typesupport_fastrtps_c.so
[2.384s] -- Up-to-date: /home/akash/new_ros_ws/install/gesture_interface/include/gesture_interface/gesture_interface
[2.384s] -- Up-to-date: /home/akash/new_ros_ws/install/gesture_interface/include/gesture_interface/gesture_interface/msg
[2.385s] -- Up-to-date: /home/akash/new_ros_ws/install/gesture_interface/include/gesture_interface/gesture_interface/msg/rosidl_typesupport_introspection_c__visibility_control.h
[2.385s] -- Up-to-date: /home/akash/new_ros_ws/install/gesture_interface/include/gesture_interface/gesture_interface/msg/detail
[2.386s] -- Up-to-date: /home/akash/new_ros_ws/install/gesture_interface/include/gesture_interface/gesture_interface/msg/detail/gesture_topic__type_support.c
[2.386s] -- Up-to-date: /home/akash/new_ros_ws/install/gesture_interface/include/gesture_interface/gesture_interface/msg/detail/gesture_topic__rosidl_typesupport_introspection_c.h
[2.409s] -- Up-to-date: /home/akash/new_ros_ws/install/gesture_interface/lib/libgesture_interface__rosidl_typesupport_introspection_c.so
[2.409s] -- Up-to-date: /home/akash/new_ros_ws/install/gesture_interface/lib/libgesture_interface__rosidl_typesupport_c.so
[2.409s] -- Up-to-date: /home/akash/new_ros_ws/install/gesture_interface/include/gesture_interface/gesture_interface
[2.409s] -- Up-to-date: /home/akash/new_ros_ws/install/gesture_interface/include/gesture_interface/gesture_interface/msg
[2.410s] -- Up-to-date: /home/akash/new_ros_ws/install/gesture_interface/include/gesture_interface/gesture_interface/msg/gesture_topic.hpp
[2.410s] -- Up-to-date: /home/akash/new_ros_ws/install/gesture_interface/include/gesture_interface/gesture_interface/msg/detail
[2.410s] -- Up-to-date: /home/akash/new_ros_ws/install/gesture_interface/include/gesture_interface/gesture_interface/msg/detail/gesture_topic__struct.hpp
[2.410s] -- Up-to-date: /home/akash/new_ros_ws/install/gesture_interface/include/gesture_interface/gesture_interface/msg/detail/gesture_topic__traits.hpp
[2.411s] -- Up-to-date: /home/akash/new_ros_ws/install/gesture_interface/include/gesture_interface/gesture_interface/msg/detail/gesture_topic__builder.hpp
[2.411s] -- Up-to-date: /home/akash/new_ros_ws/install/gesture_interface/include/gesture_interface/gesture_interface
[2.411s] -- Up-to-date: /home/akash/new_ros_ws/install/gesture_interface/include/gesture_interface/gesture_interface/msg
[2.411s] -- Up-to-date: /home/akash/new_ros_ws/install/gesture_interface/include/gesture_interface/gesture_interface/msg/rosidl_typesupport_fastrtps_cpp__visibility_control.h
[2.412s] -- Up-to-date: /home/akash/new_ros_ws/install/gesture_interface/include/gesture_interface/gesture_interface/msg/detail
[2.412s] -- Up-to-date: /home/akash/new_ros_ws/install/gesture_interface/include/gesture_interface/gesture_interface/msg/detail/dds_fastrtps
[2.412s] -- Up-to-date: /home/akash/new_ros_ws/install/gesture_interface/include/gesture_interface/gesture_interface/msg/detail/gesture_topic__rosidl_typesupport_fastrtps_cpp.hpp
[2.412s] -- Up-to-date: /home/akash/new_ros_ws/install/gesture_interface/lib/libgesture_interface__rosidl_typesupport_fastrtps_cpp.so
[2.413s] -- Up-to-date: /home/akash/new_ros_ws/install/gesture_interface/include/gesture_interface/gesture_interface
[2.418s] -- Up-to-date: /home/akash/new_ros_ws/install/gesture_interface/include/gesture_interface/gesture_interface/msg
[2.419s] -- Up-to-date: /home/akash/new_ros_ws/install/gesture_interface/include/gesture_interface/gesture_interface/msg/detail
[2.420s] -- Up-to-date: /home/akash/new_ros_ws/install/gesture_interface/include/gesture_interface/gesture_interface/msg/detail/gesture_topic__rosidl_typesupport_introspection_cpp.hpp
[2.420s] -- Up-to-date: /home/akash/new_ros_ws/install/gesture_interface/include/gesture_interface/gesture_interface/msg/detail/gesture_topic__type_support.cpp
[2.422s] -- Up-to-date: /home/akash/new_ros_ws/install/gesture_interface/lib/libgesture_interface__rosidl_typesupport_introspection_cpp.so
[2.426s] -- Up-to-date: /home/akash/new_ros_ws/install/gesture_interface/lib/libgesture_interface__rosidl_typesupport_cpp.so
[2.426s] -- Up-to-date: /home/akash/new_ros_ws/install/gesture_interface/share/gesture_interface/environment/pythonpath.sh
[2.426s] -- Up-to-date: /home/akash/new_ros_ws/install/gesture_interface/share/gesture_interface/environment/pythonpath.dsv
[2.427s] -- Up-to-date: /home/akash/new_ros_ws/install/gesture_interface/local/lib/python3.10/dist-packages/gesture_interface-0.0.0-py3.10.egg-info
[2.427s] -- Installing: /home/akash/new_ros_ws/install/gesture_interface/local/lib/python3.10/dist-packages/gesture_interface-0.0.0-py3.10.egg-info/SOURCES.txt
[2.427s] -- Installing: /home/akash/new_ros_ws/install/gesture_interface/local/lib/python3.10/dist-packages/gesture_interface-0.0.0-py3.10.egg-info/top_level.txt
[2.427s] -- Installing: /home/akash/new_ros_ws/install/gesture_interface/local/lib/python3.10/dist-packages/gesture_interface-0.0.0-py3.10.egg-info/dependency_links.txt
[2.427s] -- Installing: /home/akash/new_ros_ws/install/gesture_interface/local/lib/python3.10/dist-packages/gesture_interface-0.0.0-py3.10.egg-info/PKG-INFO
[2.428s] -- Up-to-date: /home/akash/new_ros_ws/install/gesture_interface/local/lib/python3.10/dist-packages/gesture_interface
[2.428s] -- Up-to-date: /home/akash/new_ros_ws/install/gesture_interface/local/lib/python3.10/dist-packages/gesture_interface/gesture_interface_s__rosidl_typesupport_c.cpython-310-x86_64-linux-gnu.so
[2.428s] -- Up-to-date: /home/akash/new_ros_ws/install/gesture_interface/local/lib/python3.10/dist-packages/gesture_interface/gesture_interface_s__rosidl_typesupport_fastrtps_c.cpython-310-x86_64-linux-gnu.so
[2.430s] -- Up-to-date: /home/akash/new_ros_ws/install/gesture_interface/local/lib/python3.10/dist-packages/gesture_interface/_gesture_interface_s.ep.rosidl_typesupport_c.c
[2.430s] -- Up-to-date: /home/akash/new_ros_ws/install/gesture_interface/local/lib/python3.10/dist-packages/gesture_interface/_gesture_interface_s.ep.rosidl_typesupport_introspection_c.c
[2.430s] -- Up-to-date: /home/akash/new_ros_ws/install/gesture_interface/local/lib/python3.10/dist-packages/gesture_interface/__init__.py
[2.431s] -- Up-to-date: /home/akash/new_ros_ws/install/gesture_interface/local/lib/python3.10/dist-packages/gesture_interface/_gesture_interface_s.ep.rosidl_typesupport_fastrtps_c.c
[2.431s] -- Up-to-date: /home/akash/new_ros_ws/install/gesture_interface/local/lib/python3.10/dist-packages/gesture_interface/libgesture_interface__rosidl_generator_py.so
[2.431s] -- Up-to-date: /home/akash/new_ros_ws/install/gesture_interface/local/lib/python3.10/dist-packages/gesture_interface/gesture_interface_s__rosidl_typesupport_introspection_c.cpython-310-x86_64-linux-gnu.so
[2.431s] -- Up-to-date: /home/akash/new_ros_ws/install/gesture_interface/local/lib/python3.10/dist-packages/gesture_interface/msg
[2.432s] -- Up-to-date: /home/akash/new_ros_ws/install/gesture_interface/local/lib/python3.10/dist-packages/gesture_interface/msg/__init__.py
[2.441s] -- Up-to-date: /home/akash/new_ros_ws/install/gesture_interface/local/lib/python3.10/dist-packages/gesture_interface/msg/_gesture_topic.py
[2.442s] -- Up-to-date: /home/akash/new_ros_ws/install/gesture_interface/local/lib/python3.10/dist-packages/gesture_interface/msg/_gesture_topic_s.c
[2.531s] Listing '/home/akash/new_ros_ws/install/gesture_interface/local/lib/python3.10/dist-packages/gesture_interface'...
[2.531s] Listing '/home/akash/new_ros_ws/install/gesture_interface/local/lib/python3.10/dist-packages/gesture_interface/msg'...
[2.549s] -- Up-to-date: /home/akash/new_ros_ws/install/gesture_interface/local/lib/python3.10/dist-packages/gesture_interface/gesture_interface_s__rosidl_typesupport_fastrtps_c.cpython-310-x86_64-linux-gnu.so
[2.551s] -- Up-to-date: /home/akash/new_ros_ws/install/gesture_interface/local/lib/python3.10/dist-packages/gesture_interface/gesture_interface_s__rosidl_typesupport_introspection_c.cpython-310-x86_64-linux-gnu.so
[2.553s] -- Up-to-date: /home/akash/new_ros_ws/install/gesture_interface/local/lib/python3.10/dist-packages/gesture_interface/gesture_interface_s__rosidl_typesupport_c.cpython-310-x86_64-linux-gnu.so
[2.555s] -- Up-to-date: /home/akash/new_ros_ws/install/gesture_interface/lib/libgesture_interface__rosidl_generator_py.so
[2.558s] -- Up-to-date: /home/akash/new_ros_ws/install/gesture_interface/share/gesture_interface/msg/GestureTopic.idl
[2.560s] -- Up-to-date: /home/akash/new_ros_ws/install/gesture_interface/share/gesture_interface/msg/GestureTopic.msg
[2.561s] -- Up-to-date: /home/akash/new_ros_ws/install/gesture_interface/share/ament_index/resource_index/package_run_dependencies/gesture_interface
[2.563s] -- Up-to-date: /home/akash/new_ros_ws/install/gesture_interface/share/ament_index/resource_index/parent_prefix_path/gesture_interface
[2.564s] -- Up-to-date: /home/akash/new_ros_ws/install/gesture_interface/share/gesture_interface/environment/ament_prefix_path.sh
[2.565s] -- Up-to-date: /home/akash/new_ros_ws/install/gesture_interface/share/gesture_interface/environment/ament_prefix_path.dsv
[2.565s] -- Up-to-date: /home/akash/new_ros_ws/install/gesture_interface/share/gesture_interface/environment/path.sh
[2.566s] -- Up-to-date: /home/akash/new_ros_ws/install/gesture_interface/share/gesture_interface/environment/path.dsv
[2.566s] -- Up-to-date: /home/akash/new_ros_ws/install/gesture_interface/share/gesture_interface/local_setup.bash
[2.566s] -- Up-to-date: /home/akash/new_ros_ws/install/gesture_interface/share/gesture_interface/local_setup.sh
[2.567s] -- Up-to-date: /home/akash/new_ros_ws/install/gesture_interface/share/gesture_interface/local_setup.zsh
[2.568s] -- Up-to-date: /home/akash/new_ros_ws/install/gesture_interface/share/gesture_interface/local_setup.dsv
[2.568s] -- Installing: /home/akash/new_ros_ws/install/gesture_interface/share/gesture_interface/package.dsv
[2.569s] -- Up-to-date: /home/akash/new_ros_ws/install/gesture_interface/share/ament_index/resource_index/packages/gesture_interface
[2.583s] -- Up-to-date: /home/akash/new_ros_ws/install/gesture_interface/share/gesture_interface/cmake/export_gesture_interface__rosidl_generator_cExport.cmake
[2.583s] -- Up-to-date: /home/akash/new_ros_ws/install/gesture_interface/share/gesture_interface/cmake/export_gesture_interface__rosidl_generator_cExport-noconfig.cmake
[2.585s] -- Up-to-date: /home/akash/new_ros_ws/install/gesture_interface/share/gesture_interface/cmake/export_gesture_interface__rosidl_typesupport_fastrtps_cExport.cmake
[2.586s] -- Up-to-date: /home/akash/new_ros_ws/install/gesture_interface/share/gesture_interface/cmake/export_gesture_interface__rosidl_typesupport_fastrtps_cExport-noconfig.cmake
[2.588s] -- Up-to-date: /home/akash/new_ros_ws/install/gesture_interface/share/gesture_interface/cmake/gesture_interface__rosidl_typesupport_introspection_cExport.cmake
[2.590s] -- Up-to-date: /home/akash/new_ros_ws/install/gesture_interface/share/gesture_interface/cmake/gesture_interface__rosidl_typesupport_introspection_cExport-noconfig.cmake
[2.591s] -- Up-to-date: /home/akash/new_ros_ws/install/gesture_interface/share/gesture_interface/cmake/gesture_interface__rosidl_typesupport_cExport.cmake
[2.592s] -- Up-to-date: /home/akash/new_ros_ws/install/gesture_interface/share/gesture_interface/cmake/gesture_interface__rosidl_typesupport_cExport-noconfig.cmake
[2.593s] -- Up-to-date: /home/akash/new_ros_ws/install/gesture_interface/share/gesture_interface/cmake/export_gesture_interface__rosidl_generator_cppExport.cmake
[2.602s] -- Up-to-date: /home/akash/new_ros_ws/install/gesture_interface/share/gesture_interface/cmake/export_gesture_interface__rosidl_typesupport_fastrtps_cppExport.cmake
[2.603s] -- Up-to-date: /home/akash/new_ros_ws/install/gesture_interface/share/gesture_interface/cmake/export_gesture_interface__rosidl_typesupport_fastrtps_cppExport-noconfig.cmake
[2.604s] -- Up-to-date: /home/akash/new_ros_ws/install/gesture_interface/share/gesture_interface/cmake/gesture_interface__rosidl_typesupport_introspection_cppExport.cmake
[2.609s] -- Up-to-date: /home/akash/new_ros_ws/install/gesture_interface/share/gesture_interface/cmake/gesture_interface__rosidl_typesupport_introspection_cppExport-noconfig.cmake
[2.610s] -- Up-to-date: /home/akash/new_ros_ws/install/gesture_interface/share/gesture_interface/cmake/gesture_interface__rosidl_typesupport_cppExport.cmake
[2.611s] -- Up-to-date: /home/akash/new_ros_ws/install/gesture_interface/share/gesture_interface/cmake/gesture_interface__rosidl_typesupport_cppExport-noconfig.cmake
[2.613s] -- Up-to-date: /home/akash/new_ros_ws/install/gesture_interface/share/gesture_interface/cmake/export_gesture_interface__rosidl_generator_pyExport.cmake
[2.613s] -- Up-to-date: /home/akash/new_ros_ws/install/gesture_interface/share/gesture_interface/cmake/export_gesture_interface__rosidl_generator_pyExport-noconfig.cmake
[2.617s] -- Up-to-date: /home/akash/new_ros_ws/install/gesture_interface/share/gesture_interface/cmake/rosidl_cmake-extras.cmake
[2.622s] -- Up-to-date: /home/akash/new_ros_ws/install/gesture_interface/share/gesture_interface/cmake/ament_cmake_export_include_directories-extras.cmake
[2.622s] -- Up-to-date: /home/akash/new_ros_ws/install/gesture_interface/share/gesture_interface/cmake/ament_cmake_export_libraries-extras.cmake
[2.623s] -- Up-to-date: /home/akash/new_ros_ws/install/gesture_interface/share/gesture_interface/cmake/ament_cmake_export_targets-extras.cmake
[2.623s] -- Up-to-date: /home/akash/new_ros_ws/install/gesture_interface/share/gesture_interface/cmake/rosidl_cmake_export_typesupport_targets-extras.cmake
[2.623s] -- Up-to-date: /home/akash/new_ros_ws/install/gesture_interface/share/gesture_interface/cmake/ament_cmake_export_dependencies-extras.cmake
[2.624s] -- Up-to-date: /home/akash/new_ros_ws/install/gesture_interface/share/gesture_interface/cmake/rosidl_cmake_export_typesupport_libraries-extras.cmake
[2.624s] -- Up-to-date: /home/akash/new_ros_ws/install/gesture_interface/share/gesture_interface/cmake/gesture_interfaceConfig.cmake
[2.624s] -- Up-to-date: /home/akash/new_ros_ws/install/gesture_interface/share/gesture_interface/cmake/gesture_interfaceConfig-version.cmake
[2.625s] -- Up-to-date: /home/akash/new_ros_ws/install/gesture_interface/share/gesture_interface/package.xml
[2.636s] Invoked command in '/home/akash/new_ros_ws/build/gesture_interface' returned '0': CMAKE_PREFIX_PATH=/opt/ros/humble /usr/bin/cmake --install /home/akash/new_ros_ws/build/gesture_interface
