[0.226s] Invoking command in '/home/akash/new_ros_ws/build/cam_interface': CMAKE_PREFIX_PATH=${CMAKE_PREFIX_PATH}:/home/akash/new_ros_ws/install/gesture_pub_sub:/home/akash/new_ros_ws/install/cam_pub_sub:/opt/ros/humble /usr/bin/cmake --build /home/akash/new_ros_ws/build/cam_interface -- -j12 -l12
[0.315s] [  9%] Built target cam_interface__rosidl_generator_c
[0.317s] [ 12%] Built target cam_interface__cpp
[0.339s] [ 12%] Built target ament_cmake_python_copy_cam_interface
[0.374s] [ 32%] Built target cam_interface__rosidl_typesupport_cpp
[0.374s] [ 32%] Built target cam_interface__rosidl_typesupport_introspection_c
[0.377s] [ 48%] Built target cam_interface__rosidl_typesupport_fastrtps_c
[0.377s] [ 51%] Built target cam_interface__rosidl_typesupport_fastrtps_cpp
[0.381s] [ 61%] Built target cam_interface__rosidl_typesupport_c
[0.382s] [ 70%] Built target cam_interface__rosidl_typesupport_introspection_cpp
[0.415s] [ 70%] Built target cam_interface
[0.453s] [ 74%] Built target cam_interface__py
[0.491s] [ 80%] Built target cam_interface__rosidl_generator_py
[0.541s] [ 87%] Built target cam_interface__rosidl_typesupport_c__pyext
[0.544s] [ 93%] Built target cam_interface__rosidl_typesupport_introspection_c__pyext
[0.545s] [100%] Built target cam_interface__rosidl_typesupport_fastrtps_c__pyext
[0.829s] running egg_info
[0.830s] writing cam_interface.egg-info/PKG-INFO
[0.830s] writing dependency_links to cam_interface.egg-info/dependency_links.txt
[0.831s] writing top-level names to cam_interface.egg-info/top_level.txt
[0.834s] reading manifest file 'cam_interface.egg-info/SOURCES.txt'
[0.835s] writing manifest file 'cam_interface.egg-info/SOURCES.txt'
[0.879s] [100%] Built target ament_cmake_python_build_cam_interface_egg
[0.895s] Invoked command in '/home/akash/new_ros_ws/build/cam_interface' returned '0': CMAKE_PREFIX_PATH=${CMAKE_PREFIX_PATH}:/home/akash/new_ros_ws/install/gesture_pub_sub:/home/akash/new_ros_ws/install/cam_pub_sub:/opt/ros/humble /usr/bin/cmake --build /home/akash/new_ros_ws/build/cam_interface -- -j12 -l12
[1.016s] Invoking command in '/home/akash/new_ros_ws/build/cam_interface': CMAKE_PREFIX_PATH=${CMAKE_PREFIX_PATH}:/home/akash/new_ros_ws/install/gesture_pub_sub:/home/akash/new_ros_ws/install/cam_pub_sub:/opt/ros/humble /usr/bin/cmake --install /home/akash/new_ros_ws/build/cam_interface
[1.028s] -- Install configuration: ""
[1.029s] -- Up-to-date: /home/akash/new_ros_ws/install/cam_interface/share/ament_index/resource_index/rosidl_interfaces/cam_interface
[1.029s] -- Up-to-date: /home/akash/new_ros_ws/install/cam_interface/include/cam_interface/cam_interface
[1.030s] -- Up-to-date: /home/akash/new_ros_ws/install/cam_interface/include/cam_interface/cam_interface/msg
[1.030s] -- Up-to-date: /home/akash/new_ros_ws/install/cam_interface/include/cam_interface/cam_interface/msg/rosidl_generator_c__visibility_control.h
[1.030s] -- Up-to-date: /home/akash/new_ros_ws/install/cam_interface/include/cam_interface/cam_interface/msg/cam_topic.h
[1.030s] -- Up-to-date: /home/akash/new_ros_ws/install/cam_interface/include/cam_interface/cam_interface/msg/detail
[1.031s] -- Up-to-date: /home/akash/new_ros_ws/install/cam_interface/include/cam_interface/cam_interface/msg/detail/cam_topic__functions.c
[1.031s] -- Up-to-date: /home/akash/new_ros_ws/install/cam_interface/include/cam_interface/cam_interface/msg/detail/cam_topic__struct.h
[1.031s] -- Up-to-date: /home/akash/new_ros_ws/install/cam_interface/include/cam_interface/cam_interface/msg/detail/cam_topic__type_support.h
[1.032s] -- Up-to-date: /home/akash/new_ros_ws/install/cam_interface/include/cam_interface/cam_interface/msg/detail/cam_topic__functions.h
[1.032s] -- Up-to-date: /home/akash/new_ros_ws/install/cam_interface/share/cam_interface/environment/library_path.sh
[1.033s] -- Up-to-date: /home/akash/new_ros_ws/install/cam_interface/share/cam_interface/environment/library_path.dsv
[1.034s] -- Up-to-date: /home/akash/new_ros_ws/install/cam_interface/lib/libcam_interface__rosidl_generator_c.so
[1.034s] -- Up-to-date: /home/akash/new_ros_ws/install/cam_interface/include/cam_interface/cam_interface
[1.035s] -- Up-to-date: /home/akash/new_ros_ws/install/cam_interface/include/cam_interface/cam_interface/msg
[1.035s] -- Up-to-date: /home/akash/new_ros_ws/install/cam_interface/include/cam_interface/cam_interface/msg/rosidl_typesupport_fastrtps_c__visibility_control.h
[1.036s] -- Up-to-date: /home/akash/new_ros_ws/install/cam_interface/include/cam_interface/cam_interface/msg/detail
[1.036s] -- Up-to-date: /home/akash/new_ros_ws/install/cam_interface/include/cam_interface/cam_interface/msg/detail/cam_topic__rosidl_typesupport_fastrtps_c.h
[1.037s] -- Up-to-date: /home/akash/new_ros_ws/install/cam_interface/lib/libcam_interface__rosidl_typesupport_fastrtps_c.so
[1.038s] -- Up-to-date: /home/akash/new_ros_ws/install/cam_interface/include/cam_interface/cam_interface
[1.038s] -- Up-to-date: /home/akash/new_ros_ws/install/cam_interface/include/cam_interface/cam_interface/msg
[1.039s] -- Up-to-date: /home/akash/new_ros_ws/install/cam_interface/include/cam_interface/cam_interface/msg/rosidl_typesupport_introspection_c__visibility_control.h
[1.039s] -- Up-to-date: /home/akash/new_ros_ws/install/cam_interface/include/cam_interface/cam_interface/msg/detail
[1.039s] -- Up-to-date: /home/akash/new_ros_ws/install/cam_interface/include/cam_interface/cam_interface/msg/detail/cam_topic__rosidl_typesupport_introspection_c.h
[1.040s] -- Up-to-date: /home/akash/new_ros_ws/install/cam_interface/include/cam_interface/cam_interface/msg/detail/cam_topic__type_support.c
[1.040s] -- Up-to-date: /home/akash/new_ros_ws/install/cam_interface/lib/libcam_interface__rosidl_typesupport_introspection_c.so
[1.042s] -- Up-to-date: /home/akash/new_ros_ws/install/cam_interface/lib/libcam_interface__rosidl_typesupport_c.so
[1.043s] -- Up-to-date: /home/akash/new_ros_ws/install/cam_interface/include/cam_interface/cam_interface
[1.043s] -- Up-to-date: /home/akash/new_ros_ws/install/cam_interface/include/cam_interface/cam_interface/msg
[1.043s] -- Up-to-date: /home/akash/new_ros_ws/install/cam_interface/include/cam_interface/cam_interface/msg/cam_topic.hpp
[1.044s] -- Up-to-date: /home/akash/new_ros_ws/install/cam_interface/include/cam_interface/cam_interface/msg/detail
[1.044s] -- Up-to-date: /home/akash/new_ros_ws/install/cam_interface/include/cam_interface/cam_interface/msg/detail/cam_topic__traits.hpp
[1.044s] -- Up-to-date: /home/akash/new_ros_ws/install/cam_interface/include/cam_interface/cam_interface/msg/detail/cam_topic__struct.hpp
[1.044s] -- Up-to-date: /home/akash/new_ros_ws/install/cam_interface/include/cam_interface/cam_interface/msg/detail/cam_topic__builder.hpp
[1.044s] -- Up-to-date: /home/akash/new_ros_ws/install/cam_interface/include/cam_interface/cam_interface
[1.044s] -- Up-to-date: /home/akash/new_ros_ws/install/cam_interface/include/cam_interface/cam_interface/msg
[1.044s] -- Up-to-date: /home/akash/new_ros_ws/install/cam_interface/include/cam_interface/cam_interface/msg/rosidl_typesupport_fastrtps_cpp__visibility_control.h
[1.044s] -- Up-to-date: /home/akash/new_ros_ws/install/cam_interface/include/cam_interface/cam_interface/msg/detail
[1.044s] -- Up-to-date: /home/akash/new_ros_ws/install/cam_interface/include/cam_interface/cam_interface/msg/detail/dds_fastrtps
[1.045s] -- Up-to-date: /home/akash/new_ros_ws/install/cam_interface/include/cam_interface/cam_interface/msg/detail/cam_topic__rosidl_typesupport_fastrtps_cpp.hpp
[1.045s] -- Up-to-date: /home/akash/new_ros_ws/install/cam_interface/lib/libcam_interface__rosidl_typesupport_fastrtps_cpp.so
[1.045s] -- Up-to-date: /home/akash/new_ros_ws/install/cam_interface/include/cam_interface/cam_interface
[1.045s] -- Up-to-date: /home/akash/new_ros_ws/install/cam_interface/include/cam_interface/cam_interface/msg
[1.045s] -- Up-to-date: /home/akash/new_ros_ws/install/cam_interface/include/cam_interface/cam_interface/msg/detail
[1.045s] -- Up-to-date: /home/akash/new_ros_ws/install/cam_interface/include/cam_interface/cam_interface/msg/detail/cam_topic__rosidl_typesupport_introspection_cpp.hpp
[1.045s] -- Up-to-date: /home/akash/new_ros_ws/install/cam_interface/include/cam_interface/cam_interface/msg/detail/cam_topic__type_support.cpp
[1.048s] -- Up-to-date: /home/akash/new_ros_ws/install/cam_interface/lib/libcam_interface__rosidl_typesupport_introspection_cpp.so
[1.048s] -- Up-to-date: /home/akash/new_ros_ws/install/cam_interface/lib/libcam_interface__rosidl_typesupport_cpp.so
[1.049s] -- Up-to-date: /home/akash/new_ros_ws/install/cam_interface/share/cam_interface/environment/pythonpath.sh
[1.049s] -- Up-to-date: /home/akash/new_ros_ws/install/cam_interface/share/cam_interface/environment/pythonpath.dsv
[1.049s] -- Up-to-date: /home/akash/new_ros_ws/install/cam_interface/local/lib/python3.10/dist-packages/cam_interface-0.0.0-py3.10.egg-info
[1.049s] -- Installing: /home/akash/new_ros_ws/install/cam_interface/local/lib/python3.10/dist-packages/cam_interface-0.0.0-py3.10.egg-info/SOURCES.txt
[1.049s] -- Installing: /home/akash/new_ros_ws/install/cam_interface/local/lib/python3.10/dist-packages/cam_interface-0.0.0-py3.10.egg-info/top_level.txt
[1.049s] -- Installing: /home/akash/new_ros_ws/install/cam_interface/local/lib/python3.10/dist-packages/cam_interface-0.0.0-py3.10.egg-info/dependency_links.txt
[1.049s] -- Installing: /home/akash/new_ros_ws/install/cam_interface/local/lib/python3.10/dist-packages/cam_interface-0.0.0-py3.10.egg-info/PKG-INFO
[1.049s] -- Up-to-date: /home/akash/new_ros_ws/install/cam_interface/local/lib/python3.10/dist-packages/cam_interface
[1.049s] -- Up-to-date: /home/akash/new_ros_ws/install/cam_interface/local/lib/python3.10/dist-packages/cam_interface/cam_interface_s__rosidl_typesupport_c.cpython-310-x86_64-linux-gnu.so
[1.049s] -- Up-to-date: /home/akash/new_ros_ws/install/cam_interface/local/lib/python3.10/dist-packages/cam_interface/cam_interface_s__rosidl_typesupport_introspection_c.cpython-310-x86_64-linux-gnu.so
[1.050s] -- Up-to-date: /home/akash/new_ros_ws/install/cam_interface/local/lib/python3.10/dist-packages/cam_interface/_cam_interface_s.ep.rosidl_typesupport_introspection_c.c
[1.050s] -- Up-to-date: /home/akash/new_ros_ws/install/cam_interface/local/lib/python3.10/dist-packages/cam_interface/__init__.py
[1.050s] -- Up-to-date: /home/akash/new_ros_ws/install/cam_interface/local/lib/python3.10/dist-packages/cam_interface/_cam_interface_s.ep.rosidl_typesupport_fastrtps_c.c
[1.050s] -- Up-to-date: /home/akash/new_ros_ws/install/cam_interface/local/lib/python3.10/dist-packages/cam_interface/cam_interface_s__rosidl_typesupport_fastrtps_c.cpython-310-x86_64-linux-gnu.so
[1.050s] -- Up-to-date: /home/akash/new_ros_ws/install/cam_interface/local/lib/python3.10/dist-packages/cam_interface/_cam_interface_s.ep.rosidl_typesupport_c.c
[1.050s] -- Up-to-date: /home/akash/new_ros_ws/install/cam_interface/local/lib/python3.10/dist-packages/cam_interface/libcam_interface__rosidl_generator_py.so
[1.050s] -- Up-to-date: /home/akash/new_ros_ws/install/cam_interface/local/lib/python3.10/dist-packages/cam_interface/msg
[1.050s] -- Up-to-date: /home/akash/new_ros_ws/install/cam_interface/local/lib/python3.10/dist-packages/cam_interface/msg/_cam_topic.py
[1.050s] -- Up-to-date: /home/akash/new_ros_ws/install/cam_interface/local/lib/python3.10/dist-packages/cam_interface/msg/__init__.py
[1.051s] -- Up-to-date: /home/akash/new_ros_ws/install/cam_interface/local/lib/python3.10/dist-packages/cam_interface/msg/_cam_topic_s.c
[1.091s] Listing '/home/akash/new_ros_ws/install/cam_interface/local/lib/python3.10/dist-packages/cam_interface'...
[1.091s] Listing '/home/akash/new_ros_ws/install/cam_interface/local/lib/python3.10/dist-packages/cam_interface/msg'...
[1.098s] -- Up-to-date: /home/akash/new_ros_ws/install/cam_interface/local/lib/python3.10/dist-packages/cam_interface/cam_interface_s__rosidl_typesupport_fastrtps_c.cpython-310-x86_64-linux-gnu.so
[1.098s] -- Up-to-date: /home/akash/new_ros_ws/install/cam_interface/local/lib/python3.10/dist-packages/cam_interface/cam_interface_s__rosidl_typesupport_introspection_c.cpython-310-x86_64-linux-gnu.so
[1.099s] -- Up-to-date: /home/akash/new_ros_ws/install/cam_interface/local/lib/python3.10/dist-packages/cam_interface/cam_interface_s__rosidl_typesupport_c.cpython-310-x86_64-linux-gnu.so
[1.099s] -- Up-to-date: /home/akash/new_ros_ws/install/cam_interface/lib/libcam_interface__rosidl_generator_py.so
[1.100s] -- Up-to-date: /home/akash/new_ros_ws/install/cam_interface/share/cam_interface/msg/CamTopic.idl
[1.101s] -- Up-to-date: /home/akash/new_ros_ws/install/cam_interface/share/cam_interface/msg/CamTopic.msg
[1.101s] -- Up-to-date: /home/akash/new_ros_ws/install/cam_interface/share/ament_index/resource_index/package_run_dependencies/cam_interface
[1.101s] -- Up-to-date: /home/akash/new_ros_ws/install/cam_interface/share/ament_index/resource_index/parent_prefix_path/cam_interface
[1.102s] -- Up-to-date: /home/akash/new_ros_ws/install/cam_interface/share/cam_interface/environment/ament_prefix_path.sh
[1.102s] -- Up-to-date: /home/akash/new_ros_ws/install/cam_interface/share/cam_interface/environment/ament_prefix_path.dsv
[1.103s] -- Up-to-date: /home/akash/new_ros_ws/install/cam_interface/share/cam_interface/environment/path.sh
[1.103s] -- Up-to-date: /home/akash/new_ros_ws/install/cam_interface/share/cam_interface/environment/path.dsv
[1.104s] -- Up-to-date: /home/akash/new_ros_ws/install/cam_interface/share/cam_interface/local_setup.bash
[1.105s] -- Up-to-date: /home/akash/new_ros_ws/install/cam_interface/share/cam_interface/local_setup.sh
[1.106s] -- Up-to-date: /home/akash/new_ros_ws/install/cam_interface/share/cam_interface/local_setup.zsh
[1.106s] -- Up-to-date: /home/akash/new_ros_ws/install/cam_interface/share/cam_interface/local_setup.dsv
[1.107s] -- Installing: /home/akash/new_ros_ws/install/cam_interface/share/cam_interface/package.dsv
[1.110s] -- Up-to-date: /home/akash/new_ros_ws/install/cam_interface/share/ament_index/resource_index/packages/cam_interface
[1.111s] -- Up-to-date: /home/akash/new_ros_ws/install/cam_interface/share/cam_interface/cmake/export_cam_interface__rosidl_generator_cExport.cmake
[1.111s] -- Up-to-date: /home/akash/new_ros_ws/install/cam_interface/share/cam_interface/cmake/export_cam_interface__rosidl_generator_cExport-noconfig.cmake
[1.112s] -- Up-to-date: /home/akash/new_ros_ws/install/cam_interface/share/cam_interface/cmake/export_cam_interface__rosidl_typesupport_fastrtps_cExport.cmake
[1.113s] -- Up-to-date: /home/akash/new_ros_ws/install/cam_interface/share/cam_interface/cmake/export_cam_interface__rosidl_typesupport_fastrtps_cExport-noconfig.cmake
[1.114s] -- Up-to-date: /home/akash/new_ros_ws/install/cam_interface/share/cam_interface/cmake/cam_interface__rosidl_typesupport_introspection_cExport.cmake
[1.114s] -- Up-to-date: /home/akash/new_ros_ws/install/cam_interface/share/cam_interface/cmake/cam_interface__rosidl_typesupport_introspection_cExport-noconfig.cmake
[1.114s] -- Up-to-date: /home/akash/new_ros_ws/install/cam_interface/share/cam_interface/cmake/cam_interface__rosidl_typesupport_cExport.cmake
[1.115s] -- Up-to-date: /home/akash/new_ros_ws/install/cam_interface/share/cam_interface/cmake/cam_interface__rosidl_typesupport_cExport-noconfig.cmake
[1.115s] -- Up-to-date: /home/akash/new_ros_ws/install/cam_interface/share/cam_interface/cmake/export_cam_interface__rosidl_generator_cppExport.cmake
[1.116s] -- Up-to-date: /home/akash/new_ros_ws/install/cam_interface/share/cam_interface/cmake/export_cam_interface__rosidl_typesupport_fastrtps_cppExport.cmake
[1.116s] -- Up-to-date: /home/akash/new_ros_ws/install/cam_interface/share/cam_interface/cmake/export_cam_interface__rosidl_typesupport_fastrtps_cppExport-noconfig.cmake
[1.122s] -- Up-to-date: /home/akash/new_ros_ws/install/cam_interface/share/cam_interface/cmake/cam_interface__rosidl_typesupport_introspection_cppExport.cmake
[1.123s] -- Up-to-date: /home/akash/new_ros_ws/install/cam_interface/share/cam_interface/cmake/cam_interface__rosidl_typesupport_introspection_cppExport-noconfig.cmake
[1.123s] -- Up-to-date: /home/akash/new_ros_ws/install/cam_interface/share/cam_interface/cmake/cam_interface__rosidl_typesupport_cppExport.cmake
[1.124s] -- Up-to-date: /home/akash/new_ros_ws/install/cam_interface/share/cam_interface/cmake/cam_interface__rosidl_typesupport_cppExport-noconfig.cmake
[1.124s] -- Up-to-date: /home/akash/new_ros_ws/install/cam_interface/share/cam_interface/cmake/export_cam_interface__rosidl_generator_pyExport.cmake
[1.126s] -- Up-to-date: /home/akash/new_ros_ws/install/cam_interface/share/cam_interface/cmake/export_cam_interface__rosidl_generator_pyExport-noconfig.cmake
[1.126s] -- Up-to-date: /home/akash/new_ros_ws/install/cam_interface/share/cam_interface/cmake/rosidl_cmake-extras.cmake
[1.126s] -- Up-to-date: /home/akash/new_ros_ws/install/cam_interface/share/cam_interface/cmake/ament_cmake_export_dependencies-extras.cmake
[1.126s] -- Up-to-date: /home/akash/new_ros_ws/install/cam_interface/share/cam_interface/cmake/ament_cmake_export_include_directories-extras.cmake
[1.127s] -- Up-to-date: /home/akash/new_ros_ws/install/cam_interface/share/cam_interface/cmake/ament_cmake_export_libraries-extras.cmake
[1.127s] -- Up-to-date: /home/akash/new_ros_ws/install/cam_interface/share/cam_interface/cmake/ament_cmake_export_targets-extras.cmake
[1.127s] -- Up-to-date: /home/akash/new_ros_ws/install/cam_interface/share/cam_interface/cmake/rosidl_cmake_export_typesupport_targets-extras.cmake
[1.127s] -- Up-to-date: /home/akash/new_ros_ws/install/cam_interface/share/cam_interface/cmake/rosidl_cmake_export_typesupport_libraries-extras.cmake
[1.129s] -- Up-to-date: /home/akash/new_ros_ws/install/cam_interface/share/cam_interface/cmake/cam_interfaceConfig.cmake
[1.129s] -- Up-to-date: /home/akash/new_ros_ws/install/cam_interface/share/cam_interface/cmake/cam_interfaceConfig-version.cmake
[1.129s] -- Up-to-date: /home/akash/new_ros_ws/install/cam_interface/share/cam_interface/package.xml
[1.161s] Invoked command in '/home/akash/new_ros_ws/build/cam_interface' returned '0': CMAKE_PREFIX_PATH=${CMAKE_PREFIX_PATH}:/home/akash/new_ros_ws/install/gesture_pub_sub:/home/akash/new_ros_ws/install/cam_pub_sub:/opt/ros/humble /usr/bin/cmake --install /home/akash/new_ros_ws/build/cam_interface
