[0.342s] Invoking command in '/home/akash/new_ros_ws/build/cam_interface': CMAKE_PREFIX_PATH=/opt/ros/humble /usr/bin/cmake --build /home/akash/new_ros_ws/build/cam_interface -- -j12 -l12
[0.456s] [  3%] Built target cam_interface__cpp
[0.463s] [ 12%] Built target cam_interface__rosidl_generator_c
[0.490s] [ 12%] Built target ament_cmake_python_copy_cam_interface
[0.564s] [ 22%] Built target cam_interface__rosidl_typesupport_cpp
[0.564s] [ 32%] Built target cam_interface__rosidl_typesupport_fastrtps_cpp
[0.565s] [ 41%] Built target cam_interface__rosidl_typesupport_introspection_cpp
[0.579s] [ 51%] Built target cam_interface__rosidl_typesupport_introspection_c
[0.583s] [ 61%] Built target cam_interface__rosidl_typesupport_fastrtps_c
[0.603s] [ 70%] Built target cam_interface__rosidl_typesupport_c
[0.654s] [ 70%] Built target cam_interface
[0.729s] [ 74%] Built target cam_interface__py
[0.806s] [ 80%] Built target cam_interface__rosidl_generator_py
[0.871s] [ 87%] Built target cam_interface__rosidl_typesupport_c__pyext
[0.871s] [ 93%] Built target cam_interface__rosidl_typesupport_introspection_c__pyext
[0.875s] [100%] Built target cam_interface__rosidl_typesupport_fastrtps_c__pyext
[1.397s] running egg_info
[1.399s] writing cam_interface.egg-info/PKG-INFO
[1.400s] writing dependency_links to cam_interface.egg-info/dependency_links.txt
[1.400s] writing top-level names to cam_interface.egg-info/top_level.txt
[1.409s] reading manifest file 'cam_interface.egg-info/SOURCES.txt'
[1.411s] writing manifest file 'cam_interface.egg-info/SOURCES.txt'
[1.479s] [100%] Built target ament_cmake_python_build_cam_interface_egg
[1.501s] Invoked command in '/home/akash/new_ros_ws/build/cam_interface' returned '0': CMAKE_PREFIX_PATH=/opt/ros/humble /usr/bin/cmake --build /home/akash/new_ros_ws/build/cam_interface -- -j12 -l12
[1.688s] Invoking command in '/home/akash/new_ros_ws/build/cam_interface': CMAKE_PREFIX_PATH=/opt/ros/humble /usr/bin/cmake --install /home/akash/new_ros_ws/build/cam_interface
[1.709s] -- Install configuration: ""
[1.711s] -- Up-to-date: /home/akash/new_ros_ws/install/cam_interface/share/ament_index/resource_index/rosidl_interfaces/cam_interface
[1.712s] -- Up-to-date: /home/akash/new_ros_ws/install/cam_interface/include/cam_interface/cam_interface
[1.714s] -- Up-to-date: /home/akash/new_ros_ws/install/cam_interface/include/cam_interface/cam_interface/msg
[1.714s] -- Up-to-date: /home/akash/new_ros_ws/install/cam_interface/include/cam_interface/cam_interface/msg/rosidl_generator_c__visibility_control.h
[1.715s] -- Up-to-date: /home/akash/new_ros_ws/install/cam_interface/include/cam_interface/cam_interface/msg/cam_topic.h
[1.715s] -- Up-to-date: /home/akash/new_ros_ws/install/cam_interface/include/cam_interface/cam_interface/msg/detail
[1.716s] -- Up-to-date: /home/akash/new_ros_ws/install/cam_interface/include/cam_interface/cam_interface/msg/detail/cam_topic__functions.c
[1.716s] -- Up-to-date: /home/akash/new_ros_ws/install/cam_interface/include/cam_interface/cam_interface/msg/detail/cam_topic__struct.h
[1.716s] -- Up-to-date: /home/akash/new_ros_ws/install/cam_interface/include/cam_interface/cam_interface/msg/detail/cam_topic__type_support.h
[1.717s] -- Up-to-date: /home/akash/new_ros_ws/install/cam_interface/include/cam_interface/cam_interface/msg/detail/cam_topic__functions.h
[1.717s] -- Up-to-date: /home/akash/new_ros_ws/install/cam_interface/share/cam_interface/environment/library_path.sh
[1.717s] -- Up-to-date: /home/akash/new_ros_ws/install/cam_interface/share/cam_interface/environment/library_path.dsv
[1.717s] -- Up-to-date: /home/akash/new_ros_ws/install/cam_interface/lib/libcam_interface__rosidl_generator_c.so
[1.718s] -- Up-to-date: /home/akash/new_ros_ws/install/cam_interface/include/cam_interface/cam_interface
[1.718s] -- Up-to-date: /home/akash/new_ros_ws/install/cam_interface/include/cam_interface/cam_interface/msg
[1.718s] -- Up-to-date: /home/akash/new_ros_ws/install/cam_interface/include/cam_interface/cam_interface/msg/rosidl_typesupport_fastrtps_c__visibility_control.h
[1.719s] -- Up-to-date: /home/akash/new_ros_ws/install/cam_interface/include/cam_interface/cam_interface/msg/detail
[1.719s] -- Up-to-date: /home/akash/new_ros_ws/install/cam_interface/include/cam_interface/cam_interface/msg/detail/cam_topic__rosidl_typesupport_fastrtps_c.h
[1.721s] -- Up-to-date: /home/akash/new_ros_ws/install/cam_interface/lib/libcam_interface__rosidl_typesupport_fastrtps_c.so
[1.721s] -- Up-to-date: /home/akash/new_ros_ws/install/cam_interface/include/cam_interface/cam_interface
[1.721s] -- Up-to-date: /home/akash/new_ros_ws/install/cam_interface/include/cam_interface/cam_interface/msg
[1.722s] -- Up-to-date: /home/akash/new_ros_ws/install/cam_interface/include/cam_interface/cam_interface/msg/rosidl_typesupport_introspection_c__visibility_control.h
[1.722s] -- Up-to-date: /home/akash/new_ros_ws/install/cam_interface/include/cam_interface/cam_interface/msg/detail
[1.723s] -- Up-to-date: /home/akash/new_ros_ws/install/cam_interface/include/cam_interface/cam_interface/msg/detail/cam_topic__rosidl_typesupport_introspection_c.h
[1.724s] -- Up-to-date: /home/akash/new_ros_ws/install/cam_interface/include/cam_interface/cam_interface/msg/detail/cam_topic__type_support.c
[1.724s] -- Up-to-date: /home/akash/new_ros_ws/install/cam_interface/lib/libcam_interface__rosidl_typesupport_introspection_c.so
[1.725s] -- Up-to-date: /home/akash/new_ros_ws/install/cam_interface/lib/libcam_interface__rosidl_typesupport_c.so
[1.726s] -- Up-to-date: /home/akash/new_ros_ws/install/cam_interface/include/cam_interface/cam_interface
[1.726s] -- Up-to-date: /home/akash/new_ros_ws/install/cam_interface/include/cam_interface/cam_interface/msg
[1.727s] -- Up-to-date: /home/akash/new_ros_ws/install/cam_interface/include/cam_interface/cam_interface/msg/cam_topic.hpp
[1.727s] -- Up-to-date: /home/akash/new_ros_ws/install/cam_interface/include/cam_interface/cam_interface/msg/detail
[1.727s] -- Up-to-date: /home/akash/new_ros_ws/install/cam_interface/include/cam_interface/cam_interface/msg/detail/cam_topic__traits.hpp
[1.728s] -- Up-to-date: /home/akash/new_ros_ws/install/cam_interface/include/cam_interface/cam_interface/msg/detail/cam_topic__struct.hpp
[1.728s] -- Up-to-date: /home/akash/new_ros_ws/install/cam_interface/include/cam_interface/cam_interface/msg/detail/cam_topic__builder.hpp
[1.729s] -- Up-to-date: /home/akash/new_ros_ws/install/cam_interface/include/cam_interface/cam_interface
[1.729s] -- Up-to-date: /home/akash/new_ros_ws/install/cam_interface/include/cam_interface/cam_interface/msg
[1.730s] -- Up-to-date: /home/akash/new_ros_ws/install/cam_interface/include/cam_interface/cam_interface/msg/rosidl_typesupport_fastrtps_cpp__visibility_control.h
[1.730s] -- Up-to-date: /home/akash/new_ros_ws/install/cam_interface/include/cam_interface/cam_interface/msg/detail
[1.730s] -- Up-to-date: /home/akash/new_ros_ws/install/cam_interface/include/cam_interface/cam_interface/msg/detail/dds_fastrtps
[1.730s] -- Up-to-date: /home/akash/new_ros_ws/install/cam_interface/include/cam_interface/cam_interface/msg/detail/cam_topic__rosidl_typesupport_fastrtps_cpp.hpp
[1.731s] -- Up-to-date: /home/akash/new_ros_ws/install/cam_interface/lib/libcam_interface__rosidl_typesupport_fastrtps_cpp.so
[1.733s] -- Up-to-date: /home/akash/new_ros_ws/install/cam_interface/include/cam_interface/cam_interface
[1.733s] -- Up-to-date: /home/akash/new_ros_ws/install/cam_interface/include/cam_interface/cam_interface/msg
[1.733s] -- Up-to-date: /home/akash/new_ros_ws/install/cam_interface/include/cam_interface/cam_interface/msg/detail
[1.733s] -- Up-to-date: /home/akash/new_ros_ws/install/cam_interface/include/cam_interface/cam_interface/msg/detail/cam_topic__rosidl_typesupport_introspection_cpp.hpp
[1.737s] -- Up-to-date: /home/akash/new_ros_ws/install/cam_interface/include/cam_interface/cam_interface/msg/detail/cam_topic__type_support.cpp
[1.737s] -- Up-to-date: /home/akash/new_ros_ws/install/cam_interface/lib/libcam_interface__rosidl_typesupport_introspection_cpp.so
[1.740s] -- Up-to-date: /home/akash/new_ros_ws/install/cam_interface/lib/libcam_interface__rosidl_typesupport_cpp.so
[1.740s] -- Up-to-date: /home/akash/new_ros_ws/install/cam_interface/share/cam_interface/environment/pythonpath.sh
[1.740s] -- Up-to-date: /home/akash/new_ros_ws/install/cam_interface/share/cam_interface/environment/pythonpath.dsv
[1.741s] -- Up-to-date: /home/akash/new_ros_ws/install/cam_interface/local/lib/python3.10/dist-packages/cam_interface-0.0.0-py3.10.egg-info
[1.741s] -- Installing: /home/akash/new_ros_ws/install/cam_interface/local/lib/python3.10/dist-packages/cam_interface-0.0.0-py3.10.egg-info/SOURCES.txt
[1.741s] -- Installing: /home/akash/new_ros_ws/install/cam_interface/local/lib/python3.10/dist-packages/cam_interface-0.0.0-py3.10.egg-info/top_level.txt
[1.741s] -- Installing: /home/akash/new_ros_ws/install/cam_interface/local/lib/python3.10/dist-packages/cam_interface-0.0.0-py3.10.egg-info/dependency_links.txt
[1.741s] -- Installing: /home/akash/new_ros_ws/install/cam_interface/local/lib/python3.10/dist-packages/cam_interface-0.0.0-py3.10.egg-info/PKG-INFO
[1.741s] -- Up-to-date: /home/akash/new_ros_ws/install/cam_interface/local/lib/python3.10/dist-packages/cam_interface
[1.744s] -- Up-to-date: /home/akash/new_ros_ws/install/cam_interface/local/lib/python3.10/dist-packages/cam_interface/cam_interface_s__rosidl_typesupport_c.cpython-310-x86_64-linux-gnu.so
[1.744s] -- Up-to-date: /home/akash/new_ros_ws/install/cam_interface/local/lib/python3.10/dist-packages/cam_interface/cam_interface_s__rosidl_typesupport_introspection_c.cpython-310-x86_64-linux-gnu.so
[1.745s] -- Up-to-date: /home/akash/new_ros_ws/install/cam_interface/local/lib/python3.10/dist-packages/cam_interface/_cam_interface_s.ep.rosidl_typesupport_introspection_c.c
[1.745s] -- Up-to-date: /home/akash/new_ros_ws/install/cam_interface/local/lib/python3.10/dist-packages/cam_interface/__init__.py
[1.745s] -- Up-to-date: /home/akash/new_ros_ws/install/cam_interface/local/lib/python3.10/dist-packages/cam_interface/_cam_interface_s.ep.rosidl_typesupport_fastrtps_c.c
[1.745s] -- Up-to-date: /home/akash/new_ros_ws/install/cam_interface/local/lib/python3.10/dist-packages/cam_interface/cam_interface_s__rosidl_typesupport_fastrtps_c.cpython-310-x86_64-linux-gnu.so
[1.745s] -- Up-to-date: /home/akash/new_ros_ws/install/cam_interface/local/lib/python3.10/dist-packages/cam_interface/_cam_interface_s.ep.rosidl_typesupport_c.c
[1.745s] -- Up-to-date: /home/akash/new_ros_ws/install/cam_interface/local/lib/python3.10/dist-packages/cam_interface/libcam_interface__rosidl_generator_py.so
[1.745s] -- Up-to-date: /home/akash/new_ros_ws/install/cam_interface/local/lib/python3.10/dist-packages/cam_interface/msg
[1.745s] -- Up-to-date: /home/akash/new_ros_ws/install/cam_interface/local/lib/python3.10/dist-packages/cam_interface/msg/_cam_topic.py
[1.746s] -- Up-to-date: /home/akash/new_ros_ws/install/cam_interface/local/lib/python3.10/dist-packages/cam_interface/msg/__init__.py
[1.746s] -- Up-to-date: /home/akash/new_ros_ws/install/cam_interface/local/lib/python3.10/dist-packages/cam_interface/msg/_cam_topic_s.c
[1.807s] Listing '/home/akash/new_ros_ws/install/cam_interface/local/lib/python3.10/dist-packages/cam_interface'...
[1.807s] Listing '/home/akash/new_ros_ws/install/cam_interface/local/lib/python3.10/dist-packages/cam_interface/msg'...
[1.823s] -- Up-to-date: /home/akash/new_ros_ws/install/cam_interface/local/lib/python3.10/dist-packages/cam_interface/cam_interface_s__rosidl_typesupport_fastrtps_c.cpython-310-x86_64-linux-gnu.so
[1.823s] -- Up-to-date: /home/akash/new_ros_ws/install/cam_interface/local/lib/python3.10/dist-packages/cam_interface/cam_interface_s__rosidl_typesupport_introspection_c.cpython-310-x86_64-linux-gnu.so
[1.824s] -- Up-to-date: /home/akash/new_ros_ws/install/cam_interface/local/lib/python3.10/dist-packages/cam_interface/cam_interface_s__rosidl_typesupport_c.cpython-310-x86_64-linux-gnu.so
[1.825s] -- Up-to-date: /home/akash/new_ros_ws/install/cam_interface/lib/libcam_interface__rosidl_generator_py.so
[1.826s] -- Up-to-date: /home/akash/new_ros_ws/install/cam_interface/share/cam_interface/msg/CamTopic.idl
[1.826s] -- Up-to-date: /home/akash/new_ros_ws/install/cam_interface/share/cam_interface/msg/CamTopic.msg
[1.827s] -- Up-to-date: /home/akash/new_ros_ws/install/cam_interface/share/ament_index/resource_index/package_run_dependencies/cam_interface
[1.827s] -- Up-to-date: /home/akash/new_ros_ws/install/cam_interface/share/ament_index/resource_index/parent_prefix_path/cam_interface
[1.828s] -- Up-to-date: /home/akash/new_ros_ws/install/cam_interface/share/cam_interface/environment/ament_prefix_path.sh
[1.829s] -- Up-to-date: /home/akash/new_ros_ws/install/cam_interface/share/cam_interface/environment/ament_prefix_path.dsv
[1.829s] -- Up-to-date: /home/akash/new_ros_ws/install/cam_interface/share/cam_interface/environment/path.sh
[1.829s] -- Up-to-date: /home/akash/new_ros_ws/install/cam_interface/share/cam_interface/environment/path.dsv
[1.830s] -- Up-to-date: /home/akash/new_ros_ws/install/cam_interface/share/cam_interface/local_setup.bash
[1.830s] -- Up-to-date: /home/akash/new_ros_ws/install/cam_interface/share/cam_interface/local_setup.sh
[1.830s] -- Up-to-date: /home/akash/new_ros_ws/install/cam_interface/share/cam_interface/local_setup.zsh
[1.831s] -- Up-to-date: /home/akash/new_ros_ws/install/cam_interface/share/cam_interface/local_setup.dsv
[1.832s] -- Installing: /home/akash/new_ros_ws/install/cam_interface/share/cam_interface/package.dsv
[1.835s] -- Up-to-date: /home/akash/new_ros_ws/install/cam_interface/share/ament_index/resource_index/packages/cam_interface
[1.837s] -- Up-to-date: /home/akash/new_ros_ws/install/cam_interface/share/cam_interface/cmake/export_cam_interface__rosidl_generator_cExport.cmake
[1.837s] -- Up-to-date: /home/akash/new_ros_ws/install/cam_interface/share/cam_interface/cmake/export_cam_interface__rosidl_generator_cExport-noconfig.cmake
[1.840s] -- Up-to-date: /home/akash/new_ros_ws/install/cam_interface/share/cam_interface/cmake/export_cam_interface__rosidl_typesupport_fastrtps_cExport.cmake
[1.842s] -- Up-to-date: /home/akash/new_ros_ws/install/cam_interface/share/cam_interface/cmake/export_cam_interface__rosidl_typesupport_fastrtps_cExport-noconfig.cmake
[1.842s] -- Up-to-date: /home/akash/new_ros_ws/install/cam_interface/share/cam_interface/cmake/cam_interface__rosidl_typesupport_introspection_cExport.cmake
[1.842s] -- Up-to-date: /home/akash/new_ros_ws/install/cam_interface/share/cam_interface/cmake/cam_interface__rosidl_typesupport_introspection_cExport-noconfig.cmake
[1.842s] -- Up-to-date: /home/akash/new_ros_ws/install/cam_interface/share/cam_interface/cmake/cam_interface__rosidl_typesupport_cExport.cmake
[1.844s] -- Up-to-date: /home/akash/new_ros_ws/install/cam_interface/share/cam_interface/cmake/cam_interface__rosidl_typesupport_cExport-noconfig.cmake
[1.845s] -- Up-to-date: /home/akash/new_ros_ws/install/cam_interface/share/cam_interface/cmake/export_cam_interface__rosidl_generator_cppExport.cmake
[1.845s] -- Up-to-date: /home/akash/new_ros_ws/install/cam_interface/share/cam_interface/cmake/export_cam_interface__rosidl_typesupport_fastrtps_cppExport.cmake
[1.846s] -- Up-to-date: /home/akash/new_ros_ws/install/cam_interface/share/cam_interface/cmake/export_cam_interface__rosidl_typesupport_fastrtps_cppExport-noconfig.cmake
[1.846s] -- Up-to-date: /home/akash/new_ros_ws/install/cam_interface/share/cam_interface/cmake/cam_interface__rosidl_typesupport_introspection_cppExport.cmake
[1.847s] -- Up-to-date: /home/akash/new_ros_ws/install/cam_interface/share/cam_interface/cmake/cam_interface__rosidl_typesupport_introspection_cppExport-noconfig.cmake
[1.859s] -- Up-to-date: /home/akash/new_ros_ws/install/cam_interface/share/cam_interface/cmake/cam_interface__rosidl_typesupport_cppExport.cmake
[1.859s] -- Up-to-date: /home/akash/new_ros_ws/install/cam_interface/share/cam_interface/cmake/cam_interface__rosidl_typesupport_cppExport-noconfig.cmake
[1.860s] -- Up-to-date: /home/akash/new_ros_ws/install/cam_interface/share/cam_interface/cmake/export_cam_interface__rosidl_generator_pyExport.cmake
[1.860s] -- Up-to-date: /home/akash/new_ros_ws/install/cam_interface/share/cam_interface/cmake/export_cam_interface__rosidl_generator_pyExport-noconfig.cmake
[1.861s] -- Up-to-date: /home/akash/new_ros_ws/install/cam_interface/share/cam_interface/cmake/rosidl_cmake-extras.cmake
[1.862s] -- Up-to-date: /home/akash/new_ros_ws/install/cam_interface/share/cam_interface/cmake/ament_cmake_export_dependencies-extras.cmake
[1.862s] -- Up-to-date: /home/akash/new_ros_ws/install/cam_interface/share/cam_interface/cmake/ament_cmake_export_include_directories-extras.cmake
[1.863s] -- Up-to-date: /home/akash/new_ros_ws/install/cam_interface/share/cam_interface/cmake/ament_cmake_export_libraries-extras.cmake
[1.863s] -- Up-to-date: /home/akash/new_ros_ws/install/cam_interface/share/cam_interface/cmake/ament_cmake_export_targets-extras.cmake
[1.867s] -- Up-to-date: /home/akash/new_ros_ws/install/cam_interface/share/cam_interface/cmake/rosidl_cmake_export_typesupport_targets-extras.cmake
[1.867s] -- Up-to-date: /home/akash/new_ros_ws/install/cam_interface/share/cam_interface/cmake/rosidl_cmake_export_typesupport_libraries-extras.cmake
[1.867s] -- Up-to-date: /home/akash/new_ros_ws/install/cam_interface/share/cam_interface/cmake/cam_interfaceConfig.cmake
[1.868s] -- Up-to-date: /home/akash/new_ros_ws/install/cam_interface/share/cam_interface/cmake/cam_interfaceConfig-version.cmake
[1.872s] -- Up-to-date: /home/akash/new_ros_ws/install/cam_interface/share/cam_interface/package.xml
[1.906s] Invoked command in '/home/akash/new_ros_ws/build/cam_interface' returned '0': CMAKE_PREFIX_PATH=/opt/ros/humble /usr/bin/cmake --install /home/akash/new_ros_ws/build/cam_interface
