running egg_info
creating ../../build/cam_pub_sub/cam_pub_sub.egg-info
writing ../../build/cam_pub_sub/cam_pub_sub.egg-info/PKG-INFO
writing dependency_links to ../../build/cam_pub_sub/cam_pub_sub.egg-info/dependency_links.txt
writing entry points to ../../build/cam_pub_sub/cam_pub_sub.egg-info/entry_points.txt
writing requirements to ../../build/cam_pub_sub/cam_pub_sub.egg-info/requires.txt
writing top-level names to ../../build/cam_pub_sub/cam_pub_sub.egg-info/top_level.txt
writing manifest file '../../build/cam_pub_sub/cam_pub_sub.egg-info/SOURCES.txt'
reading manifest file '../../build/cam_pub_sub/cam_pub_sub.egg-info/SOURCES.txt'
writing manifest file '../../build/cam_pub_sub/cam_pub_sub.egg-info/SOURCES.txt'
running build
running build_py
creating /home/akash/new_ros_ws/build/cam_pub_sub/build
creating /home/akash/new_ros_ws/build/cam_pub_sub/build/lib
creating /home/akash/new_ros_ws/build/cam_pub_sub/build/lib/cam_pub_sub
copying cam_pub_sub/cam_pub.py -> /home/akash/new_ros_ws/build/cam_pub_sub/build/lib/cam_pub_sub
copying cam_pub_sub/cam_sub.py -> /home/akash/new_ros_ws/build/cam_pub_sub/build/lib/cam_pub_sub
copying cam_pub_sub/__init__.py -> /home/akash/new_ros_ws/build/cam_pub_sub/build/lib/cam_pub_sub
running install
/usr/lib/python3/dist-packages/setuptools/command/install.py:34: SetuptoolsDeprecationWarning: setup.py install is deprecated. Use build and pip and other standards-based tools.
  warnings.warn(
running install_lib
creating /home/akash/new_ros_ws/install/cam_pub_sub/lib/python3.10/site-packages/cam_pub_sub
copying /home/akash/new_ros_ws/build/cam_pub_sub/build/lib/cam_pub_sub/cam_pub.py -> /home/akash/new_ros_ws/install/cam_pub_sub/lib/python3.10/site-packages/cam_pub_sub
copying /home/akash/new_ros_ws/build/cam_pub_sub/build/lib/cam_pub_sub/cam_sub.py -> /home/akash/new_ros_ws/install/cam_pub_sub/lib/python3.10/site-packages/cam_pub_sub
copying /home/akash/new_ros_ws/build/cam_pub_sub/build/lib/cam_pub_sub/__init__.py -> /home/akash/new_ros_ws/install/cam_pub_sub/lib/python3.10/site-packages/cam_pub_sub
byte-compiling /home/akash/new_ros_ws/install/cam_pub_sub/lib/python3.10/site-packages/cam_pub_sub/cam_pub.py to cam_pub.cpython-310.pyc
byte-compiling /home/akash/new_ros_ws/install/cam_pub_sub/lib/python3.10/site-packages/cam_pub_sub/cam_sub.py to cam_sub.cpython-310.pyc
byte-compiling /home/akash/new_ros_ws/install/cam_pub_sub/lib/python3.10/site-packages/cam_pub_sub/__init__.py to __init__.cpython-310.pyc
running install_data
creating /home/akash/new_ros_ws/install/cam_pub_sub/share/ament_index
creating /home/akash/new_ros_ws/install/cam_pub_sub/share/ament_index/resource_index
creating /home/akash/new_ros_ws/install/cam_pub_sub/share/ament_index/resource_index/packages
copying resource/cam_pub_sub -> /home/akash/new_ros_ws/install/cam_pub_sub/share/ament_index/resource_index/packages
copying package.xml -> /home/akash/new_ros_ws/install/cam_pub_sub/share/cam_pub_sub
running install_egg_info
Copying ../../build/cam_pub_sub/cam_pub_sub.egg-info to /home/akash/new_ros_ws/install/cam_pub_sub/lib/python3.10/site-packages/cam_pub_sub-0.0.0-py3.10.egg-info
running install_scripts
Installing cam_pub script to /home/akash/new_ros_ws/install/cam_pub_sub/lib/cam_pub_sub
Installing cam_sub script to /home/akash/new_ros_ws/install/cam_pub_sub/lib/cam_pub_sub
writing list of installed files to '/home/akash/new_ros_ws/build/cam_pub_sub/install.log'
