[0.135s] Invoking command in '/home/akash/final_project_sme_lab_12194814/12194814_ros_ws/build/gesture_interface': CMAKE_PREFIX_PATH=${CMAKE_PREFIX_PATH}:/home/akash/new_ros_ws/install/gesture_pub_sub:/home/akash/new_ros_ws/install/cam_pub_sub:/opt/ros/humble /usr/bin/cmake --build /home/akash/final_project_sme_lab_12194814/12194814_ros_ws/build/gesture_interface -- -j12 -l12
[0.177s] [0mCMake Error: The current CMakeCache.txt directory /home/akash/final_project_sme_lab_12194814/12194814_ros_ws/build/gesture_interface/CMakeCache.txt is different than the directory /home/akash/new_ros_ws/build/gesture_interface where CMakeCache.txt was created. This may result in binaries being created in the wrong place. If you are not sure, reedit the CMakeCache.txt[0m
[0.249s] -- Found ament_cmake: 1.3.6 (/opt/ros/humble/share/ament_cmake/cmake)
[0.593s] -- Found rosidl_default_generators: 1.2.0 (/opt/ros/humble/share/rosidl_default_generators/cmake)
[0.604s] -- Using all available rosidl_typesupport_c: rosidl_typesupport_fastrtps_c;rosidl_typesupport_introspection_c
[0.614s] -- Found rosidl_adapter: 3.1.5 (/opt/ros/humble/share/rosidl_adapter/cmake)
[1.024s] -- Using all available rosidl_typesupport_cpp: rosidl_typesupport_fastrtps_cpp;rosidl_typesupport_introspection_cpp
[1.533s] -- Found ament_cmake_ros: 0.10.0 (/opt/ros/humble/share/ament_cmake_ros/cmake)
[1.872s] -- Using all available rosidl_typesupport_c: rosidl_typesupport_fastrtps_c;rosidl_typesupport_introspection_c
[2.286s] -- Using all available rosidl_typesupport_cpp: rosidl_typesupport_fastrtps_cpp;rosidl_typesupport_introspection_cpp
[2.330s] -- Found python_cmake_module: 0.10.0 (/opt/ros/humble/share/python_cmake_module/cmake)
[2.378s] -- Using PYTHON_EXECUTABLE: /usr/bin/python3
[2.378s] -- Using PYTHON_INCLUDE_DIRS: /usr/include/python3.10
[2.379s] -- Using PYTHON_LIBRARIES: /usr/lib/x86_64-linux-gnu/libpython3.10.so
[2.432s] -- Configuring done
[2.529s] -- Generating done
[2.539s] -- Build files have been written to: /home/akash/new_ros_ws/build/gesture_interface
[2.593s] [35m[1mConsolidate compiler generated dependencies of target gesture_interface__rosidl_generator_c[0m
[2.609s] [  3%] Built target gesture_interface__cpp
[2.620s] [  6%] [32mBuilding C object CMakeFiles/gesture_interface__rosidl_generator_c.dir/rosidl_generator_c/gesture_interface/msg/detail/gesture_topic__functions.c.o[0m
[2.633s] [35m[1mConsolidate compiler generated dependencies of target gesture_interface__rosidl_typesupport_cpp[0m
[2.636s] [  6%] Built target ament_cmake_python_copy_gesture_interface
[2.638s] [35m[1mConsolidate compiler generated dependencies of target gesture_interface__rosidl_typesupport_fastrtps_cpp[0m
[2.652s] [35m[1mConsolidate compiler generated dependencies of target gesture_interface__rosidl_typesupport_introspection_cpp[0m
[2.661s] [  9%] [32mBuilding CXX object CMakeFiles/gesture_interface__rosidl_typesupport_cpp.dir/rosidl_typesupport_cpp/gesture_interface/msg/gesture_topic__type_support.cpp.o[0m
[2.667s] [ 12%] [32mBuilding CXX object CMakeFiles/gesture_interface__rosidl_typesupport_fastrtps_cpp.dir/rosidl_typesupport_fastrtps_cpp/gesture_interface/msg/detail/dds_fastrtps/gesture_topic__type_support.cpp.o[0m
[2.678s] [ 16%] [32mBuilding CXX object CMakeFiles/gesture_interface__rosidl_typesupport_introspection_cpp.dir/rosidl_typesupport_introspection_cpp/gesture_interface/msg/detail/gesture_topic__type_support.cpp.o[0m
[2.935s] [ 19%] [32m[1mLinking C shared library libgesture_interface__rosidl_generator_c.so[0m
[3.236s] running egg_info
[3.238s] writing gesture_interface.egg-info/PKG-INFO
[3.239s] writing dependency_links to gesture_interface.egg-info/dependency_links.txt
[3.241s] writing top-level names to gesture_interface.egg-info/top_level.txt
[3.246s] reading manifest file 'gesture_interface.egg-info/SOURCES.txt'
[3.247s] writing manifest file 'gesture_interface.egg-info/SOURCES.txt'
[3.306s] [ 19%] Built target ament_cmake_python_build_gesture_interface_egg
[3.327s] [ 22%] Built target gesture_interface__rosidl_generator_c
[3.348s] [35m[1mConsolidate compiler generated dependencies of target gesture_interface__rosidl_typesupport_c[0m
[3.348s] [35m[1mConsolidate compiler generated dependencies of target gesture_interface__rosidl_typesupport_introspection_c[0m
[3.349s] [35m[1mConsolidate compiler generated dependencies of target gesture_interface__rosidl_typesupport_fastrtps_c[0m
[3.370s] [ 25%] [32mBuilding CXX object CMakeFiles/gesture_interface__rosidl_typesupport_c.dir/rosidl_typesupport_c/gesture_interface/msg/gesture_topic__type_support.cpp.o[0m
[3.371s] [ 29%] [32mBuilding C object CMakeFiles/gesture_interface__rosidl_typesupport_introspection_c.dir/rosidl_typesupport_introspection_c/gesture_interface/msg/detail/gesture_topic__type_support.c.o[0m
[3.376s] [ 32%] [32mBuilding CXX object CMakeFiles/gesture_interface__rosidl_typesupport_fastrtps_c.dir/rosidl_typesupport_fastrtps_c/gesture_interface/msg/detail/gesture_topic__type_support_c.cpp.o[0m
[3.443s] [ 35%] [32m[1mLinking C shared library libgesture_interface__rosidl_typesupport_introspection_c.so[0m
[3.452s] [ 38%] [32m[1mLinking CXX shared library libgesture_interface__rosidl_typesupport_c.so[0m
[3.487s] [ 41%] [32m[1mLinking CXX shared library libgesture_interface__rosidl_typesupport_cpp.so[0m
[3.784s] [ 45%] [32m[1mLinking CXX shared library libgesture_interface__rosidl_typesupport_introspection_cpp.so[0m
[3.795s] [ 48%] Built target gesture_interface__rosidl_typesupport_introspection_c
[3.809s] [ 51%] [32m[1mLinking CXX shared library libgesture_interface__rosidl_typesupport_fastrtps_cpp.so[0m
[3.815s] [ 54%] Built target gesture_interface__rosidl_typesupport_c
[3.975s] [ 58%] Built target gesture_interface__rosidl_typesupport_cpp
[4.283s] [ 61%] Built target gesture_interface__rosidl_typesupport_introspection_cpp
[4.323s] [ 64%] Built target gesture_interface__rosidl_typesupport_fastrtps_cpp
[4.392s] [ 67%] [32m[1mLinking CXX shared library libgesture_interface__rosidl_typesupport_fastrtps_c.so[0m
[4.921s] [ 70%] Built target gesture_interface__rosidl_typesupport_fastrtps_c
[4.961s] [ 70%] Built target gesture_interface
[5.000s] [ 74%] Built target gesture_interface__py
[5.024s] [35m[1mConsolidate compiler generated dependencies of target gesture_interface__rosidl_generator_py[0m
[5.050s] [ 77%] [32mBuilding C object CMakeFiles/gesture_interface__rosidl_generator_py.dir/rosidl_generator_py/gesture_interface/msg/_gesture_topic_s.c.o[0m
[5.366s] [ 80%] [32m[1mLinking C shared library rosidl_generator_py/gesture_interface/libgesture_interface__rosidl_generator_py.so[0m
[5.693s] [ 80%] Built target gesture_interface__rosidl_generator_py
[5.711s] [35m[1mConsolidate compiler generated dependencies of target gesture_interface__rosidl_typesupport_fastrtps_c__pyext[0m
[5.711s] [35m[1mConsolidate compiler generated dependencies of target gesture_interface__rosidl_typesupport_c__pyext[0m
[5.713s] [35m[1mConsolidate compiler generated dependencies of target gesture_interface__rosidl_typesupport_introspection_c__pyext[0m
[5.732s] [ 83%] [32mBuilding C object CMakeFiles/gesture_interface__rosidl_typesupport_c__pyext.dir/rosidl_generator_py/gesture_interface/_gesture_interface_s.ep.rosidl_typesupport_c.c.o[0m
[5.733s] [ 87%] [32mBuilding C object CMakeFiles/gesture_interface__rosidl_typesupport_fastrtps_c__pyext.dir/rosidl_generator_py/gesture_interface/_gesture_interface_s.ep.rosidl_typesupport_fastrtps_c.c.o[0m
[5.734s] [ 90%] [32mBuilding C object CMakeFiles/gesture_interface__rosidl_typesupport_introspection_c__pyext.dir/rosidl_generator_py/gesture_interface/_gesture_interface_s.ep.rosidl_typesupport_introspection_c.c.o[0m
[5.905s] [ 93%] [32m[1mLinking C shared library rosidl_generator_py/gesture_interface/gesture_interface_s__rosidl_typesupport_introspection_c.cpython-310-x86_64-linux-gnu.so[0m
[5.907s] [ 96%] [32m[1mLinking C shared library rosidl_generator_py/gesture_interface/gesture_interface_s__rosidl_typesupport_fastrtps_c.cpython-310-x86_64-linux-gnu.so[0m
[5.915s] [100%] [32m[1mLinking C shared library rosidl_generator_py/gesture_interface/gesture_interface_s__rosidl_typesupport_c.cpython-310-x86_64-linux-gnu.so[0m
[6.180s] [100%] Built target gesture_interface__rosidl_typesupport_fastrtps_c__pyext
[6.184s] [100%] Built target gesture_interface__rosidl_typesupport_introspection_c__pyext
[6.293s] [100%] Built target gesture_interface__rosidl_typesupport_c__pyext
[6.309s] Invoked command in '/home/akash/final_project_sme_lab_12194814/12194814_ros_ws/build/gesture_interface' returned '0': CMAKE_PREFIX_PATH=${CMAKE_PREFIX_PATH}:/home/akash/new_ros_ws/install/gesture_pub_sub:/home/akash/new_ros_ws/install/cam_pub_sub:/opt/ros/humble /usr/bin/cmake --build /home/akash/final_project_sme_lab_12194814/12194814_ros_ws/build/gesture_interface -- -j12 -l12
[6.421s] Invoking command in '/home/akash/final_project_sme_lab_12194814/12194814_ros_ws/build/gesture_interface': CMAKE_PREFIX_PATH=${CMAKE_PREFIX_PATH}:/home/akash/new_ros_ws/install/gesture_pub_sub:/home/akash/new_ros_ws/install/cam_pub_sub:/opt/ros/humble /usr/bin/cmake --install /home/akash/final_project_sme_lab_12194814/12194814_ros_ws/build/gesture_interface
[6.435s] -- Install configuration: ""
[6.436s] -- Up-to-date: /home/akash/new_ros_ws/install/gesture_interface/share/ament_index/resource_index/rosidl_interfaces/gesture_interface
[6.437s] -- Up-to-date: /home/akash/new_ros_ws/install/gesture_interface/include/gesture_interface/gesture_interface
[6.437s] -- Up-to-date: /home/akash/new_ros_ws/install/gesture_interface/include/gesture_interface/gesture_interface/msg
[6.437s] -- Up-to-date: /home/akash/new_ros_ws/install/gesture_interface/include/gesture_interface/gesture_interface/msg/rosidl_generator_c__visibility_control.h
[6.437s] -- Up-to-date: /home/akash/new_ros_ws/install/gesture_interface/include/gesture_interface/gesture_interface/msg/gesture_topic.h
[6.437s] -- Up-to-date: /home/akash/new_ros_ws/install/gesture_interface/include/gesture_interface/gesture_interface/msg/detail
[6.437s] -- Up-to-date: /home/akash/new_ros_ws/install/gesture_interface/include/gesture_interface/gesture_interface/msg/detail/gesture_topic__functions.c
[6.438s] -- Up-to-date: /home/akash/new_ros_ws/install/gesture_interface/include/gesture_interface/gesture_interface/msg/detail/gesture_topic__type_support.h
[6.438s] -- Up-to-date: /home/akash/new_ros_ws/install/gesture_interface/include/gesture_interface/gesture_interface/msg/detail/gesture_topic__struct.h
[6.438s] -- Up-to-date: /home/akash/new_ros_ws/install/gesture_interface/include/gesture_interface/gesture_interface/msg/detail/gesture_topic__functions.h
[6.438s] -- Up-to-date: /home/akash/new_ros_ws/install/gesture_interface/share/gesture_interface/environment/library_path.sh
[6.438s] -- Installing: /home/akash/new_ros_ws/install/gesture_interface/share/gesture_interface/environment/library_path.dsv
[6.438s] -- Up-to-date: /home/akash/new_ros_ws/install/gesture_interface/lib/libgesture_interface__rosidl_generator_c.so
[6.442s] -- Up-to-date: /home/akash/new_ros_ws/install/gesture_interface/include/gesture_interface/gesture_interface
[6.443s] -- Up-to-date: /home/akash/new_ros_ws/install/gesture_interface/include/gesture_interface/gesture_interface/msg
[6.443s] -- Up-to-date: /home/akash/new_ros_ws/install/gesture_interface/include/gesture_interface/gesture_interface/msg/rosidl_typesupport_fastrtps_c__visibility_control.h
[6.443s] -- Up-to-date: /home/akash/new_ros_ws/install/gesture_interface/include/gesture_interface/gesture_interface/msg/detail
[6.444s] -- Up-to-date: /home/akash/new_ros_ws/install/gesture_interface/include/gesture_interface/gesture_interface/msg/detail/gesture_topic__rosidl_typesupport_fastrtps_c.h
[6.444s] -- Up-to-date: /home/akash/new_ros_ws/install/gesture_interface/lib/libgesture_interface__rosidl_typesupport_fastrtps_c.so
[6.445s] -- Up-to-date: /home/akash/new_ros_ws/install/gesture_interface/include/gesture_interface/gesture_interface
[6.445s] -- Up-to-date: /home/akash/new_ros_ws/install/gesture_interface/include/gesture_interface/gesture_interface/msg
[6.445s] -- Up-to-date: /home/akash/new_ros_ws/install/gesture_interface/include/gesture_interface/gesture_interface/msg/rosidl_typesupport_introspection_c__visibility_control.h
[6.446s] -- Up-to-date: /home/akash/new_ros_ws/install/gesture_interface/include/gesture_interface/gesture_interface/msg/detail
[6.446s] -- Up-to-date: /home/akash/new_ros_ws/install/gesture_interface/include/gesture_interface/gesture_interface/msg/detail/gesture_topic__type_support.c
[6.447s] -- Up-to-date: /home/akash/new_ros_ws/install/gesture_interface/include/gesture_interface/gesture_interface/msg/detail/gesture_topic__rosidl_typesupport_introspection_c.h
[6.447s] -- Up-to-date: /home/akash/new_ros_ws/install/gesture_interface/lib/libgesture_interface__rosidl_typesupport_introspection_c.so
[6.447s] -- Up-to-date: /home/akash/new_ros_ws/install/gesture_interface/lib/libgesture_interface__rosidl_typesupport_c.so
[6.448s] -- Up-to-date: /home/akash/new_ros_ws/install/gesture_interface/include/gesture_interface/gesture_interface
[6.448s] -- Up-to-date: /home/akash/new_ros_ws/install/gesture_interface/include/gesture_interface/gesture_interface/msg
[6.448s] -- Up-to-date: /home/akash/new_ros_ws/install/gesture_interface/include/gesture_interface/gesture_interface/msg/gesture_topic.hpp
[6.449s] -- Up-to-date: /home/akash/new_ros_ws/install/gesture_interface/include/gesture_interface/gesture_interface/msg/detail
[6.449s] -- Up-to-date: /home/akash/new_ros_ws/install/gesture_interface/include/gesture_interface/gesture_interface/msg/detail/gesture_topic__struct.hpp
[6.450s] -- Up-to-date: /home/akash/new_ros_ws/install/gesture_interface/include/gesture_interface/gesture_interface/msg/detail/gesture_topic__traits.hpp
[6.451s] -- Up-to-date: /home/akash/new_ros_ws/install/gesture_interface/include/gesture_interface/gesture_interface/msg/detail/gesture_topic__builder.hpp
[6.451s] -- Up-to-date: /home/akash/new_ros_ws/install/gesture_interface/include/gesture_interface/gesture_interface
[6.452s] -- Up-to-date: /home/akash/new_ros_ws/install/gesture_interface/include/gesture_interface/gesture_interface/msg
[6.452s] -- Up-to-date: /home/akash/new_ros_ws/install/gesture_interface/include/gesture_interface/gesture_interface/msg/rosidl_typesupport_fastrtps_cpp__visibility_control.h
[6.453s] -- Up-to-date: /home/akash/new_ros_ws/install/gesture_interface/include/gesture_interface/gesture_interface/msg/detail
[6.453s] -- Up-to-date: /home/akash/new_ros_ws/install/gesture_interface/include/gesture_interface/gesture_interface/msg/detail/dds_fastrtps
[6.454s] -- Up-to-date: /home/akash/new_ros_ws/install/gesture_interface/include/gesture_interface/gesture_interface/msg/detail/gesture_topic__rosidl_typesupport_fastrtps_cpp.hpp
[6.454s] -- Up-to-date: /home/akash/new_ros_ws/install/gesture_interface/lib/libgesture_interface__rosidl_typesupport_fastrtps_cpp.so
[6.454s] -- Up-to-date: /home/akash/new_ros_ws/install/gesture_interface/include/gesture_interface/gesture_interface
[6.455s] -- Up-to-date: /home/akash/new_ros_ws/install/gesture_interface/include/gesture_interface/gesture_interface/msg
[6.455s] -- Up-to-date: /home/akash/new_ros_ws/install/gesture_interface/include/gesture_interface/gesture_interface/msg/detail
[6.455s] -- Up-to-date: /home/akash/new_ros_ws/install/gesture_interface/include/gesture_interface/gesture_interface/msg/detail/gesture_topic__rosidl_typesupport_introspection_cpp.hpp
[6.455s] -- Up-to-date: /home/akash/new_ros_ws/install/gesture_interface/include/gesture_interface/gesture_interface/msg/detail/gesture_topic__type_support.cpp
[6.455s] -- Up-to-date: /home/akash/new_ros_ws/install/gesture_interface/lib/libgesture_interface__rosidl_typesupport_introspection_cpp.so
[6.455s] -- Up-to-date: /home/akash/new_ros_ws/install/gesture_interface/lib/libgesture_interface__rosidl_typesupport_cpp.so
[6.456s] -- Up-to-date: /home/akash/new_ros_ws/install/gesture_interface/share/gesture_interface/environment/pythonpath.sh
[6.456s] -- Installing: /home/akash/new_ros_ws/install/gesture_interface/share/gesture_interface/environment/pythonpath.dsv
[6.456s] -- Up-to-date: /home/akash/new_ros_ws/install/gesture_interface/local/lib/python3.10/dist-packages/gesture_interface-0.0.0-py3.10.egg-info
[6.456s] -- Installing: /home/akash/new_ros_ws/install/gesture_interface/local/lib/python3.10/dist-packages/gesture_interface-0.0.0-py3.10.egg-info/SOURCES.txt
[6.456s] -- Installing: /home/akash/new_ros_ws/install/gesture_interface/local/lib/python3.10/dist-packages/gesture_interface-0.0.0-py3.10.egg-info/top_level.txt
[6.457s] -- Installing: /home/akash/new_ros_ws/install/gesture_interface/local/lib/python3.10/dist-packages/gesture_interface-0.0.0-py3.10.egg-info/dependency_links.txt
[6.457s] -- Installing: /home/akash/new_ros_ws/install/gesture_interface/local/lib/python3.10/dist-packages/gesture_interface-0.0.0-py3.10.egg-info/PKG-INFO
[6.457s] -- Up-to-date: /home/akash/new_ros_ws/install/gesture_interface/local/lib/python3.10/dist-packages/gesture_interface
[6.457s] -- Up-to-date: /home/akash/new_ros_ws/install/gesture_interface/local/lib/python3.10/dist-packages/gesture_interface/gesture_interface_s__rosidl_typesupport_c.cpython-310-x86_64-linux-gnu.so
[6.457s] -- Up-to-date: /home/akash/new_ros_ws/install/gesture_interface/local/lib/python3.10/dist-packages/gesture_interface/gesture_interface_s__rosidl_typesupport_fastrtps_c.cpython-310-x86_64-linux-gnu.so
[6.458s] -- Up-to-date: /home/akash/new_ros_ws/install/gesture_interface/local/lib/python3.10/dist-packages/gesture_interface/_gesture_interface_s.ep.rosidl_typesupport_c.c
[6.458s] -- Up-to-date: /home/akash/new_ros_ws/install/gesture_interface/local/lib/python3.10/dist-packages/gesture_interface/_gesture_interface_s.ep.rosidl_typesupport_introspection_c.c
[6.458s] -- Installing: /home/akash/new_ros_ws/install/gesture_interface/local/lib/python3.10/dist-packages/gesture_interface/__init__.py
[6.458s] -- Up-to-date: /home/akash/new_ros_ws/install/gesture_interface/local/lib/python3.10/dist-packages/gesture_interface/_gesture_interface_s.ep.rosidl_typesupport_fastrtps_c.c
[6.458s] -- Up-to-date: /home/akash/new_ros_ws/install/gesture_interface/local/lib/python3.10/dist-packages/gesture_interface/libgesture_interface__rosidl_generator_py.so
[6.458s] -- Up-to-date: /home/akash/new_ros_ws/install/gesture_interface/local/lib/python3.10/dist-packages/gesture_interface/gesture_interface_s__rosidl_typesupport_introspection_c.cpython-310-x86_64-linux-gnu.so
[6.459s] -- Up-to-date: /home/akash/new_ros_ws/install/gesture_interface/local/lib/python3.10/dist-packages/gesture_interface/msg
[6.459s] -- Up-to-date: /home/akash/new_ros_ws/install/gesture_interface/local/lib/python3.10/dist-packages/gesture_interface/msg/__init__.py
[6.459s] -- Up-to-date: /home/akash/new_ros_ws/install/gesture_interface/local/lib/python3.10/dist-packages/gesture_interface/msg/_gesture_topic.py
[6.459s] -- Up-to-date: /home/akash/new_ros_ws/install/gesture_interface/local/lib/python3.10/dist-packages/gesture_interface/msg/_gesture_topic_s.c
[6.518s] Listing '/home/akash/new_ros_ws/install/gesture_interface/local/lib/python3.10/dist-packages/gesture_interface'...
[6.519s] Compiling '/home/akash/new_ros_ws/install/gesture_interface/local/lib/python3.10/dist-packages/gesture_interface/__init__.py'...
[6.519s] Listing '/home/akash/new_ros_ws/install/gesture_interface/local/lib/python3.10/dist-packages/gesture_interface/msg'...
[6.526s] -- Up-to-date: /home/akash/new_ros_ws/install/gesture_interface/local/lib/python3.10/dist-packages/gesture_interface/gesture_interface_s__rosidl_typesupport_fastrtps_c.cpython-310-x86_64-linux-gnu.so
[6.527s] -- Up-to-date: /home/akash/new_ros_ws/install/gesture_interface/local/lib/python3.10/dist-packages/gesture_interface/gesture_interface_s__rosidl_typesupport_introspection_c.cpython-310-x86_64-linux-gnu.so
[6.527s] -- Up-to-date: /home/akash/new_ros_ws/install/gesture_interface/local/lib/python3.10/dist-packages/gesture_interface/gesture_interface_s__rosidl_typesupport_c.cpython-310-x86_64-linux-gnu.so
[6.528s] -- Up-to-date: /home/akash/new_ros_ws/install/gesture_interface/lib/libgesture_interface__rosidl_generator_py.so
[6.528s] -- Up-to-date: /home/akash/new_ros_ws/install/gesture_interface/share/gesture_interface/msg/GestureTopic.idl
[6.529s] -- Up-to-date: /home/akash/new_ros_ws/install/gesture_interface/share/gesture_interface/msg/GestureTopic.msg
[6.530s] -- Up-to-date: /home/akash/new_ros_ws/install/gesture_interface/share/ament_index/resource_index/package_run_dependencies/gesture_interface
[6.530s] -- Installing: /home/akash/new_ros_ws/install/gesture_interface/share/ament_index/resource_index/parent_prefix_path/gesture_interface
[6.531s] -- Up-to-date: /home/akash/new_ros_ws/install/gesture_interface/share/gesture_interface/environment/ament_prefix_path.sh
[6.531s] -- Installing: /home/akash/new_ros_ws/install/gesture_interface/share/gesture_interface/environment/ament_prefix_path.dsv
[6.532s] -- Up-to-date: /home/akash/new_ros_ws/install/gesture_interface/share/gesture_interface/environment/path.sh
[6.532s] -- Installing: /home/akash/new_ros_ws/install/gesture_interface/share/gesture_interface/environment/path.dsv
[6.532s] -- Up-to-date: /home/akash/new_ros_ws/install/gesture_interface/share/gesture_interface/local_setup.bash
[6.533s] -- Up-to-date: /home/akash/new_ros_ws/install/gesture_interface/share/gesture_interface/local_setup.sh
[6.533s] -- Up-to-date: /home/akash/new_ros_ws/install/gesture_interface/share/gesture_interface/local_setup.zsh
[6.534s] -- Installing: /home/akash/new_ros_ws/install/gesture_interface/share/gesture_interface/local_setup.dsv
[6.535s] -- Installing: /home/akash/new_ros_ws/install/gesture_interface/share/gesture_interface/package.dsv
[6.535s] -- Up-to-date: /home/akash/new_ros_ws/install/gesture_interface/share/ament_index/resource_index/packages/gesture_interface
[6.536s] -- Up-to-date: /home/akash/new_ros_ws/install/gesture_interface/share/gesture_interface/cmake/export_gesture_interface__rosidl_generator_cExport.cmake
[6.536s] -- Up-to-date: /home/akash/new_ros_ws/install/gesture_interface/share/gesture_interface/cmake/export_gesture_interface__rosidl_generator_cExport-noconfig.cmake
[6.536s] -- Up-to-date: /home/akash/new_ros_ws/install/gesture_interface/share/gesture_interface/cmake/export_gesture_interface__rosidl_typesupport_fastrtps_cExport.cmake
[6.537s] -- Up-to-date: /home/akash/new_ros_ws/install/gesture_interface/share/gesture_interface/cmake/export_gesture_interface__rosidl_typesupport_fastrtps_cExport-noconfig.cmake
[6.537s] -- Up-to-date: /home/akash/new_ros_ws/install/gesture_interface/share/gesture_interface/cmake/gesture_interface__rosidl_typesupport_introspection_cExport.cmake
[6.537s] -- Up-to-date: /home/akash/new_ros_ws/install/gesture_interface/share/gesture_interface/cmake/gesture_interface__rosidl_typesupport_introspection_cExport-noconfig.cmake
[6.537s] -- Up-to-date: /home/akash/new_ros_ws/install/gesture_interface/share/gesture_interface/cmake/gesture_interface__rosidl_typesupport_cExport.cmake
[6.537s] -- Up-to-date: /home/akash/new_ros_ws/install/gesture_interface/share/gesture_interface/cmake/gesture_interface__rosidl_typesupport_cExport-noconfig.cmake
[6.538s] -- Up-to-date: /home/akash/new_ros_ws/install/gesture_interface/share/gesture_interface/cmake/export_gesture_interface__rosidl_generator_cppExport.cmake
[6.538s] -- Up-to-date: /home/akash/new_ros_ws/install/gesture_interface/share/gesture_interface/cmake/export_gesture_interface__rosidl_typesupport_fastrtps_cppExport.cmake
[6.538s] -- Up-to-date: /home/akash/new_ros_ws/install/gesture_interface/share/gesture_interface/cmake/export_gesture_interface__rosidl_typesupport_fastrtps_cppExport-noconfig.cmake
[6.538s] -- Up-to-date: /home/akash/new_ros_ws/install/gesture_interface/share/gesture_interface/cmake/gesture_interface__rosidl_typesupport_introspection_cppExport.cmake
[6.538s] -- Up-to-date: /home/akash/new_ros_ws/install/gesture_interface/share/gesture_interface/cmake/gesture_interface__rosidl_typesupport_introspection_cppExport-noconfig.cmake
[6.538s] -- Up-to-date: /home/akash/new_ros_ws/install/gesture_interface/share/gesture_interface/cmake/gesture_interface__rosidl_typesupport_cppExport.cmake
[6.539s] -- Up-to-date: /home/akash/new_ros_ws/install/gesture_interface/share/gesture_interface/cmake/gesture_interface__rosidl_typesupport_cppExport-noconfig.cmake
[6.539s] -- Up-to-date: /home/akash/new_ros_ws/install/gesture_interface/share/gesture_interface/cmake/export_gesture_interface__rosidl_generator_pyExport.cmake
[6.540s] -- Up-to-date: /home/akash/new_ros_ws/install/gesture_interface/share/gesture_interface/cmake/export_gesture_interface__rosidl_generator_pyExport-noconfig.cmake
[6.540s] -- Up-to-date: /home/akash/new_ros_ws/install/gesture_interface/share/gesture_interface/cmake/rosidl_cmake-extras.cmake
[6.540s] -- Up-to-date: /home/akash/new_ros_ws/install/gesture_interface/share/gesture_interface/cmake/ament_cmake_export_include_directories-extras.cmake
[6.541s] -- Up-to-date: /home/akash/new_ros_ws/install/gesture_interface/share/gesture_interface/cmake/ament_cmake_export_libraries-extras.cmake
[6.541s] -- Up-to-date: /home/akash/new_ros_ws/install/gesture_interface/share/gesture_interface/cmake/ament_cmake_export_targets-extras.cmake
[6.542s] -- Up-to-date: /home/akash/new_ros_ws/install/gesture_interface/share/gesture_interface/cmake/rosidl_cmake_export_typesupport_targets-extras.cmake
[6.542s] -- Up-to-date: /home/akash/new_ros_ws/install/gesture_interface/share/gesture_interface/cmake/ament_cmake_export_dependencies-extras.cmake
[6.543s] -- Up-to-date: /home/akash/new_ros_ws/install/gesture_interface/share/gesture_interface/cmake/rosidl_cmake_export_typesupport_libraries-extras.cmake
[6.543s] -- Up-to-date: /home/akash/new_ros_ws/install/gesture_interface/share/gesture_interface/cmake/gesture_interfaceConfig.cmake
[6.544s] -- Up-to-date: /home/akash/new_ros_ws/install/gesture_interface/share/gesture_interface/cmake/gesture_interfaceConfig-version.cmake
[6.544s] -- Up-to-date: /home/akash/new_ros_ws/install/gesture_interface/share/gesture_interface/package.xml
[6.547s] Invoked command in '/home/akash/final_project_sme_lab_12194814/12194814_ros_ws/build/gesture_interface' returned '0': CMAKE_PREFIX_PATH=${CMAKE_PREFIX_PATH}:/home/akash/new_ros_ws/install/gesture_pub_sub:/home/akash/new_ros_ws/install/cam_pub_sub:/opt/ros/humble /usr/bin/cmake --install /home/akash/final_project_sme_lab_12194814/12194814_ros_ws/build/gesture_interface
