[6.918s] Invoking command in '/home/akash/new_ros_ws/src/gesture_pub_sub': AMENT_PREFIX_PATH=/home/akash/new_ros_ws/install/cam_pub_sub:/home/akash/new_ros_ws/install/gesture_pub_sub:/home/akash/new_ros_ws/install/gesture_interface:/home/akash/new_ros_ws/install/cam_interface:/opt/ros/humble PYTHONPATH=/home/akash/new_ros_ws/build/gesture_pub_sub/prefix_override:/home/akash/new_ros_ws/install/gesture_pub_sub/lib/python3.10/site-packages:/home/akash/new_ros_ws/install/cam_pub_sub/lib/python3.10/site-packages:/home/akash/new_ros_ws/install/gesture_pub_sub/lib/python3.10/site-packages:/home/akash/new_ros_ws/install/gesture_interface/local/lib/python3.10/dist-packages:/home/akash/new_ros_ws/install/cam_interface/local/lib/python3.10/dist-packages:/opt/ros/humble/lib/python3.10/site-packages:/opt/ros/humble/local/lib/python3.10/dist-packages /usr/bin/python3 setup.py egg_info --egg-base ../../build/gesture_pub_sub build --build-base /home/akash/new_ros_ws/build/gesture_pub_sub/build install --record /home/akash/new_ros_ws/build/gesture_pub_sub/install.log --install-scripts $base/lib/gesture_pub_sub --single-version-externally-managed
[7.702s] /usr/lib/python3/dist-packages/setuptools/dist.py:723: UserWarning: Usage of dash-separated 'script-dir' will not be supported in future versions. Please use the underscore name 'script_dir' instead
[7.702s]   warnings.warn(
[7.725s] running egg_info
[7.727s] writing ../../build/gesture_pub_sub/gesture_pub_sub.egg-info/PKG-INFO
[7.727s] writing dependency_links to ../../build/gesture_pub_sub/gesture_pub_sub.egg-info/dependency_links.txt
[7.728s] writing entry points to ../../build/gesture_pub_sub/gesture_pub_sub.egg-info/entry_points.txt
[7.728s] writing requirements to ../../build/gesture_pub_sub/gesture_pub_sub.egg-info/requires.txt
[7.729s] writing top-level names to ../../build/gesture_pub_sub/gesture_pub_sub.egg-info/top_level.txt
[7.732s] reading manifest file '../../build/gesture_pub_sub/gesture_pub_sub.egg-info/SOURCES.txt'
[7.734s] writing manifest file '../../build/gesture_pub_sub/gesture_pub_sub.egg-info/SOURCES.txt'
[7.735s] running build
[7.736s] running build_py
[7.737s] running install
[7.738s] /usr/lib/python3/dist-packages/setuptools/command/install.py:34: SetuptoolsDeprecationWarning: setup.py install is deprecated. Use build and pip and other standards-based tools.
[7.738s]   warnings.warn(
[7.740s] running install_lib
[7.746s] running install_data
[7.748s] running install_egg_info
[7.758s] removing '/home/akash/new_ros_ws/install/gesture_pub_sub/lib/python3.10/site-packages/gesture_pub_sub-0.0.0-py3.10.egg-info' (and everything under it)
[7.759s] Copying ../../build/gesture_pub_sub/gesture_pub_sub.egg-info to /home/akash/new_ros_ws/install/gesture_pub_sub/lib/python3.10/site-packages/gesture_pub_sub-0.0.0-py3.10.egg-info
[7.761s] running install_scripts
[7.816s] Installing gesture_publisher script to /home/akash/new_ros_ws/install/gesture_pub_sub/lib/gesture_pub_sub
[7.817s] Installing gesture_subscriber script to /home/akash/new_ros_ws/install/gesture_pub_sub/lib/gesture_pub_sub
[7.818s] writing list of installed files to '/home/akash/new_ros_ws/build/gesture_pub_sub/install.log'
[7.893s] Invoked command in '/home/akash/new_ros_ws/src/gesture_pub_sub' returned '0': AMENT_PREFIX_PATH=/home/akash/new_ros_ws/install/cam_pub_sub:/home/akash/new_ros_ws/install/gesture_pub_sub:/home/akash/new_ros_ws/install/gesture_interface:/home/akash/new_ros_ws/install/cam_interface:/opt/ros/humble PYTHONPATH=/home/akash/new_ros_ws/build/gesture_pub_sub/prefix_override:/home/akash/new_ros_ws/install/gesture_pub_sub/lib/python3.10/site-packages:/home/akash/new_ros_ws/install/cam_pub_sub/lib/python3.10/site-packages:/home/akash/new_ros_ws/install/gesture_pub_sub/lib/python3.10/site-packages:/home/akash/new_ros_ws/install/gesture_interface/local/lib/python3.10/dist-packages:/home/akash/new_ros_ws/install/cam_interface/local/lib/python3.10/dist-packages:/opt/ros/humble/lib/python3.10/site-packages:/opt/ros/humble/local/lib/python3.10/dist-packages /usr/bin/python3 setup.py egg_info --egg-base ../../build/gesture_pub_sub build --build-base /home/akash/new_ros_ws/build/gesture_pub_sub/build install --record /home/akash/new_ros_ws/build/gesture_pub_sub/install.log --install-scripts $base/lib/gesture_pub_sub --single-version-externally-managed
