[2.924s] Invoking command in '/home/akash/new_ros_ws/src/gesture_pub_sub': AMENT_PREFIX_PATH=/home/akash/new_ros_ws/install/cam_pub_sub:/home/akash/new_ros_ws/install/gesture_interface:/home/akash/new_ros_ws/install/cam_interface:${AMENT_PREFIX_PATH} CMAKE_PREFIX_PATH=/home/akash/new_ros_ws/install/gesture_interface:/home/akash/new_ros_ws/install/cam_interface LD_LIBRARY_PATH=/home/akash/new_ros_ws/install/gesture_interface/lib:/home/akash/new_ros_ws/install/cam_interface/lib:${LD_LIBRARY_PATH} PYTHONPATH=/home/akash/new_ros_ws/build/gesture_pub_sub/prefix_override:/home/akash/new_ros_ws/install/gesture_pub_sub/lib/python3.10/site-packages:/home/akash/new_ros_ws/install/cam_pub_sub/lib/python3.10/site-packages:/home/akash/new_ros_ws/install/gesture_interface/local/lib/python3.10/dist-packages:/home/akash/new_ros_ws/install/cam_interface/local/lib/python3.10/dist-packages:${PYTHONPATH} /usr/bin/python3 setup.py egg_info --egg-base ../../build/gesture_pub_sub build --build-base /home/akash/new_ros_ws/build/gesture_pub_sub/build install --record /home/akash/new_ros_ws/build/gesture_pub_sub/install.log --install-scripts $base/lib/gesture_pub_sub --single-version-externally-managed
[3.355s] /usr/lib/python3/dist-packages/setuptools/dist.py:723: UserWarning: Usage of dash-separated 'script-dir' will not be supported in future versions. Please use the underscore name 'script_dir' instead
[3.355s]   warnings.warn(
[3.370s] running egg_info
[3.372s] writing ../../build/gesture_pub_sub/gesture_pub_sub.egg-info/PKG-INFO
[3.372s] writing dependency_links to ../../build/gesture_pub_sub/gesture_pub_sub.egg-info/dependency_links.txt
[3.373s] writing entry points to ../../build/gesture_pub_sub/gesture_pub_sub.egg-info/entry_points.txt
[3.373s] writing requirements to ../../build/gesture_pub_sub/gesture_pub_sub.egg-info/requires.txt
[3.373s] writing top-level names to ../../build/gesture_pub_sub/gesture_pub_sub.egg-info/top_level.txt
[3.377s] reading manifest file '../../build/gesture_pub_sub/gesture_pub_sub.egg-info/SOURCES.txt'
[3.378s] writing manifest file '../../build/gesture_pub_sub/gesture_pub_sub.egg-info/SOURCES.txt'
[3.379s] running build
[3.379s] running build_py
[3.379s] copying gesture_pub_sub/ges_pub.py -> /home/akash/new_ros_ws/build/gesture_pub_sub/build/lib/gesture_pub_sub
[3.380s] running install
[3.380s] /usr/lib/python3/dist-packages/setuptools/command/install.py:34: SetuptoolsDeprecationWarning: setup.py install is deprecated. Use build and pip and other standards-based tools.
[3.381s]   warnings.warn(
[3.381s] running install_lib
[3.382s] copying /home/akash/new_ros_ws/build/gesture_pub_sub/build/lib/gesture_pub_sub/ges_pub.py -> /home/akash/new_ros_ws/install/gesture_pub_sub/lib/python3.10/site-packages/gesture_pub_sub
[3.383s] byte-compiling /home/akash/new_ros_ws/install/gesture_pub_sub/lib/python3.10/site-packages/gesture_pub_sub/ges_pub.py to ges_pub.cpython-310.pyc
[3.385s] running install_data
[3.386s] running install_egg_info
[3.389s] removing '/home/akash/new_ros_ws/install/gesture_pub_sub/lib/python3.10/site-packages/gesture_pub_sub-0.0.0-py3.10.egg-info' (and everything under it)
[3.390s] Copying ../../build/gesture_pub_sub/gesture_pub_sub.egg-info to /home/akash/new_ros_ws/install/gesture_pub_sub/lib/python3.10/site-packages/gesture_pub_sub-0.0.0-py3.10.egg-info
[3.392s] running install_scripts
[3.426s] Installing gesture_publisher script to /home/akash/new_ros_ws/install/gesture_pub_sub/lib/gesture_pub_sub
[3.427s] Installing gesture_subscriber script to /home/akash/new_ros_ws/install/gesture_pub_sub/lib/gesture_pub_sub
[3.427s] writing list of installed files to '/home/akash/new_ros_ws/build/gesture_pub_sub/install.log'
[3.462s] Invoked command in '/home/akash/new_ros_ws/src/gesture_pub_sub' returned '0': AMENT_PREFIX_PATH=/home/akash/new_ros_ws/install/cam_pub_sub:/home/akash/new_ros_ws/install/gesture_interface:/home/akash/new_ros_ws/install/cam_interface:${AMENT_PREFIX_PATH} CMAKE_PREFIX_PATH=/home/akash/new_ros_ws/install/gesture_interface:/home/akash/new_ros_ws/install/cam_interface LD_LIBRARY_PATH=/home/akash/new_ros_ws/install/gesture_interface/lib:/home/akash/new_ros_ws/install/cam_interface/lib:${LD_LIBRARY_PATH} PYTHONPATH=/home/akash/new_ros_ws/build/gesture_pub_sub/prefix_override:/home/akash/new_ros_ws/install/gesture_pub_sub/lib/python3.10/site-packages:/home/akash/new_ros_ws/install/cam_pub_sub/lib/python3.10/site-packages:/home/akash/new_ros_ws/install/gesture_interface/local/lib/python3.10/dist-packages:/home/akash/new_ros_ws/install/cam_interface/local/lib/python3.10/dist-packages:${PYTHONPATH} /usr/bin/python3 setup.py egg_info --egg-base ../../build/gesture_pub_sub build --build-base /home/akash/new_ros_ws/build/gesture_pub_sub/build install --record /home/akash/new_ros_ws/build/gesture_pub_sub/install.log --install-scripts $base/lib/gesture_pub_sub --single-version-externally-managed
