[0.170s] Invoking command in '/home/akash/new_ros_ws/build/gesture_interface': CMAKE_PREFIX_PATH=${CMAKE_PREFIX_PATH}:/home/akash/new_ros_ws/install/gesture_pub_sub:/home/akash/new_ros_ws/install/cam_pub_sub:/opt/ros/humble /usr/bin/cmake --build /home/akash/new_ros_ws/build/gesture_interface -- -j12 -l12
[0.303s] [  9%] Built target gesture_interface__rosidl_generator_c
[0.303s] [ 12%] Built target gesture_interface__cpp
[0.360s] [ 12%] Built target ament_cmake_python_copy_gesture_interface
[0.399s] [ 22%] Built target gesture_interface__rosidl_typesupport_c
[0.402s] [ 32%] Built target gesture_interface__rosidl_typesupport_cpp
[0.423s] [ 41%] Built target gesture_interface__rosidl_typesupport_fastrtps_cpp
[0.425s] [ 51%] Built target gesture_interface__rosidl_typesupport_introspection_c
[0.428s] [ 61%] Built target gesture_interface__rosidl_typesupport_fastrtps_c
[0.428s] [ 70%] Built target gesture_interface__rosidl_typesupport_introspection_cpp
[0.463s] [ 70%] Built target gesture_interface
[0.498s] [ 74%] Built target gesture_interface__py
[0.536s] [ 80%] Built target gesture_interface__rosidl_generator_py
[0.581s] [ 87%] Built target gesture_interface__rosidl_typesupport_fastrtps_c__pyext
[0.584s] [ 93%] Built target gesture_interface__rosidl_typesupport_c__pyext
[0.585s] [100%] Built target gesture_interface__rosidl_typesupport_introspection_c__pyext
[1.025s] running egg_info
[1.026s] writing gesture_interface.egg-info/PKG-INFO
[1.026s] writing dependency_links to gesture_interface.egg-info/dependency_links.txt
[1.027s] writing top-level names to gesture_interface.egg-info/top_level.txt
[1.031s] reading manifest file 'gesture_interface.egg-info/SOURCES.txt'
[1.031s] writing manifest file 'gesture_interface.egg-info/SOURCES.txt'
[1.085s] [100%] Built target ament_cmake_python_build_gesture_interface_egg
[1.112s] Invoked command in '/home/akash/new_ros_ws/build/gesture_interface' returned '0': CMAKE_PREFIX_PATH=${CMAKE_PREFIX_PATH}:/home/akash/new_ros_ws/install/gesture_pub_sub:/home/akash/new_ros_ws/install/cam_pub_sub:/opt/ros/humble /usr/bin/cmake --build /home/akash/new_ros_ws/build/gesture_interface -- -j12 -l12
[1.242s] Invoking command in '/home/akash/new_ros_ws/build/gesture_interface': CMAKE_PREFIX_PATH=${CMAKE_PREFIX_PATH}:/home/akash/new_ros_ws/install/gesture_pub_sub:/home/akash/new_ros_ws/install/cam_pub_sub:/opt/ros/humble /usr/bin/cmake --install /home/akash/new_ros_ws/build/gesture_interface
[1.266s] -- Install configuration: ""
[1.266s] -- Up-to-date: /home/akash/new_ros_ws/install/gesture_interface/share/ament_index/resource_index/rosidl_interfaces/gesture_interface
[1.266s] -- Up-to-date: /home/akash/new_ros_ws/install/gesture_interface/include/gesture_interface/gesture_interface
[1.267s] -- Up-to-date: /home/akash/new_ros_ws/install/gesture_interface/include/gesture_interface/gesture_interface/msg
[1.267s] -- Up-to-date: /home/akash/new_ros_ws/install/gesture_interface/include/gesture_interface/gesture_interface/msg/rosidl_generator_c__visibility_control.h
[1.267s] -- Up-to-date: /home/akash/new_ros_ws/install/gesture_interface/include/gesture_interface/gesture_interface/msg/gesture_topic.h
[1.268s] -- Up-to-date: /home/akash/new_ros_ws/install/gesture_interface/include/gesture_interface/gesture_interface/msg/detail
[1.268s] -- Up-to-date: /home/akash/new_ros_ws/install/gesture_interface/include/gesture_interface/gesture_interface/msg/detail/gesture_topic__functions.c
[1.268s] -- Up-to-date: /home/akash/new_ros_ws/install/gesture_interface/include/gesture_interface/gesture_interface/msg/detail/gesture_topic__type_support.h
[1.268s] -- Up-to-date: /home/akash/new_ros_ws/install/gesture_interface/include/gesture_interface/gesture_interface/msg/detail/gesture_topic__struct.h
[1.269s] -- Up-to-date: /home/akash/new_ros_ws/install/gesture_interface/include/gesture_interface/gesture_interface/msg/detail/gesture_topic__functions.h
[1.269s] -- Up-to-date: /home/akash/new_ros_ws/install/gesture_interface/share/gesture_interface/environment/library_path.sh
[1.269s] -- Up-to-date: /home/akash/new_ros_ws/install/gesture_interface/share/gesture_interface/environment/library_path.dsv
[1.272s] -- Up-to-date: /home/akash/new_ros_ws/install/gesture_interface/lib/libgesture_interface__rosidl_generator_c.so
[1.272s] -- Up-to-date: /home/akash/new_ros_ws/install/gesture_interface/include/gesture_interface/gesture_interface
[1.272s] -- Up-to-date: /home/akash/new_ros_ws/install/gesture_interface/include/gesture_interface/gesture_interface/msg
[1.272s] -- Up-to-date: /home/akash/new_ros_ws/install/gesture_interface/include/gesture_interface/gesture_interface/msg/rosidl_typesupport_fastrtps_c__visibility_control.h
[1.272s] -- Up-to-date: /home/akash/new_ros_ws/install/gesture_interface/include/gesture_interface/gesture_interface/msg/detail
[1.272s] -- Up-to-date: /home/akash/new_ros_ws/install/gesture_interface/include/gesture_interface/gesture_interface/msg/detail/gesture_topic__rosidl_typesupport_fastrtps_c.h
[1.272s] -- Up-to-date: /home/akash/new_ros_ws/install/gesture_interface/lib/libgesture_interface__rosidl_typesupport_fastrtps_c.so
[1.272s] -- Up-to-date: /home/akash/new_ros_ws/install/gesture_interface/include/gesture_interface/gesture_interface
[1.272s] -- Up-to-date: /home/akash/new_ros_ws/install/gesture_interface/include/gesture_interface/gesture_interface/msg
[1.273s] -- Up-to-date: /home/akash/new_ros_ws/install/gesture_interface/include/gesture_interface/gesture_interface/msg/rosidl_typesupport_introspection_c__visibility_control.h
[1.273s] -- Up-to-date: /home/akash/new_ros_ws/install/gesture_interface/include/gesture_interface/gesture_interface/msg/detail
[1.273s] -- Up-to-date: /home/akash/new_ros_ws/install/gesture_interface/include/gesture_interface/gesture_interface/msg/detail/gesture_topic__type_support.c
[1.273s] -- Up-to-date: /home/akash/new_ros_ws/install/gesture_interface/include/gesture_interface/gesture_interface/msg/detail/gesture_topic__rosidl_typesupport_introspection_c.h
[1.273s] -- Up-to-date: /home/akash/new_ros_ws/install/gesture_interface/lib/libgesture_interface__rosidl_typesupport_introspection_c.so
[1.273s] -- Up-to-date: /home/akash/new_ros_ws/install/gesture_interface/lib/libgesture_interface__rosidl_typesupport_c.so
[1.273s] -- Up-to-date: /home/akash/new_ros_ws/install/gesture_interface/include/gesture_interface/gesture_interface
[1.273s] -- Up-to-date: /home/akash/new_ros_ws/install/gesture_interface/include/gesture_interface/gesture_interface/msg
[1.273s] -- Up-to-date: /home/akash/new_ros_ws/install/gesture_interface/include/gesture_interface/gesture_interface/msg/gesture_topic.hpp
[1.274s] -- Up-to-date: /home/akash/new_ros_ws/install/gesture_interface/include/gesture_interface/gesture_interface/msg/detail
[1.274s] -- Up-to-date: /home/akash/new_ros_ws/install/gesture_interface/include/gesture_interface/gesture_interface/msg/detail/gesture_topic__struct.hpp
[1.274s] -- Up-to-date: /home/akash/new_ros_ws/install/gesture_interface/include/gesture_interface/gesture_interface/msg/detail/gesture_topic__traits.hpp
[1.274s] -- Up-to-date: /home/akash/new_ros_ws/install/gesture_interface/include/gesture_interface/gesture_interface/msg/detail/gesture_topic__builder.hpp
[1.274s] -- Up-to-date: /home/akash/new_ros_ws/install/gesture_interface/include/gesture_interface/gesture_interface
[1.274s] -- Up-to-date: /home/akash/new_ros_ws/install/gesture_interface/include/gesture_interface/gesture_interface/msg
[1.274s] -- Up-to-date: /home/akash/new_ros_ws/install/gesture_interface/include/gesture_interface/gesture_interface/msg/rosidl_typesupport_fastrtps_cpp__visibility_control.h
[1.274s] -- Up-to-date: /home/akash/new_ros_ws/install/gesture_interface/include/gesture_interface/gesture_interface/msg/detail
[1.274s] -- Up-to-date: /home/akash/new_ros_ws/install/gesture_interface/include/gesture_interface/gesture_interface/msg/detail/dds_fastrtps
[1.274s] -- Up-to-date: /home/akash/new_ros_ws/install/gesture_interface/include/gesture_interface/gesture_interface/msg/detail/gesture_topic__rosidl_typesupport_fastrtps_cpp.hpp
[1.275s] -- Up-to-date: /home/akash/new_ros_ws/install/gesture_interface/lib/libgesture_interface__rosidl_typesupport_fastrtps_cpp.so
[1.275s] -- Up-to-date: /home/akash/new_ros_ws/install/gesture_interface/include/gesture_interface/gesture_interface
[1.275s] -- Up-to-date: /home/akash/new_ros_ws/install/gesture_interface/include/gesture_interface/gesture_interface/msg
[1.275s] -- Up-to-date: /home/akash/new_ros_ws/install/gesture_interface/include/gesture_interface/gesture_interface/msg/detail
[1.275s] -- Up-to-date: /home/akash/new_ros_ws/install/gesture_interface/include/gesture_interface/gesture_interface/msg/detail/gesture_topic__rosidl_typesupport_introspection_cpp.hpp
[1.275s] -- Up-to-date: /home/akash/new_ros_ws/install/gesture_interface/include/gesture_interface/gesture_interface/msg/detail/gesture_topic__type_support.cpp
[1.275s] -- Up-to-date: /home/akash/new_ros_ws/install/gesture_interface/lib/libgesture_interface__rosidl_typesupport_introspection_cpp.so
[1.276s] -- Up-to-date: /home/akash/new_ros_ws/install/gesture_interface/lib/libgesture_interface__rosidl_typesupport_cpp.so
[1.276s] -- Up-to-date: /home/akash/new_ros_ws/install/gesture_interface/share/gesture_interface/environment/pythonpath.sh
[1.276s] -- Up-to-date: /home/akash/new_ros_ws/install/gesture_interface/share/gesture_interface/environment/pythonpath.dsv
[1.276s] -- Up-to-date: /home/akash/new_ros_ws/install/gesture_interface/local/lib/python3.10/dist-packages/gesture_interface-0.0.0-py3.10.egg-info
[1.276s] -- Installing: /home/akash/new_ros_ws/install/gesture_interface/local/lib/python3.10/dist-packages/gesture_interface-0.0.0-py3.10.egg-info/SOURCES.txt
[1.277s] -- Installing: /home/akash/new_ros_ws/install/gesture_interface/local/lib/python3.10/dist-packages/gesture_interface-0.0.0-py3.10.egg-info/top_level.txt
[1.277s] -- Installing: /home/akash/new_ros_ws/install/gesture_interface/local/lib/python3.10/dist-packages/gesture_interface-0.0.0-py3.10.egg-info/dependency_links.txt
[1.277s] -- Installing: /home/akash/new_ros_ws/install/gesture_interface/local/lib/python3.10/dist-packages/gesture_interface-0.0.0-py3.10.egg-info/PKG-INFO
[1.278s] -- Up-to-date: /home/akash/new_ros_ws/install/gesture_interface/local/lib/python3.10/dist-packages/gesture_interface
[1.278s] -- Up-to-date: /home/akash/new_ros_ws/install/gesture_interface/local/lib/python3.10/dist-packages/gesture_interface/gesture_interface_s__rosidl_typesupport_c.cpython-310-x86_64-linux-gnu.so
[1.278s] -- Up-to-date: /home/akash/new_ros_ws/install/gesture_interface/local/lib/python3.10/dist-packages/gesture_interface/gesture_interface_s__rosidl_typesupport_fastrtps_c.cpython-310-x86_64-linux-gnu.so
[1.278s] -- Up-to-date: /home/akash/new_ros_ws/install/gesture_interface/local/lib/python3.10/dist-packages/gesture_interface/_gesture_interface_s.ep.rosidl_typesupport_c.c
[1.278s] -- Up-to-date: /home/akash/new_ros_ws/install/gesture_interface/local/lib/python3.10/dist-packages/gesture_interface/_gesture_interface_s.ep.rosidl_typesupport_introspection_c.c
[1.278s] -- Up-to-date: /home/akash/new_ros_ws/install/gesture_interface/local/lib/python3.10/dist-packages/gesture_interface/__init__.py
[1.279s] -- Up-to-date: /home/akash/new_ros_ws/install/gesture_interface/local/lib/python3.10/dist-packages/gesture_interface/_gesture_interface_s.ep.rosidl_typesupport_fastrtps_c.c
[1.279s] -- Up-to-date: /home/akash/new_ros_ws/install/gesture_interface/local/lib/python3.10/dist-packages/gesture_interface/libgesture_interface__rosidl_generator_py.so
[1.279s] -- Up-to-date: /home/akash/new_ros_ws/install/gesture_interface/local/lib/python3.10/dist-packages/gesture_interface/gesture_interface_s__rosidl_typesupport_introspection_c.cpython-310-x86_64-linux-gnu.so
[1.279s] -- Up-to-date: /home/akash/new_ros_ws/install/gesture_interface/local/lib/python3.10/dist-packages/gesture_interface/msg
[1.279s] -- Up-to-date: /home/akash/new_ros_ws/install/gesture_interface/local/lib/python3.10/dist-packages/gesture_interface/msg/__init__.py
[1.279s] -- Up-to-date: /home/akash/new_ros_ws/install/gesture_interface/local/lib/python3.10/dist-packages/gesture_interface/msg/_gesture_topic.py
[1.279s] -- Up-to-date: /home/akash/new_ros_ws/install/gesture_interface/local/lib/python3.10/dist-packages/gesture_interface/msg/_gesture_topic_s.c
[1.335s] Listing '/home/akash/new_ros_ws/install/gesture_interface/local/lib/python3.10/dist-packages/gesture_interface'...
[1.335s] Listing '/home/akash/new_ros_ws/install/gesture_interface/local/lib/python3.10/dist-packages/gesture_interface/msg'...
[1.354s] -- Up-to-date: /home/akash/new_ros_ws/install/gesture_interface/local/lib/python3.10/dist-packages/gesture_interface/gesture_interface_s__rosidl_typesupport_fastrtps_c.cpython-310-x86_64-linux-gnu.so
[1.357s] -- Up-to-date: /home/akash/new_ros_ws/install/gesture_interface/local/lib/python3.10/dist-packages/gesture_interface/gesture_interface_s__rosidl_typesupport_introspection_c.cpython-310-x86_64-linux-gnu.so
[1.357s] -- Up-to-date: /home/akash/new_ros_ws/install/gesture_interface/local/lib/python3.10/dist-packages/gesture_interface/gesture_interface_s__rosidl_typesupport_c.cpython-310-x86_64-linux-gnu.so
[1.360s] -- Up-to-date: /home/akash/new_ros_ws/install/gesture_interface/lib/libgesture_interface__rosidl_generator_py.so
[1.361s] -- Up-to-date: /home/akash/new_ros_ws/install/gesture_interface/share/gesture_interface/msg/GestureTopic.idl
[1.361s] -- Up-to-date: /home/akash/new_ros_ws/install/gesture_interface/share/gesture_interface/msg/GestureTopic.msg
[1.367s] -- Up-to-date: /home/akash/new_ros_ws/install/gesture_interface/share/ament_index/resource_index/package_run_dependencies/gesture_interface
[1.368s] -- Up-to-date: /home/akash/new_ros_ws/install/gesture_interface/share/ament_index/resource_index/parent_prefix_path/gesture_interface
[1.368s] -- Up-to-date: /home/akash/new_ros_ws/install/gesture_interface/share/gesture_interface/environment/ament_prefix_path.sh
[1.369s] -- Up-to-date: /home/akash/new_ros_ws/install/gesture_interface/share/gesture_interface/environment/ament_prefix_path.dsv
[1.370s] -- Up-to-date: /home/akash/new_ros_ws/install/gesture_interface/share/gesture_interface/environment/path.sh
[1.371s] -- Up-to-date: /home/akash/new_ros_ws/install/gesture_interface/share/gesture_interface/environment/path.dsv
[1.371s] -- Up-to-date: /home/akash/new_ros_ws/install/gesture_interface/share/gesture_interface/local_setup.bash
[1.372s] -- Up-to-date: /home/akash/new_ros_ws/install/gesture_interface/share/gesture_interface/local_setup.sh
[1.373s] -- Up-to-date: /home/akash/new_ros_ws/install/gesture_interface/share/gesture_interface/local_setup.zsh
[1.374s] -- Up-to-date: /home/akash/new_ros_ws/install/gesture_interface/share/gesture_interface/local_setup.dsv
[1.374s] -- Installing: /home/akash/new_ros_ws/install/gesture_interface/share/gesture_interface/package.dsv
[1.381s] -- Up-to-date: /home/akash/new_ros_ws/install/gesture_interface/share/ament_index/resource_index/packages/gesture_interface
[1.382s] -- Up-to-date: /home/akash/new_ros_ws/install/gesture_interface/share/gesture_interface/cmake/export_gesture_interface__rosidl_generator_cExport.cmake
[1.382s] -- Up-to-date: /home/akash/new_ros_ws/install/gesture_interface/share/gesture_interface/cmake/export_gesture_interface__rosidl_generator_cExport-noconfig.cmake
[1.382s] -- Up-to-date: /home/akash/new_ros_ws/install/gesture_interface/share/gesture_interface/cmake/export_gesture_interface__rosidl_typesupport_fastrtps_cExport.cmake
[1.383s] -- Up-to-date: /home/akash/new_ros_ws/install/gesture_interface/share/gesture_interface/cmake/export_gesture_interface__rosidl_typesupport_fastrtps_cExport-noconfig.cmake
[1.383s] -- Up-to-date: /home/akash/new_ros_ws/install/gesture_interface/share/gesture_interface/cmake/gesture_interface__rosidl_typesupport_introspection_cExport.cmake
[1.384s] -- Up-to-date: /home/akash/new_ros_ws/install/gesture_interface/share/gesture_interface/cmake/gesture_interface__rosidl_typesupport_introspection_cExport-noconfig.cmake
[1.384s] -- Up-to-date: /home/akash/new_ros_ws/install/gesture_interface/share/gesture_interface/cmake/gesture_interface__rosidl_typesupport_cExport.cmake
[1.385s] -- Up-to-date: /home/akash/new_ros_ws/install/gesture_interface/share/gesture_interface/cmake/gesture_interface__rosidl_typesupport_cExport-noconfig.cmake
[1.385s] -- Up-to-date: /home/akash/new_ros_ws/install/gesture_interface/share/gesture_interface/cmake/export_gesture_interface__rosidl_generator_cppExport.cmake
[1.385s] -- Up-to-date: /home/akash/new_ros_ws/install/gesture_interface/share/gesture_interface/cmake/export_gesture_interface__rosidl_typesupport_fastrtps_cppExport.cmake
[1.386s] -- Up-to-date: /home/akash/new_ros_ws/install/gesture_interface/share/gesture_interface/cmake/export_gesture_interface__rosidl_typesupport_fastrtps_cppExport-noconfig.cmake
[1.386s] -- Up-to-date: /home/akash/new_ros_ws/install/gesture_interface/share/gesture_interface/cmake/gesture_interface__rosidl_typesupport_introspection_cppExport.cmake
[1.386s] -- Up-to-date: /home/akash/new_ros_ws/install/gesture_interface/share/gesture_interface/cmake/gesture_interface__rosidl_typesupport_introspection_cppExport-noconfig.cmake
[1.386s] -- Up-to-date: /home/akash/new_ros_ws/install/gesture_interface/share/gesture_interface/cmake/gesture_interface__rosidl_typesupport_cppExport.cmake
[1.387s] -- Up-to-date: /home/akash/new_ros_ws/install/gesture_interface/share/gesture_interface/cmake/gesture_interface__rosidl_typesupport_cppExport-noconfig.cmake
[1.387s] -- Up-to-date: /home/akash/new_ros_ws/install/gesture_interface/share/gesture_interface/cmake/export_gesture_interface__rosidl_generator_pyExport.cmake
[1.387s] -- Up-to-date: /home/akash/new_ros_ws/install/gesture_interface/share/gesture_interface/cmake/export_gesture_interface__rosidl_generator_pyExport-noconfig.cmake
[1.388s] -- Up-to-date: /home/akash/new_ros_ws/install/gesture_interface/share/gesture_interface/cmake/rosidl_cmake-extras.cmake
[1.388s] -- Up-to-date: /home/akash/new_ros_ws/install/gesture_interface/share/gesture_interface/cmake/ament_cmake_export_include_directories-extras.cmake
[1.388s] -- Up-to-date: /home/akash/new_ros_ws/install/gesture_interface/share/gesture_interface/cmake/ament_cmake_export_libraries-extras.cmake
[1.389s] -- Up-to-date: /home/akash/new_ros_ws/install/gesture_interface/share/gesture_interface/cmake/ament_cmake_export_targets-extras.cmake
[1.389s] -- Up-to-date: /home/akash/new_ros_ws/install/gesture_interface/share/gesture_interface/cmake/rosidl_cmake_export_typesupport_targets-extras.cmake
[1.390s] -- Up-to-date: /home/akash/new_ros_ws/install/gesture_interface/share/gesture_interface/cmake/ament_cmake_export_dependencies-extras.cmake
[1.390s] -- Up-to-date: /home/akash/new_ros_ws/install/gesture_interface/share/gesture_interface/cmake/rosidl_cmake_export_typesupport_libraries-extras.cmake
[1.390s] -- Up-to-date: /home/akash/new_ros_ws/install/gesture_interface/share/gesture_interface/cmake/gesture_interfaceConfig.cmake
[1.391s] -- Up-to-date: /home/akash/new_ros_ws/install/gesture_interface/share/gesture_interface/cmake/gesture_interfaceConfig-version.cmake
[1.391s] -- Up-to-date: /home/akash/new_ros_ws/install/gesture_interface/share/gesture_interface/package.xml
[1.566s] Invoked command in '/home/akash/new_ros_ws/build/gesture_interface' returned '0': CMAKE_PREFIX_PATH=${CMAKE_PREFIX_PATH}:/home/akash/new_ros_ws/install/gesture_pub_sub:/home/akash/new_ros_ws/install/cam_pub_sub:/opt/ros/humble /usr/bin/cmake --install /home/akash/new_ros_ws/build/gesture_interface
