[0.159s] Invoking command in '/home/akash/new_ros_ws/build/gesture_interface': CMAKE_PREFIX_PATH=${CMAKE_PREFIX_PATH}:/home/akash/ros_test_ws/install/gesture_pub_sub:/home/akash/ros_test_ws/install/cam_pub_sub:/opt/ros/humble /usr/bin/cmake /home/akash/new_ros_ws/src/gesture_interface -DCMAKE_INSTALL_PREFIX=/home/akash/new_ros_ws/install/gesture_interface
[0.582s] -- The C compiler identification is GNU 11.4.0
[2.219s] -- The CXX compiler identification is GNU 11.4.0
[3.484s] -- Detecting C compiler ABI info
[3.865s] -- Detecting C compiler ABI info - done
[3.887s] -- Check for working C compiler: /usr/bin/cc - skipped
[3.888s] -- Detecting C compile features
[3.888s] -- Detecting C compile features - done
[3.895s] -- Detecting CXX compiler ABI info
[4.346s] -- Detecting CXX compiler ABI info - done
[4.359s] -- Check for working CXX compiler: /usr/bin/c++ - skipped
[4.359s] -- Detecting CXX compile features
[4.360s] -- Detecting CXX compile features - done
[4.367s] -- Found ament_cmake: 1.3.6 (/opt/ros/humble/share/ament_cmake/cmake)
[4.725s] -- Found Python3: /usr/bin/python3.10 (found version "3.10.12") found components: Interpreter 
[4.933s] -- Found rosidl_default_generators: 1.2.0 (/opt/ros/humble/share/rosidl_default_generators/cmake)
[4.942s] -- Using all available rosidl_typesupport_c: rosidl_typesupport_fastrtps_c;rosidl_typesupport_introspection_c
[4.956s] -- Found rosidl_adapter: 3.1.5 (/opt/ros/humble/share/rosidl_adapter/cmake)
[5.500s] -- Using all available rosidl_typesupport_cpp: rosidl_typesupport_fastrtps_cpp;rosidl_typesupport_introspection_cpp
[6.022s] -- Found ament_cmake_ros: 0.10.0 (/opt/ros/humble/share/ament_cmake_ros/cmake)
[6.345s] -- Using all available rosidl_typesupport_c: rosidl_typesupport_fastrtps_c;rosidl_typesupport_introspection_c
[6.762s] -- Using all available rosidl_typesupport_cpp: rosidl_typesupport_fastrtps_cpp;rosidl_typesupport_introspection_cpp
[7.170s] -- Found PythonInterp: /usr/bin/python3 (found suitable version "3.10.12", minimum required is "3.6") 
[7.173s] -- Found python_cmake_module: 0.10.0 (/opt/ros/humble/share/python_cmake_module/cmake)
[8.579s] -- Found PythonLibs: /usr/lib/x86_64-linux-gnu/libpython3.10.so (found suitable version "3.10.12", minimum required is "3.5") 
[8.579s] -- Using PYTHON_EXECUTABLE: /usr/bin/python3
[8.579s] -- Using PYTHON_INCLUDE_DIRS: /usr/include/python3.10
[8.579s] -- Using PYTHON_LIBRARIES: /usr/lib/x86_64-linux-gnu/libpython3.10.so
[8.616s] -- Found PythonExtra: .so  
[8.818s] -- Configuring done
[8.890s] -- Generating done
[8.898s] -- Build files have been written to: /home/akash/new_ros_ws/build/gesture_interface
[8.921s] Invoked command in '/home/akash/new_ros_ws/build/gesture_interface' returned '0': CMAKE_PREFIX_PATH=${CMAKE_PREFIX_PATH}:/home/akash/ros_test_ws/install/gesture_pub_sub:/home/akash/ros_test_ws/install/cam_pub_sub:/opt/ros/humble /usr/bin/cmake /home/akash/new_ros_ws/src/gesture_interface -DCMAKE_INSTALL_PREFIX=/home/akash/new_ros_ws/install/gesture_interface
[8.923s] Invoking command in '/home/akash/new_ros_ws/build/gesture_interface': CMAKE_PREFIX_PATH=${CMAKE_PREFIX_PATH}:/home/akash/ros_test_ws/install/gesture_pub_sub:/home/akash/ros_test_ws/install/cam_pub_sub:/opt/ros/humble /usr/bin/cmake --build /home/akash/new_ros_ws/build/gesture_interface -- -j12 -l12
[8.987s] [  3%] [34m[1mGenerating C code for ROS interfaces[0m
[9.005s] [  6%] [34m[1mGenerating C++ code for ROS interfaces[0m
[9.022s] [  6%] Built target ament_cmake_python_copy_gesture_interface
[9.477s] [  9%] [32mBuilding C object CMakeFiles/gesture_interface__rosidl_generator_c.dir/rosidl_generator_c/gesture_interface/msg/detail/gesture_topic__functions.c.o[0m
[9.498s] [  9%] Built target gesture_interface__cpp
[9.515s] [ 12%] [34m[1mGenerating C++ type support for eProsima Fast-RTPS[0m
[9.519s] [ 16%] [34m[1mGenerating C++ type support dispatch for ROS interfaces[0m
[9.519s] [ 19%] [34m[1mGenerating C++ introspection for ROS interfaces[0m
[9.556s] running egg_info
[9.557s] creating gesture_interface.egg-info
[9.558s] writing gesture_interface.egg-info/PKG-INFO
[9.559s] writing dependency_links to gesture_interface.egg-info/dependency_links.txt
[9.559s] writing top-level names to gesture_interface.egg-info/top_level.txt
[9.559s] writing manifest file 'gesture_interface.egg-info/SOURCES.txt'
[9.563s] reading manifest file 'gesture_interface.egg-info/SOURCES.txt'
[9.564s] writing manifest file 'gesture_interface.egg-info/SOURCES.txt'
[9.565s] [ 22%] [32m[1mLinking C shared library libgesture_interface__rosidl_generator_c.so[0m
[9.623s] [ 22%] Built target ament_cmake_python_build_gesture_interface_egg
[9.935s] [ 22%] Built target gesture_interface__rosidl_generator_c
[9.953s] [ 25%] [34m[1mGenerating C type support for eProsima Fast-RTPS[0m
[9.955s] [ 29%] [34m[1mGenerating C introspection for ROS interfaces[0m
[9.958s] [ 32%] [34m[1mGenerating C type support dispatch for ROS interfaces[0m
[10.031s] [ 35%] [32mBuilding CXX object CMakeFiles/gesture_interface__rosidl_typesupport_introspection_cpp.dir/rosidl_typesupport_introspection_cpp/gesture_interface/msg/detail/gesture_topic__type_support.cpp.o[0m
[10.063s] [ 38%] [32mBuilding CXX object CMakeFiles/gesture_interface__rosidl_typesupport_fastrtps_cpp.dir/rosidl_typesupport_fastrtps_cpp/gesture_interface/msg/detail/dds_fastrtps/gesture_topic__type_support.cpp.o[0m
[10.071s] [ 41%] [32mBuilding CXX object CMakeFiles/gesture_interface__rosidl_typesupport_cpp.dir/rosidl_typesupport_cpp/gesture_interface/msg/gesture_topic__type_support.cpp.o[0m
[10.522s] [ 45%] [32mBuilding CXX object CMakeFiles/gesture_interface__rosidl_typesupport_c.dir/rosidl_typesupport_c/gesture_interface/msg/gesture_topic__type_support.cpp.o[0m
[10.550s] [ 48%] [32mBuilding C object CMakeFiles/gesture_interface__rosidl_typesupport_introspection_c.dir/rosidl_typesupport_introspection_c/gesture_interface/msg/detail/gesture_topic__type_support.c.o[0m
[10.580s] [ 51%] [32mBuilding CXX object CMakeFiles/gesture_interface__rosidl_typesupport_fastrtps_c.dir/rosidl_typesupport_fastrtps_c/gesture_interface/msg/detail/gesture_topic__type_support_c.cpp.o[0m
[10.590s] [ 54%] [32m[1mLinking CXX shared library libgesture_interface__rosidl_typesupport_c.so[0m
[10.617s] [ 58%] [32m[1mLinking C shared library libgesture_interface__rosidl_typesupport_introspection_c.so[0m
[10.720s] [ 61%] [32m[1mLinking CXX shared library libgesture_interface__rosidl_typesupport_cpp.so[0m
[11.083s] [ 61%] Built target gesture_interface__rosidl_typesupport_c
[11.085s] [ 64%] [32m[1mLinking CXX shared library libgesture_interface__rosidl_typesupport_fastrtps_cpp.so[0m
[11.110s] [ 64%] Built target gesture_interface__rosidl_typesupport_introspection_c
[11.202s] [ 67%] [32m[1mLinking CXX shared library libgesture_interface__rosidl_typesupport_introspection_cpp.so[0m
[11.237s] [ 67%] Built target gesture_interface__rosidl_typesupport_cpp
[11.442s] [ 70%] [32m[1mLinking CXX shared library libgesture_interface__rosidl_typesupport_fastrtps_c.so[0m
[11.580s] [ 70%] Built target gesture_interface__rosidl_typesupport_fastrtps_cpp
[11.668s] [ 70%] Built target gesture_interface__rosidl_typesupport_introspection_cpp
[11.854s] [ 70%] Built target gesture_interface__rosidl_typesupport_fastrtps_c
[11.883s] [ 70%] Built target gesture_interface
[11.912s] [ 74%] [34m[1mGenerating Python code for ROS interfaces[0m
[12.398s] [ 74%] Built target gesture_interface__py
[12.429s] [ 77%] [32mBuilding C object CMakeFiles/gesture_interface__rosidl_generator_py.dir/rosidl_generator_py/gesture_interface/msg/_gesture_topic_s.c.o[0m
[12.624s] [ 80%] [32m[1mLinking C shared library rosidl_generator_py/gesture_interface/libgesture_interface__rosidl_generator_py.so[0m
[12.996s] [ 80%] Built target gesture_interface__rosidl_generator_py
[13.029s] [ 83%] [32mBuilding C object CMakeFiles/gesture_interface__rosidl_typesupport_fastrtps_c__pyext.dir/rosidl_generator_py/gesture_interface/_gesture_interface_s.ep.rosidl_typesupport_fastrtps_c.c.o[0m
[13.029s] [ 87%] [32mBuilding C object CMakeFiles/gesture_interface__rosidl_typesupport_c__pyext.dir/rosidl_generator_py/gesture_interface/_gesture_interface_s.ep.rosidl_typesupport_c.c.o[0m
[13.031s] [ 90%] [32mBuilding C object CMakeFiles/gesture_interface__rosidl_typesupport_introspection_c__pyext.dir/rosidl_generator_py/gesture_interface/_gesture_interface_s.ep.rosidl_typesupport_introspection_c.c.o[0m
[13.184s] [ 93%] [32m[1mLinking C shared library rosidl_generator_py/gesture_interface/gesture_interface_s__rosidl_typesupport_c.cpython-310-x86_64-linux-gnu.so[0m
[13.194s] [ 96%] [32m[1mLinking C shared library rosidl_generator_py/gesture_interface/gesture_interface_s__rosidl_typesupport_fastrtps_c.cpython-310-x86_64-linux-gnu.so[0m
[13.209s] [100%] [32m[1mLinking C shared library rosidl_generator_py/gesture_interface/gesture_interface_s__rosidl_typesupport_introspection_c.cpython-310-x86_64-linux-gnu.so[0m
[13.453s] [100%] Built target gesture_interface__rosidl_typesupport_c__pyext
[13.475s] [100%] Built target gesture_interface__rosidl_typesupport_fastrtps_c__pyext
[13.568s] [100%] Built target gesture_interface__rosidl_typesupport_introspection_c__pyext
[13.586s] Invoked command in '/home/akash/new_ros_ws/build/gesture_interface' returned '0': CMAKE_PREFIX_PATH=${CMAKE_PREFIX_PATH}:/home/akash/ros_test_ws/install/gesture_pub_sub:/home/akash/ros_test_ws/install/cam_pub_sub:/opt/ros/humble /usr/bin/cmake --build /home/akash/new_ros_ws/build/gesture_interface -- -j12 -l12
[13.695s] Invoking command in '/home/akash/new_ros_ws/build/gesture_interface': CMAKE_PREFIX_PATH=${CMAKE_PREFIX_PATH}:/home/akash/ros_test_ws/install/gesture_pub_sub:/home/akash/ros_test_ws/install/cam_pub_sub:/opt/ros/humble /usr/bin/cmake --install /home/akash/new_ros_ws/build/gesture_interface
[13.706s] -- Install configuration: ""
[13.707s] -- Installing: /home/akash/new_ros_ws/install/gesture_interface/share/ament_index/resource_index/rosidl_interfaces/gesture_interface
[13.707s] -- Installing: /home/akash/new_ros_ws/install/gesture_interface/include/gesture_interface/gesture_interface
[13.708s] -- Installing: /home/akash/new_ros_ws/install/gesture_interface/include/gesture_interface/gesture_interface/msg
[13.708s] -- Installing: /home/akash/new_ros_ws/install/gesture_interface/include/gesture_interface/gesture_interface/msg/rosidl_generator_c__visibility_control.h
[13.709s] -- Installing: /home/akash/new_ros_ws/install/gesture_interface/include/gesture_interface/gesture_interface/msg/gesture_topic.h
[13.709s] -- Installing: /home/akash/new_ros_ws/install/gesture_interface/include/gesture_interface/gesture_interface/msg/detail
[13.709s] -- Installing: /home/akash/new_ros_ws/install/gesture_interface/include/gesture_interface/gesture_interface/msg/detail/gesture_topic__functions.c
[13.709s] -- Installing: /home/akash/new_ros_ws/install/gesture_interface/include/gesture_interface/gesture_interface/msg/detail/gesture_topic__type_support.h
[13.710s] -- Installing: /home/akash/new_ros_ws/install/gesture_interface/include/gesture_interface/gesture_interface/msg/detail/gesture_topic__struct.h
[13.710s] -- Installing: /home/akash/new_ros_ws/install/gesture_interface/include/gesture_interface/gesture_interface/msg/detail/gesture_topic__functions.h
[13.710s] -- Installing: /home/akash/new_ros_ws/install/gesture_interface/share/gesture_interface/environment/library_path.sh
[13.711s] -- Installing: /home/akash/new_ros_ws/install/gesture_interface/share/gesture_interface/environment/library_path.dsv
[13.711s] -- Installing: /home/akash/new_ros_ws/install/gesture_interface/lib/libgesture_interface__rosidl_generator_c.so
[13.712s] -- Set runtime path of "/home/akash/new_ros_ws/install/gesture_interface/lib/libgesture_interface__rosidl_generator_c.so" to ""
[13.712s] -- Up-to-date: /home/akash/new_ros_ws/install/gesture_interface/include/gesture_interface/gesture_interface
[13.713s] -- Up-to-date: /home/akash/new_ros_ws/install/gesture_interface/include/gesture_interface/gesture_interface/msg
[13.713s] -- Installing: /home/akash/new_ros_ws/install/gesture_interface/include/gesture_interface/gesture_interface/msg/rosidl_typesupport_fastrtps_c__visibility_control.h
[13.714s] -- Up-to-date: /home/akash/new_ros_ws/install/gesture_interface/include/gesture_interface/gesture_interface/msg/detail
[13.714s] -- Installing: /home/akash/new_ros_ws/install/gesture_interface/include/gesture_interface/gesture_interface/msg/detail/gesture_topic__rosidl_typesupport_fastrtps_c.h
[13.714s] -- Installing: /home/akash/new_ros_ws/install/gesture_interface/lib/libgesture_interface__rosidl_typesupport_fastrtps_c.so
[13.715s] -- Set runtime path of "/home/akash/new_ros_ws/install/gesture_interface/lib/libgesture_interface__rosidl_typesupport_fastrtps_c.so" to ""
[13.715s] -- Up-to-date: /home/akash/new_ros_ws/install/gesture_interface/include/gesture_interface/gesture_interface
[13.716s] -- Up-to-date: /home/akash/new_ros_ws/install/gesture_interface/include/gesture_interface/gesture_interface/msg
[13.716s] -- Installing: /home/akash/new_ros_ws/install/gesture_interface/include/gesture_interface/gesture_interface/msg/rosidl_typesupport_introspection_c__visibility_control.h
[13.716s] -- Up-to-date: /home/akash/new_ros_ws/install/gesture_interface/include/gesture_interface/gesture_interface/msg/detail
[13.716s] -- Installing: /home/akash/new_ros_ws/install/gesture_interface/include/gesture_interface/gesture_interface/msg/detail/gesture_topic__type_support.c
[13.716s] -- Installing: /home/akash/new_ros_ws/install/gesture_interface/include/gesture_interface/gesture_interface/msg/detail/gesture_topic__rosidl_typesupport_introspection_c.h
[13.717s] -- Installing: /home/akash/new_ros_ws/install/gesture_interface/lib/libgesture_interface__rosidl_typesupport_introspection_c.so
[13.717s] -- Set runtime path of "/home/akash/new_ros_ws/install/gesture_interface/lib/libgesture_interface__rosidl_typesupport_introspection_c.so" to ""
[13.718s] -- Installing: /home/akash/new_ros_ws/install/gesture_interface/lib/libgesture_interface__rosidl_typesupport_c.so
[13.718s] -- Set runtime path of "/home/akash/new_ros_ws/install/gesture_interface/lib/libgesture_interface__rosidl_typesupport_c.so" to ""
[13.718s] -- Up-to-date: /home/akash/new_ros_ws/install/gesture_interface/include/gesture_interface/gesture_interface
[13.718s] -- Up-to-date: /home/akash/new_ros_ws/install/gesture_interface/include/gesture_interface/gesture_interface/msg
[13.719s] -- Installing: /home/akash/new_ros_ws/install/gesture_interface/include/gesture_interface/gesture_interface/msg/gesture_topic.hpp
[13.719s] -- Up-to-date: /home/akash/new_ros_ws/install/gesture_interface/include/gesture_interface/gesture_interface/msg/detail
[13.719s] -- Installing: /home/akash/new_ros_ws/install/gesture_interface/include/gesture_interface/gesture_interface/msg/detail/gesture_topic__struct.hpp
[13.720s] -- Installing: /home/akash/new_ros_ws/install/gesture_interface/include/gesture_interface/gesture_interface/msg/detail/gesture_topic__traits.hpp
[13.720s] -- Installing: /home/akash/new_ros_ws/install/gesture_interface/include/gesture_interface/gesture_interface/msg/detail/gesture_topic__builder.hpp
[13.721s] -- Up-to-date: /home/akash/new_ros_ws/install/gesture_interface/include/gesture_interface/gesture_interface
[13.721s] -- Up-to-date: /home/akash/new_ros_ws/install/gesture_interface/include/gesture_interface/gesture_interface/msg
[13.721s] -- Installing: /home/akash/new_ros_ws/install/gesture_interface/include/gesture_interface/gesture_interface/msg/rosidl_typesupport_fastrtps_cpp__visibility_control.h
[13.721s] -- Up-to-date: /home/akash/new_ros_ws/install/gesture_interface/include/gesture_interface/gesture_interface/msg/detail
[13.721s] -- Installing: /home/akash/new_ros_ws/install/gesture_interface/include/gesture_interface/gesture_interface/msg/detail/dds_fastrtps
[13.721s] -- Installing: /home/akash/new_ros_ws/install/gesture_interface/include/gesture_interface/gesture_interface/msg/detail/gesture_topic__rosidl_typesupport_fastrtps_cpp.hpp
[13.721s] -- Installing: /home/akash/new_ros_ws/install/gesture_interface/lib/libgesture_interface__rosidl_typesupport_fastrtps_cpp.so
[13.721s] -- Set runtime path of "/home/akash/new_ros_ws/install/gesture_interface/lib/libgesture_interface__rosidl_typesupport_fastrtps_cpp.so" to ""
[13.722s] -- Up-to-date: /home/akash/new_ros_ws/install/gesture_interface/include/gesture_interface/gesture_interface
[13.722s] -- Up-to-date: /home/akash/new_ros_ws/install/gesture_interface/include/gesture_interface/gesture_interface/msg
[13.722s] -- Up-to-date: /home/akash/new_ros_ws/install/gesture_interface/include/gesture_interface/gesture_interface/msg/detail
[13.723s] -- Installing: /home/akash/new_ros_ws/install/gesture_interface/include/gesture_interface/gesture_interface/msg/detail/gesture_topic__rosidl_typesupport_introspection_cpp.hpp
[13.723s] -- Installing: /home/akash/new_ros_ws/install/gesture_interface/include/gesture_interface/gesture_interface/msg/detail/gesture_topic__type_support.cpp
[13.723s] -- Installing: /home/akash/new_ros_ws/install/gesture_interface/lib/libgesture_interface__rosidl_typesupport_introspection_cpp.so
[13.723s] -- Set runtime path of "/home/akash/new_ros_ws/install/gesture_interface/lib/libgesture_interface__rosidl_typesupport_introspection_cpp.so" to ""
[13.723s] -- Installing: /home/akash/new_ros_ws/install/gesture_interface/lib/libgesture_interface__rosidl_typesupport_cpp.so
[13.723s] -- Set runtime path of "/home/akash/new_ros_ws/install/gesture_interface/lib/libgesture_interface__rosidl_typesupport_cpp.so" to ""
[13.724s] -- Installing: /home/akash/new_ros_ws/install/gesture_interface/share/gesture_interface/environment/pythonpath.sh
[13.724s] -- Installing: /home/akash/new_ros_ws/install/gesture_interface/share/gesture_interface/environment/pythonpath.dsv
[13.724s] -- Installing: /home/akash/new_ros_ws/install/gesture_interface/local/lib/python3.10/dist-packages/gesture_interface-0.0.0-py3.10.egg-info
[13.724s] -- Installing: /home/akash/new_ros_ws/install/gesture_interface/local/lib/python3.10/dist-packages/gesture_interface-0.0.0-py3.10.egg-info/SOURCES.txt
[13.725s] -- Installing: /home/akash/new_ros_ws/install/gesture_interface/local/lib/python3.10/dist-packages/gesture_interface-0.0.0-py3.10.egg-info/top_level.txt
[13.725s] -- Installing: /home/akash/new_ros_ws/install/gesture_interface/local/lib/python3.10/dist-packages/gesture_interface-0.0.0-py3.10.egg-info/dependency_links.txt
[13.725s] -- Installing: /home/akash/new_ros_ws/install/gesture_interface/local/lib/python3.10/dist-packages/gesture_interface-0.0.0-py3.10.egg-info/PKG-INFO
[13.726s] -- Installing: /home/akash/new_ros_ws/install/gesture_interface/local/lib/python3.10/dist-packages/gesture_interface
[13.726s] -- Installing: /home/akash/new_ros_ws/install/gesture_interface/local/lib/python3.10/dist-packages/gesture_interface/gesture_interface_s__rosidl_typesupport_c.cpython-310-x86_64-linux-gnu.so
[13.726s] -- Installing: /home/akash/new_ros_ws/install/gesture_interface/local/lib/python3.10/dist-packages/gesture_interface/gesture_interface_s__rosidl_typesupport_fastrtps_c.cpython-310-x86_64-linux-gnu.so
[13.726s] -- Installing: /home/akash/new_ros_ws/install/gesture_interface/local/lib/python3.10/dist-packages/gesture_interface/_gesture_interface_s.ep.rosidl_typesupport_c.c
[13.727s] -- Installing: /home/akash/new_ros_ws/install/gesture_interface/local/lib/python3.10/dist-packages/gesture_interface/_gesture_interface_s.ep.rosidl_typesupport_introspection_c.c
[13.727s] -- Installing: /home/akash/new_ros_ws/install/gesture_interface/local/lib/python3.10/dist-packages/gesture_interface/__init__.py
[13.727s] -- Installing: /home/akash/new_ros_ws/install/gesture_interface/local/lib/python3.10/dist-packages/gesture_interface/_gesture_interface_s.ep.rosidl_typesupport_fastrtps_c.c
[13.728s] -- Installing: /home/akash/new_ros_ws/install/gesture_interface/local/lib/python3.10/dist-packages/gesture_interface/libgesture_interface__rosidl_generator_py.so
[13.728s] -- Installing: /home/akash/new_ros_ws/install/gesture_interface/local/lib/python3.10/dist-packages/gesture_interface/gesture_interface_s__rosidl_typesupport_introspection_c.cpython-310-x86_64-linux-gnu.so
[13.728s] -- Installing: /home/akash/new_ros_ws/install/gesture_interface/local/lib/python3.10/dist-packages/gesture_interface/msg
[13.729s] -- Installing: /home/akash/new_ros_ws/install/gesture_interface/local/lib/python3.10/dist-packages/gesture_interface/msg/__init__.py
[13.729s] -- Installing: /home/akash/new_ros_ws/install/gesture_interface/local/lib/python3.10/dist-packages/gesture_interface/msg/_gesture_topic.py
[13.729s] -- Installing: /home/akash/new_ros_ws/install/gesture_interface/local/lib/python3.10/dist-packages/gesture_interface/msg/_gesture_topic_s.c
[13.786s] Listing '/home/akash/new_ros_ws/install/gesture_interface/local/lib/python3.10/dist-packages/gesture_interface'...
[13.786s] Compiling '/home/akash/new_ros_ws/install/gesture_interface/local/lib/python3.10/dist-packages/gesture_interface/__init__.py'...
[13.786s] Listing '/home/akash/new_ros_ws/install/gesture_interface/local/lib/python3.10/dist-packages/gesture_interface/msg'...
[13.786s] Compiling '/home/akash/new_ros_ws/install/gesture_interface/local/lib/python3.10/dist-packages/gesture_interface/msg/__init__.py'...
[13.786s] Compiling '/home/akash/new_ros_ws/install/gesture_interface/local/lib/python3.10/dist-packages/gesture_interface/msg/_gesture_topic.py'...
[13.794s] -- Installing: /home/akash/new_ros_ws/install/gesture_interface/local/lib/python3.10/dist-packages/gesture_interface/gesture_interface_s__rosidl_typesupport_fastrtps_c.cpython-310-x86_64-linux-gnu.so
[13.794s] -- Set runtime path of "/home/akash/new_ros_ws/install/gesture_interface/local/lib/python3.10/dist-packages/gesture_interface/gesture_interface_s__rosidl_typesupport_fastrtps_c.cpython-310-x86_64-linux-gnu.so" to ""
[13.795s] -- Installing: /home/akash/new_ros_ws/install/gesture_interface/local/lib/python3.10/dist-packages/gesture_interface/gesture_interface_s__rosidl_typesupport_introspection_c.cpython-310-x86_64-linux-gnu.so
[13.795s] -- Set runtime path of "/home/akash/new_ros_ws/install/gesture_interface/local/lib/python3.10/dist-packages/gesture_interface/gesture_interface_s__rosidl_typesupport_introspection_c.cpython-310-x86_64-linux-gnu.so" to ""
[13.796s] -- Installing: /home/akash/new_ros_ws/install/gesture_interface/local/lib/python3.10/dist-packages/gesture_interface/gesture_interface_s__rosidl_typesupport_c.cpython-310-x86_64-linux-gnu.so
[13.796s] -- Set runtime path of "/home/akash/new_ros_ws/install/gesture_interface/local/lib/python3.10/dist-packages/gesture_interface/gesture_interface_s__rosidl_typesupport_c.cpython-310-x86_64-linux-gnu.so" to ""
[13.797s] -- Installing: /home/akash/new_ros_ws/install/gesture_interface/lib/libgesture_interface__rosidl_generator_py.so
[13.797s] -- Set runtime path of "/home/akash/new_ros_ws/install/gesture_interface/lib/libgesture_interface__rosidl_generator_py.so" to ""
[13.798s] -- Installing: /home/akash/new_ros_ws/install/gesture_interface/share/gesture_interface/msg/GestureTopic.idl
[13.798s] -- Installing: /home/akash/new_ros_ws/install/gesture_interface/share/gesture_interface/msg/GestureTopic.msg
[13.799s] -- Installing: /home/akash/new_ros_ws/install/gesture_interface/share/ament_index/resource_index/package_run_dependencies/gesture_interface
[13.799s] -- Installing: /home/akash/new_ros_ws/install/gesture_interface/share/ament_index/resource_index/parent_prefix_path/gesture_interface
[13.800s] -- Installing: /home/akash/new_ros_ws/install/gesture_interface/share/gesture_interface/environment/ament_prefix_path.sh
[13.800s] -- Installing: /home/akash/new_ros_ws/install/gesture_interface/share/gesture_interface/environment/ament_prefix_path.dsv
[13.800s] -- Installing: /home/akash/new_ros_ws/install/gesture_interface/share/gesture_interface/environment/path.sh
[13.801s] -- Installing: /home/akash/new_ros_ws/install/gesture_interface/share/gesture_interface/environment/path.dsv
[13.801s] -- Installing: /home/akash/new_ros_ws/install/gesture_interface/share/gesture_interface/local_setup.bash
[13.801s] -- Installing: /home/akash/new_ros_ws/install/gesture_interface/share/gesture_interface/local_setup.sh
[13.802s] -- Installing: /home/akash/new_ros_ws/install/gesture_interface/share/gesture_interface/local_setup.zsh
[13.802s] -- Installing: /home/akash/new_ros_ws/install/gesture_interface/share/gesture_interface/local_setup.dsv
[13.802s] -- Installing: /home/akash/new_ros_ws/install/gesture_interface/share/gesture_interface/package.dsv
[13.802s] -- Installing: /home/akash/new_ros_ws/install/gesture_interface/share/ament_index/resource_index/packages/gesture_interface
[13.803s] -- Installing: /home/akash/new_ros_ws/install/gesture_interface/share/gesture_interface/cmake/export_gesture_interface__rosidl_generator_cExport.cmake
[13.803s] -- Installing: /home/akash/new_ros_ws/install/gesture_interface/share/gesture_interface/cmake/export_gesture_interface__rosidl_generator_cExport-noconfig.cmake
[13.804s] -- Installing: /home/akash/new_ros_ws/install/gesture_interface/share/gesture_interface/cmake/export_gesture_interface__rosidl_typesupport_fastrtps_cExport.cmake
[13.804s] -- Installing: /home/akash/new_ros_ws/install/gesture_interface/share/gesture_interface/cmake/export_gesture_interface__rosidl_typesupport_fastrtps_cExport-noconfig.cmake
[13.804s] -- Installing: /home/akash/new_ros_ws/install/gesture_interface/share/gesture_interface/cmake/gesture_interface__rosidl_typesupport_introspection_cExport.cmake
[13.805s] -- Installing: /home/akash/new_ros_ws/install/gesture_interface/share/gesture_interface/cmake/gesture_interface__rosidl_typesupport_introspection_cExport-noconfig.cmake
[13.805s] -- Installing: /home/akash/new_ros_ws/install/gesture_interface/share/gesture_interface/cmake/gesture_interface__rosidl_typesupport_cExport.cmake
[13.805s] -- Installing: /home/akash/new_ros_ws/install/gesture_interface/share/gesture_interface/cmake/gesture_interface__rosidl_typesupport_cExport-noconfig.cmake
[13.806s] -- Installing: /home/akash/new_ros_ws/install/gesture_interface/share/gesture_interface/cmake/export_gesture_interface__rosidl_generator_cppExport.cmake
[13.806s] -- Installing: /home/akash/new_ros_ws/install/gesture_interface/share/gesture_interface/cmake/export_gesture_interface__rosidl_typesupport_fastrtps_cppExport.cmake
[13.806s] -- Installing: /home/akash/new_ros_ws/install/gesture_interface/share/gesture_interface/cmake/export_gesture_interface__rosidl_typesupport_fastrtps_cppExport-noconfig.cmake
[13.807s] -- Installing: /home/akash/new_ros_ws/install/gesture_interface/share/gesture_interface/cmake/gesture_interface__rosidl_typesupport_introspection_cppExport.cmake
[13.807s] -- Installing: /home/akash/new_ros_ws/install/gesture_interface/share/gesture_interface/cmake/gesture_interface__rosidl_typesupport_introspection_cppExport-noconfig.cmake
[13.808s] -- Installing: /home/akash/new_ros_ws/install/gesture_interface/share/gesture_interface/cmake/gesture_interface__rosidl_typesupport_cppExport.cmake
[13.808s] -- Installing: /home/akash/new_ros_ws/install/gesture_interface/share/gesture_interface/cmake/gesture_interface__rosidl_typesupport_cppExport-noconfig.cmake
[13.808s] -- Installing: /home/akash/new_ros_ws/install/gesture_interface/share/gesture_interface/cmake/export_gesture_interface__rosidl_generator_pyExport.cmake
[13.809s] -- Installing: /home/akash/new_ros_ws/install/gesture_interface/share/gesture_interface/cmake/export_gesture_interface__rosidl_generator_pyExport-noconfig.cmake
[13.809s] -- Installing: /home/akash/new_ros_ws/install/gesture_interface/share/gesture_interface/cmake/rosidl_cmake-extras.cmake
[13.809s] -- Installing: /home/akash/new_ros_ws/install/gesture_interface/share/gesture_interface/cmake/ament_cmake_export_include_directories-extras.cmake
[13.810s] -- Installing: /home/akash/new_ros_ws/install/gesture_interface/share/gesture_interface/cmake/ament_cmake_export_libraries-extras.cmake
[13.810s] -- Installing: /home/akash/new_ros_ws/install/gesture_interface/share/gesture_interface/cmake/ament_cmake_export_targets-extras.cmake
[13.810s] -- Installing: /home/akash/new_ros_ws/install/gesture_interface/share/gesture_interface/cmake/rosidl_cmake_export_typesupport_targets-extras.cmake
[13.811s] -- Installing: /home/akash/new_ros_ws/install/gesture_interface/share/gesture_interface/cmake/ament_cmake_export_dependencies-extras.cmake
[13.811s] -- Installing: /home/akash/new_ros_ws/install/gesture_interface/share/gesture_interface/cmake/rosidl_cmake_export_typesupport_libraries-extras.cmake
[13.811s] -- Installing: /home/akash/new_ros_ws/install/gesture_interface/share/gesture_interface/cmake/gesture_interfaceConfig.cmake
[13.811s] -- Installing: /home/akash/new_ros_ws/install/gesture_interface/share/gesture_interface/cmake/gesture_interfaceConfig-version.cmake
[13.811s] -- Installing: /home/akash/new_ros_ws/install/gesture_interface/share/gesture_interface/package.xml
[13.815s] Invoked command in '/home/akash/new_ros_ws/build/gesture_interface' returned '0': CMAKE_PREFIX_PATH=${CMAKE_PREFIX_PATH}:/home/akash/ros_test_ws/install/gesture_pub_sub:/home/akash/ros_test_ws/install/cam_pub_sub:/opt/ros/humble /usr/bin/cmake --install /home/akash/new_ros_ws/build/gesture_interface
