[3.061s] Invoking command in '/home/akash/final_project_sme_lab_12194814/12194814_ros_ws/src/gesture_pub_sub': AMENT_PREFIX_PATH=/home/akash/final_project_sme_lab_12194814/12194814_ros_ws/install/cam_pub_sub:${AMENT_PREFIX_PATH} CMAKE_PREFIX_PATH=/home/akash/final_project_sme_lab_12194814/12194814_ros_ws/install/gesture_interface:/home/akash/final_project_sme_lab_12194814/12194814_ros_ws/install/cam_interface:${CMAKE_PREFIX_PATH} LD_LIBRARY_PATH=/home/akash/final_project_sme_lab_12194814/12194814_ros_ws/install/gesture_interface/lib:/home/akash/final_project_sme_lab_12194814/12194814_ros_ws/install/cam_interface/lib:${LD_LIBRARY_PATH} PYTHONPATH=/home/akash/final_project_sme_lab_12194814/12194814_ros_ws/build/gesture_pub_sub/prefix_override:/home/akash/final_project_sme_lab_12194814/12194814_ros_ws/install/gesture_pub_sub/lib/python3.10/site-packages:/home/akash/final_project_sme_lab_12194814/12194814_ros_ws/install/cam_pub_sub/lib/python3.10/site-packages:${PYTHONPATH} /usr/bin/python3 setup.py egg_info --egg-base ../../build/gesture_pub_sub build --build-base /home/akash/final_project_sme_lab_12194814/12194814_ros_ws/build/gesture_pub_sub/build install --record /home/akash/final_project_sme_lab_12194814/12194814_ros_ws/build/gesture_pub_sub/install.log --install-scripts $base/lib/gesture_pub_sub --single-version-externally-managed
[3.467s] /usr/lib/python3/dist-packages/setuptools/dist.py:723: UserWarning: Usage of dash-separated 'script-dir' will not be supported in future versions. Please use the underscore name 'script_dir' instead
[3.467s]   warnings.warn(
[3.479s] running egg_info
[3.480s] writing ../../build/gesture_pub_sub/gesture_pub_sub.egg-info/PKG-INFO
[3.481s] writing dependency_links to ../../build/gesture_pub_sub/gesture_pub_sub.egg-info/dependency_links.txt
[3.481s] writing entry points to ../../build/gesture_pub_sub/gesture_pub_sub.egg-info/entry_points.txt
[3.482s] writing requirements to ../../build/gesture_pub_sub/gesture_pub_sub.egg-info/requires.txt
[3.482s] writing top-level names to ../../build/gesture_pub_sub/gesture_pub_sub.egg-info/top_level.txt
[3.484s] reading manifest file '../../build/gesture_pub_sub/gesture_pub_sub.egg-info/SOURCES.txt'
[3.486s] writing manifest file '../../build/gesture_pub_sub/gesture_pub_sub.egg-info/SOURCES.txt'
[3.487s] running build
[3.487s] running build_py
[3.488s] copying gesture_pub_sub/ges_pub.py -> /home/akash/final_project_sme_lab_12194814/12194814_ros_ws/build/gesture_pub_sub/build/lib/gesture_pub_sub
[3.489s] running install
[3.489s] /usr/lib/python3/dist-packages/setuptools/command/install.py:34: SetuptoolsDeprecationWarning: setup.py install is deprecated. Use build and pip and other standards-based tools.
[3.489s]   warnings.warn(
[3.490s] running install_lib
[3.491s] copying /home/akash/final_project_sme_lab_12194814/12194814_ros_ws/build/gesture_pub_sub/build/lib/gesture_pub_sub/ges_pub.py -> /home/akash/final_project_sme_lab_12194814/12194814_ros_ws/install/gesture_pub_sub/lib/python3.10/site-packages/gesture_pub_sub
[3.492s] byte-compiling /home/akash/final_project_sme_lab_12194814/12194814_ros_ws/install/gesture_pub_sub/lib/python3.10/site-packages/gesture_pub_sub/ges_pub.py to ges_pub.cpython-310.pyc
[3.494s] running install_data
[3.495s] running install_egg_info
[3.498s] removing '/home/akash/final_project_sme_lab_12194814/12194814_ros_ws/install/gesture_pub_sub/lib/python3.10/site-packages/gesture_pub_sub-0.0.0-py3.10.egg-info' (and everything under it)
[3.498s] Copying ../../build/gesture_pub_sub/gesture_pub_sub.egg-info to /home/akash/final_project_sme_lab_12194814/12194814_ros_ws/install/gesture_pub_sub/lib/python3.10/site-packages/gesture_pub_sub-0.0.0-py3.10.egg-info
[3.501s] running install_scripts
[3.533s] Installing gesture_publisher script to /home/akash/final_project_sme_lab_12194814/12194814_ros_ws/install/gesture_pub_sub/lib/gesture_pub_sub
[3.533s] Installing gesture_subscriber script to /home/akash/final_project_sme_lab_12194814/12194814_ros_ws/install/gesture_pub_sub/lib/gesture_pub_sub
[3.534s] writing list of installed files to '/home/akash/final_project_sme_lab_12194814/12194814_ros_ws/build/gesture_pub_sub/install.log'
[3.575s] Invoked command in '/home/akash/final_project_sme_lab_12194814/12194814_ros_ws/src/gesture_pub_sub' returned '0': AMENT_PREFIX_PATH=/home/akash/final_project_sme_lab_12194814/12194814_ros_ws/install/cam_pub_sub:${AMENT_PREFIX_PATH} CMAKE_PREFIX_PATH=/home/akash/final_project_sme_lab_12194814/12194814_ros_ws/install/gesture_interface:/home/akash/final_project_sme_lab_12194814/12194814_ros_ws/install/cam_interface:${CMAKE_PREFIX_PATH} LD_LIBRARY_PATH=/home/akash/final_project_sme_lab_12194814/12194814_ros_ws/install/gesture_interface/lib:/home/akash/final_project_sme_lab_12194814/12194814_ros_ws/install/cam_interface/lib:${LD_LIBRARY_PATH} PYTHONPATH=/home/akash/final_project_sme_lab_12194814/12194814_ros_ws/build/gesture_pub_sub/prefix_override:/home/akash/final_project_sme_lab_12194814/12194814_ros_ws/install/gesture_pub_sub/lib/python3.10/site-packages:/home/akash/final_project_sme_lab_12194814/12194814_ros_ws/install/cam_pub_sub/lib/python3.10/site-packages:${PYTHONPATH} /usr/bin/python3 setup.py egg_info --egg-base ../../build/gesture_pub_sub build --build-base /home/akash/final_project_sme_lab_12194814/12194814_ros_ws/build/gesture_pub_sub/build install --record /home/akash/final_project_sme_lab_12194814/12194814_ros_ws/build/gesture_pub_sub/install.log --install-scripts $base/lib/gesture_pub_sub --single-version-externally-managed
