[1.870s] DEBUG:colcon:Command line arguments: ['/usr/bin/colcon', 'build']
[1.870s] DEBUG:colcon:Parsed command line arguments: Namespace(log_base=None, log_level=None, verb_name='build', build_base='build', install_base='install', merge_install=False, symlink_install=False, test_result_base=None, continue_on_error=False, executor='parallel', parallel_workers=12, event_handlers=None, ignore_user_meta=False, metas=['./colcon.meta'], base_paths=['.'], packages_ignore=None, packages_ignore_regex=None, paths=None, packages_up_to=None, packages_up_to_regex=None, packages_above=None, packages_above_and_dependencies=None, packages_above_depth=None, packages_select_by_dep=None, packages_skip_by_dep=None, packages_skip_up_to=None, packages_select_build_failed=False, packages_skip_build_finished=False, packages_select_test_failures=False, packages_skip_test_passed=False, packages_select=None, packages_skip=None, packages_select_regex=None, packages_skip_regex=None, packages_start=None, packages_end=None, allow_overriding=[], cmake_args=None, cmake_target=None, cmake_target_skip_unavailable=False, cmake_clean_cache=False, cmake_clean_first=False, cmake_force_configure=False, ament_cmake_args=None, catkin_cmake_args=None, catkin_skip_building_tests=False, verb_parser=<colcon_defaults.argument_parser.defaults.DefaultArgumentsDecorator object at 0x7fc819df69b0>, verb_extension=<colcon_core.verb.build.BuildVerb object at 0x7fc819dc0e80>, main=<bound method BuildVerb.main of <colcon_core.verb.build.BuildVerb object at 0x7fc819dc0e80>>)
[1.946s] Level 1:colcon.colcon_core.package_discovery:discover_packages(colcon_meta) check parameters
[1.947s] Level 1:colcon.colcon_core.package_discovery:discover_packages(recursive) check parameters
[1.947s] Level 1:colcon.colcon_core.package_discovery:discover_packages(ignore) check parameters
[1.947s] Level 1:colcon.colcon_core.package_discovery:discover_packages(path) check parameters
[1.947s] Level 1:colcon.colcon_core.package_discovery:discover_packages(colcon_meta) discover
[1.947s] Level 1:colcon.colcon_core.package_discovery:discover_packages(recursive) discover
[1.947s] INFO:colcon.colcon_core.package_discovery:Crawling recursively for packages in '/home/akash/new_ros_ws'
[1.947s] Level 1:colcon.colcon_core.package_identification:_identify(.) by extensions ['ignore', 'ignore_ament_install']
[1.947s] Level 1:colcon.colcon_core.package_identification:_identify(.) by extension 'ignore'
[1.947s] Level 1:colcon.colcon_core.package_identification:_identify(.) by extension 'ignore_ament_install'
[1.947s] Level 1:colcon.colcon_core.package_identification:_identify(.) by extensions ['colcon_pkg']
[1.947s] Level 1:colcon.colcon_core.package_identification:_identify(.) by extension 'colcon_pkg'
[1.948s] Level 1:colcon.colcon_core.package_identification:_identify(.) by extensions ['colcon_meta']
[1.948s] Level 1:colcon.colcon_core.package_identification:_identify(.) by extension 'colcon_meta'
[1.948s] Level 1:colcon.colcon_core.package_identification:_identify(.) by extensions ['ros']
[1.948s] Level 1:colcon.colcon_core.package_identification:_identify(.) by extension 'ros'
[1.964s] Level 1:colcon.colcon_core.package_identification:_identify(.) by extensions ['cmake', 'python']
[1.964s] Level 1:colcon.colcon_core.package_identification:_identify(.) by extension 'cmake'
[1.964s] Level 1:colcon.colcon_core.package_identification:_identify(.) by extension 'python'
[1.964s] Level 1:colcon.colcon_core.package_identification:_identify(.) by extensions ['python_setup_py']
[1.964s] Level 1:colcon.colcon_core.package_identification:_identify(.) by extension 'python_setup_py'
[1.964s] Level 1:colcon.colcon_core.package_identification:_identify(build) by extensions ['ignore', 'ignore_ament_install']
[1.965s] Level 1:colcon.colcon_core.package_identification:_identify(build) by extension 'ignore'
[1.965s] Level 1:colcon.colcon_core.package_identification:_identify(build) ignored
[1.965s] Level 1:colcon.colcon_core.package_identification:_identify(install) by extensions ['ignore', 'ignore_ament_install']
[1.965s] Level 1:colcon.colcon_core.package_identification:_identify(install) by extension 'ignore'
[1.965s] Level 1:colcon.colcon_core.package_identification:_identify(install) ignored
[1.965s] Level 1:colcon.colcon_core.package_identification:_identify(log) by extensions ['ignore', 'ignore_ament_install']
[1.965s] Level 1:colcon.colcon_core.package_identification:_identify(log) by extension 'ignore'
[1.965s] Level 1:colcon.colcon_core.package_identification:_identify(log) ignored
[1.966s] Level 1:colcon.colcon_core.package_identification:_identify(src) by extensions ['ignore', 'ignore_ament_install']
[1.966s] Level 1:colcon.colcon_core.package_identification:_identify(src) by extension 'ignore'
[1.966s] Level 1:colcon.colcon_core.package_identification:_identify(src) by extension 'ignore_ament_install'
[1.966s] Level 1:colcon.colcon_core.package_identification:_identify(src) by extensions ['colcon_pkg']
[1.966s] Level 1:colcon.colcon_core.package_identification:_identify(src) by extension 'colcon_pkg'
[1.966s] Level 1:colcon.colcon_core.package_identification:_identify(src) by extensions ['colcon_meta']
[1.966s] Level 1:colcon.colcon_core.package_identification:_identify(src) by extension 'colcon_meta'
[1.966s] Level 1:colcon.colcon_core.package_identification:_identify(src) by extensions ['ros']
[1.966s] Level 1:colcon.colcon_core.package_identification:_identify(src) by extension 'ros'
[1.966s] Level 1:colcon.colcon_core.package_identification:_identify(src) by extensions ['cmake', 'python']
[1.966s] Level 1:colcon.colcon_core.package_identification:_identify(src) by extension 'cmake'
[1.966s] Level 1:colcon.colcon_core.package_identification:_identify(src) by extension 'python'
[1.966s] Level 1:colcon.colcon_core.package_identification:_identify(src) by extensions ['python_setup_py']
[1.966s] Level 1:colcon.colcon_core.package_identification:_identify(src) by extension 'python_setup_py'
[1.967s] Level 1:colcon.colcon_core.package_identification:_identify(src/cam_interface) by extensions ['ignore', 'ignore_ament_install']
[1.967s] Level 1:colcon.colcon_core.package_identification:_identify(src/cam_interface) by extension 'ignore'
[1.967s] Level 1:colcon.colcon_core.package_identification:_identify(src/cam_interface) by extension 'ignore_ament_install'
[1.967s] Level 1:colcon.colcon_core.package_identification:_identify(src/cam_interface) by extensions ['colcon_pkg']
[1.967s] Level 1:colcon.colcon_core.package_identification:_identify(src/cam_interface) by extension 'colcon_pkg'
[1.967s] Level 1:colcon.colcon_core.package_identification:_identify(src/cam_interface) by extensions ['colcon_meta']
[1.967s] Level 1:colcon.colcon_core.package_identification:_identify(src/cam_interface) by extension 'colcon_meta'
[1.967s] Level 1:colcon.colcon_core.package_identification:_identify(src/cam_interface) by extensions ['ros']
[1.967s] Level 1:colcon.colcon_core.package_identification:_identify(src/cam_interface) by extension 'ros'
[1.971s] DEBUG:colcon.colcon_core.package_identification:Package 'src/cam_interface' with type 'ros.ament_cmake' and name 'cam_interface'
[1.971s] Level 1:colcon.colcon_core.package_identification:_identify(src/cam_pub_sub) by extensions ['ignore', 'ignore_ament_install']
[1.971s] Level 1:colcon.colcon_core.package_identification:_identify(src/cam_pub_sub) by extension 'ignore'
[1.971s] Level 1:colcon.colcon_core.package_identification:_identify(src/cam_pub_sub) by extension 'ignore_ament_install'
[1.971s] Level 1:colcon.colcon_core.package_identification:_identify(src/cam_pub_sub) by extensions ['colcon_pkg']
[1.971s] Level 1:colcon.colcon_core.package_identification:_identify(src/cam_pub_sub) by extension 'colcon_pkg'
[1.971s] Level 1:colcon.colcon_core.package_identification:_identify(src/cam_pub_sub) by extensions ['colcon_meta']
[1.971s] Level 1:colcon.colcon_core.package_identification:_identify(src/cam_pub_sub) by extension 'colcon_meta'
[1.971s] Level 1:colcon.colcon_core.package_identification:_identify(src/cam_pub_sub) by extensions ['ros']
[1.972s] Level 1:colcon.colcon_core.package_identification:_identify(src/cam_pub_sub) by extension 'ros'
[1.973s] DEBUG:colcon.colcon_core.package_identification:Package 'src/cam_pub_sub' with type 'ros.ament_python' and name 'cam_pub_sub'
[1.973s] Level 1:colcon.colcon_core.package_identification:_identify(src/gesture_interface) by extensions ['ignore', 'ignore_ament_install']
[1.973s] Level 1:colcon.colcon_core.package_identification:_identify(src/gesture_interface) by extension 'ignore'
[1.973s] Level 1:colcon.colcon_core.package_identification:_identify(src/gesture_interface) by extension 'ignore_ament_install'
[1.973s] Level 1:colcon.colcon_core.package_identification:_identify(src/gesture_interface) by extensions ['colcon_pkg']
[1.973s] Level 1:colcon.colcon_core.package_identification:_identify(src/gesture_interface) by extension 'colcon_pkg'
[1.973s] Level 1:colcon.colcon_core.package_identification:_identify(src/gesture_interface) by extensions ['colcon_meta']
[1.973s] Level 1:colcon.colcon_core.package_identification:_identify(src/gesture_interface) by extension 'colcon_meta'
[1.973s] Level 1:colcon.colcon_core.package_identification:_identify(src/gesture_interface) by extensions ['ros']
[1.974s] Level 1:colcon.colcon_core.package_identification:_identify(src/gesture_interface) by extension 'ros'
[1.974s] DEBUG:colcon.colcon_core.package_identification:Package 'src/gesture_interface' with type 'ros.ament_cmake' and name 'gesture_interface'
[1.975s] Level 1:colcon.colcon_core.package_identification:_identify(src/gesture_pub_sub) by extensions ['ignore', 'ignore_ament_install']
[1.975s] Level 1:colcon.colcon_core.package_identification:_identify(src/gesture_pub_sub) by extension 'ignore'
[1.975s] Level 1:colcon.colcon_core.package_identification:_identify(src/gesture_pub_sub) by extension 'ignore_ament_install'
[1.975s] Level 1:colcon.colcon_core.package_identification:_identify(src/gesture_pub_sub) by extensions ['colcon_pkg']
[1.975s] Level 1:colcon.colcon_core.package_identification:_identify(src/gesture_pub_sub) by extension 'colcon_pkg'
[1.975s] Level 1:colcon.colcon_core.package_identification:_identify(src/gesture_pub_sub) by extensions ['colcon_meta']
[1.975s] Level 1:colcon.colcon_core.package_identification:_identify(src/gesture_pub_sub) by extension 'colcon_meta'
[1.975s] Level 1:colcon.colcon_core.package_identification:_identify(src/gesture_pub_sub) by extensions ['ros']
[1.975s] Level 1:colcon.colcon_core.package_identification:_identify(src/gesture_pub_sub) by extension 'ros'
[1.977s] DEBUG:colcon.colcon_core.package_identification:Package 'src/gesture_pub_sub' with type 'ros.ament_python' and name 'gesture_pub_sub'
[1.977s] Level 1:colcon.colcon_core.package_identification:_identify(video) by extensions ['ignore', 'ignore_ament_install']
[1.977s] Level 1:colcon.colcon_core.package_identification:_identify(video) by extension 'ignore'
[1.977s] Level 1:colcon.colcon_core.package_identification:_identify(video) by extension 'ignore_ament_install'
[1.977s] Level 1:colcon.colcon_core.package_identification:_identify(video) by extensions ['colcon_pkg']
[1.977s] Level 1:colcon.colcon_core.package_identification:_identify(video) by extension 'colcon_pkg'
[1.977s] Level 1:colcon.colcon_core.package_identification:_identify(video) by extensions ['colcon_meta']
[1.977s] Level 1:colcon.colcon_core.package_identification:_identify(video) by extension 'colcon_meta'
[1.977s] Level 1:colcon.colcon_core.package_identification:_identify(video) by extensions ['ros']
[1.977s] Level 1:colcon.colcon_core.package_identification:_identify(video) by extension 'ros'
[1.978s] Level 1:colcon.colcon_core.package_identification:_identify(video) by extensions ['cmake', 'python']
[1.978s] Level 1:colcon.colcon_core.package_identification:_identify(video) by extension 'cmake'
[1.978s] Level 1:colcon.colcon_core.package_identification:_identify(video) by extension 'python'
[1.978s] Level 1:colcon.colcon_core.package_identification:_identify(video) by extensions ['python_setup_py']
[1.978s] Level 1:colcon.colcon_core.package_identification:_identify(video) by extension 'python_setup_py'
[1.978s] Level 1:colcon.colcon_core.package_discovery:discover_packages(recursive) using defaults
[1.978s] Level 1:colcon.colcon_core.package_discovery:discover_packages(ignore) discover
[1.978s] Level 1:colcon.colcon_core.package_discovery:discover_packages(ignore) using defaults
[1.978s] Level 1:colcon.colcon_core.package_discovery:discover_packages(path) discover
[1.978s] Level 1:colcon.colcon_core.package_discovery:discover_packages(path) using defaults
[2.133s] Level 1:colcon.colcon_core.package_discovery:discover_packages(prefix_path) check parameters
[2.134s] Level 1:colcon.colcon_core.package_discovery:discover_packages(prefix_path) discover
[2.182s] DEBUG:colcon.colcon_installed_package_information.package_discovery:Found 4 installed packages in /home/akash/new_ros_ws/install
[2.207s] DEBUG:colcon.colcon_installed_package_information.package_discovery:Found 270 installed packages in /opt/ros/humble
[2.209s] Level 1:colcon.colcon_core.package_discovery:discover_packages(prefix_path) using defaults
[2.369s] Level 5:colcon.colcon_core.verb:set package 'cam_interface' build argument 'cmake_args' from command line to 'None'
[2.369s] Level 5:colcon.colcon_core.verb:set package 'cam_interface' build argument 'cmake_target' from command line to 'None'
[2.369s] Level 5:colcon.colcon_core.verb:set package 'cam_interface' build argument 'cmake_target_skip_unavailable' from command line to 'False'
[2.369s] Level 5:colcon.colcon_core.verb:set package 'cam_interface' build argument 'cmake_clean_cache' from command line to 'False'
[2.369s] Level 5:colcon.colcon_core.verb:set package 'cam_interface' build argument 'cmake_clean_first' from command line to 'False'
[2.369s] Level 5:colcon.colcon_core.verb:set package 'cam_interface' build argument 'cmake_force_configure' from command line to 'False'
[2.369s] Level 5:colcon.colcon_core.verb:set package 'cam_interface' build argument 'ament_cmake_args' from command line to 'None'
[2.369s] Level 5:colcon.colcon_core.verb:set package 'cam_interface' build argument 'catkin_cmake_args' from command line to 'None'
[2.369s] Level 5:colcon.colcon_core.verb:set package 'cam_interface' build argument 'catkin_skip_building_tests' from command line to 'False'
[2.369s] DEBUG:colcon.colcon_core.verb:Building package 'cam_interface' with the following arguments: {'ament_cmake_args': None, 'build_base': '/home/akash/new_ros_ws/build/cam_interface', 'catkin_cmake_args': None, 'catkin_skip_building_tests': False, 'cmake_args': None, 'cmake_clean_cache': False, 'cmake_clean_first': False, 'cmake_force_configure': False, 'cmake_target': None, 'cmake_target_skip_unavailable': False, 'install_base': '/home/akash/new_ros_ws/install/cam_interface', 'merge_install': False, 'path': '/home/akash/new_ros_ws/src/cam_interface', 'symlink_install': False, 'test_result_base': None}
[2.392s] Level 5:colcon.colcon_core.verb:set package 'gesture_interface' build argument 'cmake_args' from command line to 'None'
[2.392s] Level 5:colcon.colcon_core.verb:set package 'gesture_interface' build argument 'cmake_target' from command line to 'None'
[2.392s] Level 5:colcon.colcon_core.verb:set package 'gesture_interface' build argument 'cmake_target_skip_unavailable' from command line to 'False'
[2.392s] Level 5:colcon.colcon_core.verb:set package 'gesture_interface' build argument 'cmake_clean_cache' from command line to 'False'
[2.392s] Level 5:colcon.colcon_core.verb:set package 'gesture_interface' build argument 'cmake_clean_first' from command line to 'False'
[2.393s] Level 5:colcon.colcon_core.verb:set package 'gesture_interface' build argument 'cmake_force_configure' from command line to 'False'
[2.393s] Level 5:colcon.colcon_core.verb:set package 'gesture_interface' build argument 'ament_cmake_args' from command line to 'None'
[2.393s] Level 5:colcon.colcon_core.verb:set package 'gesture_interface' build argument 'catkin_cmake_args' from command line to 'None'
[2.393s] Level 5:colcon.colcon_core.verb:set package 'gesture_interface' build argument 'catkin_skip_building_tests' from command line to 'False'
[2.393s] DEBUG:colcon.colcon_core.verb:Building package 'gesture_interface' with the following arguments: {'ament_cmake_args': None, 'build_base': '/home/akash/new_ros_ws/build/gesture_interface', 'catkin_cmake_args': None, 'catkin_skip_building_tests': False, 'cmake_args': None, 'cmake_clean_cache': False, 'cmake_clean_first': False, 'cmake_force_configure': False, 'cmake_target': None, 'cmake_target_skip_unavailable': False, 'install_base': '/home/akash/new_ros_ws/install/gesture_interface', 'merge_install': False, 'path': '/home/akash/new_ros_ws/src/gesture_interface', 'symlink_install': False, 'test_result_base': None}
[2.416s] Level 5:colcon.colcon_core.verb:set package 'cam_pub_sub' build argument 'cmake_args' from command line to 'None'
[2.416s] Level 5:colcon.colcon_core.verb:set package 'cam_pub_sub' build argument 'cmake_target' from command line to 'None'
[2.416s] Level 5:colcon.colcon_core.verb:set package 'cam_pub_sub' build argument 'cmake_target_skip_unavailable' from command line to 'False'
[2.416s] Level 5:colcon.colcon_core.verb:set package 'cam_pub_sub' build argument 'cmake_clean_cache' from command line to 'False'
[2.416s] Level 5:colcon.colcon_core.verb:set package 'cam_pub_sub' build argument 'cmake_clean_first' from command line to 'False'
[2.416s] Level 5:colcon.colcon_core.verb:set package 'cam_pub_sub' build argument 'cmake_force_configure' from command line to 'False'
[2.416s] Level 5:colcon.colcon_core.verb:set package 'cam_pub_sub' build argument 'ament_cmake_args' from command line to 'None'
[2.416s] Level 5:colcon.colcon_core.verb:set package 'cam_pub_sub' build argument 'catkin_cmake_args' from command line to 'None'
[2.416s] Level 5:colcon.colcon_core.verb:set package 'cam_pub_sub' build argument 'catkin_skip_building_tests' from command line to 'False'
[2.417s] DEBUG:colcon.colcon_core.verb:Building package 'cam_pub_sub' with the following arguments: {'ament_cmake_args': None, 'build_base': '/home/akash/new_ros_ws/build/cam_pub_sub', 'catkin_cmake_args': None, 'catkin_skip_building_tests': False, 'cmake_args': None, 'cmake_clean_cache': False, 'cmake_clean_first': False, 'cmake_force_configure': False, 'cmake_target': None, 'cmake_target_skip_unavailable': False, 'install_base': '/home/akash/new_ros_ws/install/cam_pub_sub', 'merge_install': False, 'path': '/home/akash/new_ros_ws/src/cam_pub_sub', 'symlink_install': False, 'test_result_base': None}
[2.440s] Level 5:colcon.colcon_core.verb:set package 'gesture_pub_sub' build argument 'cmake_args' from command line to 'None'
[2.440s] Level 5:colcon.colcon_core.verb:set package 'gesture_pub_sub' build argument 'cmake_target' from command line to 'None'
[2.440s] Level 5:colcon.colcon_core.verb:set package 'gesture_pub_sub' build argument 'cmake_target_skip_unavailable' from command line to 'False'
[2.440s] Level 5:colcon.colcon_core.verb:set package 'gesture_pub_sub' build argument 'cmake_clean_cache' from command line to 'False'
[2.440s] Level 5:colcon.colcon_core.verb:set package 'gesture_pub_sub' build argument 'cmake_clean_first' from command line to 'False'
[2.440s] Level 5:colcon.colcon_core.verb:set package 'gesture_pub_sub' build argument 'cmake_force_configure' from command line to 'False'
[2.440s] Level 5:colcon.colcon_core.verb:set package 'gesture_pub_sub' build argument 'ament_cmake_args' from command line to 'None'
[2.440s] Level 5:colcon.colcon_core.verb:set package 'gesture_pub_sub' build argument 'catkin_cmake_args' from command line to 'None'
[2.440s] Level 5:colcon.colcon_core.verb:set package 'gesture_pub_sub' build argument 'catkin_skip_building_tests' from command line to 'False'
[2.440s] DEBUG:colcon.colcon_core.verb:Building package 'gesture_pub_sub' with the following arguments: {'ament_cmake_args': None, 'build_base': '/home/akash/new_ros_ws/build/gesture_pub_sub', 'catkin_cmake_args': None, 'catkin_skip_building_tests': False, 'cmake_args': None, 'cmake_clean_cache': False, 'cmake_clean_first': False, 'cmake_force_configure': False, 'cmake_target': None, 'cmake_target_skip_unavailable': False, 'install_base': '/home/akash/new_ros_ws/install/gesture_pub_sub', 'merge_install': False, 'path': '/home/akash/new_ros_ws/src/gesture_pub_sub', 'symlink_install': False, 'test_result_base': None}
[2.464s] INFO:colcon.colcon_core.executor:Executing jobs using 'parallel' executor
[2.489s] DEBUG:colcon.colcon_parallel_executor.executor.parallel:run_until_complete
[2.489s] INFO:colcon.colcon_ros.task.ament_cmake.build:Building ROS package in '/home/akash/new_ros_ws/src/cam_interface' with build type 'ament_cmake'
[2.489s] INFO:colcon.colcon_cmake.task.cmake.build:Building CMake package in '/home/akash/new_ros_ws/src/cam_interface'
[2.517s] INFO:colcon.colcon_core.plugin_system:Skipping extension 'colcon_core.shell.bat': Not used on non-Windows systems
[2.517s] INFO:colcon.colcon_core.shell:Skip shell extension 'powershell' for command environment: Not usable outside of PowerShell
[2.517s] DEBUG:colcon.colcon_core.shell:Skip shell extension 'dsv' for command environment
[2.590s] INFO:colcon.colcon_ros.task.ament_cmake.build:Building ROS package in '/home/akash/new_ros_ws/src/gesture_interface' with build type 'ament_cmake'
[2.590s] INFO:colcon.colcon_cmake.task.cmake.build:Building CMake package in '/home/akash/new_ros_ws/src/gesture_interface'
[2.616s] INFO:colcon.colcon_core.shell:Skip shell extension 'powershell' for command environment: Not usable outside of PowerShell
[2.617s] DEBUG:colcon.colcon_core.shell:Skip shell extension 'dsv' for command environment
[2.699s] DEBUG:colcon.colcon_core.event_handler.log_command:Invoking command in '/home/akash/new_ros_ws/build/cam_interface': CMAKE_PREFIX_PATH=${CMAKE_PREFIX_PATH}:/home/akash/new_ros_ws/install/gesture_pub_sub:/home/akash/new_ros_ws/install/cam_pub_sub:/opt/ros/humble /usr/bin/cmake --build /home/akash/new_ros_ws/build/cam_interface -- -j12 -l12
[2.705s] DEBUG:colcon.colcon_core.event_handler.log_command:Invoking command in '/home/akash/new_ros_ws/build/gesture_interface': CMAKE_PREFIX_PATH=${CMAKE_PREFIX_PATH}:/home/akash/new_ros_ws/install/gesture_pub_sub:/home/akash/new_ros_ws/install/cam_pub_sub:/opt/ros/humble /usr/bin/cmake --build /home/akash/new_ros_ws/build/gesture_interface -- -j12 -l12
[3.263s] DEBUG:colcon.colcon_core.event_handler.log_command:Invoked command in '/home/akash/new_ros_ws/build/gesture_interface' returned '0': CMAKE_PREFIX_PATH=${CMAKE_PREFIX_PATH}:/home/akash/new_ros_ws/install/gesture_pub_sub:/home/akash/new_ros_ws/install/cam_pub_sub:/opt/ros/humble /usr/bin/cmake --build /home/akash/new_ros_ws/build/gesture_interface -- -j12 -l12
[3.268s] DEBUG:colcon.colcon_core.event_handler.log_command:Invoked command in '/home/akash/new_ros_ws/build/cam_interface' returned '0': CMAKE_PREFIX_PATH=${CMAKE_PREFIX_PATH}:/home/akash/new_ros_ws/install/gesture_pub_sub:/home/akash/new_ros_ws/install/cam_pub_sub:/opt/ros/humble /usr/bin/cmake --build /home/akash/new_ros_ws/build/cam_interface -- -j12 -l12
[3.370s] DEBUG:colcon.colcon_core.event_handler.log_command:Invoking command in '/home/akash/new_ros_ws/build/gesture_interface': CMAKE_PREFIX_PATH=${CMAKE_PREFIX_PATH}:/home/akash/new_ros_ws/install/gesture_pub_sub:/home/akash/new_ros_ws/install/cam_pub_sub:/opt/ros/humble /usr/bin/cmake --install /home/akash/new_ros_ws/build/gesture_interface
[3.374s] DEBUG:colcon.colcon_core.event_handler.log_command:Invoking command in '/home/akash/new_ros_ws/build/cam_interface': CMAKE_PREFIX_PATH=${CMAKE_PREFIX_PATH}:/home/akash/new_ros_ws/install/gesture_pub_sub:/home/akash/new_ros_ws/install/cam_pub_sub:/opt/ros/humble /usr/bin/cmake --install /home/akash/new_ros_ws/build/cam_interface
[3.468s] Level 1:colcon.colcon_core.environment:create_environment_scripts_only(gesture_interface)
[3.489s] DEBUG:colcon.colcon_core.event_handler.log_command:Invoked command in '/home/akash/new_ros_ws/build/gesture_interface' returned '0': CMAKE_PREFIX_PATH=${CMAKE_PREFIX_PATH}:/home/akash/new_ros_ws/install/gesture_pub_sub:/home/akash/new_ros_ws/install/cam_pub_sub:/opt/ros/humble /usr/bin/cmake --install /home/akash/new_ros_ws/build/gesture_interface
[3.513s] Level 1:colcon.colcon_core.environment:checking '/home/akash/new_ros_ws/install/gesture_interface' for CMake module files
[3.514s] Level 1:colcon.colcon_core.environment:checking '/home/akash/new_ros_ws/install/gesture_interface' for CMake config files
[3.514s] Level 1:colcon.colcon_core.shell:create_environment_hook('gesture_interface', 'cmake_prefix_path')
[3.540s] INFO:colcon.colcon_core.shell:Creating environment hook '/home/akash/new_ros_ws/install/gesture_interface/share/gesture_interface/hook/cmake_prefix_path.ps1'
[3.541s] INFO:colcon.colcon_core.shell:Creating environment descriptor '/home/akash/new_ros_ws/install/gesture_interface/share/gesture_interface/hook/cmake_prefix_path.dsv'
[3.541s] INFO:colcon.colcon_core.shell:Creating environment hook '/home/akash/new_ros_ws/install/gesture_interface/share/gesture_interface/hook/cmake_prefix_path.sh'
[3.543s] Level 1:colcon.colcon_core.environment:checking '/home/akash/new_ros_ws/install/gesture_interface/lib'
[3.543s] Level 1:colcon.colcon_core.shell:create_environment_hook('gesture_interface', 'ld_library_path_lib')
[3.568s] INFO:colcon.colcon_core.shell:Creating environment hook '/home/akash/new_ros_ws/install/gesture_interface/share/gesture_interface/hook/ld_library_path_lib.ps1'
[3.568s] INFO:colcon.colcon_core.shell:Creating environment descriptor '/home/akash/new_ros_ws/install/gesture_interface/share/gesture_interface/hook/ld_library_path_lib.dsv'
[3.569s] INFO:colcon.colcon_core.shell:Creating environment hook '/home/akash/new_ros_ws/install/gesture_interface/share/gesture_interface/hook/ld_library_path_lib.sh'
[3.570s] Level 1:colcon.colcon_core.environment:checking '/home/akash/new_ros_ws/install/gesture_interface/bin'
[3.570s] Level 1:colcon.colcon_core.environment:checking '/home/akash/new_ros_ws/install/gesture_interface/lib/pkgconfig/gesture_interface.pc'
[3.570s] Level 1:colcon.colcon_core.environment:checking '/home/akash/new_ros_ws/install/gesture_interface/lib/python3.10/site-packages'
[3.570s] Level 1:colcon.colcon_core.environment:checking '/home/akash/new_ros_ws/install/gesture_interface/bin'
[3.595s] INFO:colcon.colcon_core.shell:Creating package script '/home/akash/new_ros_ws/install/gesture_interface/share/gesture_interface/package.ps1'
[3.596s] INFO:colcon.colcon_core.shell:Creating package descriptor '/home/akash/new_ros_ws/install/gesture_interface/share/gesture_interface/package.dsv'
[3.597s] INFO:colcon.colcon_core.shell:Creating package script '/home/akash/new_ros_ws/install/gesture_interface/share/gesture_interface/package.sh'
[3.598s] INFO:colcon.colcon_core.shell:Creating package script '/home/akash/new_ros_ws/install/gesture_interface/share/gesture_interface/package.bash'
[3.599s] INFO:colcon.colcon_core.shell:Creating package script '/home/akash/new_ros_ws/install/gesture_interface/share/gesture_interface/package.zsh'
[3.600s] Level 1:colcon.colcon_core.environment:create_file_with_runtime_dependencies(/home/akash/new_ros_ws/install/gesture_interface/share/colcon-core/packages/gesture_interface)
[3.602s] Level 1:colcon.colcon_core.environment:create_environment_scripts_only(cam_interface)
[3.604s] DEBUG:colcon.colcon_core.event_handler.log_command:Invoked command in '/home/akash/new_ros_ws/build/cam_interface' returned '0': CMAKE_PREFIX_PATH=${CMAKE_PREFIX_PATH}:/home/akash/new_ros_ws/install/gesture_pub_sub:/home/akash/new_ros_ws/install/cam_pub_sub:/opt/ros/humble /usr/bin/cmake --install /home/akash/new_ros_ws/build/cam_interface
[3.633s] Level 1:colcon.colcon_core.environment:checking '/home/akash/new_ros_ws/install/cam_interface' for CMake module files
[3.634s] Level 1:colcon.colcon_core.environment:checking '/home/akash/new_ros_ws/install/cam_interface' for CMake config files
[3.635s] Level 1:colcon.colcon_core.shell:create_environment_hook('cam_interface', 'cmake_prefix_path')
[3.657s] INFO:colcon.colcon_core.shell:Creating environment hook '/home/akash/new_ros_ws/install/cam_interface/share/cam_interface/hook/cmake_prefix_path.ps1'
[3.658s] INFO:colcon.colcon_core.shell:Creating environment descriptor '/home/akash/new_ros_ws/install/cam_interface/share/cam_interface/hook/cmake_prefix_path.dsv'
[3.658s] INFO:colcon.colcon_core.shell:Creating environment hook '/home/akash/new_ros_ws/install/cam_interface/share/cam_interface/hook/cmake_prefix_path.sh'
[3.659s] Level 1:colcon.colcon_core.environment:checking '/home/akash/new_ros_ws/install/cam_interface/lib'
[3.659s] Level 1:colcon.colcon_core.shell:create_environment_hook('cam_interface', 'ld_library_path_lib')
[3.682s] INFO:colcon.colcon_core.shell:Creating environment hook '/home/akash/new_ros_ws/install/cam_interface/share/cam_interface/hook/ld_library_path_lib.ps1'
[3.683s] INFO:colcon.colcon_core.shell:Creating environment descriptor '/home/akash/new_ros_ws/install/cam_interface/share/cam_interface/hook/ld_library_path_lib.dsv'
[3.683s] INFO:colcon.colcon_core.shell:Creating environment hook '/home/akash/new_ros_ws/install/cam_interface/share/cam_interface/hook/ld_library_path_lib.sh'
[3.683s] Level 1:colcon.colcon_core.environment:checking '/home/akash/new_ros_ws/install/cam_interface/bin'
[3.684s] Level 1:colcon.colcon_core.environment:checking '/home/akash/new_ros_ws/install/cam_interface/lib/pkgconfig/cam_interface.pc'
[3.684s] Level 1:colcon.colcon_core.environment:checking '/home/akash/new_ros_ws/install/cam_interface/lib/python3.10/site-packages'
[3.684s] Level 1:colcon.colcon_core.environment:checking '/home/akash/new_ros_ws/install/cam_interface/bin'
[3.722s] INFO:colcon.colcon_core.shell:Creating package script '/home/akash/new_ros_ws/install/cam_interface/share/cam_interface/package.ps1'
[3.723s] INFO:colcon.colcon_core.shell:Creating package descriptor '/home/akash/new_ros_ws/install/cam_interface/share/cam_interface/package.dsv'
[3.723s] INFO:colcon.colcon_core.shell:Creating package script '/home/akash/new_ros_ws/install/cam_interface/share/cam_interface/package.sh'
[3.724s] INFO:colcon.colcon_core.shell:Creating package script '/home/akash/new_ros_ws/install/cam_interface/share/cam_interface/package.bash'
[3.724s] INFO:colcon.colcon_core.shell:Creating package script '/home/akash/new_ros_ws/install/cam_interface/share/cam_interface/package.zsh'
[3.725s] Level 1:colcon.colcon_core.environment:create_file_with_runtime_dependencies(/home/akash/new_ros_ws/install/cam_interface/share/colcon-core/packages/cam_interface)
[3.753s] Level 1:colcon.colcon_core.environment:create_environment_scripts_only(gesture_interface)
[3.780s] Level 1:colcon.colcon_core.environment:checking '/home/akash/new_ros_ws/install/gesture_interface' for CMake module files
[3.781s] Level 1:colcon.colcon_core.environment:checking '/home/akash/new_ros_ws/install/gesture_interface' for CMake config files
[3.781s] Level 1:colcon.colcon_core.shell:create_environment_hook('gesture_interface', 'cmake_prefix_path')
[3.806s] INFO:colcon.colcon_core.shell:Creating environment hook '/home/akash/new_ros_ws/install/gesture_interface/share/gesture_interface/hook/cmake_prefix_path.ps1'
[3.807s] INFO:colcon.colcon_core.shell:Creating environment descriptor '/home/akash/new_ros_ws/install/gesture_interface/share/gesture_interface/hook/cmake_prefix_path.dsv'
[3.807s] INFO:colcon.colcon_core.shell:Creating environment hook '/home/akash/new_ros_ws/install/gesture_interface/share/gesture_interface/hook/cmake_prefix_path.sh'
[3.808s] Level 1:colcon.colcon_core.environment:checking '/home/akash/new_ros_ws/install/gesture_interface/lib'
[3.808s] Level 1:colcon.colcon_core.shell:create_environment_hook('gesture_interface', 'ld_library_path_lib')
[3.835s] INFO:colcon.colcon_core.shell:Creating environment hook '/home/akash/new_ros_ws/install/gesture_interface/share/gesture_interface/hook/ld_library_path_lib.ps1'
[3.836s] INFO:colcon.colcon_core.shell:Creating environment descriptor '/home/akash/new_ros_ws/install/gesture_interface/share/gesture_interface/hook/ld_library_path_lib.dsv'
[3.836s] INFO:colcon.colcon_core.shell:Creating environment hook '/home/akash/new_ros_ws/install/gesture_interface/share/gesture_interface/hook/ld_library_path_lib.sh'
[3.837s] Level 1:colcon.colcon_core.environment:checking '/home/akash/new_ros_ws/install/gesture_interface/bin'
[3.837s] Level 1:colcon.colcon_core.environment:checking '/home/akash/new_ros_ws/install/gesture_interface/lib/pkgconfig/gesture_interface.pc'
[3.837s] Level 1:colcon.colcon_core.environment:checking '/home/akash/new_ros_ws/install/gesture_interface/lib/python3.10/site-packages'
[3.838s] Level 1:colcon.colcon_core.environment:checking '/home/akash/new_ros_ws/install/gesture_interface/bin'
[3.863s] INFO:colcon.colcon_core.shell:Creating package script '/home/akash/new_ros_ws/install/gesture_interface/share/gesture_interface/package.ps1'
[3.864s] INFO:colcon.colcon_core.shell:Creating package descriptor '/home/akash/new_ros_ws/install/gesture_interface/share/gesture_interface/package.dsv'
[3.865s] INFO:colcon.colcon_core.shell:Creating package script '/home/akash/new_ros_ws/install/gesture_interface/share/gesture_interface/package.sh'
[3.866s] INFO:colcon.colcon_core.shell:Creating package script '/home/akash/new_ros_ws/install/gesture_interface/share/gesture_interface/package.bash'
[3.866s] INFO:colcon.colcon_core.shell:Creating package script '/home/akash/new_ros_ws/install/gesture_interface/share/gesture_interface/package.zsh'
[3.867s] Level 1:colcon.colcon_core.environment:create_file_with_runtime_dependencies(/home/akash/new_ros_ws/install/gesture_interface/share/colcon-core/packages/gesture_interface)
[3.895s] Level 1:colcon.colcon_core.environment:create_environment_scripts_only(cam_interface)
[3.921s] Level 1:colcon.colcon_core.environment:checking '/home/akash/new_ros_ws/install/cam_interface' for CMake module files
[3.922s] Level 1:colcon.colcon_core.environment:checking '/home/akash/new_ros_ws/install/cam_interface' for CMake config files
[3.922s] Level 1:colcon.colcon_core.shell:create_environment_hook('cam_interface', 'cmake_prefix_path')
[3.947s] INFO:colcon.colcon_core.shell:Creating environment hook '/home/akash/new_ros_ws/install/cam_interface/share/cam_interface/hook/cmake_prefix_path.ps1'
[3.948s] INFO:colcon.colcon_core.shell:Creating environment descriptor '/home/akash/new_ros_ws/install/cam_interface/share/cam_interface/hook/cmake_prefix_path.dsv'
[3.948s] INFO:colcon.colcon_core.shell:Creating environment hook '/home/akash/new_ros_ws/install/cam_interface/share/cam_interface/hook/cmake_prefix_path.sh'
[3.949s] Level 1:colcon.colcon_core.environment:checking '/home/akash/new_ros_ws/install/cam_interface/lib'
[3.949s] Level 1:colcon.colcon_core.shell:create_environment_hook('cam_interface', 'ld_library_path_lib')
[3.972s] INFO:colcon.colcon_core.shell:Creating environment hook '/home/akash/new_ros_ws/install/cam_interface/share/cam_interface/hook/ld_library_path_lib.ps1'
[3.973s] INFO:colcon.colcon_core.shell:Creating environment descriptor '/home/akash/new_ros_ws/install/cam_interface/share/cam_interface/hook/ld_library_path_lib.dsv'
[3.973s] INFO:colcon.colcon_core.shell:Creating environment hook '/home/akash/new_ros_ws/install/cam_interface/share/cam_interface/hook/ld_library_path_lib.sh'
[3.974s] Level 1:colcon.colcon_core.environment:checking '/home/akash/new_ros_ws/install/cam_interface/bin'
[3.974s] Level 1:colcon.colcon_core.environment:checking '/home/akash/new_ros_ws/install/cam_interface/lib/pkgconfig/cam_interface.pc'
[3.974s] Level 1:colcon.colcon_core.environment:checking '/home/akash/new_ros_ws/install/cam_interface/lib/python3.10/site-packages'
[3.974s] Level 1:colcon.colcon_core.environment:checking '/home/akash/new_ros_ws/install/cam_interface/bin'
[3.999s] INFO:colcon.colcon_core.shell:Creating package script '/home/akash/new_ros_ws/install/cam_interface/share/cam_interface/package.ps1'
[4.000s] INFO:colcon.colcon_core.shell:Creating package descriptor '/home/akash/new_ros_ws/install/cam_interface/share/cam_interface/package.dsv'
[4.001s] INFO:colcon.colcon_core.shell:Creating package script '/home/akash/new_ros_ws/install/cam_interface/share/cam_interface/package.sh'
[4.001s] INFO:colcon.colcon_core.shell:Creating package script '/home/akash/new_ros_ws/install/cam_interface/share/cam_interface/package.bash'
[4.002s] INFO:colcon.colcon_core.shell:Creating package script '/home/akash/new_ros_ws/install/cam_interface/share/cam_interface/package.zsh'
[4.002s] Level 1:colcon.colcon_core.environment:create_file_with_runtime_dependencies(/home/akash/new_ros_ws/install/cam_interface/share/colcon-core/packages/cam_interface)
[4.003s] INFO:colcon.colcon_ros.task.ament_python.build:Building ROS package in '/home/akash/new_ros_ws/src/cam_pub_sub' with build type 'ament_python'
[4.003s] Level 1:colcon.colcon_core.shell:create_environment_hook('cam_pub_sub', 'ament_prefix_path')
[4.030s] INFO:colcon.colcon_core.shell:Creating environment hook '/home/akash/new_ros_ws/install/cam_pub_sub/share/cam_pub_sub/hook/ament_prefix_path.ps1'
[4.031s] INFO:colcon.colcon_core.shell:Creating environment descriptor '/home/akash/new_ros_ws/install/cam_pub_sub/share/cam_pub_sub/hook/ament_prefix_path.dsv'
[4.032s] INFO:colcon.colcon_core.shell:Creating environment hook '/home/akash/new_ros_ws/install/cam_pub_sub/share/cam_pub_sub/hook/ament_prefix_path.sh'
[4.056s] INFO:colcon.colcon_core.shell:Skip shell extension 'powershell' for command environment: Not usable outside of PowerShell
[4.056s] DEBUG:colcon.colcon_core.shell:Skip shell extension 'dsv' for command environment
[4.818s] INFO:colcon.colcon_core.task.python.build:Building Python package in '/home/akash/new_ros_ws/src/cam_pub_sub'
[4.843s] INFO:colcon.colcon_core.shell:Skip shell extension 'powershell' for command environment: Not usable outside of PowerShell
[4.843s] DEBUG:colcon.colcon_core.shell:Skip shell extension 'dsv' for command environment
[5.693s] DEBUG:colcon.colcon_core.event_handler.log_command:Invoking command in '/home/akash/new_ros_ws/src/cam_pub_sub': CMAKE_PREFIX_PATH=/home/akash/new_ros_ws/install/cam_interface:/home/akash/new_ros_ws/install/gesture_interface LD_LIBRARY_PATH=/home/akash/new_ros_ws/install/cam_interface/lib:/home/akash/new_ros_ws/install/gesture_interface/lib:/opt/ros/humble/opt/rviz_ogre_vendor/lib:/opt/ros/humble/lib/x86_64-linux-gnu:/opt/ros/humble/lib PYTHONPATH=/home/akash/new_ros_ws/build/cam_pub_sub/prefix_override:/home/akash/new_ros_ws/install/cam_pub_sub/lib/python3.10/site-packages:${PYTHONPATH} /usr/bin/python3 setup.py egg_info --egg-base ../../build/cam_pub_sub build --build-base /home/akash/new_ros_ws/build/cam_pub_sub/build install --record /home/akash/new_ros_ws/build/cam_pub_sub/install.log --single-version-externally-managed
[6.129s] DEBUG:colcon.colcon_core.event_handler.log_command:Invoked command in '/home/akash/new_ros_ws/src/cam_pub_sub' returned '0': CMAKE_PREFIX_PATH=/home/akash/new_ros_ws/install/cam_interface:/home/akash/new_ros_ws/install/gesture_interface LD_LIBRARY_PATH=/home/akash/new_ros_ws/install/cam_interface/lib:/home/akash/new_ros_ws/install/gesture_interface/lib:/opt/ros/humble/opt/rviz_ogre_vendor/lib:/opt/ros/humble/lib/x86_64-linux-gnu:/opt/ros/humble/lib PYTHONPATH=/home/akash/new_ros_ws/build/cam_pub_sub/prefix_override:/home/akash/new_ros_ws/install/cam_pub_sub/lib/python3.10/site-packages:${PYTHONPATH} /usr/bin/python3 setup.py egg_info --egg-base ../../build/cam_pub_sub build --build-base /home/akash/new_ros_ws/build/cam_pub_sub/build install --record /home/akash/new_ros_ws/build/cam_pub_sub/install.log --single-version-externally-managed
[6.154s] Level 1:colcon.colcon_core.environment:checking '/home/akash/new_ros_ws/install/cam_pub_sub' for CMake module files
[6.155s] Level 1:colcon.colcon_core.environment:checking '/home/akash/new_ros_ws/install/cam_pub_sub' for CMake config files
[6.155s] Level 1:colcon.colcon_core.environment:checking '/home/akash/new_ros_ws/install/cam_pub_sub/lib'
[6.156s] Level 1:colcon.colcon_core.environment:checking '/home/akash/new_ros_ws/install/cam_pub_sub/bin'
[6.156s] Level 1:colcon.colcon_core.environment:checking '/home/akash/new_ros_ws/install/cam_pub_sub/lib/pkgconfig/cam_pub_sub.pc'
[6.156s] Level 1:colcon.colcon_core.environment:checking '/home/akash/new_ros_ws/install/cam_pub_sub/lib/python3.10/site-packages'
[6.156s] Level 1:colcon.colcon_core.shell:create_environment_hook('cam_pub_sub', 'pythonpath')
[6.182s] INFO:colcon.colcon_core.shell:Creating environment hook '/home/akash/new_ros_ws/install/cam_pub_sub/share/cam_pub_sub/hook/pythonpath.ps1'
[6.182s] INFO:colcon.colcon_core.shell:Creating environment descriptor '/home/akash/new_ros_ws/install/cam_pub_sub/share/cam_pub_sub/hook/pythonpath.dsv'
[6.183s] INFO:colcon.colcon_core.shell:Creating environment hook '/home/akash/new_ros_ws/install/cam_pub_sub/share/cam_pub_sub/hook/pythonpath.sh'
[6.183s] Level 1:colcon.colcon_core.environment:checking '/home/akash/new_ros_ws/install/cam_pub_sub/bin'
[6.184s] Level 1:colcon.colcon_core.environment:create_environment_scripts_only(cam_pub_sub)
[6.208s] INFO:colcon.colcon_core.shell:Creating package script '/home/akash/new_ros_ws/install/cam_pub_sub/share/cam_pub_sub/package.ps1'
[6.209s] INFO:colcon.colcon_core.shell:Creating package descriptor '/home/akash/new_ros_ws/install/cam_pub_sub/share/cam_pub_sub/package.dsv'
[6.210s] INFO:colcon.colcon_core.shell:Creating package script '/home/akash/new_ros_ws/install/cam_pub_sub/share/cam_pub_sub/package.sh'
[6.210s] INFO:colcon.colcon_core.shell:Creating package script '/home/akash/new_ros_ws/install/cam_pub_sub/share/cam_pub_sub/package.bash'
[6.211s] INFO:colcon.colcon_core.shell:Creating package script '/home/akash/new_ros_ws/install/cam_pub_sub/share/cam_pub_sub/package.zsh'
[6.211s] Level 1:colcon.colcon_core.environment:create_file_with_runtime_dependencies(/home/akash/new_ros_ws/install/cam_pub_sub/share/colcon-core/packages/cam_pub_sub)
[6.212s] INFO:colcon.colcon_ros.task.ament_python.build:Building ROS package in '/home/akash/new_ros_ws/src/gesture_pub_sub' with build type 'ament_python'
[6.212s] Level 1:colcon.colcon_core.shell:create_environment_hook('gesture_pub_sub', 'ament_prefix_path')
[6.238s] INFO:colcon.colcon_core.shell:Creating environment hook '/home/akash/new_ros_ws/install/gesture_pub_sub/share/gesture_pub_sub/hook/ament_prefix_path.ps1'
[6.239s] INFO:colcon.colcon_core.shell:Creating environment descriptor '/home/akash/new_ros_ws/install/gesture_pub_sub/share/gesture_pub_sub/hook/ament_prefix_path.dsv'
[6.239s] INFO:colcon.colcon_core.shell:Creating environment hook '/home/akash/new_ros_ws/install/gesture_pub_sub/share/gesture_pub_sub/hook/ament_prefix_path.sh'
[6.262s] INFO:colcon.colcon_core.shell:Skip shell extension 'powershell' for command environment: Not usable outside of PowerShell
[6.263s] DEBUG:colcon.colcon_core.shell:Skip shell extension 'dsv' for command environment
[7.630s] INFO:colcon.colcon_core.task.python.build:Building Python package in '/home/akash/new_ros_ws/src/gesture_pub_sub'
[7.655s] INFO:colcon.colcon_core.shell:Skip shell extension 'powershell' for command environment: Not usable outside of PowerShell
[7.655s] DEBUG:colcon.colcon_core.shell:Skip shell extension 'dsv' for command environment
[9.190s] DEBUG:colcon.colcon_core.event_handler.log_command:Invoking command in '/home/akash/new_ros_ws/src/gesture_pub_sub': AMENT_PREFIX_PATH=/home/akash/new_ros_ws/install/cam_pub_sub:/home/akash/new_ros_ws/install/gesture_pub_sub:/home/akash/new_ros_ws/install/gesture_interface:/home/akash/new_ros_ws/install/cam_interface:/opt/ros/humble PYTHONPATH=/home/akash/new_ros_ws/build/gesture_pub_sub/prefix_override:/home/akash/new_ros_ws/install/gesture_pub_sub/lib/python3.10/site-packages:/home/akash/new_ros_ws/install/cam_pub_sub/lib/python3.10/site-packages:/home/akash/new_ros_ws/install/gesture_pub_sub/lib/python3.10/site-packages:/home/akash/new_ros_ws/install/gesture_interface/local/lib/python3.10/dist-packages:/home/akash/new_ros_ws/install/cam_interface/local/lib/python3.10/dist-packages:/opt/ros/humble/lib/python3.10/site-packages:/opt/ros/humble/local/lib/python3.10/dist-packages /usr/bin/python3 setup.py egg_info --egg-base ../../build/gesture_pub_sub build --build-base /home/akash/new_ros_ws/build/gesture_pub_sub/build install --record /home/akash/new_ros_ws/build/gesture_pub_sub/install.log --install-scripts $base/lib/gesture_pub_sub --single-version-externally-managed
[9.623s] DEBUG:colcon.colcon_core.event_handler.log_command:Invoked command in '/home/akash/new_ros_ws/src/gesture_pub_sub' returned '0': AMENT_PREFIX_PATH=/home/akash/new_ros_ws/install/cam_pub_sub:/home/akash/new_ros_ws/install/gesture_pub_sub:/home/akash/new_ros_ws/install/gesture_interface:/home/akash/new_ros_ws/install/cam_interface:/opt/ros/humble PYTHONPATH=/home/akash/new_ros_ws/build/gesture_pub_sub/prefix_override:/home/akash/new_ros_ws/install/gesture_pub_sub/lib/python3.10/site-packages:/home/akash/new_ros_ws/install/cam_pub_sub/lib/python3.10/site-packages:/home/akash/new_ros_ws/install/gesture_pub_sub/lib/python3.10/site-packages:/home/akash/new_ros_ws/install/gesture_interface/local/lib/python3.10/dist-packages:/home/akash/new_ros_ws/install/cam_interface/local/lib/python3.10/dist-packages:/opt/ros/humble/lib/python3.10/site-packages:/opt/ros/humble/local/lib/python3.10/dist-packages /usr/bin/python3 setup.py egg_info --egg-base ../../build/gesture_pub_sub build --build-base /home/akash/new_ros_ws/build/gesture_pub_sub/build install --record /home/akash/new_ros_ws/build/gesture_pub_sub/install.log --install-scripts $base/lib/gesture_pub_sub --single-version-externally-managed
[9.647s] Level 1:colcon.colcon_core.environment:checking '/home/akash/new_ros_ws/install/gesture_pub_sub' for CMake module files
[9.647s] Level 1:colcon.colcon_core.environment:checking '/home/akash/new_ros_ws/install/gesture_pub_sub' for CMake config files
[9.648s] Level 1:colcon.colcon_core.environment:checking '/home/akash/new_ros_ws/install/gesture_pub_sub/lib'
[9.648s] Level 1:colcon.colcon_core.environment:checking '/home/akash/new_ros_ws/install/gesture_pub_sub/bin'
[9.648s] Level 1:colcon.colcon_core.environment:checking '/home/akash/new_ros_ws/install/gesture_pub_sub/lib/pkgconfig/gesture_pub_sub.pc'
[9.649s] Level 1:colcon.colcon_core.environment:checking '/home/akash/new_ros_ws/install/gesture_pub_sub/lib/python3.10/site-packages'
[9.649s] Level 1:colcon.colcon_core.shell:create_environment_hook('gesture_pub_sub', 'pythonpath')
[9.672s] INFO:colcon.colcon_core.shell:Creating environment hook '/home/akash/new_ros_ws/install/gesture_pub_sub/share/gesture_pub_sub/hook/pythonpath.ps1'
[9.672s] INFO:colcon.colcon_core.shell:Creating environment descriptor '/home/akash/new_ros_ws/install/gesture_pub_sub/share/gesture_pub_sub/hook/pythonpath.dsv'
[9.673s] INFO:colcon.colcon_core.shell:Creating environment hook '/home/akash/new_ros_ws/install/gesture_pub_sub/share/gesture_pub_sub/hook/pythonpath.sh'
[9.673s] Level 1:colcon.colcon_core.environment:checking '/home/akash/new_ros_ws/install/gesture_pub_sub/bin'
[9.674s] Level 1:colcon.colcon_core.environment:create_environment_scripts_only(gesture_pub_sub)
[9.712s] INFO:colcon.colcon_core.shell:Creating package script '/home/akash/new_ros_ws/install/gesture_pub_sub/share/gesture_pub_sub/package.ps1'
[9.712s] INFO:colcon.colcon_core.shell:Creating package descriptor '/home/akash/new_ros_ws/install/gesture_pub_sub/share/gesture_pub_sub/package.dsv'
[9.713s] INFO:colcon.colcon_core.shell:Creating package script '/home/akash/new_ros_ws/install/gesture_pub_sub/share/gesture_pub_sub/package.sh'
[9.714s] INFO:colcon.colcon_core.shell:Creating package script '/home/akash/new_ros_ws/install/gesture_pub_sub/share/gesture_pub_sub/package.bash'
[9.714s] INFO:colcon.colcon_core.shell:Creating package script '/home/akash/new_ros_ws/install/gesture_pub_sub/share/gesture_pub_sub/package.zsh'
[9.715s] Level 1:colcon.colcon_core.environment:create_file_with_runtime_dependencies(/home/akash/new_ros_ws/install/gesture_pub_sub/share/colcon-core/packages/gesture_pub_sub)
[9.715s] DEBUG:colcon.colcon_parallel_executor.executor.parallel:closing loop
[9.716s] DEBUG:colcon.colcon_parallel_executor.executor.parallel:loop closed
[9.716s] DEBUG:colcon.colcon_parallel_executor.executor.parallel:run_until_complete finished with '0'
[9.716s] DEBUG:colcon.colcon_core.event_reactor:joining thread
[9.900s] INFO:colcon.colcon_core.plugin_system:Skipping extension 'colcon_notification.desktop_notification.notify_send': Could not find 'notify-send'
[9.900s] INFO:colcon.colcon_core.plugin_system:Skipping extension 'colcon_notification.desktop_notification.terminal_notifier': Not used on non-Darwin systems
[9.900s] INFO:colcon.colcon_core.plugin_system:Skipping extension 'colcon_notification.desktop_notification.win32': Not used on non-Windows systems
[9.900s] INFO:colcon.colcon_notification.desktop_notification:Sending desktop notification using 'notify2'
[9.900s] DEBUG:colcon.colcon_notification.desktop_notification.notify2:Failed to initialize notify2: org.freedesktop.DBus.Error.FileNotFound: Failed to connect to socket /run/user/1000/bus: No such file or directory
[9.901s] DEBUG:colcon.colcon_core.event_reactor:joined thread
[9.925s] INFO:colcon.colcon_core.shell:Creating prefix script '/home/akash/new_ros_ws/install/local_setup.ps1'
[9.927s] INFO:colcon.colcon_core.shell:Creating prefix util module '/home/akash/new_ros_ws/install/_local_setup_util_ps1.py'
[9.928s] INFO:colcon.colcon_core.shell:Creating prefix chain script '/home/akash/new_ros_ws/install/setup.ps1'
[9.953s] INFO:colcon.colcon_core.shell:Creating prefix script '/home/akash/new_ros_ws/install/local_setup.sh'
[9.954s] INFO:colcon.colcon_core.shell:Creating prefix util module '/home/akash/new_ros_ws/install/_local_setup_util_sh.py'
[9.954s] INFO:colcon.colcon_core.shell:Creating prefix chain script '/home/akash/new_ros_ws/install/setup.sh'
[9.980s] INFO:colcon.colcon_core.shell:Creating prefix script '/home/akash/new_ros_ws/install/local_setup.bash'
[9.980s] INFO:colcon.colcon_core.shell:Creating prefix chain script '/home/akash/new_ros_ws/install/setup.bash'
[10.004s] INFO:colcon.colcon_core.shell:Creating prefix script '/home/akash/new_ros_ws/install/local_setup.zsh'
[10.005s] INFO:colcon.colcon_core.shell:Creating prefix chain script '/home/akash/new_ros_ws/install/setup.zsh'
