[2.497s] DEBUG:colcon:Command line arguments: ['/usr/bin/colcon', 'build']
[2.497s] DEBUG:colcon:Parsed command line arguments: Namespace(log_base=None, log_level=None, verb_name='build', build_base='build', install_base='install', merge_install=False, symlink_install=False, test_result_base=None, continue_on_error=False, executor='parallel', parallel_workers=12, event_handlers=None, ignore_user_meta=False, metas=['./colcon.meta'], base_paths=['.'], packages_ignore=None, packages_ignore_regex=None, paths=None, packages_up_to=None, packages_up_to_regex=None, packages_above=None, packages_above_and_dependencies=None, packages_above_depth=None, packages_select_by_dep=None, packages_skip_by_dep=None, packages_skip_up_to=None, packages_select_build_failed=False, packages_skip_build_finished=False, packages_select_test_failures=False, packages_skip_test_passed=False, packages_select=None, packages_skip=None, packages_select_regex=None, packages_skip_regex=None, packages_start=None, packages_end=None, allow_overriding=[], cmake_args=None, cmake_target=None, cmake_target_skip_unavailable=False, cmake_clean_cache=False, cmake_clean_first=False, cmake_force_configure=False, ament_cmake_args=None, catkin_cmake_args=None, catkin_skip_building_tests=False, verb_parser=<colcon_defaults.argument_parser.defaults.DefaultArgumentsDecorator object at 0x7f0c8139ab30>, verb_extension=<colcon_core.verb.build.BuildVerb object at 0x7f0c81367550>, main=<bound method BuildVerb.main of <colcon_core.verb.build.BuildVerb object at 0x7f0c81367550>>)
[2.624s] Level 1:colcon.colcon_core.package_discovery:discover_packages(colcon_meta) check parameters
[2.624s] Level 1:colcon.colcon_core.package_discovery:discover_packages(recursive) check parameters
[2.624s] Level 1:colcon.colcon_core.package_discovery:discover_packages(ignore) check parameters
[2.624s] Level 1:colcon.colcon_core.package_discovery:discover_packages(path) check parameters
[2.624s] Level 1:colcon.colcon_core.package_discovery:discover_packages(colcon_meta) discover
[2.625s] Level 1:colcon.colcon_core.package_discovery:discover_packages(recursive) discover
[2.625s] INFO:colcon.colcon_core.package_discovery:Crawling recursively for packages in '/home/akash/new_ros_ws'
[2.625s] Level 1:colcon.colcon_core.package_identification:_identify(.) by extensions ['ignore', 'ignore_ament_install']
[2.625s] Level 1:colcon.colcon_core.package_identification:_identify(.) by extension 'ignore'
[2.625s] Level 1:colcon.colcon_core.package_identification:_identify(.) by extension 'ignore_ament_install'
[2.625s] Level 1:colcon.colcon_core.package_identification:_identify(.) by extensions ['colcon_pkg']
[2.625s] Level 1:colcon.colcon_core.package_identification:_identify(.) by extension 'colcon_pkg'
[2.625s] Level 1:colcon.colcon_core.package_identification:_identify(.) by extensions ['colcon_meta']
[2.625s] Level 1:colcon.colcon_core.package_identification:_identify(.) by extension 'colcon_meta'
[2.625s] Level 1:colcon.colcon_core.package_identification:_identify(.) by extensions ['ros']
[2.625s] Level 1:colcon.colcon_core.package_identification:_identify(.) by extension 'ros'
[2.652s] Level 1:colcon.colcon_core.package_identification:_identify(.) by extensions ['cmake', 'python']
[2.652s] Level 1:colcon.colcon_core.package_identification:_identify(.) by extension 'cmake'
[2.652s] Level 1:colcon.colcon_core.package_identification:_identify(.) by extension 'python'
[2.652s] Level 1:colcon.colcon_core.package_identification:_identify(.) by extensions ['python_setup_py']
[2.652s] Level 1:colcon.colcon_core.package_identification:_identify(.) by extension 'python_setup_py'
[2.652s] Level 1:colcon.colcon_core.package_identification:_identify(build) by extensions ['ignore', 'ignore_ament_install']
[2.652s] Level 1:colcon.colcon_core.package_identification:_identify(build) by extension 'ignore'
[2.652s] Level 1:colcon.colcon_core.package_identification:_identify(build) ignored
[2.653s] Level 1:colcon.colcon_core.package_identification:_identify(install) by extensions ['ignore', 'ignore_ament_install']
[2.653s] Level 1:colcon.colcon_core.package_identification:_identify(install) by extension 'ignore'
[2.653s] Level 1:colcon.colcon_core.package_identification:_identify(install) ignored
[2.653s] Level 1:colcon.colcon_core.package_identification:_identify(log) by extensions ['ignore', 'ignore_ament_install']
[2.653s] Level 1:colcon.colcon_core.package_identification:_identify(log) by extension 'ignore'
[2.653s] Level 1:colcon.colcon_core.package_identification:_identify(log) ignored
[2.653s] Level 1:colcon.colcon_core.package_identification:_identify(src) by extensions ['ignore', 'ignore_ament_install']
[2.654s] Level 1:colcon.colcon_core.package_identification:_identify(src) by extension 'ignore'
[2.654s] Level 1:colcon.colcon_core.package_identification:_identify(src) by extension 'ignore_ament_install'
[2.654s] Level 1:colcon.colcon_core.package_identification:_identify(src) by extensions ['colcon_pkg']
[2.654s] Level 1:colcon.colcon_core.package_identification:_identify(src) by extension 'colcon_pkg'
[2.654s] Level 1:colcon.colcon_core.package_identification:_identify(src) by extensions ['colcon_meta']
[2.654s] Level 1:colcon.colcon_core.package_identification:_identify(src) by extension 'colcon_meta'
[2.654s] Level 1:colcon.colcon_core.package_identification:_identify(src) by extensions ['ros']
[2.654s] Level 1:colcon.colcon_core.package_identification:_identify(src) by extension 'ros'
[2.654s] Level 1:colcon.colcon_core.package_identification:_identify(src) by extensions ['cmake', 'python']
[2.654s] Level 1:colcon.colcon_core.package_identification:_identify(src) by extension 'cmake'
[2.654s] Level 1:colcon.colcon_core.package_identification:_identify(src) by extension 'python'
[2.654s] Level 1:colcon.colcon_core.package_identification:_identify(src) by extensions ['python_setup_py']
[2.654s] Level 1:colcon.colcon_core.package_identification:_identify(src) by extension 'python_setup_py'
[2.655s] Level 1:colcon.colcon_core.package_identification:_identify(src/cam_interface) by extensions ['ignore', 'ignore_ament_install']
[2.655s] Level 1:colcon.colcon_core.package_identification:_identify(src/cam_interface) by extension 'ignore'
[2.655s] Level 1:colcon.colcon_core.package_identification:_identify(src/cam_interface) by extension 'ignore_ament_install'
[2.655s] Level 1:colcon.colcon_core.package_identification:_identify(src/cam_interface) by extensions ['colcon_pkg']
[2.655s] Level 1:colcon.colcon_core.package_identification:_identify(src/cam_interface) by extension 'colcon_pkg'
[2.655s] Level 1:colcon.colcon_core.package_identification:_identify(src/cam_interface) by extensions ['colcon_meta']
[2.655s] Level 1:colcon.colcon_core.package_identification:_identify(src/cam_interface) by extension 'colcon_meta'
[2.655s] Level 1:colcon.colcon_core.package_identification:_identify(src/cam_interface) by extensions ['ros']
[2.655s] Level 1:colcon.colcon_core.package_identification:_identify(src/cam_interface) by extension 'ros'
[2.660s] DEBUG:colcon.colcon_core.package_identification:Package 'src/cam_interface' with type 'ros.ament_cmake' and name 'cam_interface'
[2.660s] Level 1:colcon.colcon_core.package_identification:_identify(src/cam_pub_sub) by extensions ['ignore', 'ignore_ament_install']
[2.661s] Level 1:colcon.colcon_core.package_identification:_identify(src/cam_pub_sub) by extension 'ignore'
[2.661s] Level 1:colcon.colcon_core.package_identification:_identify(src/cam_pub_sub) by extension 'ignore_ament_install'
[2.661s] Level 1:colcon.colcon_core.package_identification:_identify(src/cam_pub_sub) by extensions ['colcon_pkg']
[2.661s] Level 1:colcon.colcon_core.package_identification:_identify(src/cam_pub_sub) by extension 'colcon_pkg'
[2.661s] Level 1:colcon.colcon_core.package_identification:_identify(src/cam_pub_sub) by extensions ['colcon_meta']
[2.662s] Level 1:colcon.colcon_core.package_identification:_identify(src/cam_pub_sub) by extension 'colcon_meta'
[2.662s] Level 1:colcon.colcon_core.package_identification:_identify(src/cam_pub_sub) by extensions ['ros']
[2.662s] Level 1:colcon.colcon_core.package_identification:_identify(src/cam_pub_sub) by extension 'ros'
[2.665s] DEBUG:colcon.colcon_core.package_identification:Package 'src/cam_pub_sub' with type 'ros.ament_python' and name 'cam_pub_sub'
[2.665s] Level 1:colcon.colcon_core.package_identification:_identify(src/gesture_interface) by extensions ['ignore', 'ignore_ament_install']
[2.665s] Level 1:colcon.colcon_core.package_identification:_identify(src/gesture_interface) by extension 'ignore'
[2.666s] Level 1:colcon.colcon_core.package_identification:_identify(src/gesture_interface) by extension 'ignore_ament_install'
[2.666s] Level 1:colcon.colcon_core.package_identification:_identify(src/gesture_interface) by extensions ['colcon_pkg']
[2.666s] Level 1:colcon.colcon_core.package_identification:_identify(src/gesture_interface) by extension 'colcon_pkg'
[2.666s] Level 1:colcon.colcon_core.package_identification:_identify(src/gesture_interface) by extensions ['colcon_meta']
[2.666s] Level 1:colcon.colcon_core.package_identification:_identify(src/gesture_interface) by extension 'colcon_meta'
[2.666s] Level 1:colcon.colcon_core.package_identification:_identify(src/gesture_interface) by extensions ['ros']
[2.667s] Level 1:colcon.colcon_core.package_identification:_identify(src/gesture_interface) by extension 'ros'
[2.668s] DEBUG:colcon.colcon_core.package_identification:Package 'src/gesture_interface' with type 'ros.ament_cmake' and name 'gesture_interface'
[2.668s] Level 1:colcon.colcon_core.package_identification:_identify(src/gesture_pub_sub) by extensions ['ignore', 'ignore_ament_install']
[2.669s] Level 1:colcon.colcon_core.package_identification:_identify(src/gesture_pub_sub) by extension 'ignore'
[2.669s] Level 1:colcon.colcon_core.package_identification:_identify(src/gesture_pub_sub) by extension 'ignore_ament_install'
[2.669s] Level 1:colcon.colcon_core.package_identification:_identify(src/gesture_pub_sub) by extensions ['colcon_pkg']
[2.669s] Level 1:colcon.colcon_core.package_identification:_identify(src/gesture_pub_sub) by extension 'colcon_pkg'
[2.669s] Level 1:colcon.colcon_core.package_identification:_identify(src/gesture_pub_sub) by extensions ['colcon_meta']
[2.669s] Level 1:colcon.colcon_core.package_identification:_identify(src/gesture_pub_sub) by extension 'colcon_meta'
[2.669s] Level 1:colcon.colcon_core.package_identification:_identify(src/gesture_pub_sub) by extensions ['ros']
[2.670s] Level 1:colcon.colcon_core.package_identification:_identify(src/gesture_pub_sub) by extension 'ros'
[2.673s] DEBUG:colcon.colcon_core.package_identification:Package 'src/gesture_pub_sub' with type 'ros.ament_python' and name 'gesture_pub_sub'
[2.673s] Level 1:colcon.colcon_core.package_identification:_identify(video) by extensions ['ignore', 'ignore_ament_install']
[2.673s] Level 1:colcon.colcon_core.package_identification:_identify(video) by extension 'ignore'
[2.673s] Level 1:colcon.colcon_core.package_identification:_identify(video) by extension 'ignore_ament_install'
[2.674s] Level 1:colcon.colcon_core.package_identification:_identify(video) by extensions ['colcon_pkg']
[2.674s] Level 1:colcon.colcon_core.package_identification:_identify(video) by extension 'colcon_pkg'
[2.674s] Level 1:colcon.colcon_core.package_identification:_identify(video) by extensions ['colcon_meta']
[2.674s] Level 1:colcon.colcon_core.package_identification:_identify(video) by extension 'colcon_meta'
[2.674s] Level 1:colcon.colcon_core.package_identification:_identify(video) by extensions ['ros']
[2.674s] Level 1:colcon.colcon_core.package_identification:_identify(video) by extension 'ros'
[2.674s] Level 1:colcon.colcon_core.package_identification:_identify(video) by extensions ['cmake', 'python']
[2.674s] Level 1:colcon.colcon_core.package_identification:_identify(video) by extension 'cmake'
[2.675s] Level 1:colcon.colcon_core.package_identification:_identify(video) by extension 'python'
[2.675s] Level 1:colcon.colcon_core.package_identification:_identify(video) by extensions ['python_setup_py']
[2.675s] Level 1:colcon.colcon_core.package_identification:_identify(video) by extension 'python_setup_py'
[2.675s] Level 1:colcon.colcon_core.package_discovery:discover_packages(recursive) using defaults
[2.675s] Level 1:colcon.colcon_core.package_discovery:discover_packages(ignore) discover
[2.675s] Level 1:colcon.colcon_core.package_discovery:discover_packages(ignore) using defaults
[2.675s] Level 1:colcon.colcon_core.package_discovery:discover_packages(path) discover
[2.675s] Level 1:colcon.colcon_core.package_discovery:discover_packages(path) using defaults
[2.888s] Level 1:colcon.colcon_core.package_discovery:discover_packages(prefix_path) check parameters
[2.888s] Level 1:colcon.colcon_core.package_discovery:discover_packages(prefix_path) discover
[2.967s] DEBUG:colcon.colcon_installed_package_information.package_discovery:Found 4 installed packages in /home/akash/new_ros_ws/install
[3.002s] DEBUG:colcon.colcon_installed_package_information.package_discovery:Found 270 installed packages in /opt/ros/humble
[3.004s] Level 1:colcon.colcon_core.package_discovery:discover_packages(prefix_path) using defaults
[3.226s] Level 5:colcon.colcon_core.verb:set package 'cam_interface' build argument 'cmake_args' from command line to 'None'
[3.226s] Level 5:colcon.colcon_core.verb:set package 'cam_interface' build argument 'cmake_target' from command line to 'None'
[3.226s] Level 5:colcon.colcon_core.verb:set package 'cam_interface' build argument 'cmake_target_skip_unavailable' from command line to 'False'
[3.226s] Level 5:colcon.colcon_core.verb:set package 'cam_interface' build argument 'cmake_clean_cache' from command line to 'False'
[3.226s] Level 5:colcon.colcon_core.verb:set package 'cam_interface' build argument 'cmake_clean_first' from command line to 'False'
[3.226s] Level 5:colcon.colcon_core.verb:set package 'cam_interface' build argument 'cmake_force_configure' from command line to 'False'
[3.226s] Level 5:colcon.colcon_core.verb:set package 'cam_interface' build argument 'ament_cmake_args' from command line to 'None'
[3.226s] Level 5:colcon.colcon_core.verb:set package 'cam_interface' build argument 'catkin_cmake_args' from command line to 'None'
[3.226s] Level 5:colcon.colcon_core.verb:set package 'cam_interface' build argument 'catkin_skip_building_tests' from command line to 'False'
[3.226s] DEBUG:colcon.colcon_core.verb:Building package 'cam_interface' with the following arguments: {'ament_cmake_args': None, 'build_base': '/home/akash/new_ros_ws/build/cam_interface', 'catkin_cmake_args': None, 'catkin_skip_building_tests': False, 'cmake_args': None, 'cmake_clean_cache': False, 'cmake_clean_first': False, 'cmake_force_configure': False, 'cmake_target': None, 'cmake_target_skip_unavailable': False, 'install_base': '/home/akash/new_ros_ws/install/cam_interface', 'merge_install': False, 'path': '/home/akash/new_ros_ws/src/cam_interface', 'symlink_install': False, 'test_result_base': None}
[3.252s] Level 5:colcon.colcon_core.verb:set package 'gesture_interface' build argument 'cmake_args' from command line to 'None'
[3.252s] Level 5:colcon.colcon_core.verb:set package 'gesture_interface' build argument 'cmake_target' from command line to 'None'
[3.252s] Level 5:colcon.colcon_core.verb:set package 'gesture_interface' build argument 'cmake_target_skip_unavailable' from command line to 'False'
[3.252s] Level 5:colcon.colcon_core.verb:set package 'gesture_interface' build argument 'cmake_clean_cache' from command line to 'False'
[3.252s] Level 5:colcon.colcon_core.verb:set package 'gesture_interface' build argument 'cmake_clean_first' from command line to 'False'
[3.252s] Level 5:colcon.colcon_core.verb:set package 'gesture_interface' build argument 'cmake_force_configure' from command line to 'False'
[3.252s] Level 5:colcon.colcon_core.verb:set package 'gesture_interface' build argument 'ament_cmake_args' from command line to 'None'
[3.252s] Level 5:colcon.colcon_core.verb:set package 'gesture_interface' build argument 'catkin_cmake_args' from command line to 'None'
[3.252s] Level 5:colcon.colcon_core.verb:set package 'gesture_interface' build argument 'catkin_skip_building_tests' from command line to 'False'
[3.252s] DEBUG:colcon.colcon_core.verb:Building package 'gesture_interface' with the following arguments: {'ament_cmake_args': None, 'build_base': '/home/akash/new_ros_ws/build/gesture_interface', 'catkin_cmake_args': None, 'catkin_skip_building_tests': False, 'cmake_args': None, 'cmake_clean_cache': False, 'cmake_clean_first': False, 'cmake_force_configure': False, 'cmake_target': None, 'cmake_target_skip_unavailable': False, 'install_base': '/home/akash/new_ros_ws/install/gesture_interface', 'merge_install': False, 'path': '/home/akash/new_ros_ws/src/gesture_interface', 'symlink_install': False, 'test_result_base': None}
[3.278s] Level 5:colcon.colcon_core.verb:set package 'cam_pub_sub' build argument 'cmake_args' from command line to 'None'
[3.278s] Level 5:colcon.colcon_core.verb:set package 'cam_pub_sub' build argument 'cmake_target' from command line to 'None'
[3.278s] Level 5:colcon.colcon_core.verb:set package 'cam_pub_sub' build argument 'cmake_target_skip_unavailable' from command line to 'False'
[3.278s] Level 5:colcon.colcon_core.verb:set package 'cam_pub_sub' build argument 'cmake_clean_cache' from command line to 'False'
[3.278s] Level 5:colcon.colcon_core.verb:set package 'cam_pub_sub' build argument 'cmake_clean_first' from command line to 'False'
[3.278s] Level 5:colcon.colcon_core.verb:set package 'cam_pub_sub' build argument 'cmake_force_configure' from command line to 'False'
[3.278s] Level 5:colcon.colcon_core.verb:set package 'cam_pub_sub' build argument 'ament_cmake_args' from command line to 'None'
[3.278s] Level 5:colcon.colcon_core.verb:set package 'cam_pub_sub' build argument 'catkin_cmake_args' from command line to 'None'
[3.279s] Level 5:colcon.colcon_core.verb:set package 'cam_pub_sub' build argument 'catkin_skip_building_tests' from command line to 'False'
[3.279s] DEBUG:colcon.colcon_core.verb:Building package 'cam_pub_sub' with the following arguments: {'ament_cmake_args': None, 'build_base': '/home/akash/new_ros_ws/build/cam_pub_sub', 'catkin_cmake_args': None, 'catkin_skip_building_tests': False, 'cmake_args': None, 'cmake_clean_cache': False, 'cmake_clean_first': False, 'cmake_force_configure': False, 'cmake_target': None, 'cmake_target_skip_unavailable': False, 'install_base': '/home/akash/new_ros_ws/install/cam_pub_sub', 'merge_install': False, 'path': '/home/akash/new_ros_ws/src/cam_pub_sub', 'symlink_install': False, 'test_result_base': None}
[3.309s] Level 5:colcon.colcon_core.verb:set package 'gesture_pub_sub' build argument 'cmake_args' from command line to 'None'
[3.309s] Level 5:colcon.colcon_core.verb:set package 'gesture_pub_sub' build argument 'cmake_target' from command line to 'None'
[3.309s] Level 5:colcon.colcon_core.verb:set package 'gesture_pub_sub' build argument 'cmake_target_skip_unavailable' from command line to 'False'
[3.309s] Level 5:colcon.colcon_core.verb:set package 'gesture_pub_sub' build argument 'cmake_clean_cache' from command line to 'False'
[3.309s] Level 5:colcon.colcon_core.verb:set package 'gesture_pub_sub' build argument 'cmake_clean_first' from command line to 'False'
[3.309s] Level 5:colcon.colcon_core.verb:set package 'gesture_pub_sub' build argument 'cmake_force_configure' from command line to 'False'
[3.309s] Level 5:colcon.colcon_core.verb:set package 'gesture_pub_sub' build argument 'ament_cmake_args' from command line to 'None'
[3.309s] Level 5:colcon.colcon_core.verb:set package 'gesture_pub_sub' build argument 'catkin_cmake_args' from command line to 'None'
[3.309s] Level 5:colcon.colcon_core.verb:set package 'gesture_pub_sub' build argument 'catkin_skip_building_tests' from command line to 'False'
[3.309s] DEBUG:colcon.colcon_core.verb:Building package 'gesture_pub_sub' with the following arguments: {'ament_cmake_args': None, 'build_base': '/home/akash/new_ros_ws/build/gesture_pub_sub', 'catkin_cmake_args': None, 'catkin_skip_building_tests': False, 'cmake_args': None, 'cmake_clean_cache': False, 'cmake_clean_first': False, 'cmake_force_configure': False, 'cmake_target': None, 'cmake_target_skip_unavailable': False, 'install_base': '/home/akash/new_ros_ws/install/gesture_pub_sub', 'merge_install': False, 'path': '/home/akash/new_ros_ws/src/gesture_pub_sub', 'symlink_install': False, 'test_result_base': None}
[3.336s] INFO:colcon.colcon_core.executor:Executing jobs using 'parallel' executor
[3.362s] DEBUG:colcon.colcon_parallel_executor.executor.parallel:run_until_complete
[3.363s] INFO:colcon.colcon_ros.task.ament_cmake.build:Building ROS package in '/home/akash/new_ros_ws/src/cam_interface' with build type 'ament_cmake'
[3.363s] INFO:colcon.colcon_cmake.task.cmake.build:Building CMake package in '/home/akash/new_ros_ws/src/cam_interface'
[3.401s] INFO:colcon.colcon_core.plugin_system:Skipping extension 'colcon_core.shell.bat': Not used on non-Windows systems
[3.401s] INFO:colcon.colcon_core.shell:Skip shell extension 'powershell' for command environment: Not usable outside of PowerShell
[3.401s] DEBUG:colcon.colcon_core.shell:Skip shell extension 'dsv' for command environment
[3.532s] INFO:colcon.colcon_ros.task.ament_cmake.build:Building ROS package in '/home/akash/new_ros_ws/src/gesture_interface' with build type 'ament_cmake'
[3.533s] INFO:colcon.colcon_cmake.task.cmake.build:Building CMake package in '/home/akash/new_ros_ws/src/gesture_interface'
[3.566s] INFO:colcon.colcon_core.shell:Skip shell extension 'powershell' for command environment: Not usable outside of PowerShell
[3.567s] DEBUG:colcon.colcon_core.shell:Skip shell extension 'dsv' for command environment
[3.696s] DEBUG:colcon.colcon_core.event_handler.log_command:Invoking command in '/home/akash/new_ros_ws/build/cam_interface': CMAKE_PREFIX_PATH=${CMAKE_PREFIX_PATH}:/home/akash/new_ros_ws/install/gesture_pub_sub:/home/akash/new_ros_ws/install/cam_pub_sub:/opt/ros/humble /usr/bin/cmake --build /home/akash/new_ros_ws/build/cam_interface -- -j12 -l12
[3.704s] DEBUG:colcon.colcon_core.event_handler.log_command:Invoking command in '/home/akash/new_ros_ws/build/gesture_interface': CMAKE_PREFIX_PATH=${CMAKE_PREFIX_PATH}:/home/akash/new_ros_ws/install/gesture_pub_sub:/home/akash/new_ros_ws/install/cam_pub_sub:/opt/ros/humble /usr/bin/cmake --build /home/akash/new_ros_ws/build/gesture_interface -- -j12 -l12
[4.605s] DEBUG:colcon.colcon_core.event_handler.log_command:Invoked command in '/home/akash/new_ros_ws/build/cam_interface' returned '0': CMAKE_PREFIX_PATH=${CMAKE_PREFIX_PATH}:/home/akash/new_ros_ws/install/gesture_pub_sub:/home/akash/new_ros_ws/install/cam_pub_sub:/opt/ros/humble /usr/bin/cmake --build /home/akash/new_ros_ws/build/cam_interface -- -j12 -l12
[4.646s] DEBUG:colcon.colcon_core.event_handler.log_command:Invoked command in '/home/akash/new_ros_ws/build/gesture_interface' returned '0': CMAKE_PREFIX_PATH=${CMAKE_PREFIX_PATH}:/home/akash/new_ros_ws/install/gesture_pub_sub:/home/akash/new_ros_ws/install/cam_pub_sub:/opt/ros/humble /usr/bin/cmake --build /home/akash/new_ros_ws/build/gesture_interface -- -j12 -l12
[4.766s] DEBUG:colcon.colcon_core.event_handler.log_command:Invoking command in '/home/akash/new_ros_ws/build/cam_interface': CMAKE_PREFIX_PATH=${CMAKE_PREFIX_PATH}:/home/akash/new_ros_ws/install/gesture_pub_sub:/home/akash/new_ros_ws/install/cam_pub_sub:/opt/ros/humble /usr/bin/cmake --install /home/akash/new_ros_ws/build/cam_interface
[4.775s] DEBUG:colcon.colcon_core.event_handler.log_command:Invoking command in '/home/akash/new_ros_ws/build/gesture_interface': CMAKE_PREFIX_PATH=${CMAKE_PREFIX_PATH}:/home/akash/new_ros_ws/install/gesture_pub_sub:/home/akash/new_ros_ws/install/cam_pub_sub:/opt/ros/humble /usr/bin/cmake --install /home/akash/new_ros_ws/build/gesture_interface
[4.899s] Level 1:colcon.colcon_core.environment:create_environment_scripts_only(cam_interface)
[4.925s] DEBUG:colcon.colcon_core.event_handler.log_command:Invoked command in '/home/akash/new_ros_ws/build/cam_interface' returned '0': CMAKE_PREFIX_PATH=${CMAKE_PREFIX_PATH}:/home/akash/new_ros_ws/install/gesture_pub_sub:/home/akash/new_ros_ws/install/cam_pub_sub:/opt/ros/humble /usr/bin/cmake --install /home/akash/new_ros_ws/build/cam_interface
[4.963s] Level 1:colcon.colcon_core.environment:checking '/home/akash/new_ros_ws/install/cam_interface' for CMake module files
[4.965s] Level 1:colcon.colcon_core.environment:checking '/home/akash/new_ros_ws/install/cam_interface' for CMake config files
[4.965s] Level 1:colcon.colcon_core.shell:create_environment_hook('cam_interface', 'cmake_prefix_path')
[4.993s] INFO:colcon.colcon_core.shell:Creating environment hook '/home/akash/new_ros_ws/install/cam_interface/share/cam_interface/hook/cmake_prefix_path.ps1'
[4.994s] INFO:colcon.colcon_core.shell:Creating environment descriptor '/home/akash/new_ros_ws/install/cam_interface/share/cam_interface/hook/cmake_prefix_path.dsv'
[5.000s] INFO:colcon.colcon_core.shell:Creating environment hook '/home/akash/new_ros_ws/install/cam_interface/share/cam_interface/hook/cmake_prefix_path.sh'
[5.003s] Level 1:colcon.colcon_core.environment:checking '/home/akash/new_ros_ws/install/cam_interface/lib'
[5.004s] Level 1:colcon.colcon_core.shell:create_environment_hook('cam_interface', 'ld_library_path_lib')
[5.045s] INFO:colcon.colcon_core.shell:Creating environment hook '/home/akash/new_ros_ws/install/cam_interface/share/cam_interface/hook/ld_library_path_lib.ps1'
[5.046s] INFO:colcon.colcon_core.shell:Creating environment descriptor '/home/akash/new_ros_ws/install/cam_interface/share/cam_interface/hook/ld_library_path_lib.dsv'
[5.047s] INFO:colcon.colcon_core.shell:Creating environment hook '/home/akash/new_ros_ws/install/cam_interface/share/cam_interface/hook/ld_library_path_lib.sh'
[5.047s] Level 1:colcon.colcon_core.environment:checking '/home/akash/new_ros_ws/install/cam_interface/bin'
[5.048s] Level 1:colcon.colcon_core.environment:checking '/home/akash/new_ros_ws/install/cam_interface/lib/pkgconfig/cam_interface.pc'
[5.048s] Level 1:colcon.colcon_core.environment:checking '/home/akash/new_ros_ws/install/cam_interface/lib/python3.10/site-packages'
[5.049s] Level 1:colcon.colcon_core.environment:checking '/home/akash/new_ros_ws/install/cam_interface/bin'
[5.092s] INFO:colcon.colcon_core.shell:Creating package script '/home/akash/new_ros_ws/install/cam_interface/share/cam_interface/package.ps1'
[5.093s] INFO:colcon.colcon_core.shell:Creating package descriptor '/home/akash/new_ros_ws/install/cam_interface/share/cam_interface/package.dsv'
[5.094s] INFO:colcon.colcon_core.shell:Creating package script '/home/akash/new_ros_ws/install/cam_interface/share/cam_interface/package.sh'
[5.095s] INFO:colcon.colcon_core.shell:Creating package script '/home/akash/new_ros_ws/install/cam_interface/share/cam_interface/package.bash'
[5.096s] INFO:colcon.colcon_core.shell:Creating package script '/home/akash/new_ros_ws/install/cam_interface/share/cam_interface/package.zsh'
[5.097s] Level 1:colcon.colcon_core.environment:create_file_with_runtime_dependencies(/home/akash/new_ros_ws/install/cam_interface/share/colcon-core/packages/cam_interface)
[5.099s] Level 1:colcon.colcon_core.environment:create_environment_scripts_only(gesture_interface)
[5.100s] DEBUG:colcon.colcon_core.event_handler.log_command:Invoked command in '/home/akash/new_ros_ws/build/gesture_interface' returned '0': CMAKE_PREFIX_PATH=${CMAKE_PREFIX_PATH}:/home/akash/new_ros_ws/install/gesture_pub_sub:/home/akash/new_ros_ws/install/cam_pub_sub:/opt/ros/humble /usr/bin/cmake --install /home/akash/new_ros_ws/build/gesture_interface
[5.136s] Level 1:colcon.colcon_core.environment:checking '/home/akash/new_ros_ws/install/gesture_interface' for CMake module files
[5.137s] Level 1:colcon.colcon_core.environment:checking '/home/akash/new_ros_ws/install/gesture_interface' for CMake config files
[5.137s] Level 1:colcon.colcon_core.shell:create_environment_hook('gesture_interface', 'cmake_prefix_path')
[5.170s] INFO:colcon.colcon_core.shell:Creating environment hook '/home/akash/new_ros_ws/install/gesture_interface/share/gesture_interface/hook/cmake_prefix_path.ps1'
[5.171s] INFO:colcon.colcon_core.shell:Creating environment descriptor '/home/akash/new_ros_ws/install/gesture_interface/share/gesture_interface/hook/cmake_prefix_path.dsv'
[5.172s] INFO:colcon.colcon_core.shell:Creating environment hook '/home/akash/new_ros_ws/install/gesture_interface/share/gesture_interface/hook/cmake_prefix_path.sh'
[5.172s] Level 1:colcon.colcon_core.environment:checking '/home/akash/new_ros_ws/install/gesture_interface/lib'
[5.173s] Level 1:colcon.colcon_core.shell:create_environment_hook('gesture_interface', 'ld_library_path_lib')
[5.223s] INFO:colcon.colcon_core.shell:Creating environment hook '/home/akash/new_ros_ws/install/gesture_interface/share/gesture_interface/hook/ld_library_path_lib.ps1'
[5.224s] INFO:colcon.colcon_core.shell:Creating environment descriptor '/home/akash/new_ros_ws/install/gesture_interface/share/gesture_interface/hook/ld_library_path_lib.dsv'
[5.225s] INFO:colcon.colcon_core.shell:Creating environment hook '/home/akash/new_ros_ws/install/gesture_interface/share/gesture_interface/hook/ld_library_path_lib.sh'
[5.225s] Level 1:colcon.colcon_core.environment:checking '/home/akash/new_ros_ws/install/gesture_interface/bin'
[5.226s] Level 1:colcon.colcon_core.environment:checking '/home/akash/new_ros_ws/install/gesture_interface/lib/pkgconfig/gesture_interface.pc'
[5.226s] Level 1:colcon.colcon_core.environment:checking '/home/akash/new_ros_ws/install/gesture_interface/lib/python3.10/site-packages'
[5.227s] Level 1:colcon.colcon_core.environment:checking '/home/akash/new_ros_ws/install/gesture_interface/bin'
[5.271s] INFO:colcon.colcon_core.shell:Creating package script '/home/akash/new_ros_ws/install/gesture_interface/share/gesture_interface/package.ps1'
[5.272s] INFO:colcon.colcon_core.shell:Creating package descriptor '/home/akash/new_ros_ws/install/gesture_interface/share/gesture_interface/package.dsv'
[5.273s] INFO:colcon.colcon_core.shell:Creating package script '/home/akash/new_ros_ws/install/gesture_interface/share/gesture_interface/package.sh'
[5.273s] INFO:colcon.colcon_core.shell:Creating package script '/home/akash/new_ros_ws/install/gesture_interface/share/gesture_interface/package.bash'
[5.274s] INFO:colcon.colcon_core.shell:Creating package script '/home/akash/new_ros_ws/install/gesture_interface/share/gesture_interface/package.zsh'
[5.274s] Level 1:colcon.colcon_core.environment:create_file_with_runtime_dependencies(/home/akash/new_ros_ws/install/gesture_interface/share/colcon-core/packages/gesture_interface)
[5.306s] Level 1:colcon.colcon_core.environment:create_environment_scripts_only(cam_interface)
[5.360s] Level 1:colcon.colcon_core.environment:checking '/home/akash/new_ros_ws/install/cam_interface' for CMake module files
[5.360s] Level 1:colcon.colcon_core.environment:checking '/home/akash/new_ros_ws/install/cam_interface' for CMake config files
[5.361s] Level 1:colcon.colcon_core.shell:create_environment_hook('cam_interface', 'cmake_prefix_path')
[5.399s] INFO:colcon.colcon_core.shell:Creating environment hook '/home/akash/new_ros_ws/install/cam_interface/share/cam_interface/hook/cmake_prefix_path.ps1'
[5.400s] INFO:colcon.colcon_core.shell:Creating environment descriptor '/home/akash/new_ros_ws/install/cam_interface/share/cam_interface/hook/cmake_prefix_path.dsv'
[5.400s] INFO:colcon.colcon_core.shell:Creating environment hook '/home/akash/new_ros_ws/install/cam_interface/share/cam_interface/hook/cmake_prefix_path.sh'
[5.401s] Level 1:colcon.colcon_core.environment:checking '/home/akash/new_ros_ws/install/cam_interface/lib'
[5.401s] Level 1:colcon.colcon_core.shell:create_environment_hook('cam_interface', 'ld_library_path_lib')
[5.448s] INFO:colcon.colcon_core.shell:Creating environment hook '/home/akash/new_ros_ws/install/cam_interface/share/cam_interface/hook/ld_library_path_lib.ps1'
[5.448s] INFO:colcon.colcon_core.shell:Creating environment descriptor '/home/akash/new_ros_ws/install/cam_interface/share/cam_interface/hook/ld_library_path_lib.dsv'
[5.449s] INFO:colcon.colcon_core.shell:Creating environment hook '/home/akash/new_ros_ws/install/cam_interface/share/cam_interface/hook/ld_library_path_lib.sh'
[5.450s] Level 1:colcon.colcon_core.environment:checking '/home/akash/new_ros_ws/install/cam_interface/bin'
[5.450s] Level 1:colcon.colcon_core.environment:checking '/home/akash/new_ros_ws/install/cam_interface/lib/pkgconfig/cam_interface.pc'
[5.451s] Level 1:colcon.colcon_core.environment:checking '/home/akash/new_ros_ws/install/cam_interface/lib/python3.10/site-packages'
[5.452s] Level 1:colcon.colcon_core.environment:checking '/home/akash/new_ros_ws/install/cam_interface/bin'
[5.488s] INFO:colcon.colcon_core.shell:Creating package script '/home/akash/new_ros_ws/install/cam_interface/share/cam_interface/package.ps1'
[5.489s] INFO:colcon.colcon_core.shell:Creating package descriptor '/home/akash/new_ros_ws/install/cam_interface/share/cam_interface/package.dsv'
[5.490s] INFO:colcon.colcon_core.shell:Creating package script '/home/akash/new_ros_ws/install/cam_interface/share/cam_interface/package.sh'
[5.491s] INFO:colcon.colcon_core.shell:Creating package script '/home/akash/new_ros_ws/install/cam_interface/share/cam_interface/package.bash'
[5.491s] INFO:colcon.colcon_core.shell:Creating package script '/home/akash/new_ros_ws/install/cam_interface/share/cam_interface/package.zsh'
[5.492s] Level 1:colcon.colcon_core.environment:create_file_with_runtime_dependencies(/home/akash/new_ros_ws/install/cam_interface/share/colcon-core/packages/cam_interface)
[5.493s] INFO:colcon.colcon_ros.task.ament_python.build:Building ROS package in '/home/akash/new_ros_ws/src/cam_pub_sub' with build type 'ament_python'
[5.494s] Level 1:colcon.colcon_core.shell:create_environment_hook('cam_pub_sub', 'ament_prefix_path')
[5.526s] INFO:colcon.colcon_core.shell:Creating environment hook '/home/akash/new_ros_ws/install/cam_pub_sub/share/cam_pub_sub/hook/ament_prefix_path.ps1'
[5.527s] INFO:colcon.colcon_core.shell:Creating environment descriptor '/home/akash/new_ros_ws/install/cam_pub_sub/share/cam_pub_sub/hook/ament_prefix_path.dsv'
[5.528s] INFO:colcon.colcon_core.shell:Creating environment hook '/home/akash/new_ros_ws/install/cam_pub_sub/share/cam_pub_sub/hook/ament_prefix_path.sh'
[5.564s] INFO:colcon.colcon_core.shell:Skip shell extension 'powershell' for command environment: Not usable outside of PowerShell
[5.564s] DEBUG:colcon.colcon_core.shell:Skip shell extension 'dsv' for command environment
[5.724s] Level 1:colcon.colcon_core.environment:create_environment_scripts_only(gesture_interface)
[5.756s] Level 1:colcon.colcon_core.environment:checking '/home/akash/new_ros_ws/install/gesture_interface' for CMake module files
[5.758s] Level 1:colcon.colcon_core.environment:checking '/home/akash/new_ros_ws/install/gesture_interface' for CMake config files
[5.759s] Level 1:colcon.colcon_core.shell:create_environment_hook('gesture_interface', 'cmake_prefix_path')
[5.799s] INFO:colcon.colcon_core.shell:Creating environment hook '/home/akash/new_ros_ws/install/gesture_interface/share/gesture_interface/hook/cmake_prefix_path.ps1'
[5.800s] INFO:colcon.colcon_core.shell:Creating environment descriptor '/home/akash/new_ros_ws/install/gesture_interface/share/gesture_interface/hook/cmake_prefix_path.dsv'
[5.800s] INFO:colcon.colcon_core.shell:Creating environment hook '/home/akash/new_ros_ws/install/gesture_interface/share/gesture_interface/hook/cmake_prefix_path.sh'
[5.801s] Level 1:colcon.colcon_core.environment:checking '/home/akash/new_ros_ws/install/gesture_interface/lib'
[5.801s] Level 1:colcon.colcon_core.shell:create_environment_hook('gesture_interface', 'ld_library_path_lib')
[5.861s] INFO:colcon.colcon_core.shell:Creating environment hook '/home/akash/new_ros_ws/install/gesture_interface/share/gesture_interface/hook/ld_library_path_lib.ps1'
[5.862s] INFO:colcon.colcon_core.shell:Creating environment descriptor '/home/akash/new_ros_ws/install/gesture_interface/share/gesture_interface/hook/ld_library_path_lib.dsv'
[5.863s] INFO:colcon.colcon_core.shell:Creating environment hook '/home/akash/new_ros_ws/install/gesture_interface/share/gesture_interface/hook/ld_library_path_lib.sh'
[5.864s] Level 1:colcon.colcon_core.environment:checking '/home/akash/new_ros_ws/install/gesture_interface/bin'
[5.864s] Level 1:colcon.colcon_core.environment:checking '/home/akash/new_ros_ws/install/gesture_interface/lib/pkgconfig/gesture_interface.pc'
[5.865s] Level 1:colcon.colcon_core.environment:checking '/home/akash/new_ros_ws/install/gesture_interface/lib/python3.10/site-packages'
[5.865s] Level 1:colcon.colcon_core.environment:checking '/home/akash/new_ros_ws/install/gesture_interface/bin'
[5.904s] INFO:colcon.colcon_core.shell:Creating package script '/home/akash/new_ros_ws/install/gesture_interface/share/gesture_interface/package.ps1'
[5.905s] INFO:colcon.colcon_core.shell:Creating package descriptor '/home/akash/new_ros_ws/install/gesture_interface/share/gesture_interface/package.dsv'
[5.906s] INFO:colcon.colcon_core.shell:Creating package script '/home/akash/new_ros_ws/install/gesture_interface/share/gesture_interface/package.sh'
[5.907s] INFO:colcon.colcon_core.shell:Creating package script '/home/akash/new_ros_ws/install/gesture_interface/share/gesture_interface/package.bash'
[5.907s] INFO:colcon.colcon_core.shell:Creating package script '/home/akash/new_ros_ws/install/gesture_interface/share/gesture_interface/package.zsh'
[5.908s] Level 1:colcon.colcon_core.environment:create_file_with_runtime_dependencies(/home/akash/new_ros_ws/install/gesture_interface/share/colcon-core/packages/gesture_interface)
[6.517s] INFO:colcon.colcon_core.task.python.build:Building Python package in '/home/akash/new_ros_ws/src/cam_pub_sub'
[6.552s] INFO:colcon.colcon_core.shell:Skip shell extension 'powershell' for command environment: Not usable outside of PowerShell
[6.552s] DEBUG:colcon.colcon_core.shell:Skip shell extension 'dsv' for command environment
[7.670s] DEBUG:colcon.colcon_core.event_handler.log_command:Invoking command in '/home/akash/new_ros_ws/src/cam_pub_sub': CMAKE_PREFIX_PATH=/home/akash/new_ros_ws/install/cam_interface:/home/akash/new_ros_ws/install/gesture_interface LD_LIBRARY_PATH=/home/akash/new_ros_ws/install/cam_interface/lib:/home/akash/new_ros_ws/install/gesture_interface/lib:/opt/ros/humble/opt/rviz_ogre_vendor/lib:/opt/ros/humble/lib/x86_64-linux-gnu:/opt/ros/humble/lib PYTHONPATH=/home/akash/new_ros_ws/build/cam_pub_sub/prefix_override:/home/akash/new_ros_ws/install/cam_pub_sub/lib/python3.10/site-packages:${PYTHONPATH} /usr/bin/python3 setup.py egg_info --egg-base ../../build/cam_pub_sub build --build-base /home/akash/new_ros_ws/build/cam_pub_sub/build install --record /home/akash/new_ros_ws/build/cam_pub_sub/install.log --single-version-externally-managed
[8.321s] DEBUG:colcon.colcon_core.event_handler.log_command:Invoked command in '/home/akash/new_ros_ws/src/cam_pub_sub' returned '0': CMAKE_PREFIX_PATH=/home/akash/new_ros_ws/install/cam_interface:/home/akash/new_ros_ws/install/gesture_interface LD_LIBRARY_PATH=/home/akash/new_ros_ws/install/cam_interface/lib:/home/akash/new_ros_ws/install/gesture_interface/lib:/opt/ros/humble/opt/rviz_ogre_vendor/lib:/opt/ros/humble/lib/x86_64-linux-gnu:/opt/ros/humble/lib PYTHONPATH=/home/akash/new_ros_ws/build/cam_pub_sub/prefix_override:/home/akash/new_ros_ws/install/cam_pub_sub/lib/python3.10/site-packages:${PYTHONPATH} /usr/bin/python3 setup.py egg_info --egg-base ../../build/cam_pub_sub build --build-base /home/akash/new_ros_ws/build/cam_pub_sub/build install --record /home/akash/new_ros_ws/build/cam_pub_sub/install.log --single-version-externally-managed
[8.348s] Level 1:colcon.colcon_core.environment:checking '/home/akash/new_ros_ws/install/cam_pub_sub' for CMake module files
[8.349s] Level 1:colcon.colcon_core.environment:checking '/home/akash/new_ros_ws/install/cam_pub_sub' for CMake config files
[8.350s] Level 1:colcon.colcon_core.environment:checking '/home/akash/new_ros_ws/install/cam_pub_sub/lib'
[8.350s] Level 1:colcon.colcon_core.environment:checking '/home/akash/new_ros_ws/install/cam_pub_sub/bin'
[8.350s] Level 1:colcon.colcon_core.environment:checking '/home/akash/new_ros_ws/install/cam_pub_sub/lib/pkgconfig/cam_pub_sub.pc'
[8.351s] Level 1:colcon.colcon_core.environment:checking '/home/akash/new_ros_ws/install/cam_pub_sub/lib/python3.10/site-packages'
[8.351s] Level 1:colcon.colcon_core.shell:create_environment_hook('cam_pub_sub', 'pythonpath')
[8.376s] INFO:colcon.colcon_core.shell:Creating environment hook '/home/akash/new_ros_ws/install/cam_pub_sub/share/cam_pub_sub/hook/pythonpath.ps1'
[8.377s] INFO:colcon.colcon_core.shell:Creating environment descriptor '/home/akash/new_ros_ws/install/cam_pub_sub/share/cam_pub_sub/hook/pythonpath.dsv'
[8.378s] INFO:colcon.colcon_core.shell:Creating environment hook '/home/akash/new_ros_ws/install/cam_pub_sub/share/cam_pub_sub/hook/pythonpath.sh'
[8.378s] Level 1:colcon.colcon_core.environment:checking '/home/akash/new_ros_ws/install/cam_pub_sub/bin'
[8.378s] Level 1:colcon.colcon_core.environment:create_environment_scripts_only(cam_pub_sub)
[8.404s] INFO:colcon.colcon_core.shell:Creating package script '/home/akash/new_ros_ws/install/cam_pub_sub/share/cam_pub_sub/package.ps1'
[8.406s] INFO:colcon.colcon_core.shell:Creating package descriptor '/home/akash/new_ros_ws/install/cam_pub_sub/share/cam_pub_sub/package.dsv'
[8.407s] INFO:colcon.colcon_core.shell:Creating package script '/home/akash/new_ros_ws/install/cam_pub_sub/share/cam_pub_sub/package.sh'
[8.407s] INFO:colcon.colcon_core.shell:Creating package script '/home/akash/new_ros_ws/install/cam_pub_sub/share/cam_pub_sub/package.bash'
[8.408s] INFO:colcon.colcon_core.shell:Creating package script '/home/akash/new_ros_ws/install/cam_pub_sub/share/cam_pub_sub/package.zsh'
[8.409s] Level 1:colcon.colcon_core.environment:create_file_with_runtime_dependencies(/home/akash/new_ros_ws/install/cam_pub_sub/share/colcon-core/packages/cam_pub_sub)
[8.410s] INFO:colcon.colcon_ros.task.ament_python.build:Building ROS package in '/home/akash/new_ros_ws/src/gesture_pub_sub' with build type 'ament_python'
[8.410s] Level 1:colcon.colcon_core.shell:create_environment_hook('gesture_pub_sub', 'ament_prefix_path')
[8.447s] INFO:colcon.colcon_core.shell:Creating environment hook '/home/akash/new_ros_ws/install/gesture_pub_sub/share/gesture_pub_sub/hook/ament_prefix_path.ps1'
[8.448s] INFO:colcon.colcon_core.shell:Creating environment descriptor '/home/akash/new_ros_ws/install/gesture_pub_sub/share/gesture_pub_sub/hook/ament_prefix_path.dsv'
[8.448s] INFO:colcon.colcon_core.shell:Creating environment hook '/home/akash/new_ros_ws/install/gesture_pub_sub/share/gesture_pub_sub/hook/ament_prefix_path.sh'
[8.490s] INFO:colcon.colcon_core.shell:Skip shell extension 'powershell' for command environment: Not usable outside of PowerShell
[8.490s] DEBUG:colcon.colcon_core.shell:Skip shell extension 'dsv' for command environment
[10.079s] INFO:colcon.colcon_core.task.python.build:Building Python package in '/home/akash/new_ros_ws/src/gesture_pub_sub'
[10.109s] INFO:colcon.colcon_core.shell:Skip shell extension 'powershell' for command environment: Not usable outside of PowerShell
[10.109s] DEBUG:colcon.colcon_core.shell:Skip shell extension 'dsv' for command environment
[11.829s] DEBUG:colcon.colcon_core.event_handler.log_command:Invoking command in '/home/akash/new_ros_ws/src/gesture_pub_sub': AMENT_PREFIX_PATH=/home/akash/new_ros_ws/install/cam_pub_sub:/home/akash/new_ros_ws/install/gesture_pub_sub:/home/akash/new_ros_ws/install/gesture_interface:/home/akash/new_ros_ws/install/cam_interface:/opt/ros/humble PYTHONPATH=/home/akash/new_ros_ws/build/gesture_pub_sub/prefix_override:/home/akash/new_ros_ws/install/gesture_pub_sub/lib/python3.10/site-packages:/home/akash/new_ros_ws/install/cam_pub_sub/lib/python3.10/site-packages:/home/akash/new_ros_ws/install/gesture_pub_sub/lib/python3.10/site-packages:/home/akash/new_ros_ws/install/gesture_interface/local/lib/python3.10/dist-packages:/home/akash/new_ros_ws/install/cam_interface/local/lib/python3.10/dist-packages:/opt/ros/humble/lib/python3.10/site-packages:/opt/ros/humble/local/lib/python3.10/dist-packages /usr/bin/python3 setup.py egg_info --egg-base ../../build/gesture_pub_sub build --build-base /home/akash/new_ros_ws/build/gesture_pub_sub/build install --record /home/akash/new_ros_ws/build/gesture_pub_sub/install.log --install-scripts $base/lib/gesture_pub_sub --single-version-externally-managed
[12.469s] DEBUG:colcon.colcon_core.event_handler.log_command:Invoked command in '/home/akash/new_ros_ws/src/gesture_pub_sub' returned '0': AMENT_PREFIX_PATH=/home/akash/new_ros_ws/install/cam_pub_sub:/home/akash/new_ros_ws/install/gesture_pub_sub:/home/akash/new_ros_ws/install/gesture_interface:/home/akash/new_ros_ws/install/cam_interface:/opt/ros/humble PYTHONPATH=/home/akash/new_ros_ws/build/gesture_pub_sub/prefix_override:/home/akash/new_ros_ws/install/gesture_pub_sub/lib/python3.10/site-packages:/home/akash/new_ros_ws/install/cam_pub_sub/lib/python3.10/site-packages:/home/akash/new_ros_ws/install/gesture_pub_sub/lib/python3.10/site-packages:/home/akash/new_ros_ws/install/gesture_interface/local/lib/python3.10/dist-packages:/home/akash/new_ros_ws/install/cam_interface/local/lib/python3.10/dist-packages:/opt/ros/humble/lib/python3.10/site-packages:/opt/ros/humble/local/lib/python3.10/dist-packages /usr/bin/python3 setup.py egg_info --egg-base ../../build/gesture_pub_sub build --build-base /home/akash/new_ros_ws/build/gesture_pub_sub/build install --record /home/akash/new_ros_ws/build/gesture_pub_sub/install.log --install-scripts $base/lib/gesture_pub_sub --single-version-externally-managed
[12.500s] Level 1:colcon.colcon_core.environment:checking '/home/akash/new_ros_ws/install/gesture_pub_sub' for CMake module files
[12.501s] Level 1:colcon.colcon_core.environment:checking '/home/akash/new_ros_ws/install/gesture_pub_sub' for CMake config files
[12.506s] Level 1:colcon.colcon_core.environment:checking '/home/akash/new_ros_ws/install/gesture_pub_sub/lib'
[12.506s] Level 1:colcon.colcon_core.environment:checking '/home/akash/new_ros_ws/install/gesture_pub_sub/bin'
[12.506s] Level 1:colcon.colcon_core.environment:checking '/home/akash/new_ros_ws/install/gesture_pub_sub/lib/pkgconfig/gesture_pub_sub.pc'
[12.507s] Level 1:colcon.colcon_core.environment:checking '/home/akash/new_ros_ws/install/gesture_pub_sub/lib/python3.10/site-packages'
[12.507s] Level 1:colcon.colcon_core.shell:create_environment_hook('gesture_pub_sub', 'pythonpath')
[12.545s] INFO:colcon.colcon_core.shell:Creating environment hook '/home/akash/new_ros_ws/install/gesture_pub_sub/share/gesture_pub_sub/hook/pythonpath.ps1'
[12.546s] INFO:colcon.colcon_core.shell:Creating environment descriptor '/home/akash/new_ros_ws/install/gesture_pub_sub/share/gesture_pub_sub/hook/pythonpath.dsv'
[12.546s] INFO:colcon.colcon_core.shell:Creating environment hook '/home/akash/new_ros_ws/install/gesture_pub_sub/share/gesture_pub_sub/hook/pythonpath.sh'
[12.547s] Level 1:colcon.colcon_core.environment:checking '/home/akash/new_ros_ws/install/gesture_pub_sub/bin'
[12.547s] Level 1:colcon.colcon_core.environment:create_environment_scripts_only(gesture_pub_sub)
[12.595s] INFO:colcon.colcon_core.shell:Creating package script '/home/akash/new_ros_ws/install/gesture_pub_sub/share/gesture_pub_sub/package.ps1'
[12.598s] INFO:colcon.colcon_core.shell:Creating package descriptor '/home/akash/new_ros_ws/install/gesture_pub_sub/share/gesture_pub_sub/package.dsv'
[12.599s] INFO:colcon.colcon_core.shell:Creating package script '/home/akash/new_ros_ws/install/gesture_pub_sub/share/gesture_pub_sub/package.sh'
[12.603s] INFO:colcon.colcon_core.shell:Creating package script '/home/akash/new_ros_ws/install/gesture_pub_sub/share/gesture_pub_sub/package.bash'
[12.604s] INFO:colcon.colcon_core.shell:Creating package script '/home/akash/new_ros_ws/install/gesture_pub_sub/share/gesture_pub_sub/package.zsh'
[12.605s] Level 1:colcon.colcon_core.environment:create_file_with_runtime_dependencies(/home/akash/new_ros_ws/install/gesture_pub_sub/share/colcon-core/packages/gesture_pub_sub)
[12.606s] DEBUG:colcon.colcon_parallel_executor.executor.parallel:closing loop
[12.607s] DEBUG:colcon.colcon_parallel_executor.executor.parallel:loop closed
[12.607s] DEBUG:colcon.colcon_parallel_executor.executor.parallel:run_until_complete finished with '0'
[12.607s] DEBUG:colcon.colcon_core.event_reactor:joining thread
[12.795s] INFO:colcon.colcon_core.plugin_system:Skipping extension 'colcon_notification.desktop_notification.notify_send': Could not find 'notify-send'
[12.795s] INFO:colcon.colcon_core.plugin_system:Skipping extension 'colcon_notification.desktop_notification.terminal_notifier': Not used on non-Darwin systems
[12.795s] INFO:colcon.colcon_core.plugin_system:Skipping extension 'colcon_notification.desktop_notification.win32': Not used on non-Windows systems
[12.796s] INFO:colcon.colcon_notification.desktop_notification:Sending desktop notification using 'notify2'
[12.796s] DEBUG:colcon.colcon_notification.desktop_notification.notify2:Failed to initialize notify2: org.freedesktop.DBus.Error.FileNotFound: Failed to connect to socket /run/user/1000/bus: No such file or directory
[12.797s] DEBUG:colcon.colcon_core.event_reactor:joined thread
[12.833s] INFO:colcon.colcon_core.shell:Creating prefix script '/home/akash/new_ros_ws/install/local_setup.ps1'
[12.834s] INFO:colcon.colcon_core.shell:Creating prefix util module '/home/akash/new_ros_ws/install/_local_setup_util_ps1.py'
[12.837s] INFO:colcon.colcon_core.shell:Creating prefix chain script '/home/akash/new_ros_ws/install/setup.ps1'
[12.864s] INFO:colcon.colcon_core.shell:Creating prefix script '/home/akash/new_ros_ws/install/local_setup.sh'
[12.865s] INFO:colcon.colcon_core.shell:Creating prefix util module '/home/akash/new_ros_ws/install/_local_setup_util_sh.py'
[12.866s] INFO:colcon.colcon_core.shell:Creating prefix chain script '/home/akash/new_ros_ws/install/setup.sh'
[12.899s] INFO:colcon.colcon_core.shell:Creating prefix script '/home/akash/new_ros_ws/install/local_setup.bash'
[12.900s] INFO:colcon.colcon_core.shell:Creating prefix chain script '/home/akash/new_ros_ws/install/setup.bash'
[12.947s] INFO:colcon.colcon_core.shell:Creating prefix script '/home/akash/new_ros_ws/install/local_setup.zsh'
[12.948s] INFO:colcon.colcon_core.shell:Creating prefix chain script '/home/akash/new_ros_ws/install/setup.zsh'
