/home/akash/final_project_sme_lab_12194814/12194814_ros_ws/install/gesture_pub_sub/lib/python3.10/site-packages/gesture_pub_sub/__init__.py
/home/akash/final_project_sme_lab_12194814/12194814_ros_ws/install/gesture_pub_sub/lib/python3.10/site-packages/gesture_pub_sub/ges_sub_turtlesim.py
/home/akash/final_project_sme_lab_12194814/12194814_ros_ws/install/gesture_pub_sub/lib/python3.10/site-packages/gesture_pub_sub/ges_pub.py
/home/akash/final_project_sme_lab_12194814/12194814_ros_ws/install/gesture_pub_sub/lib/python3.10/site-packages/gesture_pub_sub/gesture_detector.py
/home/akash/final_project_sme_lab_12194814/12194814_ros_ws/install/gesture_pub_sub/lib/python3.10/site-packages/gesture_pub_sub/__pycache__/__init__.cpython-310.pyc
/home/akash/final_project_sme_lab_12194814/12194814_ros_ws/install/gesture_pub_sub/lib/python3.10/site-packages/gesture_pub_sub/__pycache__/ges_sub_turtlesim.cpython-310.pyc
/home/akash/final_project_sme_lab_12194814/12194814_ros_ws/install/gesture_pub_sub/lib/python3.10/site-packages/gesture_pub_sub/__pycache__/ges_pub.cpython-310.pyc
/home/akash/final_project_sme_lab_12194814/12194814_ros_ws/install/gesture_pub_sub/lib/python3.10/site-packages/gesture_pub_sub/__pycache__/gesture_detector.cpython-310.pyc
/home/akash/final_project_sme_lab_12194814/12194814_ros_ws/install/gesture_pub_sub/share/ament_index/resource_index/packages/gesture_pub_sub
/home/akash/final_project_sme_lab_12194814/12194814_ros_ws/install/gesture_pub_sub/share/gesture_pub_sub/package.xml
/home/akash/final_project_sme_lab_12194814/12194814_ros_ws/install/gesture_pub_sub/share/gesture_pub_sub/launch/gesture_turtlesim_launch.py
/home/akash/final_project_sme_lab_12194814/12194814_ros_ws/install/gesture_pub_sub/lib/python3.10/site-packages/gesture_pub_sub-0.0.0-py3.10.egg-info/SOURCES.txt
/home/akash/final_project_sme_lab_12194814/12194814_ros_ws/install/gesture_pub_sub/lib/python3.10/site-packages/gesture_pub_sub-0.0.0-py3.10.egg-info/top_level.txt
/home/akash/final_project_sme_lab_12194814/12194814_ros_ws/install/gesture_pub_sub/lib/python3.10/site-packages/gesture_pub_sub-0.0.0-py3.10.egg-info/dependency_links.txt
/home/akash/final_project_sme_lab_12194814/12194814_ros_ws/install/gesture_pub_sub/lib/python3.10/site-packages/gesture_pub_sub-0.0.0-py3.10.egg-info/zip-safe
/home/akash/final_project_sme_lab_12194814/12194814_ros_ws/install/gesture_pub_sub/lib/python3.10/site-packages/gesture_pub_sub-0.0.0-py3.10.egg-info/requires.txt
/home/akash/final_project_sme_lab_12194814/12194814_ros_ws/install/gesture_pub_sub/lib/python3.10/site-packages/gesture_pub_sub-0.0.0-py3.10.egg-info/PKG-INFO
/home/akash/final_project_sme_lab_12194814/12194814_ros_ws/install/gesture_pub_sub/lib/python3.10/site-packages/gesture_pub_sub-0.0.0-py3.10.egg-info/entry_points.txt
/home/akash/final_project_sme_lab_12194814/12194814_ros_ws/install/gesture_pub_sub/lib/gesture_pub_sub/gesture_publisher
/home/akash/final_project_sme_lab_12194814/12194814_ros_ws/install/gesture_pub_sub/lib/gesture_pub_sub/gesture_subscriber
