[0.136s] Invoking command in '/home/akash/new_ros_ws/build/gesture_interface': CMAKE_PREFIX_PATH=${CMAKE_PREFIX_PATH}:/home/akash/new_ros_ws/install/gesture_pub_sub:/home/akash/new_ros_ws/install/cam_pub_sub:/opt/ros/humble /usr/bin/cmake --build /home/akash/new_ros_ws/build/gesture_interface -- -j12 -l12
[0.217s] [  3%] Built target gesture_interface__cpp
[0.223s] [ 12%] Built target gesture_interface__rosidl_generator_c
[0.238s] [ 12%] Built target ament_cmake_python_copy_gesture_interface
[0.270s] [ 22%] Built target gesture_interface__rosidl_typesupport_cpp
[0.273s] [ 41%] Built target gesture_interface__rosidl_typesupport_fastrtps_cpp
[0.273s] [ 41%] Built target gesture_interface__rosidl_typesupport_introspection_c
[0.274s] [ 61%] Built target gesture_interface__rosidl_typesupport_c
[0.274s] [ 61%] Built target gesture_interface__rosidl_typesupport_introspection_cpp
[0.276s] [ 70%] Built target gesture_interface__rosidl_typesupport_fastrtps_c
[0.319s] [ 70%] Built target gesture_interface
[0.356s] [ 74%] Built target gesture_interface__py
[0.396s] [ 80%] Built target gesture_interface__rosidl_generator_py
[0.436s] [ 93%] Built target gesture_interface__rosidl_typesupport_c__pyext
[0.436s] [ 93%] Built target gesture_interface__rosidl_typesupport_introspection_c__pyext
[0.441s] [100%] Built target gesture_interface__rosidl_typesupport_fastrtps_c__pyext
[0.787s] running egg_info
[0.790s] writing gesture_interface.egg-info/PKG-INFO
[0.791s] writing dependency_links to gesture_interface.egg-info/dependency_links.txt
[0.791s] writing top-level names to gesture_interface.egg-info/top_level.txt
[0.795s] reading manifest file 'gesture_interface.egg-info/SOURCES.txt'
[0.796s] writing manifest file 'gesture_interface.egg-info/SOURCES.txt'
[0.848s] [100%] Built target ament_cmake_python_build_gesture_interface_egg
[0.867s] Invoked command in '/home/akash/new_ros_ws/build/gesture_interface' returned '0': CMAKE_PREFIX_PATH=${CMAKE_PREFIX_PATH}:/home/akash/new_ros_ws/install/gesture_pub_sub:/home/akash/new_ros_ws/install/cam_pub_sub:/opt/ros/humble /usr/bin/cmake --build /home/akash/new_ros_ws/build/gesture_interface -- -j12 -l12
[1.000s] Invoking command in '/home/akash/new_ros_ws/build/gesture_interface': CMAKE_PREFIX_PATH=${CMAKE_PREFIX_PATH}:/home/akash/new_ros_ws/install/gesture_pub_sub:/home/akash/new_ros_ws/install/cam_pub_sub:/opt/ros/humble /usr/bin/cmake --install /home/akash/new_ros_ws/build/gesture_interface
[1.014s] -- Install configuration: ""
[1.015s] -- Up-to-date: /home/akash/new_ros_ws/install/gesture_interface/share/ament_index/resource_index/rosidl_interfaces/gesture_interface
[1.016s] -- Up-to-date: /home/akash/new_ros_ws/install/gesture_interface/include/gesture_interface/gesture_interface
[1.016s] -- Up-to-date: /home/akash/new_ros_ws/install/gesture_interface/include/gesture_interface/gesture_interface/msg
[1.017s] -- Up-to-date: /home/akash/new_ros_ws/install/gesture_interface/include/gesture_interface/gesture_interface/msg/rosidl_generator_c__visibility_control.h
[1.017s] -- Up-to-date: /home/akash/new_ros_ws/install/gesture_interface/include/gesture_interface/gesture_interface/msg/gesture_topic.h
[1.017s] -- Up-to-date: /home/akash/new_ros_ws/install/gesture_interface/include/gesture_interface/gesture_interface/msg/detail
[1.018s] -- Up-to-date: /home/akash/new_ros_ws/install/gesture_interface/include/gesture_interface/gesture_interface/msg/detail/gesture_topic__functions.c
[1.018s] -- Up-to-date: /home/akash/new_ros_ws/install/gesture_interface/include/gesture_interface/gesture_interface/msg/detail/gesture_topic__type_support.h
[1.018s] -- Up-to-date: /home/akash/new_ros_ws/install/gesture_interface/include/gesture_interface/gesture_interface/msg/detail/gesture_topic__struct.h
[1.019s] -- Up-to-date: /home/akash/new_ros_ws/install/gesture_interface/include/gesture_interface/gesture_interface/msg/detail/gesture_topic__functions.h
[1.019s] -- Up-to-date: /home/akash/new_ros_ws/install/gesture_interface/share/gesture_interface/environment/library_path.sh
[1.019s] -- Up-to-date: /home/akash/new_ros_ws/install/gesture_interface/share/gesture_interface/environment/library_path.dsv
[1.019s] -- Up-to-date: /home/akash/new_ros_ws/install/gesture_interface/lib/libgesture_interface__rosidl_generator_c.so
[1.019s] -- Up-to-date: /home/akash/new_ros_ws/install/gesture_interface/include/gesture_interface/gesture_interface
[1.020s] -- Up-to-date: /home/akash/new_ros_ws/install/gesture_interface/include/gesture_interface/gesture_interface/msg
[1.020s] -- Up-to-date: /home/akash/new_ros_ws/install/gesture_interface/include/gesture_interface/gesture_interface/msg/rosidl_typesupport_fastrtps_c__visibility_control.h
[1.020s] -- Up-to-date: /home/akash/new_ros_ws/install/gesture_interface/include/gesture_interface/gesture_interface/msg/detail
[1.021s] -- Up-to-date: /home/akash/new_ros_ws/install/gesture_interface/include/gesture_interface/gesture_interface/msg/detail/gesture_topic__rosidl_typesupport_fastrtps_c.h
[1.021s] -- Up-to-date: /home/akash/new_ros_ws/install/gesture_interface/lib/libgesture_interface__rosidl_typesupport_fastrtps_c.so
[1.022s] -- Up-to-date: /home/akash/new_ros_ws/install/gesture_interface/include/gesture_interface/gesture_interface
[1.023s] -- Up-to-date: /home/akash/new_ros_ws/install/gesture_interface/include/gesture_interface/gesture_interface/msg
[1.024s] -- Up-to-date: /home/akash/new_ros_ws/install/gesture_interface/include/gesture_interface/gesture_interface/msg/rosidl_typesupport_introspection_c__visibility_control.h
[1.024s] -- Up-to-date: /home/akash/new_ros_ws/install/gesture_interface/include/gesture_interface/gesture_interface/msg/detail
[1.025s] -- Up-to-date: /home/akash/new_ros_ws/install/gesture_interface/include/gesture_interface/gesture_interface/msg/detail/gesture_topic__type_support.c
[1.025s] -- Up-to-date: /home/akash/new_ros_ws/install/gesture_interface/include/gesture_interface/gesture_interface/msg/detail/gesture_topic__rosidl_typesupport_introspection_c.h
[1.026s] -- Up-to-date: /home/akash/new_ros_ws/install/gesture_interface/lib/libgesture_interface__rosidl_typesupport_introspection_c.so
[1.028s] -- Up-to-date: /home/akash/new_ros_ws/install/gesture_interface/lib/libgesture_interface__rosidl_typesupport_c.so
[1.028s] -- Up-to-date: /home/akash/new_ros_ws/install/gesture_interface/include/gesture_interface/gesture_interface
[1.029s] -- Up-to-date: /home/akash/new_ros_ws/install/gesture_interface/include/gesture_interface/gesture_interface/msg
[1.029s] -- Up-to-date: /home/akash/new_ros_ws/install/gesture_interface/include/gesture_interface/gesture_interface/msg/gesture_topic.hpp
[1.029s] -- Up-to-date: /home/akash/new_ros_ws/install/gesture_interface/include/gesture_interface/gesture_interface/msg/detail
[1.029s] -- Up-to-date: /home/akash/new_ros_ws/install/gesture_interface/include/gesture_interface/gesture_interface/msg/detail/gesture_topic__struct.hpp
[1.029s] -- Up-to-date: /home/akash/new_ros_ws/install/gesture_interface/include/gesture_interface/gesture_interface/msg/detail/gesture_topic__traits.hpp
[1.030s] -- Up-to-date: /home/akash/new_ros_ws/install/gesture_interface/include/gesture_interface/gesture_interface/msg/detail/gesture_topic__builder.hpp
[1.030s] -- Up-to-date: /home/akash/new_ros_ws/install/gesture_interface/include/gesture_interface/gesture_interface
[1.030s] -- Up-to-date: /home/akash/new_ros_ws/install/gesture_interface/include/gesture_interface/gesture_interface/msg
[1.031s] -- Up-to-date: /home/akash/new_ros_ws/install/gesture_interface/include/gesture_interface/gesture_interface/msg/rosidl_typesupport_fastrtps_cpp__visibility_control.h
[1.031s] -- Up-to-date: /home/akash/new_ros_ws/install/gesture_interface/include/gesture_interface/gesture_interface/msg/detail
[1.031s] -- Up-to-date: /home/akash/new_ros_ws/install/gesture_interface/include/gesture_interface/gesture_interface/msg/detail/dds_fastrtps
[1.032s] -- Up-to-date: /home/akash/new_ros_ws/install/gesture_interface/include/gesture_interface/gesture_interface/msg/detail/gesture_topic__rosidl_typesupport_fastrtps_cpp.hpp
[1.032s] -- Up-to-date: /home/akash/new_ros_ws/install/gesture_interface/lib/libgesture_interface__rosidl_typesupport_fastrtps_cpp.so
[1.032s] -- Up-to-date: /home/akash/new_ros_ws/install/gesture_interface/include/gesture_interface/gesture_interface
[1.037s] -- Up-to-date: /home/akash/new_ros_ws/install/gesture_interface/include/gesture_interface/gesture_interface/msg
[1.037s] -- Up-to-date: /home/akash/new_ros_ws/install/gesture_interface/include/gesture_interface/gesture_interface/msg/detail
[1.037s] -- Up-to-date: /home/akash/new_ros_ws/install/gesture_interface/include/gesture_interface/gesture_interface/msg/detail/gesture_topic__rosidl_typesupport_introspection_cpp.hpp
[1.037s] -- Up-to-date: /home/akash/new_ros_ws/install/gesture_interface/include/gesture_interface/gesture_interface/msg/detail/gesture_topic__type_support.cpp
[1.038s] -- Up-to-date: /home/akash/new_ros_ws/install/gesture_interface/lib/libgesture_interface__rosidl_typesupport_introspection_cpp.so
[1.038s] -- Up-to-date: /home/akash/new_ros_ws/install/gesture_interface/lib/libgesture_interface__rosidl_typesupport_cpp.so
[1.038s] -- Up-to-date: /home/akash/new_ros_ws/install/gesture_interface/share/gesture_interface/environment/pythonpath.sh
[1.038s] -- Up-to-date: /home/akash/new_ros_ws/install/gesture_interface/share/gesture_interface/environment/pythonpath.dsv
[1.039s] -- Up-to-date: /home/akash/new_ros_ws/install/gesture_interface/local/lib/python3.10/dist-packages/gesture_interface-0.0.0-py3.10.egg-info
[1.039s] -- Installing: /home/akash/new_ros_ws/install/gesture_interface/local/lib/python3.10/dist-packages/gesture_interface-0.0.0-py3.10.egg-info/SOURCES.txt
[1.039s] -- Installing: /home/akash/new_ros_ws/install/gesture_interface/local/lib/python3.10/dist-packages/gesture_interface-0.0.0-py3.10.egg-info/top_level.txt
[1.040s] -- Installing: /home/akash/new_ros_ws/install/gesture_interface/local/lib/python3.10/dist-packages/gesture_interface-0.0.0-py3.10.egg-info/dependency_links.txt
[1.040s] -- Installing: /home/akash/new_ros_ws/install/gesture_interface/local/lib/python3.10/dist-packages/gesture_interface-0.0.0-py3.10.egg-info/PKG-INFO
[1.040s] -- Up-to-date: /home/akash/new_ros_ws/install/gesture_interface/local/lib/python3.10/dist-packages/gesture_interface
[1.040s] -- Up-to-date: /home/akash/new_ros_ws/install/gesture_interface/local/lib/python3.10/dist-packages/gesture_interface/gesture_interface_s__rosidl_typesupport_c.cpython-310-x86_64-linux-gnu.so
[1.040s] -- Up-to-date: /home/akash/new_ros_ws/install/gesture_interface/local/lib/python3.10/dist-packages/gesture_interface/gesture_interface_s__rosidl_typesupport_fastrtps_c.cpython-310-x86_64-linux-gnu.so
[1.040s] -- Up-to-date: /home/akash/new_ros_ws/install/gesture_interface/local/lib/python3.10/dist-packages/gesture_interface/_gesture_interface_s.ep.rosidl_typesupport_c.c
[1.040s] -- Up-to-date: /home/akash/new_ros_ws/install/gesture_interface/local/lib/python3.10/dist-packages/gesture_interface/_gesture_interface_s.ep.rosidl_typesupport_introspection_c.c
[1.040s] -- Up-to-date: /home/akash/new_ros_ws/install/gesture_interface/local/lib/python3.10/dist-packages/gesture_interface/__init__.py
[1.040s] -- Up-to-date: /home/akash/new_ros_ws/install/gesture_interface/local/lib/python3.10/dist-packages/gesture_interface/_gesture_interface_s.ep.rosidl_typesupport_fastrtps_c.c
[1.041s] -- Up-to-date: /home/akash/new_ros_ws/install/gesture_interface/local/lib/python3.10/dist-packages/gesture_interface/libgesture_interface__rosidl_generator_py.so
[1.041s] -- Up-to-date: /home/akash/new_ros_ws/install/gesture_interface/local/lib/python3.10/dist-packages/gesture_interface/gesture_interface_s__rosidl_typesupport_introspection_c.cpython-310-x86_64-linux-gnu.so
[1.041s] -- Up-to-date: /home/akash/new_ros_ws/install/gesture_interface/local/lib/python3.10/dist-packages/gesture_interface/msg
[1.041s] -- Up-to-date: /home/akash/new_ros_ws/install/gesture_interface/local/lib/python3.10/dist-packages/gesture_interface/msg/__init__.py
[1.041s] -- Up-to-date: /home/akash/new_ros_ws/install/gesture_interface/local/lib/python3.10/dist-packages/gesture_interface/msg/_gesture_topic.py
[1.043s] -- Up-to-date: /home/akash/new_ros_ws/install/gesture_interface/local/lib/python3.10/dist-packages/gesture_interface/msg/_gesture_topic_s.c
[1.094s] Listing '/home/akash/new_ros_ws/install/gesture_interface/local/lib/python3.10/dist-packages/gesture_interface'...
[1.094s] Listing '/home/akash/new_ros_ws/install/gesture_interface/local/lib/python3.10/dist-packages/gesture_interface/msg'...
[1.105s] -- Up-to-date: /home/akash/new_ros_ws/install/gesture_interface/local/lib/python3.10/dist-packages/gesture_interface/gesture_interface_s__rosidl_typesupport_fastrtps_c.cpython-310-x86_64-linux-gnu.so
[1.106s] -- Up-to-date: /home/akash/new_ros_ws/install/gesture_interface/local/lib/python3.10/dist-packages/gesture_interface/gesture_interface_s__rosidl_typesupport_introspection_c.cpython-310-x86_64-linux-gnu.so
[1.106s] -- Up-to-date: /home/akash/new_ros_ws/install/gesture_interface/local/lib/python3.10/dist-packages/gesture_interface/gesture_interface_s__rosidl_typesupport_c.cpython-310-x86_64-linux-gnu.so
[1.107s] -- Up-to-date: /home/akash/new_ros_ws/install/gesture_interface/lib/libgesture_interface__rosidl_generator_py.so
[1.108s] -- Up-to-date: /home/akash/new_ros_ws/install/gesture_interface/share/gesture_interface/msg/GestureTopic.idl
[1.109s] -- Up-to-date: /home/akash/new_ros_ws/install/gesture_interface/share/gesture_interface/msg/GestureTopic.msg
[1.110s] -- Up-to-date: /home/akash/new_ros_ws/install/gesture_interface/share/ament_index/resource_index/package_run_dependencies/gesture_interface
[1.110s] -- Up-to-date: /home/akash/new_ros_ws/install/gesture_interface/share/ament_index/resource_index/parent_prefix_path/gesture_interface
[1.111s] -- Up-to-date: /home/akash/new_ros_ws/install/gesture_interface/share/gesture_interface/environment/ament_prefix_path.sh
[1.111s] -- Up-to-date: /home/akash/new_ros_ws/install/gesture_interface/share/gesture_interface/environment/ament_prefix_path.dsv
[1.111s] -- Up-to-date: /home/akash/new_ros_ws/install/gesture_interface/share/gesture_interface/environment/path.sh
[1.112s] -- Up-to-date: /home/akash/new_ros_ws/install/gesture_interface/share/gesture_interface/environment/path.dsv
[1.112s] -- Up-to-date: /home/akash/new_ros_ws/install/gesture_interface/share/gesture_interface/local_setup.bash
[1.112s] -- Up-to-date: /home/akash/new_ros_ws/install/gesture_interface/share/gesture_interface/local_setup.sh
[1.112s] -- Up-to-date: /home/akash/new_ros_ws/install/gesture_interface/share/gesture_interface/local_setup.zsh
[1.113s] -- Up-to-date: /home/akash/new_ros_ws/install/gesture_interface/share/gesture_interface/local_setup.dsv
[1.113s] -- Installing: /home/akash/new_ros_ws/install/gesture_interface/share/gesture_interface/package.dsv
[1.113s] -- Up-to-date: /home/akash/new_ros_ws/install/gesture_interface/share/ament_index/resource_index/packages/gesture_interface
[1.113s] -- Up-to-date: /home/akash/new_ros_ws/install/gesture_interface/share/gesture_interface/cmake/export_gesture_interface__rosidl_generator_cExport.cmake
[1.114s] -- Up-to-date: /home/akash/new_ros_ws/install/gesture_interface/share/gesture_interface/cmake/export_gesture_interface__rosidl_generator_cExport-noconfig.cmake
[1.114s] -- Up-to-date: /home/akash/new_ros_ws/install/gesture_interface/share/gesture_interface/cmake/export_gesture_interface__rosidl_typesupport_fastrtps_cExport.cmake
[1.115s] -- Up-to-date: /home/akash/new_ros_ws/install/gesture_interface/share/gesture_interface/cmake/export_gesture_interface__rosidl_typesupport_fastrtps_cExport-noconfig.cmake
[1.115s] -- Up-to-date: /home/akash/new_ros_ws/install/gesture_interface/share/gesture_interface/cmake/gesture_interface__rosidl_typesupport_introspection_cExport.cmake
[1.116s] -- Up-to-date: /home/akash/new_ros_ws/install/gesture_interface/share/gesture_interface/cmake/gesture_interface__rosidl_typesupport_introspection_cExport-noconfig.cmake
[1.116s] -- Up-to-date: /home/akash/new_ros_ws/install/gesture_interface/share/gesture_interface/cmake/gesture_interface__rosidl_typesupport_cExport.cmake
[1.116s] -- Up-to-date: /home/akash/new_ros_ws/install/gesture_interface/share/gesture_interface/cmake/gesture_interface__rosidl_typesupport_cExport-noconfig.cmake
[1.117s] -- Up-to-date: /home/akash/new_ros_ws/install/gesture_interface/share/gesture_interface/cmake/export_gesture_interface__rosidl_generator_cppExport.cmake
[1.117s] -- Up-to-date: /home/akash/new_ros_ws/install/gesture_interface/share/gesture_interface/cmake/export_gesture_interface__rosidl_typesupport_fastrtps_cppExport.cmake
[1.119s] -- Up-to-date: /home/akash/new_ros_ws/install/gesture_interface/share/gesture_interface/cmake/export_gesture_interface__rosidl_typesupport_fastrtps_cppExport-noconfig.cmake
[1.123s] -- Up-to-date: /home/akash/new_ros_ws/install/gesture_interface/share/gesture_interface/cmake/gesture_interface__rosidl_typesupport_introspection_cppExport.cmake
[1.126s] -- Up-to-date: /home/akash/new_ros_ws/install/gesture_interface/share/gesture_interface/cmake/gesture_interface__rosidl_typesupport_introspection_cppExport-noconfig.cmake
[1.126s] -- Up-to-date: /home/akash/new_ros_ws/install/gesture_interface/share/gesture_interface/cmake/gesture_interface__rosidl_typesupport_cppExport.cmake
[1.127s] -- Up-to-date: /home/akash/new_ros_ws/install/gesture_interface/share/gesture_interface/cmake/gesture_interface__rosidl_typesupport_cppExport-noconfig.cmake
[1.127s] -- Up-to-date: /home/akash/new_ros_ws/install/gesture_interface/share/gesture_interface/cmake/export_gesture_interface__rosidl_generator_pyExport.cmake
[1.128s] -- Up-to-date: /home/akash/new_ros_ws/install/gesture_interface/share/gesture_interface/cmake/export_gesture_interface__rosidl_generator_pyExport-noconfig.cmake
[1.128s] -- Up-to-date: /home/akash/new_ros_ws/install/gesture_interface/share/gesture_interface/cmake/rosidl_cmake-extras.cmake
[1.128s] -- Up-to-date: /home/akash/new_ros_ws/install/gesture_interface/share/gesture_interface/cmake/ament_cmake_export_include_directories-extras.cmake
[1.130s] -- Up-to-date: /home/akash/new_ros_ws/install/gesture_interface/share/gesture_interface/cmake/ament_cmake_export_libraries-extras.cmake
[1.131s] -- Up-to-date: /home/akash/new_ros_ws/install/gesture_interface/share/gesture_interface/cmake/ament_cmake_export_targets-extras.cmake
[1.131s] -- Up-to-date: /home/akash/new_ros_ws/install/gesture_interface/share/gesture_interface/cmake/rosidl_cmake_export_typesupport_targets-extras.cmake
[1.131s] -- Up-to-date: /home/akash/new_ros_ws/install/gesture_interface/share/gesture_interface/cmake/ament_cmake_export_dependencies-extras.cmake
[1.132s] -- Up-to-date: /home/akash/new_ros_ws/install/gesture_interface/share/gesture_interface/cmake/rosidl_cmake_export_typesupport_libraries-extras.cmake
[1.134s] -- Up-to-date: /home/akash/new_ros_ws/install/gesture_interface/share/gesture_interface/cmake/gesture_interfaceConfig.cmake
[1.134s] -- Up-to-date: /home/akash/new_ros_ws/install/gesture_interface/share/gesture_interface/cmake/gesture_interfaceConfig-version.cmake
[1.138s] -- Up-to-date: /home/akash/new_ros_ws/install/gesture_interface/share/gesture_interface/package.xml
[1.167s] Invoked command in '/home/akash/new_ros_ws/build/gesture_interface' returned '0': CMAKE_PREFIX_PATH=${CMAKE_PREFIX_PATH}:/home/akash/new_ros_ws/install/gesture_pub_sub:/home/akash/new_ros_ws/install/cam_pub_sub:/opt/ros/humble /usr/bin/cmake --install /home/akash/new_ros_ws/build/gesture_interface
