[0.196s] Invoking command in '/home/akash/new_ros_ws/build/cam_interface': CMAKE_PREFIX_PATH=/opt/ros/humble /usr/bin/cmake --build /home/akash/new_ros_ws/build/cam_interface -- -j12 -l12
[0.473s] [  3%] Built target cam_interface__cpp
[0.503s] [ 12%] Built target cam_interface__rosidl_generator_c
[0.504s] [ 12%] Built target ament_cmake_python_copy_cam_interface
[0.560s] [ 22%] Built target cam_interface__rosidl_typesupport_fastrtps_cpp
[0.561s] [ 32%] Built target cam_interface__rosidl_typesupport_introspection_cpp
[0.569s] [ 41%] Built target cam_interface__rosidl_typesupport_cpp
[0.583s] [ 51%] Built target cam_interface__rosidl_typesupport_fastrtps_c
[0.583s] [ 61%] Built target cam_interface__rosidl_typesupport_c
[0.585s] [ 70%] Built target cam_interface__rosidl_typesupport_introspection_c
[0.621s] [ 70%] Built target cam_interface
[0.662s] [ 74%] Built target cam_interface__py
[0.716s] [ 80%] Built target cam_interface__rosidl_generator_py
[0.765s] [ 90%] Built target cam_interface__rosidl_typesupport_fastrtps_c__pyext
[0.766s] [ 93%] Built target cam_interface__rosidl_typesupport_introspection_c__pyext
[0.769s] [100%] Built target cam_interface__rosidl_typesupport_c__pyext
[1.043s] running egg_info
[1.044s] writing cam_interface.egg-info/PKG-INFO
[1.044s] writing dependency_links to cam_interface.egg-info/dependency_links.txt
[1.045s] writing top-level names to cam_interface.egg-info/top_level.txt
[1.050s] reading manifest file 'cam_interface.egg-info/SOURCES.txt'
[1.052s] writing manifest file 'cam_interface.egg-info/SOURCES.txt'
[1.101s] [100%] Built target ament_cmake_python_build_cam_interface_egg
[1.118s] Invoked command in '/home/akash/new_ros_ws/build/cam_interface' returned '0': CMAKE_PREFIX_PATH=/opt/ros/humble /usr/bin/cmake --build /home/akash/new_ros_ws/build/cam_interface -- -j12 -l12
[1.236s] Invoking command in '/home/akash/new_ros_ws/build/cam_interface': CMAKE_PREFIX_PATH=/opt/ros/humble /usr/bin/cmake --install /home/akash/new_ros_ws/build/cam_interface
[1.248s] -- Install configuration: ""
[1.249s] -- Up-to-date: /home/akash/new_ros_ws/install/cam_interface/share/ament_index/resource_index/rosidl_interfaces/cam_interface
[1.249s] -- Up-to-date: /home/akash/new_ros_ws/install/cam_interface/include/cam_interface/cam_interface
[1.249s] -- Up-to-date: /home/akash/new_ros_ws/install/cam_interface/include/cam_interface/cam_interface/msg
[1.250s] -- Up-to-date: /home/akash/new_ros_ws/install/cam_interface/include/cam_interface/cam_interface/msg/rosidl_generator_c__visibility_control.h
[1.250s] -- Up-to-date: /home/akash/new_ros_ws/install/cam_interface/include/cam_interface/cam_interface/msg/cam_topic.h
[1.250s] -- Up-to-date: /home/akash/new_ros_ws/install/cam_interface/include/cam_interface/cam_interface/msg/detail
[1.250s] -- Up-to-date: /home/akash/new_ros_ws/install/cam_interface/include/cam_interface/cam_interface/msg/detail/cam_topic__functions.c
[1.250s] -- Up-to-date: /home/akash/new_ros_ws/install/cam_interface/include/cam_interface/cam_interface/msg/detail/cam_topic__struct.h
[1.254s] -- Up-to-date: /home/akash/new_ros_ws/install/cam_interface/include/cam_interface/cam_interface/msg/detail/cam_topic__type_support.h
[1.254s] -- Up-to-date: /home/akash/new_ros_ws/install/cam_interface/include/cam_interface/cam_interface/msg/detail/cam_topic__functions.h
[1.255s] -- Up-to-date: /home/akash/new_ros_ws/install/cam_interface/share/cam_interface/environment/library_path.sh
[1.256s] -- Up-to-date: /home/akash/new_ros_ws/install/cam_interface/share/cam_interface/environment/library_path.dsv
[1.256s] -- Up-to-date: /home/akash/new_ros_ws/install/cam_interface/lib/libcam_interface__rosidl_generator_c.so
[1.256s] -- Up-to-date: /home/akash/new_ros_ws/install/cam_interface/include/cam_interface/cam_interface
[1.257s] -- Up-to-date: /home/akash/new_ros_ws/install/cam_interface/include/cam_interface/cam_interface/msg
[1.257s] -- Up-to-date: /home/akash/new_ros_ws/install/cam_interface/include/cam_interface/cam_interface/msg/rosidl_typesupport_fastrtps_c__visibility_control.h
[1.258s] -- Up-to-date: /home/akash/new_ros_ws/install/cam_interface/include/cam_interface/cam_interface/msg/detail
[1.258s] -- Up-to-date: /home/akash/new_ros_ws/install/cam_interface/include/cam_interface/cam_interface/msg/detail/cam_topic__rosidl_typesupport_fastrtps_c.h
[1.259s] -- Up-to-date: /home/akash/new_ros_ws/install/cam_interface/lib/libcam_interface__rosidl_typesupport_fastrtps_c.so
[1.259s] -- Up-to-date: /home/akash/new_ros_ws/install/cam_interface/include/cam_interface/cam_interface
[1.260s] -- Up-to-date: /home/akash/new_ros_ws/install/cam_interface/include/cam_interface/cam_interface/msg
[1.261s] -- Up-to-date: /home/akash/new_ros_ws/install/cam_interface/include/cam_interface/cam_interface/msg/rosidl_typesupport_introspection_c__visibility_control.h
[1.261s] -- Up-to-date: /home/akash/new_ros_ws/install/cam_interface/include/cam_interface/cam_interface/msg/detail
[1.261s] -- Up-to-date: /home/akash/new_ros_ws/install/cam_interface/include/cam_interface/cam_interface/msg/detail/cam_topic__rosidl_typesupport_introspection_c.h
[1.261s] -- Up-to-date: /home/akash/new_ros_ws/install/cam_interface/include/cam_interface/cam_interface/msg/detail/cam_topic__type_support.c
[1.263s] -- Up-to-date: /home/akash/new_ros_ws/install/cam_interface/lib/libcam_interface__rosidl_typesupport_introspection_c.so
[1.263s] -- Up-to-date: /home/akash/new_ros_ws/install/cam_interface/lib/libcam_interface__rosidl_typesupport_c.so
[1.263s] -- Up-to-date: /home/akash/new_ros_ws/install/cam_interface/include/cam_interface/cam_interface
[1.264s] -- Up-to-date: /home/akash/new_ros_ws/install/cam_interface/include/cam_interface/cam_interface/msg
[1.264s] -- Up-to-date: /home/akash/new_ros_ws/install/cam_interface/include/cam_interface/cam_interface/msg/cam_topic.hpp
[1.264s] -- Up-to-date: /home/akash/new_ros_ws/install/cam_interface/include/cam_interface/cam_interface/msg/detail
[1.264s] -- Up-to-date: /home/akash/new_ros_ws/install/cam_interface/include/cam_interface/cam_interface/msg/detail/cam_topic__traits.hpp
[1.264s] -- Up-to-date: /home/akash/new_ros_ws/install/cam_interface/include/cam_interface/cam_interface/msg/detail/cam_topic__struct.hpp
[1.265s] -- Up-to-date: /home/akash/new_ros_ws/install/cam_interface/include/cam_interface/cam_interface/msg/detail/cam_topic__builder.hpp
[1.265s] -- Up-to-date: /home/akash/new_ros_ws/install/cam_interface/include/cam_interface/cam_interface
[1.265s] -- Up-to-date: /home/akash/new_ros_ws/install/cam_interface/include/cam_interface/cam_interface/msg
[1.265s] -- Up-to-date: /home/akash/new_ros_ws/install/cam_interface/include/cam_interface/cam_interface/msg/rosidl_typesupport_fastrtps_cpp__visibility_control.h
[1.266s] -- Up-to-date: /home/akash/new_ros_ws/install/cam_interface/include/cam_interface/cam_interface/msg/detail
[1.266s] -- Up-to-date: /home/akash/new_ros_ws/install/cam_interface/include/cam_interface/cam_interface/msg/detail/dds_fastrtps
[1.267s] -- Up-to-date: /home/akash/new_ros_ws/install/cam_interface/include/cam_interface/cam_interface/msg/detail/cam_topic__rosidl_typesupport_fastrtps_cpp.hpp
[1.270s] -- Up-to-date: /home/akash/new_ros_ws/install/cam_interface/lib/libcam_interface__rosidl_typesupport_fastrtps_cpp.so
[1.270s] -- Up-to-date: /home/akash/new_ros_ws/install/cam_interface/include/cam_interface/cam_interface
[1.270s] -- Up-to-date: /home/akash/new_ros_ws/install/cam_interface/include/cam_interface/cam_interface/msg
[1.270s] -- Up-to-date: /home/akash/new_ros_ws/install/cam_interface/include/cam_interface/cam_interface/msg/detail
[1.270s] -- Up-to-date: /home/akash/new_ros_ws/install/cam_interface/include/cam_interface/cam_interface/msg/detail/cam_topic__rosidl_typesupport_introspection_cpp.hpp
[1.271s] -- Up-to-date: /home/akash/new_ros_ws/install/cam_interface/include/cam_interface/cam_interface/msg/detail/cam_topic__type_support.cpp
[1.271s] -- Up-to-date: /home/akash/new_ros_ws/install/cam_interface/lib/libcam_interface__rosidl_typesupport_introspection_cpp.so
[1.271s] -- Up-to-date: /home/akash/new_ros_ws/install/cam_interface/lib/libcam_interface__rosidl_typesupport_cpp.so
[1.272s] -- Up-to-date: /home/akash/new_ros_ws/install/cam_interface/share/cam_interface/environment/pythonpath.sh
[1.272s] -- Up-to-date: /home/akash/new_ros_ws/install/cam_interface/share/cam_interface/environment/pythonpath.dsv
[1.272s] -- Up-to-date: /home/akash/new_ros_ws/install/cam_interface/local/lib/python3.10/dist-packages/cam_interface-0.0.0-py3.10.egg-info
[1.272s] -- Installing: /home/akash/new_ros_ws/install/cam_interface/local/lib/python3.10/dist-packages/cam_interface-0.0.0-py3.10.egg-info/SOURCES.txt
[1.277s] -- Installing: /home/akash/new_ros_ws/install/cam_interface/local/lib/python3.10/dist-packages/cam_interface-0.0.0-py3.10.egg-info/top_level.txt
[1.277s] -- Installing: /home/akash/new_ros_ws/install/cam_interface/local/lib/python3.10/dist-packages/cam_interface-0.0.0-py3.10.egg-info/dependency_links.txt
[1.277s] -- Installing: /home/akash/new_ros_ws/install/cam_interface/local/lib/python3.10/dist-packages/cam_interface-0.0.0-py3.10.egg-info/PKG-INFO
[1.277s] -- Up-to-date: /home/akash/new_ros_ws/install/cam_interface/local/lib/python3.10/dist-packages/cam_interface
[1.277s] -- Up-to-date: /home/akash/new_ros_ws/install/cam_interface/local/lib/python3.10/dist-packages/cam_interface/cam_interface_s__rosidl_typesupport_c.cpython-310-x86_64-linux-gnu.so
[1.277s] -- Up-to-date: /home/akash/new_ros_ws/install/cam_interface/local/lib/python3.10/dist-packages/cam_interface/cam_interface_s__rosidl_typesupport_introspection_c.cpython-310-x86_64-linux-gnu.so
[1.278s] -- Up-to-date: /home/akash/new_ros_ws/install/cam_interface/local/lib/python3.10/dist-packages/cam_interface/_cam_interface_s.ep.rosidl_typesupport_introspection_c.c
[1.278s] -- Up-to-date: /home/akash/new_ros_ws/install/cam_interface/local/lib/python3.10/dist-packages/cam_interface/__init__.py
[1.278s] -- Up-to-date: /home/akash/new_ros_ws/install/cam_interface/local/lib/python3.10/dist-packages/cam_interface/_cam_interface_s.ep.rosidl_typesupport_fastrtps_c.c
[1.278s] -- Up-to-date: /home/akash/new_ros_ws/install/cam_interface/local/lib/python3.10/dist-packages/cam_interface/cam_interface_s__rosidl_typesupport_fastrtps_c.cpython-310-x86_64-linux-gnu.so
[1.278s] -- Up-to-date: /home/akash/new_ros_ws/install/cam_interface/local/lib/python3.10/dist-packages/cam_interface/_cam_interface_s.ep.rosidl_typesupport_c.c
[1.278s] -- Up-to-date: /home/akash/new_ros_ws/install/cam_interface/local/lib/python3.10/dist-packages/cam_interface/libcam_interface__rosidl_generator_py.so
[1.278s] -- Up-to-date: /home/akash/new_ros_ws/install/cam_interface/local/lib/python3.10/dist-packages/cam_interface/msg
[1.278s] -- Up-to-date: /home/akash/new_ros_ws/install/cam_interface/local/lib/python3.10/dist-packages/cam_interface/msg/_cam_topic.py
[1.278s] -- Up-to-date: /home/akash/new_ros_ws/install/cam_interface/local/lib/python3.10/dist-packages/cam_interface/msg/__init__.py
[1.278s] -- Up-to-date: /home/akash/new_ros_ws/install/cam_interface/local/lib/python3.10/dist-packages/cam_interface/msg/_cam_topic_s.c
[1.340s] Listing '/home/akash/new_ros_ws/install/cam_interface/local/lib/python3.10/dist-packages/cam_interface'...
[1.340s] Listing '/home/akash/new_ros_ws/install/cam_interface/local/lib/python3.10/dist-packages/cam_interface/msg'...
[1.348s] -- Up-to-date: /home/akash/new_ros_ws/install/cam_interface/local/lib/python3.10/dist-packages/cam_interface/cam_interface_s__rosidl_typesupport_fastrtps_c.cpython-310-x86_64-linux-gnu.so
[1.350s] -- Up-to-date: /home/akash/new_ros_ws/install/cam_interface/local/lib/python3.10/dist-packages/cam_interface/cam_interface_s__rosidl_typesupport_introspection_c.cpython-310-x86_64-linux-gnu.so
[1.352s] -- Up-to-date: /home/akash/new_ros_ws/install/cam_interface/local/lib/python3.10/dist-packages/cam_interface/cam_interface_s__rosidl_typesupport_c.cpython-310-x86_64-linux-gnu.so
[1.357s] -- Up-to-date: /home/akash/new_ros_ws/install/cam_interface/lib/libcam_interface__rosidl_generator_py.so
[1.357s] -- Up-to-date: /home/akash/new_ros_ws/install/cam_interface/share/cam_interface/msg/CamTopic.idl
[1.358s] -- Up-to-date: /home/akash/new_ros_ws/install/cam_interface/share/cam_interface/msg/CamTopic.msg
[1.359s] -- Up-to-date: /home/akash/new_ros_ws/install/cam_interface/share/ament_index/resource_index/package_run_dependencies/cam_interface
[1.359s] -- Up-to-date: /home/akash/new_ros_ws/install/cam_interface/share/ament_index/resource_index/parent_prefix_path/cam_interface
[1.359s] -- Up-to-date: /home/akash/new_ros_ws/install/cam_interface/share/cam_interface/environment/ament_prefix_path.sh
[1.359s] -- Up-to-date: /home/akash/new_ros_ws/install/cam_interface/share/cam_interface/environment/ament_prefix_path.dsv
[1.359s] -- Up-to-date: /home/akash/new_ros_ws/install/cam_interface/share/cam_interface/environment/path.sh
[1.359s] -- Up-to-date: /home/akash/new_ros_ws/install/cam_interface/share/cam_interface/environment/path.dsv
[1.359s] -- Up-to-date: /home/akash/new_ros_ws/install/cam_interface/share/cam_interface/local_setup.bash
[1.360s] -- Up-to-date: /home/akash/new_ros_ws/install/cam_interface/share/cam_interface/local_setup.sh
[1.360s] -- Up-to-date: /home/akash/new_ros_ws/install/cam_interface/share/cam_interface/local_setup.zsh
[1.360s] -- Up-to-date: /home/akash/new_ros_ws/install/cam_interface/share/cam_interface/local_setup.dsv
[1.360s] -- Installing: /home/akash/new_ros_ws/install/cam_interface/share/cam_interface/package.dsv
[1.360s] -- Up-to-date: /home/akash/new_ros_ws/install/cam_interface/share/ament_index/resource_index/packages/cam_interface
[1.361s] -- Up-to-date: /home/akash/new_ros_ws/install/cam_interface/share/cam_interface/cmake/export_cam_interface__rosidl_generator_cExport.cmake
[1.361s] -- Up-to-date: /home/akash/new_ros_ws/install/cam_interface/share/cam_interface/cmake/export_cam_interface__rosidl_generator_cExport-noconfig.cmake
[1.362s] -- Up-to-date: /home/akash/new_ros_ws/install/cam_interface/share/cam_interface/cmake/export_cam_interface__rosidl_typesupport_fastrtps_cExport.cmake
[1.362s] -- Up-to-date: /home/akash/new_ros_ws/install/cam_interface/share/cam_interface/cmake/export_cam_interface__rosidl_typesupport_fastrtps_cExport-noconfig.cmake
[1.363s] -- Up-to-date: /home/akash/new_ros_ws/install/cam_interface/share/cam_interface/cmake/cam_interface__rosidl_typesupport_introspection_cExport.cmake
[1.364s] -- Up-to-date: /home/akash/new_ros_ws/install/cam_interface/share/cam_interface/cmake/cam_interface__rosidl_typesupport_introspection_cExport-noconfig.cmake
[1.364s] -- Up-to-date: /home/akash/new_ros_ws/install/cam_interface/share/cam_interface/cmake/cam_interface__rosidl_typesupport_cExport.cmake
[1.364s] -- Up-to-date: /home/akash/new_ros_ws/install/cam_interface/share/cam_interface/cmake/cam_interface__rosidl_typesupport_cExport-noconfig.cmake
[1.366s] -- Up-to-date: /home/akash/new_ros_ws/install/cam_interface/share/cam_interface/cmake/export_cam_interface__rosidl_generator_cppExport.cmake
[1.367s] -- Up-to-date: /home/akash/new_ros_ws/install/cam_interface/share/cam_interface/cmake/export_cam_interface__rosidl_typesupport_fastrtps_cppExport.cmake
[1.368s] -- Up-to-date: /home/akash/new_ros_ws/install/cam_interface/share/cam_interface/cmake/export_cam_interface__rosidl_typesupport_fastrtps_cppExport-noconfig.cmake
[1.369s] -- Up-to-date: /home/akash/new_ros_ws/install/cam_interface/share/cam_interface/cmake/cam_interface__rosidl_typesupport_introspection_cppExport.cmake
[1.369s] -- Up-to-date: /home/akash/new_ros_ws/install/cam_interface/share/cam_interface/cmake/cam_interface__rosidl_typesupport_introspection_cppExport-noconfig.cmake
[1.371s] -- Up-to-date: /home/akash/new_ros_ws/install/cam_interface/share/cam_interface/cmake/cam_interface__rosidl_typesupport_cppExport.cmake
[1.371s] -- Up-to-date: /home/akash/new_ros_ws/install/cam_interface/share/cam_interface/cmake/cam_interface__rosidl_typesupport_cppExport-noconfig.cmake
[1.375s] -- Up-to-date: /home/akash/new_ros_ws/install/cam_interface/share/cam_interface/cmake/export_cam_interface__rosidl_generator_pyExport.cmake
[1.375s] -- Up-to-date: /home/akash/new_ros_ws/install/cam_interface/share/cam_interface/cmake/export_cam_interface__rosidl_generator_pyExport-noconfig.cmake
[1.375s] -- Up-to-date: /home/akash/new_ros_ws/install/cam_interface/share/cam_interface/cmake/rosidl_cmake-extras.cmake
[1.375s] -- Up-to-date: /home/akash/new_ros_ws/install/cam_interface/share/cam_interface/cmake/ament_cmake_export_dependencies-extras.cmake
[1.376s] -- Up-to-date: /home/akash/new_ros_ws/install/cam_interface/share/cam_interface/cmake/ament_cmake_export_include_directories-extras.cmake
[1.377s] -- Up-to-date: /home/akash/new_ros_ws/install/cam_interface/share/cam_interface/cmake/ament_cmake_export_libraries-extras.cmake
[1.377s] -- Up-to-date: /home/akash/new_ros_ws/install/cam_interface/share/cam_interface/cmake/ament_cmake_export_targets-extras.cmake
[1.378s] -- Up-to-date: /home/akash/new_ros_ws/install/cam_interface/share/cam_interface/cmake/rosidl_cmake_export_typesupport_targets-extras.cmake
[1.379s] -- Up-to-date: /home/akash/new_ros_ws/install/cam_interface/share/cam_interface/cmake/rosidl_cmake_export_typesupport_libraries-extras.cmake
[1.380s] -- Up-to-date: /home/akash/new_ros_ws/install/cam_interface/share/cam_interface/cmake/cam_interfaceConfig.cmake
[1.381s] -- Up-to-date: /home/akash/new_ros_ws/install/cam_interface/share/cam_interface/cmake/cam_interfaceConfig-version.cmake
[1.381s] -- Up-to-date: /home/akash/new_ros_ws/install/cam_interface/share/cam_interface/package.xml
[1.539s] Invoked command in '/home/akash/new_ros_ws/build/cam_interface' returned '0': CMAKE_PREFIX_PATH=/opt/ros/humble /usr/bin/cmake --install /home/akash/new_ros_ws/build/cam_interface
