[0.329s] Invoking command in '/home/akash/new_ros_ws/build/cam_interface': CMAKE_PREFIX_PATH=${CMAKE_PREFIX_PATH}:/home/akash/new_ros_ws/install/gesture_pub_sub:/home/akash/new_ros_ws/install/cam_pub_sub:/opt/ros/humble /usr/bin/cmake --build /home/akash/new_ros_ws/build/cam_interface -- -j12 -l12
[0.401s] [35m[1mConsolidate compiler generated dependencies of target cam_interface__rosidl_generator_c[0m
[0.446s] [  3%] Built target cam_interface__cpp
[0.447s] [ 12%] Built target cam_interface__rosidl_generator_c
[0.479s] [35m[1mConsolidate compiler generated dependencies of target cam_interface__rosidl_typesupport_fastrtps_c[0m
[0.506s] [35m[1mConsolidate compiler generated dependencies of target cam_interface__rosidl_typesupport_fastrtps_cpp[0m
[0.506s] [ 12%] Built target ament_cmake_python_copy_cam_interface
[0.506s] [35m[1mConsolidate compiler generated dependencies of target cam_interface__rosidl_typesupport_introspection_cpp[0m
[0.507s] [35m[1mConsolidate compiler generated dependencies of target cam_interface__rosidl_typesupport_introspection_c[0m
[0.509s] [35m[1mConsolidate compiler generated dependencies of target cam_interface__rosidl_typesupport_cpp[0m
[0.517s] [35m[1mConsolidate compiler generated dependencies of target cam_interface__rosidl_typesupport_c[0m
[0.565s] [ 22%] Built target cam_interface__rosidl_typesupport_fastrtps_c
[0.568s] [ 32%] Built target cam_interface__rosidl_typesupport_fastrtps_cpp
[0.580s] [ 41%] Built target cam_interface__rosidl_typesupport_cpp
[0.582s] [ 51%] Built target cam_interface__rosidl_typesupport_introspection_cpp
[0.590s] [ 61%] Built target cam_interface__rosidl_typesupport_introspection_c
[0.593s] [ 70%] Built target cam_interface__rosidl_typesupport_c
[0.627s] [ 70%] Built target cam_interface
[0.662s] [ 74%] Built target cam_interface__py
[0.679s] [35m[1mConsolidate compiler generated dependencies of target cam_interface__rosidl_generator_py[0m
[0.703s] [ 80%] Built target cam_interface__rosidl_generator_py
[0.725s] [35m[1mConsolidate compiler generated dependencies of target cam_interface__rosidl_typesupport_introspection_c__pyext[0m
[0.726s] [35m[1mConsolidate compiler generated dependencies of target cam_interface__rosidl_typesupport_fastrtps_c__pyext[0m
[0.726s] [35m[1mConsolidate compiler generated dependencies of target cam_interface__rosidl_typesupport_c__pyext[0m
[0.753s] [ 87%] Built target cam_interface__rosidl_typesupport_c__pyext
[0.754s] [ 93%] Built target cam_interface__rosidl_typesupport_fastrtps_c__pyext
[0.755s] [100%] Built target cam_interface__rosidl_typesupport_introspection_c__pyext
[1.154s] running egg_info
[1.157s] writing cam_interface.egg-info/PKG-INFO
[1.157s] writing dependency_links to cam_interface.egg-info/dependency_links.txt
[1.158s] writing top-level names to cam_interface.egg-info/top_level.txt
[1.165s] reading manifest file 'cam_interface.egg-info/SOURCES.txt'
[1.167s] writing manifest file 'cam_interface.egg-info/SOURCES.txt'
[1.219s] [100%] Built target ament_cmake_python_build_cam_interface_egg
[1.239s] Invoked command in '/home/akash/new_ros_ws/build/cam_interface' returned '0': CMAKE_PREFIX_PATH=${CMAKE_PREFIX_PATH}:/home/akash/new_ros_ws/install/gesture_pub_sub:/home/akash/new_ros_ws/install/cam_pub_sub:/opt/ros/humble /usr/bin/cmake --build /home/akash/new_ros_ws/build/cam_interface -- -j12 -l12
[1.400s] Invoking command in '/home/akash/new_ros_ws/build/cam_interface': CMAKE_PREFIX_PATH=${CMAKE_PREFIX_PATH}:/home/akash/new_ros_ws/install/gesture_pub_sub:/home/akash/new_ros_ws/install/cam_pub_sub:/opt/ros/humble /usr/bin/cmake --install /home/akash/new_ros_ws/build/cam_interface
[1.415s] -- Install configuration: ""
[1.415s] -- Up-to-date: /home/akash/new_ros_ws/install/cam_interface/share/ament_index/resource_index/rosidl_interfaces/cam_interface
[1.416s] -- Up-to-date: /home/akash/new_ros_ws/install/cam_interface/include/cam_interface/cam_interface
[1.417s] -- Up-to-date: /home/akash/new_ros_ws/install/cam_interface/include/cam_interface/cam_interface/msg
[1.417s] -- Up-to-date: /home/akash/new_ros_ws/install/cam_interface/include/cam_interface/cam_interface/msg/rosidl_generator_c__visibility_control.h
[1.417s] -- Up-to-date: /home/akash/new_ros_ws/install/cam_interface/include/cam_interface/cam_interface/msg/cam_topic.h
[1.417s] -- Up-to-date: /home/akash/new_ros_ws/install/cam_interface/include/cam_interface/cam_interface/msg/detail
[1.418s] -- Up-to-date: /home/akash/new_ros_ws/install/cam_interface/include/cam_interface/cam_interface/msg/detail/cam_topic__functions.c
[1.418s] -- Up-to-date: /home/akash/new_ros_ws/install/cam_interface/include/cam_interface/cam_interface/msg/detail/cam_topic__struct.h
[1.419s] -- Up-to-date: /home/akash/new_ros_ws/install/cam_interface/include/cam_interface/cam_interface/msg/detail/cam_topic__type_support.h
[1.419s] -- Up-to-date: /home/akash/new_ros_ws/install/cam_interface/include/cam_interface/cam_interface/msg/detail/cam_topic__functions.h
[1.419s] -- Up-to-date: /home/akash/new_ros_ws/install/cam_interface/share/cam_interface/environment/library_path.sh
[1.420s] -- Up-to-date: /home/akash/new_ros_ws/install/cam_interface/share/cam_interface/environment/library_path.dsv
[1.420s] -- Up-to-date: /home/akash/new_ros_ws/install/cam_interface/lib/libcam_interface__rosidl_generator_c.so
[1.421s] -- Up-to-date: /home/akash/new_ros_ws/install/cam_interface/include/cam_interface/cam_interface
[1.421s] -- Up-to-date: /home/akash/new_ros_ws/install/cam_interface/include/cam_interface/cam_interface/msg
[1.422s] -- Up-to-date: /home/akash/new_ros_ws/install/cam_interface/include/cam_interface/cam_interface/msg/rosidl_typesupport_fastrtps_c__visibility_control.h
[1.422s] -- Up-to-date: /home/akash/new_ros_ws/install/cam_interface/include/cam_interface/cam_interface/msg/detail
[1.422s] -- Up-to-date: /home/akash/new_ros_ws/install/cam_interface/include/cam_interface/cam_interface/msg/detail/cam_topic__rosidl_typesupport_fastrtps_c.h
[1.423s] -- Up-to-date: /home/akash/new_ros_ws/install/cam_interface/lib/libcam_interface__rosidl_typesupport_fastrtps_c.so
[1.423s] -- Up-to-date: /home/akash/new_ros_ws/install/cam_interface/include/cam_interface/cam_interface
[1.423s] -- Up-to-date: /home/akash/new_ros_ws/install/cam_interface/include/cam_interface/cam_interface/msg
[1.424s] -- Up-to-date: /home/akash/new_ros_ws/install/cam_interface/include/cam_interface/cam_interface/msg/rosidl_typesupport_introspection_c__visibility_control.h
[1.425s] -- Up-to-date: /home/akash/new_ros_ws/install/cam_interface/include/cam_interface/cam_interface/msg/detail
[1.425s] -- Up-to-date: /home/akash/new_ros_ws/install/cam_interface/include/cam_interface/cam_interface/msg/detail/cam_topic__rosidl_typesupport_introspection_c.h
[1.425s] -- Up-to-date: /home/akash/new_ros_ws/install/cam_interface/include/cam_interface/cam_interface/msg/detail/cam_topic__type_support.c
[1.425s] -- Up-to-date: /home/akash/new_ros_ws/install/cam_interface/lib/libcam_interface__rosidl_typesupport_introspection_c.so
[1.426s] -- Up-to-date: /home/akash/new_ros_ws/install/cam_interface/lib/libcam_interface__rosidl_typesupport_c.so
[1.426s] -- Up-to-date: /home/akash/new_ros_ws/install/cam_interface/include/cam_interface/cam_interface
[1.426s] -- Up-to-date: /home/akash/new_ros_ws/install/cam_interface/include/cam_interface/cam_interface/msg
[1.427s] -- Up-to-date: /home/akash/new_ros_ws/install/cam_interface/include/cam_interface/cam_interface/msg/cam_topic.hpp
[1.427s] -- Up-to-date: /home/akash/new_ros_ws/install/cam_interface/include/cam_interface/cam_interface/msg/detail
[1.427s] -- Up-to-date: /home/akash/new_ros_ws/install/cam_interface/include/cam_interface/cam_interface/msg/detail/cam_topic__traits.hpp
[1.428s] -- Up-to-date: /home/akash/new_ros_ws/install/cam_interface/include/cam_interface/cam_interface/msg/detail/cam_topic__struct.hpp
[1.428s] -- Up-to-date: /home/akash/new_ros_ws/install/cam_interface/include/cam_interface/cam_interface/msg/detail/cam_topic__builder.hpp
[1.428s] -- Up-to-date: /home/akash/new_ros_ws/install/cam_interface/include/cam_interface/cam_interface
[1.429s] -- Up-to-date: /home/akash/new_ros_ws/install/cam_interface/include/cam_interface/cam_interface/msg
[1.429s] -- Up-to-date: /home/akash/new_ros_ws/install/cam_interface/include/cam_interface/cam_interface/msg/rosidl_typesupport_fastrtps_cpp__visibility_control.h
[1.430s] -- Up-to-date: /home/akash/new_ros_ws/install/cam_interface/include/cam_interface/cam_interface/msg/detail
[1.430s] -- Up-to-date: /home/akash/new_ros_ws/install/cam_interface/include/cam_interface/cam_interface/msg/detail/dds_fastrtps
[1.431s] -- Up-to-date: /home/akash/new_ros_ws/install/cam_interface/include/cam_interface/cam_interface/msg/detail/cam_topic__rosidl_typesupport_fastrtps_cpp.hpp
[1.432s] -- Up-to-date: /home/akash/new_ros_ws/install/cam_interface/lib/libcam_interface__rosidl_typesupport_fastrtps_cpp.so
[1.432s] -- Up-to-date: /home/akash/new_ros_ws/install/cam_interface/include/cam_interface/cam_interface
[1.432s] -- Up-to-date: /home/akash/new_ros_ws/install/cam_interface/include/cam_interface/cam_interface/msg
[1.432s] -- Up-to-date: /home/akash/new_ros_ws/install/cam_interface/include/cam_interface/cam_interface/msg/detail
[1.433s] -- Up-to-date: /home/akash/new_ros_ws/install/cam_interface/include/cam_interface/cam_interface/msg/detail/cam_topic__rosidl_typesupport_introspection_cpp.hpp
[1.433s] -- Up-to-date: /home/akash/new_ros_ws/install/cam_interface/include/cam_interface/cam_interface/msg/detail/cam_topic__type_support.cpp
[1.433s] -- Up-to-date: /home/akash/new_ros_ws/install/cam_interface/lib/libcam_interface__rosidl_typesupport_introspection_cpp.so
[1.434s] -- Up-to-date: /home/akash/new_ros_ws/install/cam_interface/lib/libcam_interface__rosidl_typesupport_cpp.so
[1.438s] -- Up-to-date: /home/akash/new_ros_ws/install/cam_interface/share/cam_interface/environment/pythonpath.sh
[1.438s] -- Up-to-date: /home/akash/new_ros_ws/install/cam_interface/share/cam_interface/environment/pythonpath.dsv
[1.438s] -- Up-to-date: /home/akash/new_ros_ws/install/cam_interface/local/lib/python3.10/dist-packages/cam_interface-0.0.0-py3.10.egg-info
[1.438s] -- Installing: /home/akash/new_ros_ws/install/cam_interface/local/lib/python3.10/dist-packages/cam_interface-0.0.0-py3.10.egg-info/SOURCES.txt
[1.438s] -- Installing: /home/akash/new_ros_ws/install/cam_interface/local/lib/python3.10/dist-packages/cam_interface-0.0.0-py3.10.egg-info/top_level.txt
[1.439s] -- Installing: /home/akash/new_ros_ws/install/cam_interface/local/lib/python3.10/dist-packages/cam_interface-0.0.0-py3.10.egg-info/dependency_links.txt
[1.439s] -- Installing: /home/akash/new_ros_ws/install/cam_interface/local/lib/python3.10/dist-packages/cam_interface-0.0.0-py3.10.egg-info/PKG-INFO
[1.439s] -- Up-to-date: /home/akash/new_ros_ws/install/cam_interface/local/lib/python3.10/dist-packages/cam_interface
[1.439s] -- Up-to-date: /home/akash/new_ros_ws/install/cam_interface/local/lib/python3.10/dist-packages/cam_interface/cam_interface_s__rosidl_typesupport_c.cpython-310-x86_64-linux-gnu.so
[1.439s] -- Up-to-date: /home/akash/new_ros_ws/install/cam_interface/local/lib/python3.10/dist-packages/cam_interface/cam_interface_s__rosidl_typesupport_introspection_c.cpython-310-x86_64-linux-gnu.so
[1.439s] -- Up-to-date: /home/akash/new_ros_ws/install/cam_interface/local/lib/python3.10/dist-packages/cam_interface/_cam_interface_s.ep.rosidl_typesupport_introspection_c.c
[1.439s] -- Up-to-date: /home/akash/new_ros_ws/install/cam_interface/local/lib/python3.10/dist-packages/cam_interface/__init__.py
[1.439s] -- Up-to-date: /home/akash/new_ros_ws/install/cam_interface/local/lib/python3.10/dist-packages/cam_interface/_cam_interface_s.ep.rosidl_typesupport_fastrtps_c.c
[1.439s] -- Up-to-date: /home/akash/new_ros_ws/install/cam_interface/local/lib/python3.10/dist-packages/cam_interface/cam_interface_s__rosidl_typesupport_fastrtps_c.cpython-310-x86_64-linux-gnu.so
[1.439s] -- Up-to-date: /home/akash/new_ros_ws/install/cam_interface/local/lib/python3.10/dist-packages/cam_interface/_cam_interface_s.ep.rosidl_typesupport_c.c
[1.440s] -- Up-to-date: /home/akash/new_ros_ws/install/cam_interface/local/lib/python3.10/dist-packages/cam_interface/libcam_interface__rosidl_generator_py.so
[1.440s] -- Up-to-date: /home/akash/new_ros_ws/install/cam_interface/local/lib/python3.10/dist-packages/cam_interface/msg
[1.440s] -- Up-to-date: /home/akash/new_ros_ws/install/cam_interface/local/lib/python3.10/dist-packages/cam_interface/msg/_cam_topic.py
[1.440s] -- Up-to-date: /home/akash/new_ros_ws/install/cam_interface/local/lib/python3.10/dist-packages/cam_interface/msg/__init__.py
[1.440s] -- Up-to-date: /home/akash/new_ros_ws/install/cam_interface/local/lib/python3.10/dist-packages/cam_interface/msg/_cam_topic_s.c
[1.495s] Listing '/home/akash/new_ros_ws/install/cam_interface/local/lib/python3.10/dist-packages/cam_interface'...
[1.496s] Listing '/home/akash/new_ros_ws/install/cam_interface/local/lib/python3.10/dist-packages/cam_interface/msg'...
[1.508s] -- Up-to-date: /home/akash/new_ros_ws/install/cam_interface/local/lib/python3.10/dist-packages/cam_interface/cam_interface_s__rosidl_typesupport_fastrtps_c.cpython-310-x86_64-linux-gnu.so
[1.509s] -- Up-to-date: /home/akash/new_ros_ws/install/cam_interface/local/lib/python3.10/dist-packages/cam_interface/cam_interface_s__rosidl_typesupport_introspection_c.cpython-310-x86_64-linux-gnu.so
[1.510s] -- Up-to-date: /home/akash/new_ros_ws/install/cam_interface/local/lib/python3.10/dist-packages/cam_interface/cam_interface_s__rosidl_typesupport_c.cpython-310-x86_64-linux-gnu.so
[1.510s] -- Up-to-date: /home/akash/new_ros_ws/install/cam_interface/lib/libcam_interface__rosidl_generator_py.so
[1.511s] -- Up-to-date: /home/akash/new_ros_ws/install/cam_interface/share/cam_interface/msg/CamTopic.idl
[1.512s] -- Up-to-date: /home/akash/new_ros_ws/install/cam_interface/share/cam_interface/msg/CamTopic.msg
[1.512s] -- Up-to-date: /home/akash/new_ros_ws/install/cam_interface/share/ament_index/resource_index/package_run_dependencies/cam_interface
[1.513s] -- Up-to-date: /home/akash/new_ros_ws/install/cam_interface/share/ament_index/resource_index/parent_prefix_path/cam_interface
[1.513s] -- Up-to-date: /home/akash/new_ros_ws/install/cam_interface/share/cam_interface/environment/ament_prefix_path.sh
[1.514s] -- Up-to-date: /home/akash/new_ros_ws/install/cam_interface/share/cam_interface/environment/ament_prefix_path.dsv
[1.514s] -- Up-to-date: /home/akash/new_ros_ws/install/cam_interface/share/cam_interface/environment/path.sh
[1.515s] -- Up-to-date: /home/akash/new_ros_ws/install/cam_interface/share/cam_interface/environment/path.dsv
[1.515s] -- Up-to-date: /home/akash/new_ros_ws/install/cam_interface/share/cam_interface/local_setup.bash
[1.516s] -- Up-to-date: /home/akash/new_ros_ws/install/cam_interface/share/cam_interface/local_setup.sh
[1.517s] -- Up-to-date: /home/akash/new_ros_ws/install/cam_interface/share/cam_interface/local_setup.zsh
[1.518s] -- Up-to-date: /home/akash/new_ros_ws/install/cam_interface/share/cam_interface/local_setup.dsv
[1.518s] -- Installing: /home/akash/new_ros_ws/install/cam_interface/share/cam_interface/package.dsv
[1.519s] -- Up-to-date: /home/akash/new_ros_ws/install/cam_interface/share/ament_index/resource_index/packages/cam_interface
[1.519s] -- Up-to-date: /home/akash/new_ros_ws/install/cam_interface/share/cam_interface/cmake/export_cam_interface__rosidl_generator_cExport.cmake
[1.520s] -- Up-to-date: /home/akash/new_ros_ws/install/cam_interface/share/cam_interface/cmake/export_cam_interface__rosidl_generator_cExport-noconfig.cmake
[1.520s] -- Up-to-date: /home/akash/new_ros_ws/install/cam_interface/share/cam_interface/cmake/export_cam_interface__rosidl_typesupport_fastrtps_cExport.cmake
[1.520s] -- Up-to-date: /home/akash/new_ros_ws/install/cam_interface/share/cam_interface/cmake/export_cam_interface__rosidl_typesupport_fastrtps_cExport-noconfig.cmake
[1.522s] -- Up-to-date: /home/akash/new_ros_ws/install/cam_interface/share/cam_interface/cmake/cam_interface__rosidl_typesupport_introspection_cExport.cmake
[1.526s] -- Up-to-date: /home/akash/new_ros_ws/install/cam_interface/share/cam_interface/cmake/cam_interface__rosidl_typesupport_introspection_cExport-noconfig.cmake
[1.527s] -- Up-to-date: /home/akash/new_ros_ws/install/cam_interface/share/cam_interface/cmake/cam_interface__rosidl_typesupport_cExport.cmake
[1.531s] -- Up-to-date: /home/akash/new_ros_ws/install/cam_interface/share/cam_interface/cmake/cam_interface__rosidl_typesupport_cExport-noconfig.cmake
[1.532s] -- Up-to-date: /home/akash/new_ros_ws/install/cam_interface/share/cam_interface/cmake/export_cam_interface__rosidl_generator_cppExport.cmake
[1.533s] -- Up-to-date: /home/akash/new_ros_ws/install/cam_interface/share/cam_interface/cmake/export_cam_interface__rosidl_typesupport_fastrtps_cppExport.cmake
[1.533s] -- Up-to-date: /home/akash/new_ros_ws/install/cam_interface/share/cam_interface/cmake/export_cam_interface__rosidl_typesupport_fastrtps_cppExport-noconfig.cmake
[1.535s] -- Up-to-date: /home/akash/new_ros_ws/install/cam_interface/share/cam_interface/cmake/cam_interface__rosidl_typesupport_introspection_cppExport.cmake
[1.535s] -- Up-to-date: /home/akash/new_ros_ws/install/cam_interface/share/cam_interface/cmake/cam_interface__rosidl_typesupport_introspection_cppExport-noconfig.cmake
[1.543s] -- Up-to-date: /home/akash/new_ros_ws/install/cam_interface/share/cam_interface/cmake/cam_interface__rosidl_typesupport_cppExport.cmake
[1.544s] -- Up-to-date: /home/akash/new_ros_ws/install/cam_interface/share/cam_interface/cmake/cam_interface__rosidl_typesupport_cppExport-noconfig.cmake
[1.544s] -- Up-to-date: /home/akash/new_ros_ws/install/cam_interface/share/cam_interface/cmake/export_cam_interface__rosidl_generator_pyExport.cmake
[1.545s] -- Up-to-date: /home/akash/new_ros_ws/install/cam_interface/share/cam_interface/cmake/export_cam_interface__rosidl_generator_pyExport-noconfig.cmake
[1.545s] -- Up-to-date: /home/akash/new_ros_ws/install/cam_interface/share/cam_interface/cmake/rosidl_cmake-extras.cmake
[1.545s] -- Up-to-date: /home/akash/new_ros_ws/install/cam_interface/share/cam_interface/cmake/ament_cmake_export_dependencies-extras.cmake
[1.546s] -- Up-to-date: /home/akash/new_ros_ws/install/cam_interface/share/cam_interface/cmake/ament_cmake_export_include_directories-extras.cmake
[1.546s] -- Up-to-date: /home/akash/new_ros_ws/install/cam_interface/share/cam_interface/cmake/ament_cmake_export_libraries-extras.cmake
[1.547s] -- Up-to-date: /home/akash/new_ros_ws/install/cam_interface/share/cam_interface/cmake/ament_cmake_export_targets-extras.cmake
[1.548s] -- Up-to-date: /home/akash/new_ros_ws/install/cam_interface/share/cam_interface/cmake/rosidl_cmake_export_typesupport_targets-extras.cmake
[1.548s] -- Up-to-date: /home/akash/new_ros_ws/install/cam_interface/share/cam_interface/cmake/rosidl_cmake_export_typesupport_libraries-extras.cmake
[1.549s] -- Up-to-date: /home/akash/new_ros_ws/install/cam_interface/share/cam_interface/cmake/cam_interfaceConfig.cmake
[1.549s] -- Up-to-date: /home/akash/new_ros_ws/install/cam_interface/share/cam_interface/cmake/cam_interfaceConfig-version.cmake
[1.549s] -- Up-to-date: /home/akash/new_ros_ws/install/cam_interface/share/cam_interface/package.xml
[1.560s] Invoked command in '/home/akash/new_ros_ws/build/cam_interface' returned '0': CMAKE_PREFIX_PATH=${CMAKE_PREFIX_PATH}:/home/akash/new_ros_ws/install/gesture_pub_sub:/home/akash/new_ros_ws/install/cam_pub_sub:/opt/ros/humble /usr/bin/cmake --install /home/akash/new_ros_ws/build/cam_interface
