/usr/lib/python3/dist-packages/setuptools/dist.py:723: UserWarning: Usage of dash-separated 'script-dir' will not be supported in future versions. Please use the underscore name 'script_dir' instead
  warnings.warn(
running egg_info
writing ../../build/gesture_pub_sub/gesture_pub_sub.egg-info/PKG-INFO
writing dependency_links to ../../build/gesture_pub_sub/gesture_pub_sub.egg-info/dependency_links.txt
writing entry points to ../../build/gesture_pub_sub/gesture_pub_sub.egg-info/entry_points.txt
writing requirements to ../../build/gesture_pub_sub/gesture_pub_sub.egg-info/requires.txt
writing top-level names to ../../build/gesture_pub_sub/gesture_pub_sub.egg-info/top_level.txt
reading manifest file '../../build/gesture_pub_sub/gesture_pub_sub.egg-info/SOURCES.txt'
writing manifest file '../../build/gesture_pub_sub/gesture_pub_sub.egg-info/SOURCES.txt'
running build
running build_py
running install
/usr/lib/python3/dist-packages/setuptools/command/install.py:34: SetuptoolsDeprecationWarning: setup.py install is deprecated. Use build and pip and other standards-based tools.
  warnings.warn(
running install_lib
running install_data
copying launch/gesture_turtlesim_launch.py -> /home/akash/new_ros_ws/install/gesture_pub_sub/share/gesture_pub_sub/launch
running install_egg_info
removing '/home/akash/new_ros_ws/install/gesture_pub_sub/lib/python3.10/site-packages/gesture_pub_sub-0.0.0-py3.10.egg-info' (and everything under it)
Copying ../../build/gesture_pub_sub/gesture_pub_sub.egg-info to /home/akash/new_ros_ws/install/gesture_pub_sub/lib/python3.10/site-packages/gesture_pub_sub-0.0.0-py3.10.egg-info
running install_scripts
Installing gesture_publisher script to /home/akash/new_ros_ws/install/gesture_pub_sub/lib/gesture_pub_sub
Installing gesture_subscriber script to /home/akash/new_ros_ws/install/gesture_pub_sub/lib/gesture_pub_sub
writing list of installed files to '/home/akash/new_ros_ws/build/gesture_pub_sub/install.log'
