[2.104s] Invoking command in '/home/akash/new_ros_ws/src/cam_pub_sub': CMAKE_PREFIX_PATH=/home/akash/new_ros_ws/install/cam_interface:/home/akash/new_ros_ws/install/gesture_interface LD_LIBRARY_PATH=/home/akash/new_ros_ws/install/cam_interface/lib:/home/akash/new_ros_ws/install/gesture_interface/lib:/opt/ros/humble/opt/rviz_ogre_vendor/lib:/opt/ros/humble/lib/x86_64-linux-gnu:/opt/ros/humble/lib PYTHONPATH=/home/akash/new_ros_ws/build/cam_pub_sub/prefix_override:/home/akash/new_ros_ws/install/cam_pub_sub/lib/python3.10/site-packages:${PYTHONPATH} /usr/bin/python3 setup.py egg_info --egg-base ../../build/cam_pub_sub build --build-base /home/akash/new_ros_ws/build/cam_pub_sub/build install --record /home/akash/new_ros_ws/build/cam_pub_sub/install.log --single-version-externally-managed
[2.514s] running egg_info
[2.515s] writing ../../build/cam_pub_sub/cam_pub_sub.egg-info/PKG-INFO
[2.516s] writing dependency_links to ../../build/cam_pub_sub/cam_pub_sub.egg-info/dependency_links.txt
[2.517s] writing entry points to ../../build/cam_pub_sub/cam_pub_sub.egg-info/entry_points.txt
[2.517s] writing requirements to ../../build/cam_pub_sub/cam_pub_sub.egg-info/requires.txt
[2.517s] writing top-level names to ../../build/cam_pub_sub/cam_pub_sub.egg-info/top_level.txt
[2.520s] reading manifest file '../../build/cam_pub_sub/cam_pub_sub.egg-info/SOURCES.txt'
[2.522s] writing manifest file '../../build/cam_pub_sub/cam_pub_sub.egg-info/SOURCES.txt'
[2.522s] running build
[2.522s] running build_py
[2.523s] running install
[2.523s] /usr/lib/python3/dist-packages/setuptools/command/install.py:34: SetuptoolsDeprecationWarning: setup.py install is deprecated. Use build and pip and other standards-based tools.
[2.523s]   warnings.warn(
[2.523s] running install_lib
[2.526s] running install_data
[2.527s] running install_egg_info
[2.530s] removing '/home/akash/new_ros_ws/install/cam_pub_sub/lib/python3.10/site-packages/cam_pub_sub-0.0.0-py3.10.egg-info' (and everything under it)
[2.530s] Copying ../../build/cam_pub_sub/cam_pub_sub.egg-info to /home/akash/new_ros_ws/install/cam_pub_sub/lib/python3.10/site-packages/cam_pub_sub-0.0.0-py3.10.egg-info
[2.532s] running install_scripts
[2.575s] Installing cam_pub script to /home/akash/new_ros_ws/install/cam_pub_sub/lib/cam_pub_sub
[2.576s] Installing cam_sub script to /home/akash/new_ros_ws/install/cam_pub_sub/lib/cam_pub_sub
[2.576s] writing list of installed files to '/home/akash/new_ros_ws/build/cam_pub_sub/install.log'
[2.612s] Invoked command in '/home/akash/new_ros_ws/src/cam_pub_sub' returned '0': CMAKE_PREFIX_PATH=/home/akash/new_ros_ws/install/cam_interface:/home/akash/new_ros_ws/install/gesture_interface LD_LIBRARY_PATH=/home/akash/new_ros_ws/install/cam_interface/lib:/home/akash/new_ros_ws/install/gesture_interface/lib:/opt/ros/humble/opt/rviz_ogre_vendor/lib:/opt/ros/humble/lib/x86_64-linux-gnu:/opt/ros/humble/lib PYTHONPATH=/home/akash/new_ros_ws/build/cam_pub_sub/prefix_override:/home/akash/new_ros_ws/install/cam_pub_sub/lib/python3.10/site-packages:${PYTHONPATH} /usr/bin/python3 setup.py egg_info --egg-base ../../build/cam_pub_sub build --build-base /home/akash/new_ros_ws/build/cam_pub_sub/build install --record /home/akash/new_ros_ws/build/cam_pub_sub/install.log --single-version-externally-managed
