[2.332s] DEBUG:colcon:Command line arguments: ['/usr/bin/colcon', 'build']
[2.333s] DEBUG:colcon:Parsed command line arguments: Namespace(log_base=None, log_level=None, verb_name='build', build_base='build', install_base='install', merge_install=False, symlink_install=False, test_result_base=None, continue_on_error=False, executor='parallel', parallel_workers=12, event_handlers=None, ignore_user_meta=False, metas=['./colcon.meta'], base_paths=['.'], packages_ignore=None, packages_ignore_regex=None, paths=None, packages_up_to=None, packages_up_to_regex=None, packages_above=None, packages_above_and_dependencies=None, packages_above_depth=None, packages_select_by_dep=None, packages_skip_by_dep=None, packages_skip_up_to=None, packages_select_build_failed=False, packages_skip_build_finished=False, packages_select_test_failures=False, packages_skip_test_passed=False, packages_select=None, packages_skip=None, packages_select_regex=None, packages_skip_regex=None, packages_start=None, packages_end=None, allow_overriding=[], cmake_args=None, cmake_target=None, cmake_target_skip_unavailable=False, cmake_clean_cache=False, cmake_clean_first=False, cmake_force_configure=False, ament_cmake_args=None, catkin_cmake_args=None, catkin_skip_building_tests=False, verb_parser=<colcon_defaults.argument_parser.defaults.DefaultArgumentsDecorator object at 0x7f9030f0f8b0>, verb_extension=<colcon_core.verb.build.BuildVerb object at 0x7f9030edcfa0>, main=<bound method BuildVerb.main of <colcon_core.verb.build.BuildVerb object at 0x7f9030edcfa0>>)
[2.459s] Level 1:colcon.colcon_core.package_discovery:discover_packages(colcon_meta) check parameters
[2.460s] Level 1:colcon.colcon_core.package_discovery:discover_packages(recursive) check parameters
[2.460s] Level 1:colcon.colcon_core.package_discovery:discover_packages(ignore) check parameters
[2.460s] Level 1:colcon.colcon_core.package_discovery:discover_packages(path) check parameters
[2.460s] Level 1:colcon.colcon_core.package_discovery:discover_packages(colcon_meta) discover
[2.460s] Level 1:colcon.colcon_core.package_discovery:discover_packages(recursive) discover
[2.460s] INFO:colcon.colcon_core.package_discovery:Crawling recursively for packages in '/home/akash/final_project_sme_lab_12194814/12194814_ros_ws'
[2.461s] Level 1:colcon.colcon_core.package_identification:_identify(.) by extensions ['ignore', 'ignore_ament_install']
[2.461s] Level 1:colcon.colcon_core.package_identification:_identify(.) by extension 'ignore'
[2.461s] Level 1:colcon.colcon_core.package_identification:_identify(.) by extension 'ignore_ament_install'
[2.461s] Level 1:colcon.colcon_core.package_identification:_identify(.) by extensions ['colcon_pkg']
[2.461s] Level 1:colcon.colcon_core.package_identification:_identify(.) by extension 'colcon_pkg'
[2.462s] Level 1:colcon.colcon_core.package_identification:_identify(.) by extensions ['colcon_meta']
[2.462s] Level 1:colcon.colcon_core.package_identification:_identify(.) by extension 'colcon_meta'
[2.462s] Level 1:colcon.colcon_core.package_identification:_identify(.) by extensions ['ros']
[2.462s] Level 1:colcon.colcon_core.package_identification:_identify(.) by extension 'ros'
[2.495s] Level 1:colcon.colcon_core.package_identification:_identify(.) by extensions ['cmake', 'python']
[2.495s] Level 1:colcon.colcon_core.package_identification:_identify(.) by extension 'cmake'
[2.495s] Level 1:colcon.colcon_core.package_identification:_identify(.) by extension 'python'
[2.495s] Level 1:colcon.colcon_core.package_identification:_identify(.) by extensions ['python_setup_py']
[2.495s] Level 1:colcon.colcon_core.package_identification:_identify(.) by extension 'python_setup_py'
[2.496s] Level 1:colcon.colcon_core.package_identification:_identify(build) by extensions ['ignore', 'ignore_ament_install']
[2.496s] Level 1:colcon.colcon_core.package_identification:_identify(build) by extension 'ignore'
[2.496s] Level 1:colcon.colcon_core.package_identification:_identify(build) ignored
[2.496s] Level 1:colcon.colcon_core.package_identification:_identify(install) by extensions ['ignore', 'ignore_ament_install']
[2.496s] Level 1:colcon.colcon_core.package_identification:_identify(install) by extension 'ignore'
[2.496s] Level 1:colcon.colcon_core.package_identification:_identify(install) ignored
[2.496s] Level 1:colcon.colcon_core.package_identification:_identify(log) by extensions ['ignore', 'ignore_ament_install']
[2.497s] Level 1:colcon.colcon_core.package_identification:_identify(log) by extension 'ignore'
[2.497s] Level 1:colcon.colcon_core.package_identification:_identify(log) ignored
[2.497s] Level 1:colcon.colcon_core.package_identification:_identify(rosbag2_2023_12_04-14_32_36) by extensions ['ignore', 'ignore_ament_install']
[2.497s] Level 1:colcon.colcon_core.package_identification:_identify(rosbag2_2023_12_04-14_32_36) by extension 'ignore'
[2.497s] Level 1:colcon.colcon_core.package_identification:_identify(rosbag2_2023_12_04-14_32_36) by extension 'ignore_ament_install'
[2.497s] Level 1:colcon.colcon_core.package_identification:_identify(rosbag2_2023_12_04-14_32_36) by extensions ['colcon_pkg']
[2.497s] Level 1:colcon.colcon_core.package_identification:_identify(rosbag2_2023_12_04-14_32_36) by extension 'colcon_pkg'
[2.497s] Level 1:colcon.colcon_core.package_identification:_identify(rosbag2_2023_12_04-14_32_36) by extensions ['colcon_meta']
[2.497s] Level 1:colcon.colcon_core.package_identification:_identify(rosbag2_2023_12_04-14_32_36) by extension 'colcon_meta'
[2.497s] Level 1:colcon.colcon_core.package_identification:_identify(rosbag2_2023_12_04-14_32_36) by extensions ['ros']
[2.498s] Level 1:colcon.colcon_core.package_identification:_identify(rosbag2_2023_12_04-14_32_36) by extension 'ros'
[2.498s] Level 1:colcon.colcon_core.package_identification:_identify(rosbag2_2023_12_04-14_32_36) by extensions ['cmake', 'python']
[2.498s] Level 1:colcon.colcon_core.package_identification:_identify(rosbag2_2023_12_04-14_32_36) by extension 'cmake'
[2.498s] Level 1:colcon.colcon_core.package_identification:_identify(rosbag2_2023_12_04-14_32_36) by extension 'python'
[2.498s] Level 1:colcon.colcon_core.package_identification:_identify(rosbag2_2023_12_04-14_32_36) by extensions ['python_setup_py']
[2.498s] Level 1:colcon.colcon_core.package_identification:_identify(rosbag2_2023_12_04-14_32_36) by extension 'python_setup_py'
[2.498s] Level 1:colcon.colcon_core.package_identification:_identify(src) by extensions ['ignore', 'ignore_ament_install']
[2.498s] Level 1:colcon.colcon_core.package_identification:_identify(src) by extension 'ignore'
[2.498s] Level 1:colcon.colcon_core.package_identification:_identify(src) by extension 'ignore_ament_install'
[2.498s] Level 1:colcon.colcon_core.package_identification:_identify(src) by extensions ['colcon_pkg']
[2.498s] Level 1:colcon.colcon_core.package_identification:_identify(src) by extension 'colcon_pkg'
[2.499s] Level 1:colcon.colcon_core.package_identification:_identify(src) by extensions ['colcon_meta']
[2.499s] Level 1:colcon.colcon_core.package_identification:_identify(src) by extension 'colcon_meta'
[2.499s] Level 1:colcon.colcon_core.package_identification:_identify(src) by extensions ['ros']
[2.499s] Level 1:colcon.colcon_core.package_identification:_identify(src) by extension 'ros'
[2.499s] Level 1:colcon.colcon_core.package_identification:_identify(src) by extensions ['cmake', 'python']
[2.499s] Level 1:colcon.colcon_core.package_identification:_identify(src) by extension 'cmake'
[2.499s] Level 1:colcon.colcon_core.package_identification:_identify(src) by extension 'python'
[2.499s] Level 1:colcon.colcon_core.package_identification:_identify(src) by extensions ['python_setup_py']
[2.499s] Level 1:colcon.colcon_core.package_identification:_identify(src) by extension 'python_setup_py'
[2.499s] Level 1:colcon.colcon_core.package_identification:_identify(src/cam_interface) by extensions ['ignore', 'ignore_ament_install']
[2.499s] Level 1:colcon.colcon_core.package_identification:_identify(src/cam_interface) by extension 'ignore'
[2.500s] Level 1:colcon.colcon_core.package_identification:_identify(src/cam_interface) by extension 'ignore_ament_install'
[2.500s] Level 1:colcon.colcon_core.package_identification:_identify(src/cam_interface) by extensions ['colcon_pkg']
[2.500s] Level 1:colcon.colcon_core.package_identification:_identify(src/cam_interface) by extension 'colcon_pkg'
[2.500s] Level 1:colcon.colcon_core.package_identification:_identify(src/cam_interface) by extensions ['colcon_meta']
[2.500s] Level 1:colcon.colcon_core.package_identification:_identify(src/cam_interface) by extension 'colcon_meta'
[2.500s] Level 1:colcon.colcon_core.package_identification:_identify(src/cam_interface) by extensions ['ros']
[2.500s] Level 1:colcon.colcon_core.package_identification:_identify(src/cam_interface) by extension 'ros'
[2.505s] DEBUG:colcon.colcon_core.package_identification:Package 'src/cam_interface' with type 'ros.ament_cmake' and name 'cam_interface'
[2.506s] Level 1:colcon.colcon_core.package_identification:_identify(src/cam_pub_sub) by extensions ['ignore', 'ignore_ament_install']
[2.506s] Level 1:colcon.colcon_core.package_identification:_identify(src/cam_pub_sub) by extension 'ignore'
[2.506s] Level 1:colcon.colcon_core.package_identification:_identify(src/cam_pub_sub) by extension 'ignore_ament_install'
[2.506s] Level 1:colcon.colcon_core.package_identification:_identify(src/cam_pub_sub) by extensions ['colcon_pkg']
[2.506s] Level 1:colcon.colcon_core.package_identification:_identify(src/cam_pub_sub) by extension 'colcon_pkg'
[2.506s] Level 1:colcon.colcon_core.package_identification:_identify(src/cam_pub_sub) by extensions ['colcon_meta']
[2.506s] Level 1:colcon.colcon_core.package_identification:_identify(src/cam_pub_sub) by extension 'colcon_meta'
[2.506s] Level 1:colcon.colcon_core.package_identification:_identify(src/cam_pub_sub) by extensions ['ros']
[2.506s] Level 1:colcon.colcon_core.package_identification:_identify(src/cam_pub_sub) by extension 'ros'
[2.508s] DEBUG:colcon.colcon_core.package_identification:Package 'src/cam_pub_sub' with type 'ros.ament_python' and name 'cam_pub_sub'
[2.508s] Level 1:colcon.colcon_core.package_identification:_identify(src/gesture_interface) by extensions ['ignore', 'ignore_ament_install']
[2.508s] Level 1:colcon.colcon_core.package_identification:_identify(src/gesture_interface) by extension 'ignore'
[2.508s] Level 1:colcon.colcon_core.package_identification:_identify(src/gesture_interface) by extension 'ignore_ament_install'
[2.508s] Level 1:colcon.colcon_core.package_identification:_identify(src/gesture_interface) by extensions ['colcon_pkg']
[2.508s] Level 1:colcon.colcon_core.package_identification:_identify(src/gesture_interface) by extension 'colcon_pkg'
[2.508s] Level 1:colcon.colcon_core.package_identification:_identify(src/gesture_interface) by extensions ['colcon_meta']
[2.508s] Level 1:colcon.colcon_core.package_identification:_identify(src/gesture_interface) by extension 'colcon_meta'
[2.508s] Level 1:colcon.colcon_core.package_identification:_identify(src/gesture_interface) by extensions ['ros']
[2.509s] Level 1:colcon.colcon_core.package_identification:_identify(src/gesture_interface) by extension 'ros'
[2.509s] DEBUG:colcon.colcon_core.package_identification:Package 'src/gesture_interface' with type 'ros.ament_cmake' and name 'gesture_interface'
[2.510s] Level 1:colcon.colcon_core.package_identification:_identify(src/gesture_pub_sub) by extensions ['ignore', 'ignore_ament_install']
[2.510s] Level 1:colcon.colcon_core.package_identification:_identify(src/gesture_pub_sub) by extension 'ignore'
[2.510s] Level 1:colcon.colcon_core.package_identification:_identify(src/gesture_pub_sub) by extension 'ignore_ament_install'
[2.510s] Level 1:colcon.colcon_core.package_identification:_identify(src/gesture_pub_sub) by extensions ['colcon_pkg']
[2.510s] Level 1:colcon.colcon_core.package_identification:_identify(src/gesture_pub_sub) by extension 'colcon_pkg'
[2.510s] Level 1:colcon.colcon_core.package_identification:_identify(src/gesture_pub_sub) by extensions ['colcon_meta']
[2.510s] Level 1:colcon.colcon_core.package_identification:_identify(src/gesture_pub_sub) by extension 'colcon_meta'
[2.510s] Level 1:colcon.colcon_core.package_identification:_identify(src/gesture_pub_sub) by extensions ['ros']
[2.510s] Level 1:colcon.colcon_core.package_identification:_identify(src/gesture_pub_sub) by extension 'ros'
[2.512s] DEBUG:colcon.colcon_core.package_identification:Package 'src/gesture_pub_sub' with type 'ros.ament_python' and name 'gesture_pub_sub'
[2.512s] Level 1:colcon.colcon_core.package_identification:_identify(video) by extensions ['ignore', 'ignore_ament_install']
[2.512s] Level 1:colcon.colcon_core.package_identification:_identify(video) by extension 'ignore'
[2.512s] Level 1:colcon.colcon_core.package_identification:_identify(video) by extension 'ignore_ament_install'
[2.512s] Level 1:colcon.colcon_core.package_identification:_identify(video) by extensions ['colcon_pkg']
[2.513s] Level 1:colcon.colcon_core.package_identification:_identify(video) by extension 'colcon_pkg'
[2.513s] Level 1:colcon.colcon_core.package_identification:_identify(video) by extensions ['colcon_meta']
[2.513s] Level 1:colcon.colcon_core.package_identification:_identify(video) by extension 'colcon_meta'
[2.513s] Level 1:colcon.colcon_core.package_identification:_identify(video) by extensions ['ros']
[2.513s] Level 1:colcon.colcon_core.package_identification:_identify(video) by extension 'ros'
[2.513s] Level 1:colcon.colcon_core.package_identification:_identify(video) by extensions ['cmake', 'python']
[2.513s] Level 1:colcon.colcon_core.package_identification:_identify(video) by extension 'cmake'
[2.513s] Level 1:colcon.colcon_core.package_identification:_identify(video) by extension 'python'
[2.513s] Level 1:colcon.colcon_core.package_identification:_identify(video) by extensions ['python_setup_py']
[2.513s] Level 1:colcon.colcon_core.package_identification:_identify(video) by extension 'python_setup_py'
[2.513s] Level 1:colcon.colcon_core.package_discovery:discover_packages(recursive) using defaults
[2.513s] Level 1:colcon.colcon_core.package_discovery:discover_packages(ignore) discover
[2.514s] Level 1:colcon.colcon_core.package_discovery:discover_packages(ignore) using defaults
[2.514s] Level 1:colcon.colcon_core.package_discovery:discover_packages(path) discover
[2.514s] Level 1:colcon.colcon_core.package_discovery:discover_packages(path) using defaults
[2.681s] Level 1:colcon.colcon_core.package_discovery:discover_packages(prefix_path) check parameters
[2.681s] Level 1:colcon.colcon_core.package_discovery:discover_packages(prefix_path) discover
[2.737s] DEBUG:colcon.colcon_installed_package_information.package_discovery:Found 4 installed packages in /home/akash/new_ros_ws/install
[2.762s] DEBUG:colcon.colcon_installed_package_information.package_discovery:Found 270 installed packages in /opt/ros/humble
[2.764s] Level 1:colcon.colcon_core.package_discovery:discover_packages(prefix_path) using defaults
[2.942s] Level 5:colcon.colcon_core.verb:set package 'cam_interface' build argument 'cmake_args' from command line to 'None'
[2.942s] Level 5:colcon.colcon_core.verb:set package 'cam_interface' build argument 'cmake_target' from command line to 'None'
[2.942s] Level 5:colcon.colcon_core.verb:set package 'cam_interface' build argument 'cmake_target_skip_unavailable' from command line to 'False'
[2.943s] Level 5:colcon.colcon_core.verb:set package 'cam_interface' build argument 'cmake_clean_cache' from command line to 'False'
[2.943s] Level 5:colcon.colcon_core.verb:set package 'cam_interface' build argument 'cmake_clean_first' from command line to 'False'
[2.943s] Level 5:colcon.colcon_core.verb:set package 'cam_interface' build argument 'cmake_force_configure' from command line to 'False'
[2.943s] Level 5:colcon.colcon_core.verb:set package 'cam_interface' build argument 'ament_cmake_args' from command line to 'None'
[2.943s] Level 5:colcon.colcon_core.verb:set package 'cam_interface' build argument 'catkin_cmake_args' from command line to 'None'
[2.943s] Level 5:colcon.colcon_core.verb:set package 'cam_interface' build argument 'catkin_skip_building_tests' from command line to 'False'
[2.943s] DEBUG:colcon.colcon_core.verb:Building package 'cam_interface' with the following arguments: {'ament_cmake_args': None, 'build_base': '/home/akash/final_project_sme_lab_12194814/12194814_ros_ws/build/cam_interface', 'catkin_cmake_args': None, 'catkin_skip_building_tests': False, 'cmake_args': None, 'cmake_clean_cache': False, 'cmake_clean_first': False, 'cmake_force_configure': False, 'cmake_target': None, 'cmake_target_skip_unavailable': False, 'install_base': '/home/akash/final_project_sme_lab_12194814/12194814_ros_ws/install/cam_interface', 'merge_install': False, 'path': '/home/akash/final_project_sme_lab_12194814/12194814_ros_ws/src/cam_interface', 'symlink_install': False, 'test_result_base': None}
[2.970s] Level 5:colcon.colcon_core.verb:set package 'gesture_interface' build argument 'cmake_args' from command line to 'None'
[2.970s] Level 5:colcon.colcon_core.verb:set package 'gesture_interface' build argument 'cmake_target' from command line to 'None'
[2.970s] Level 5:colcon.colcon_core.verb:set package 'gesture_interface' build argument 'cmake_target_skip_unavailable' from command line to 'False'
[2.970s] Level 5:colcon.colcon_core.verb:set package 'gesture_interface' build argument 'cmake_clean_cache' from command line to 'False'
[2.970s] Level 5:colcon.colcon_core.verb:set package 'gesture_interface' build argument 'cmake_clean_first' from command line to 'False'
[2.970s] Level 5:colcon.colcon_core.verb:set package 'gesture_interface' build argument 'cmake_force_configure' from command line to 'False'
[2.970s] Level 5:colcon.colcon_core.verb:set package 'gesture_interface' build argument 'ament_cmake_args' from command line to 'None'
[2.970s] Level 5:colcon.colcon_core.verb:set package 'gesture_interface' build argument 'catkin_cmake_args' from command line to 'None'
[2.970s] Level 5:colcon.colcon_core.verb:set package 'gesture_interface' build argument 'catkin_skip_building_tests' from command line to 'False'
[2.970s] DEBUG:colcon.colcon_core.verb:Building package 'gesture_interface' with the following arguments: {'ament_cmake_args': None, 'build_base': '/home/akash/final_project_sme_lab_12194814/12194814_ros_ws/build/gesture_interface', 'catkin_cmake_args': None, 'catkin_skip_building_tests': False, 'cmake_args': None, 'cmake_clean_cache': False, 'cmake_clean_first': False, 'cmake_force_configure': False, 'cmake_target': None, 'cmake_target_skip_unavailable': False, 'install_base': '/home/akash/final_project_sme_lab_12194814/12194814_ros_ws/install/gesture_interface', 'merge_install': False, 'path': '/home/akash/final_project_sme_lab_12194814/12194814_ros_ws/src/gesture_interface', 'symlink_install': False, 'test_result_base': None}
[2.994s] Level 5:colcon.colcon_core.verb:set package 'cam_pub_sub' build argument 'cmake_args' from command line to 'None'
[2.994s] Level 5:colcon.colcon_core.verb:set package 'cam_pub_sub' build argument 'cmake_target' from command line to 'None'
[2.994s] Level 5:colcon.colcon_core.verb:set package 'cam_pub_sub' build argument 'cmake_target_skip_unavailable' from command line to 'False'
[2.994s] Level 5:colcon.colcon_core.verb:set package 'cam_pub_sub' build argument 'cmake_clean_cache' from command line to 'False'
[2.994s] Level 5:colcon.colcon_core.verb:set package 'cam_pub_sub' build argument 'cmake_clean_first' from command line to 'False'
[2.994s] Level 5:colcon.colcon_core.verb:set package 'cam_pub_sub' build argument 'cmake_force_configure' from command line to 'False'
[2.994s] Level 5:colcon.colcon_core.verb:set package 'cam_pub_sub' build argument 'ament_cmake_args' from command line to 'None'
[2.994s] Level 5:colcon.colcon_core.verb:set package 'cam_pub_sub' build argument 'catkin_cmake_args' from command line to 'None'
[2.994s] Level 5:colcon.colcon_core.verb:set package 'cam_pub_sub' build argument 'catkin_skip_building_tests' from command line to 'False'
[2.994s] DEBUG:colcon.colcon_core.verb:Building package 'cam_pub_sub' with the following arguments: {'ament_cmake_args': None, 'build_base': '/home/akash/final_project_sme_lab_12194814/12194814_ros_ws/build/cam_pub_sub', 'catkin_cmake_args': None, 'catkin_skip_building_tests': False, 'cmake_args': None, 'cmake_clean_cache': False, 'cmake_clean_first': False, 'cmake_force_configure': False, 'cmake_target': None, 'cmake_target_skip_unavailable': False, 'install_base': '/home/akash/final_project_sme_lab_12194814/12194814_ros_ws/install/cam_pub_sub', 'merge_install': False, 'path': '/home/akash/final_project_sme_lab_12194814/12194814_ros_ws/src/cam_pub_sub', 'symlink_install': False, 'test_result_base': None}
[3.017s] Level 5:colcon.colcon_core.verb:set package 'gesture_pub_sub' build argument 'cmake_args' from command line to 'None'
[3.017s] Level 5:colcon.colcon_core.verb:set package 'gesture_pub_sub' build argument 'cmake_target' from command line to 'None'
[3.017s] Level 5:colcon.colcon_core.verb:set package 'gesture_pub_sub' build argument 'cmake_target_skip_unavailable' from command line to 'False'
[3.017s] Level 5:colcon.colcon_core.verb:set package 'gesture_pub_sub' build argument 'cmake_clean_cache' from command line to 'False'
[3.017s] Level 5:colcon.colcon_core.verb:set package 'gesture_pub_sub' build argument 'cmake_clean_first' from command line to 'False'
[3.017s] Level 5:colcon.colcon_core.verb:set package 'gesture_pub_sub' build argument 'cmake_force_configure' from command line to 'False'
[3.017s] Level 5:colcon.colcon_core.verb:set package 'gesture_pub_sub' build argument 'ament_cmake_args' from command line to 'None'
[3.018s] Level 5:colcon.colcon_core.verb:set package 'gesture_pub_sub' build argument 'catkin_cmake_args' from command line to 'None'
[3.018s] Level 5:colcon.colcon_core.verb:set package 'gesture_pub_sub' build argument 'catkin_skip_building_tests' from command line to 'False'
[3.018s] DEBUG:colcon.colcon_core.verb:Building package 'gesture_pub_sub' with the following arguments: {'ament_cmake_args': None, 'build_base': '/home/akash/final_project_sme_lab_12194814/12194814_ros_ws/build/gesture_pub_sub', 'catkin_cmake_args': None, 'catkin_skip_building_tests': False, 'cmake_args': None, 'cmake_clean_cache': False, 'cmake_clean_first': False, 'cmake_force_configure': False, 'cmake_target': None, 'cmake_target_skip_unavailable': False, 'install_base': '/home/akash/final_project_sme_lab_12194814/12194814_ros_ws/install/gesture_pub_sub', 'merge_install': False, 'path': '/home/akash/final_project_sme_lab_12194814/12194814_ros_ws/src/gesture_pub_sub', 'symlink_install': False, 'test_result_base': None}
[3.040s] INFO:colcon.colcon_core.executor:Executing jobs using 'parallel' executor
[3.069s] DEBUG:colcon.colcon_parallel_executor.executor.parallel:run_until_complete
[3.069s] INFO:colcon.colcon_ros.task.ament_cmake.build:Building ROS package in '/home/akash/final_project_sme_lab_12194814/12194814_ros_ws/src/cam_interface' with build type 'ament_cmake'
[3.069s] INFO:colcon.colcon_cmake.task.cmake.build:Building CMake package in '/home/akash/final_project_sme_lab_12194814/12194814_ros_ws/src/cam_interface'
[3.104s] INFO:colcon.colcon_core.plugin_system:Skipping extension 'colcon_core.shell.bat': Not used on non-Windows systems
[3.104s] INFO:colcon.colcon_core.shell:Skip shell extension 'powershell' for command environment: Not usable outside of PowerShell
[3.104s] DEBUG:colcon.colcon_core.shell:Skip shell extension 'dsv' for command environment
[3.193s] INFO:colcon.colcon_ros.task.ament_cmake.build:Building ROS package in '/home/akash/final_project_sme_lab_12194814/12194814_ros_ws/src/gesture_interface' with build type 'ament_cmake'
[3.193s] INFO:colcon.colcon_cmake.task.cmake.build:Building CMake package in '/home/akash/final_project_sme_lab_12194814/12194814_ros_ws/src/gesture_interface'
[3.221s] INFO:colcon.colcon_core.shell:Skip shell extension 'powershell' for command environment: Not usable outside of PowerShell
[3.221s] DEBUG:colcon.colcon_core.shell:Skip shell extension 'dsv' for command environment
[3.317s] DEBUG:colcon.colcon_core.event_handler.log_command:Invoking command in '/home/akash/final_project_sme_lab_12194814/12194814_ros_ws/build/cam_interface': CMAKE_PREFIX_PATH=${CMAKE_PREFIX_PATH}:/home/akash/new_ros_ws/install/gesture_pub_sub:/home/akash/new_ros_ws/install/cam_pub_sub:/opt/ros/humble /usr/bin/cmake --build /home/akash/final_project_sme_lab_12194814/12194814_ros_ws/build/cam_interface -- -j12 -l12
[3.330s] DEBUG:colcon.colcon_core.event_handler.log_command:Invoking command in '/home/akash/final_project_sme_lab_12194814/12194814_ros_ws/build/gesture_interface': CMAKE_PREFIX_PATH=${CMAKE_PREFIX_PATH}:/home/akash/new_ros_ws/install/gesture_pub_sub:/home/akash/new_ros_ws/install/cam_pub_sub:/opt/ros/humble /usr/bin/cmake --build /home/akash/final_project_sme_lab_12194814/12194814_ros_ws/build/gesture_interface -- -j12 -l12
[9.503s] DEBUG:colcon.colcon_core.event_handler.log_command:Invoked command in '/home/akash/final_project_sme_lab_12194814/12194814_ros_ws/build/gesture_interface' returned '0': CMAKE_PREFIX_PATH=${CMAKE_PREFIX_PATH}:/home/akash/new_ros_ws/install/gesture_pub_sub:/home/akash/new_ros_ws/install/cam_pub_sub:/opt/ros/humble /usr/bin/cmake --build /home/akash/final_project_sme_lab_12194814/12194814_ros_ws/build/gesture_interface -- -j12 -l12
[9.616s] DEBUG:colcon.colcon_core.event_handler.log_command:Invoking command in '/home/akash/final_project_sme_lab_12194814/12194814_ros_ws/build/gesture_interface': CMAKE_PREFIX_PATH=${CMAKE_PREFIX_PATH}:/home/akash/new_ros_ws/install/gesture_pub_sub:/home/akash/new_ros_ws/install/cam_pub_sub:/opt/ros/humble /usr/bin/cmake --install /home/akash/final_project_sme_lab_12194814/12194814_ros_ws/build/gesture_interface
[9.739s] Level 1:colcon.colcon_core.environment:create_environment_scripts_only(gesture_interface)
[9.741s] DEBUG:colcon.colcon_core.event_handler.log_command:Invoked command in '/home/akash/final_project_sme_lab_12194814/12194814_ros_ws/build/gesture_interface' returned '0': CMAKE_PREFIX_PATH=${CMAKE_PREFIX_PATH}:/home/akash/new_ros_ws/install/gesture_pub_sub:/home/akash/new_ros_ws/install/cam_pub_sub:/opt/ros/humble /usr/bin/cmake --install /home/akash/final_project_sme_lab_12194814/12194814_ros_ws/build/gesture_interface
[9.772s] Level 1:colcon.colcon_core.environment:checking '/home/akash/final_project_sme_lab_12194814/12194814_ros_ws/install/gesture_interface' for CMake module files
[9.773s] Level 1:colcon.colcon_core.environment:checking '/home/akash/final_project_sme_lab_12194814/12194814_ros_ws/install/gesture_interface' for CMake config files
[9.773s] Level 1:colcon.colcon_core.shell:create_environment_hook('gesture_interface', 'cmake_prefix_path')
[9.812s] INFO:colcon.colcon_core.shell:Creating environment hook '/home/akash/final_project_sme_lab_12194814/12194814_ros_ws/install/gesture_interface/share/gesture_interface/hook/cmake_prefix_path.ps1'
[9.814s] INFO:colcon.colcon_core.shell:Creating environment descriptor '/home/akash/final_project_sme_lab_12194814/12194814_ros_ws/install/gesture_interface/share/gesture_interface/hook/cmake_prefix_path.dsv'
[9.816s] INFO:colcon.colcon_core.shell:Creating environment hook '/home/akash/final_project_sme_lab_12194814/12194814_ros_ws/install/gesture_interface/share/gesture_interface/hook/cmake_prefix_path.sh'
[9.819s] Level 1:colcon.colcon_core.environment:checking '/home/akash/final_project_sme_lab_12194814/12194814_ros_ws/install/gesture_interface/lib'
[9.819s] Level 1:colcon.colcon_core.shell:create_environment_hook('gesture_interface', 'ld_library_path_lib')
[9.853s] INFO:colcon.colcon_core.shell:Creating environment hook '/home/akash/final_project_sme_lab_12194814/12194814_ros_ws/install/gesture_interface/share/gesture_interface/hook/ld_library_path_lib.ps1'
[9.854s] INFO:colcon.colcon_core.shell:Creating environment descriptor '/home/akash/final_project_sme_lab_12194814/12194814_ros_ws/install/gesture_interface/share/gesture_interface/hook/ld_library_path_lib.dsv'
[9.854s] INFO:colcon.colcon_core.shell:Creating environment hook '/home/akash/final_project_sme_lab_12194814/12194814_ros_ws/install/gesture_interface/share/gesture_interface/hook/ld_library_path_lib.sh'
[9.855s] Level 1:colcon.colcon_core.environment:checking '/home/akash/final_project_sme_lab_12194814/12194814_ros_ws/install/gesture_interface/bin'
[9.855s] Level 1:colcon.colcon_core.environment:checking '/home/akash/final_project_sme_lab_12194814/12194814_ros_ws/install/gesture_interface/lib/pkgconfig/gesture_interface.pc'
[9.855s] Level 1:colcon.colcon_core.environment:checking '/home/akash/final_project_sme_lab_12194814/12194814_ros_ws/install/gesture_interface/lib/python3.10/site-packages'
[9.856s] Level 1:colcon.colcon_core.environment:checking '/home/akash/final_project_sme_lab_12194814/12194814_ros_ws/install/gesture_interface/bin'
[9.882s] INFO:colcon.colcon_core.shell:Creating package script '/home/akash/final_project_sme_lab_12194814/12194814_ros_ws/install/gesture_interface/share/gesture_interface/package.ps1'
[9.883s] INFO:colcon.colcon_core.shell:Creating package descriptor '/home/akash/final_project_sme_lab_12194814/12194814_ros_ws/install/gesture_interface/share/gesture_interface/package.dsv'
[9.884s] INFO:colcon.colcon_core.shell:Creating package script '/home/akash/final_project_sme_lab_12194814/12194814_ros_ws/install/gesture_interface/share/gesture_interface/package.sh'
[9.886s] INFO:colcon.colcon_core.shell:Creating package script '/home/akash/final_project_sme_lab_12194814/12194814_ros_ws/install/gesture_interface/share/gesture_interface/package.bash'
[9.887s] INFO:colcon.colcon_core.shell:Creating package script '/home/akash/final_project_sme_lab_12194814/12194814_ros_ws/install/gesture_interface/share/gesture_interface/package.zsh'
[9.889s] Level 1:colcon.colcon_core.environment:create_file_with_runtime_dependencies(/home/akash/final_project_sme_lab_12194814/12194814_ros_ws/install/gesture_interface/share/colcon-core/packages/gesture_interface)
[10.018s] Level 1:colcon.colcon_core.environment:create_environment_scripts_only(gesture_interface)
[10.044s] Level 1:colcon.colcon_core.environment:checking '/home/akash/final_project_sme_lab_12194814/12194814_ros_ws/install/gesture_interface' for CMake module files
[10.045s] Level 1:colcon.colcon_core.environment:checking '/home/akash/final_project_sme_lab_12194814/12194814_ros_ws/install/gesture_interface' for CMake config files
[10.045s] Level 1:colcon.colcon_core.shell:create_environment_hook('gesture_interface', 'cmake_prefix_path')
[10.069s] INFO:colcon.colcon_core.shell:Creating environment hook '/home/akash/final_project_sme_lab_12194814/12194814_ros_ws/install/gesture_interface/share/gesture_interface/hook/cmake_prefix_path.ps1'
[10.070s] INFO:colcon.colcon_core.shell:Creating environment descriptor '/home/akash/final_project_sme_lab_12194814/12194814_ros_ws/install/gesture_interface/share/gesture_interface/hook/cmake_prefix_path.dsv'
[10.071s] INFO:colcon.colcon_core.shell:Creating environment hook '/home/akash/final_project_sme_lab_12194814/12194814_ros_ws/install/gesture_interface/share/gesture_interface/hook/cmake_prefix_path.sh'
[10.072s] Level 1:colcon.colcon_core.environment:checking '/home/akash/final_project_sme_lab_12194814/12194814_ros_ws/install/gesture_interface/lib'
[10.072s] Level 1:colcon.colcon_core.shell:create_environment_hook('gesture_interface', 'ld_library_path_lib')
[10.120s] INFO:colcon.colcon_core.shell:Creating environment hook '/home/akash/final_project_sme_lab_12194814/12194814_ros_ws/install/gesture_interface/share/gesture_interface/hook/ld_library_path_lib.ps1'
[10.121s] INFO:colcon.colcon_core.shell:Creating environment descriptor '/home/akash/final_project_sme_lab_12194814/12194814_ros_ws/install/gesture_interface/share/gesture_interface/hook/ld_library_path_lib.dsv'
[10.121s] INFO:colcon.colcon_core.shell:Creating environment hook '/home/akash/final_project_sme_lab_12194814/12194814_ros_ws/install/gesture_interface/share/gesture_interface/hook/ld_library_path_lib.sh'
[10.122s] Level 1:colcon.colcon_core.environment:checking '/home/akash/final_project_sme_lab_12194814/12194814_ros_ws/install/gesture_interface/bin'
[10.122s] Level 1:colcon.colcon_core.environment:checking '/home/akash/final_project_sme_lab_12194814/12194814_ros_ws/install/gesture_interface/lib/pkgconfig/gesture_interface.pc'
[10.122s] Level 1:colcon.colcon_core.environment:checking '/home/akash/final_project_sme_lab_12194814/12194814_ros_ws/install/gesture_interface/lib/python3.10/site-packages'
[10.123s] Level 1:colcon.colcon_core.environment:checking '/home/akash/final_project_sme_lab_12194814/12194814_ros_ws/install/gesture_interface/bin'
[10.157s] INFO:colcon.colcon_core.shell:Creating package script '/home/akash/final_project_sme_lab_12194814/12194814_ros_ws/install/gesture_interface/share/gesture_interface/package.ps1'
[10.159s] INFO:colcon.colcon_core.shell:Creating package descriptor '/home/akash/final_project_sme_lab_12194814/12194814_ros_ws/install/gesture_interface/share/gesture_interface/package.dsv'
[10.160s] INFO:colcon.colcon_core.shell:Creating package script '/home/akash/final_project_sme_lab_12194814/12194814_ros_ws/install/gesture_interface/share/gesture_interface/package.sh'
[10.161s] INFO:colcon.colcon_core.shell:Creating package script '/home/akash/final_project_sme_lab_12194814/12194814_ros_ws/install/gesture_interface/share/gesture_interface/package.bash'
[10.162s] INFO:colcon.colcon_core.shell:Creating package script '/home/akash/final_project_sme_lab_12194814/12194814_ros_ws/install/gesture_interface/share/gesture_interface/package.zsh'
[10.163s] Level 1:colcon.colcon_core.environment:create_file_with_runtime_dependencies(/home/akash/final_project_sme_lab_12194814/12194814_ros_ws/install/gesture_interface/share/colcon-core/packages/gesture_interface)
[10.788s] DEBUG:colcon.colcon_core.event_handler.log_command:Invoked command in '/home/akash/final_project_sme_lab_12194814/12194814_ros_ws/build/cam_interface' returned '0': CMAKE_PREFIX_PATH=${CMAKE_PREFIX_PATH}:/home/akash/new_ros_ws/install/gesture_pub_sub:/home/akash/new_ros_ws/install/cam_pub_sub:/opt/ros/humble /usr/bin/cmake --build /home/akash/final_project_sme_lab_12194814/12194814_ros_ws/build/cam_interface -- -j12 -l12
[10.885s] DEBUG:colcon.colcon_core.event_handler.log_command:Invoking command in '/home/akash/final_project_sme_lab_12194814/12194814_ros_ws/build/cam_interface': CMAKE_PREFIX_PATH=${CMAKE_PREFIX_PATH}:/home/akash/new_ros_ws/install/gesture_pub_sub:/home/akash/new_ros_ws/install/cam_pub_sub:/opt/ros/humble /usr/bin/cmake --install /home/akash/final_project_sme_lab_12194814/12194814_ros_ws/build/cam_interface
[10.987s] Level 1:colcon.colcon_core.environment:create_environment_scripts_only(cam_interface)
[10.990s] DEBUG:colcon.colcon_core.event_handler.log_command:Invoked command in '/home/akash/final_project_sme_lab_12194814/12194814_ros_ws/build/cam_interface' returned '0': CMAKE_PREFIX_PATH=${CMAKE_PREFIX_PATH}:/home/akash/new_ros_ws/install/gesture_pub_sub:/home/akash/new_ros_ws/install/cam_pub_sub:/opt/ros/humble /usr/bin/cmake --install /home/akash/final_project_sme_lab_12194814/12194814_ros_ws/build/cam_interface
[11.015s] Level 1:colcon.colcon_core.environment:checking '/home/akash/final_project_sme_lab_12194814/12194814_ros_ws/install/cam_interface' for CMake module files
[11.016s] Level 1:colcon.colcon_core.environment:checking '/home/akash/final_project_sme_lab_12194814/12194814_ros_ws/install/cam_interface' for CMake config files
[11.017s] Level 1:colcon.colcon_core.shell:create_environment_hook('cam_interface', 'cmake_prefix_path')
[11.046s] INFO:colcon.colcon_core.shell:Creating environment hook '/home/akash/final_project_sme_lab_12194814/12194814_ros_ws/install/cam_interface/share/cam_interface/hook/cmake_prefix_path.ps1'
[11.047s] INFO:colcon.colcon_core.shell:Creating environment descriptor '/home/akash/final_project_sme_lab_12194814/12194814_ros_ws/install/cam_interface/share/cam_interface/hook/cmake_prefix_path.dsv'
[11.048s] INFO:colcon.colcon_core.shell:Creating environment hook '/home/akash/final_project_sme_lab_12194814/12194814_ros_ws/install/cam_interface/share/cam_interface/hook/cmake_prefix_path.sh'
[11.048s] Level 1:colcon.colcon_core.environment:checking '/home/akash/final_project_sme_lab_12194814/12194814_ros_ws/install/cam_interface/lib'
[11.049s] Level 1:colcon.colcon_core.shell:create_environment_hook('cam_interface', 'ld_library_path_lib')
[11.072s] INFO:colcon.colcon_core.shell:Creating environment hook '/home/akash/final_project_sme_lab_12194814/12194814_ros_ws/install/cam_interface/share/cam_interface/hook/ld_library_path_lib.ps1'
[11.072s] INFO:colcon.colcon_core.shell:Creating environment descriptor '/home/akash/final_project_sme_lab_12194814/12194814_ros_ws/install/cam_interface/share/cam_interface/hook/ld_library_path_lib.dsv'
[11.073s] INFO:colcon.colcon_core.shell:Creating environment hook '/home/akash/final_project_sme_lab_12194814/12194814_ros_ws/install/cam_interface/share/cam_interface/hook/ld_library_path_lib.sh'
[11.074s] Level 1:colcon.colcon_core.environment:checking '/home/akash/final_project_sme_lab_12194814/12194814_ros_ws/install/cam_interface/bin'
[11.074s] Level 1:colcon.colcon_core.environment:checking '/home/akash/final_project_sme_lab_12194814/12194814_ros_ws/install/cam_interface/lib/pkgconfig/cam_interface.pc'
[11.074s] Level 1:colcon.colcon_core.environment:checking '/home/akash/final_project_sme_lab_12194814/12194814_ros_ws/install/cam_interface/lib/python3.10/site-packages'
[11.075s] Level 1:colcon.colcon_core.environment:checking '/home/akash/final_project_sme_lab_12194814/12194814_ros_ws/install/cam_interface/bin'
[11.103s] INFO:colcon.colcon_core.shell:Creating package script '/home/akash/final_project_sme_lab_12194814/12194814_ros_ws/install/cam_interface/share/cam_interface/package.ps1'
[11.104s] INFO:colcon.colcon_core.shell:Creating package descriptor '/home/akash/final_project_sme_lab_12194814/12194814_ros_ws/install/cam_interface/share/cam_interface/package.dsv'
[11.106s] INFO:colcon.colcon_core.shell:Creating package script '/home/akash/final_project_sme_lab_12194814/12194814_ros_ws/install/cam_interface/share/cam_interface/package.sh'
[11.106s] INFO:colcon.colcon_core.shell:Creating package script '/home/akash/final_project_sme_lab_12194814/12194814_ros_ws/install/cam_interface/share/cam_interface/package.bash'
[11.107s] INFO:colcon.colcon_core.shell:Creating package script '/home/akash/final_project_sme_lab_12194814/12194814_ros_ws/install/cam_interface/share/cam_interface/package.zsh'
[11.107s] Level 1:colcon.colcon_core.environment:create_file_with_runtime_dependencies(/home/akash/final_project_sme_lab_12194814/12194814_ros_ws/install/cam_interface/share/colcon-core/packages/cam_interface)
[11.229s] Level 1:colcon.colcon_core.environment:create_environment_scripts_only(cam_interface)
[11.256s] Level 1:colcon.colcon_core.environment:checking '/home/akash/final_project_sme_lab_12194814/12194814_ros_ws/install/cam_interface' for CMake module files
[11.257s] Level 1:colcon.colcon_core.environment:checking '/home/akash/final_project_sme_lab_12194814/12194814_ros_ws/install/cam_interface' for CMake config files
[11.257s] Level 1:colcon.colcon_core.shell:create_environment_hook('cam_interface', 'cmake_prefix_path')
[11.281s] INFO:colcon.colcon_core.shell:Creating environment hook '/home/akash/final_project_sme_lab_12194814/12194814_ros_ws/install/cam_interface/share/cam_interface/hook/cmake_prefix_path.ps1'
[11.282s] INFO:colcon.colcon_core.shell:Creating environment descriptor '/home/akash/final_project_sme_lab_12194814/12194814_ros_ws/install/cam_interface/share/cam_interface/hook/cmake_prefix_path.dsv'
[11.282s] INFO:colcon.colcon_core.shell:Creating environment hook '/home/akash/final_project_sme_lab_12194814/12194814_ros_ws/install/cam_interface/share/cam_interface/hook/cmake_prefix_path.sh'
[11.283s] Level 1:colcon.colcon_core.environment:checking '/home/akash/final_project_sme_lab_12194814/12194814_ros_ws/install/cam_interface/lib'
[11.283s] Level 1:colcon.colcon_core.shell:create_environment_hook('cam_interface', 'ld_library_path_lib')
[11.312s] INFO:colcon.colcon_core.shell:Creating environment hook '/home/akash/final_project_sme_lab_12194814/12194814_ros_ws/install/cam_interface/share/cam_interface/hook/ld_library_path_lib.ps1'
[11.313s] INFO:colcon.colcon_core.shell:Creating environment descriptor '/home/akash/final_project_sme_lab_12194814/12194814_ros_ws/install/cam_interface/share/cam_interface/hook/ld_library_path_lib.dsv'
[11.313s] INFO:colcon.colcon_core.shell:Creating environment hook '/home/akash/final_project_sme_lab_12194814/12194814_ros_ws/install/cam_interface/share/cam_interface/hook/ld_library_path_lib.sh'
[11.314s] Level 1:colcon.colcon_core.environment:checking '/home/akash/final_project_sme_lab_12194814/12194814_ros_ws/install/cam_interface/bin'
[11.314s] Level 1:colcon.colcon_core.environment:checking '/home/akash/final_project_sme_lab_12194814/12194814_ros_ws/install/cam_interface/lib/pkgconfig/cam_interface.pc'
[11.315s] Level 1:colcon.colcon_core.environment:checking '/home/akash/final_project_sme_lab_12194814/12194814_ros_ws/install/cam_interface/lib/python3.10/site-packages'
[11.315s] Level 1:colcon.colcon_core.environment:checking '/home/akash/final_project_sme_lab_12194814/12194814_ros_ws/install/cam_interface/bin'
[11.350s] INFO:colcon.colcon_core.shell:Creating package script '/home/akash/final_project_sme_lab_12194814/12194814_ros_ws/install/cam_interface/share/cam_interface/package.ps1'
[11.351s] INFO:colcon.colcon_core.shell:Creating package descriptor '/home/akash/final_project_sme_lab_12194814/12194814_ros_ws/install/cam_interface/share/cam_interface/package.dsv'
[11.352s] INFO:colcon.colcon_core.shell:Creating package script '/home/akash/final_project_sme_lab_12194814/12194814_ros_ws/install/cam_interface/share/cam_interface/package.sh'
[11.353s] INFO:colcon.colcon_core.shell:Creating package script '/home/akash/final_project_sme_lab_12194814/12194814_ros_ws/install/cam_interface/share/cam_interface/package.bash'
[11.354s] INFO:colcon.colcon_core.shell:Creating package script '/home/akash/final_project_sme_lab_12194814/12194814_ros_ws/install/cam_interface/share/cam_interface/package.zsh'
[11.355s] Level 1:colcon.colcon_core.environment:create_file_with_runtime_dependencies(/home/akash/final_project_sme_lab_12194814/12194814_ros_ws/install/cam_interface/share/colcon-core/packages/cam_interface)
[11.356s] INFO:colcon.colcon_ros.task.ament_python.build:Building ROS package in '/home/akash/final_project_sme_lab_12194814/12194814_ros_ws/src/cam_pub_sub' with build type 'ament_python'
[11.356s] Level 1:colcon.colcon_core.shell:create_environment_hook('cam_pub_sub', 'ament_prefix_path')
[11.385s] INFO:colcon.colcon_core.shell:Creating environment hook '/home/akash/final_project_sme_lab_12194814/12194814_ros_ws/install/cam_pub_sub/share/cam_pub_sub/hook/ament_prefix_path.ps1'
[11.386s] INFO:colcon.colcon_core.shell:Creating environment descriptor '/home/akash/final_project_sme_lab_12194814/12194814_ros_ws/install/cam_pub_sub/share/cam_pub_sub/hook/ament_prefix_path.dsv'
[11.386s] INFO:colcon.colcon_core.shell:Creating environment hook '/home/akash/final_project_sme_lab_12194814/12194814_ros_ws/install/cam_pub_sub/share/cam_pub_sub/hook/ament_prefix_path.sh'
[11.413s] INFO:colcon.colcon_core.shell:Skip shell extension 'powershell' for command environment: Not usable outside of PowerShell
[11.413s] DEBUG:colcon.colcon_core.shell:Skip shell extension 'dsv' for command environment
[12.247s] INFO:colcon.colcon_core.task.python.build:Building Python package in '/home/akash/final_project_sme_lab_12194814/12194814_ros_ws/src/cam_pub_sub'
[12.271s] INFO:colcon.colcon_core.shell:Skip shell extension 'powershell' for command environment: Not usable outside of PowerShell
[12.271s] DEBUG:colcon.colcon_core.shell:Skip shell extension 'dsv' for command environment
[13.204s] DEBUG:colcon.colcon_core.event_handler.log_command:Invoking command in '/home/akash/final_project_sme_lab_12194814/12194814_ros_ws/src/cam_pub_sub': CMAKE_PREFIX_PATH=/home/akash/final_project_sme_lab_12194814/12194814_ros_ws/install/cam_interface:${CMAKE_PREFIX_PATH} LD_LIBRARY_PATH=/home/akash/final_project_sme_lab_12194814/12194814_ros_ws/install/cam_interface/lib:${LD_LIBRARY_PATH} PYTHONPATH=/home/akash/final_project_sme_lab_12194814/12194814_ros_ws/build/cam_pub_sub/prefix_override:/home/akash/final_project_sme_lab_12194814/12194814_ros_ws/install/cam_pub_sub/lib/python3.10/site-packages:${PYTHONPATH} /usr/bin/python3 setup.py egg_info --egg-base ../../build/cam_pub_sub build --build-base /home/akash/final_project_sme_lab_12194814/12194814_ros_ws/build/cam_pub_sub/build install --record /home/akash/final_project_sme_lab_12194814/12194814_ros_ws/build/cam_pub_sub/install.log --single-version-externally-managed
[13.698s] DEBUG:colcon.colcon_core.event_handler.log_command:Invoked command in '/home/akash/final_project_sme_lab_12194814/12194814_ros_ws/src/cam_pub_sub' returned '0': CMAKE_PREFIX_PATH=/home/akash/final_project_sme_lab_12194814/12194814_ros_ws/install/cam_interface:${CMAKE_PREFIX_PATH} LD_LIBRARY_PATH=/home/akash/final_project_sme_lab_12194814/12194814_ros_ws/install/cam_interface/lib:${LD_LIBRARY_PATH} PYTHONPATH=/home/akash/final_project_sme_lab_12194814/12194814_ros_ws/build/cam_pub_sub/prefix_override:/home/akash/final_project_sme_lab_12194814/12194814_ros_ws/install/cam_pub_sub/lib/python3.10/site-packages:${PYTHONPATH} /usr/bin/python3 setup.py egg_info --egg-base ../../build/cam_pub_sub build --build-base /home/akash/final_project_sme_lab_12194814/12194814_ros_ws/build/cam_pub_sub/build install --record /home/akash/final_project_sme_lab_12194814/12194814_ros_ws/build/cam_pub_sub/install.log --single-version-externally-managed
[13.720s] Level 1:colcon.colcon_core.environment:checking '/home/akash/final_project_sme_lab_12194814/12194814_ros_ws/install/cam_pub_sub' for CMake module files
[13.721s] Level 1:colcon.colcon_core.environment:checking '/home/akash/final_project_sme_lab_12194814/12194814_ros_ws/install/cam_pub_sub' for CMake config files
[13.723s] Level 1:colcon.colcon_core.environment:checking '/home/akash/final_project_sme_lab_12194814/12194814_ros_ws/install/cam_pub_sub/lib'
[13.723s] Level 1:colcon.colcon_core.environment:checking '/home/akash/final_project_sme_lab_12194814/12194814_ros_ws/install/cam_pub_sub/bin'
[13.723s] Level 1:colcon.colcon_core.environment:checking '/home/akash/final_project_sme_lab_12194814/12194814_ros_ws/install/cam_pub_sub/lib/pkgconfig/cam_pub_sub.pc'
[13.723s] Level 1:colcon.colcon_core.environment:checking '/home/akash/final_project_sme_lab_12194814/12194814_ros_ws/install/cam_pub_sub/lib/python3.10/site-packages'
[13.724s] Level 1:colcon.colcon_core.shell:create_environment_hook('cam_pub_sub', 'pythonpath')
[13.747s] INFO:colcon.colcon_core.shell:Creating environment hook '/home/akash/final_project_sme_lab_12194814/12194814_ros_ws/install/cam_pub_sub/share/cam_pub_sub/hook/pythonpath.ps1'
[13.748s] INFO:colcon.colcon_core.shell:Creating environment descriptor '/home/akash/final_project_sme_lab_12194814/12194814_ros_ws/install/cam_pub_sub/share/cam_pub_sub/hook/pythonpath.dsv'
[13.748s] INFO:colcon.colcon_core.shell:Creating environment hook '/home/akash/final_project_sme_lab_12194814/12194814_ros_ws/install/cam_pub_sub/share/cam_pub_sub/hook/pythonpath.sh'
[13.749s] Level 1:colcon.colcon_core.environment:checking '/home/akash/final_project_sme_lab_12194814/12194814_ros_ws/install/cam_pub_sub/bin'
[13.749s] Level 1:colcon.colcon_core.environment:create_environment_scripts_only(cam_pub_sub)
[13.776s] INFO:colcon.colcon_core.shell:Creating package script '/home/akash/final_project_sme_lab_12194814/12194814_ros_ws/install/cam_pub_sub/share/cam_pub_sub/package.ps1'
[13.777s] INFO:colcon.colcon_core.shell:Creating package descriptor '/home/akash/final_project_sme_lab_12194814/12194814_ros_ws/install/cam_pub_sub/share/cam_pub_sub/package.dsv'
[13.778s] INFO:colcon.colcon_core.shell:Creating package script '/home/akash/final_project_sme_lab_12194814/12194814_ros_ws/install/cam_pub_sub/share/cam_pub_sub/package.sh'
[13.779s] INFO:colcon.colcon_core.shell:Creating package script '/home/akash/final_project_sme_lab_12194814/12194814_ros_ws/install/cam_pub_sub/share/cam_pub_sub/package.bash'
[13.779s] INFO:colcon.colcon_core.shell:Creating package script '/home/akash/final_project_sme_lab_12194814/12194814_ros_ws/install/cam_pub_sub/share/cam_pub_sub/package.zsh'
[13.780s] Level 1:colcon.colcon_core.environment:create_file_with_runtime_dependencies(/home/akash/final_project_sme_lab_12194814/12194814_ros_ws/install/cam_pub_sub/share/colcon-core/packages/cam_pub_sub)
[13.781s] INFO:colcon.colcon_ros.task.ament_python.build:Building ROS package in '/home/akash/final_project_sme_lab_12194814/12194814_ros_ws/src/gesture_pub_sub' with build type 'ament_python'
[13.781s] Level 1:colcon.colcon_core.shell:create_environment_hook('gesture_pub_sub', 'ament_prefix_path')
[13.808s] INFO:colcon.colcon_core.shell:Creating environment hook '/home/akash/final_project_sme_lab_12194814/12194814_ros_ws/install/gesture_pub_sub/share/gesture_pub_sub/hook/ament_prefix_path.ps1'
[13.809s] INFO:colcon.colcon_core.shell:Creating environment descriptor '/home/akash/final_project_sme_lab_12194814/12194814_ros_ws/install/gesture_pub_sub/share/gesture_pub_sub/hook/ament_prefix_path.dsv'
[13.809s] INFO:colcon.colcon_core.shell:Creating environment hook '/home/akash/final_project_sme_lab_12194814/12194814_ros_ws/install/gesture_pub_sub/share/gesture_pub_sub/hook/ament_prefix_path.sh'
[13.836s] INFO:colcon.colcon_core.shell:Skip shell extension 'powershell' for command environment: Not usable outside of PowerShell
[13.836s] DEBUG:colcon.colcon_core.shell:Skip shell extension 'dsv' for command environment
[15.322s] INFO:colcon.colcon_core.task.python.build:Building Python package in '/home/akash/final_project_sme_lab_12194814/12194814_ros_ws/src/gesture_pub_sub'
[15.360s] INFO:colcon.colcon_core.shell:Skip shell extension 'powershell' for command environment: Not usable outside of PowerShell
[15.360s] DEBUG:colcon.colcon_core.shell:Skip shell extension 'dsv' for command environment
[16.845s] DEBUG:colcon.colcon_core.event_handler.log_command:Invoking command in '/home/akash/final_project_sme_lab_12194814/12194814_ros_ws/src/gesture_pub_sub': AMENT_PREFIX_PATH=/home/akash/final_project_sme_lab_12194814/12194814_ros_ws/install/cam_pub_sub:${AMENT_PREFIX_PATH} CMAKE_PREFIX_PATH=/home/akash/final_project_sme_lab_12194814/12194814_ros_ws/install/gesture_interface:/home/akash/final_project_sme_lab_12194814/12194814_ros_ws/install/cam_interface:${CMAKE_PREFIX_PATH} LD_LIBRARY_PATH=/home/akash/final_project_sme_lab_12194814/12194814_ros_ws/install/gesture_interface/lib:/home/akash/final_project_sme_lab_12194814/12194814_ros_ws/install/cam_interface/lib:${LD_LIBRARY_PATH} PYTHONPATH=/home/akash/final_project_sme_lab_12194814/12194814_ros_ws/build/gesture_pub_sub/prefix_override:/home/akash/final_project_sme_lab_12194814/12194814_ros_ws/install/gesture_pub_sub/lib/python3.10/site-packages:/home/akash/final_project_sme_lab_12194814/12194814_ros_ws/install/cam_pub_sub/lib/python3.10/site-packages:${PYTHONPATH} /usr/bin/python3 setup.py egg_info --egg-base ../../build/gesture_pub_sub build --build-base /home/akash/final_project_sme_lab_12194814/12194814_ros_ws/build/gesture_pub_sub/build install --record /home/akash/final_project_sme_lab_12194814/12194814_ros_ws/build/gesture_pub_sub/install.log --install-scripts $base/lib/gesture_pub_sub --single-version-externally-managed
[17.361s] DEBUG:colcon.colcon_core.event_handler.log_command:Invoked command in '/home/akash/final_project_sme_lab_12194814/12194814_ros_ws/src/gesture_pub_sub' returned '0': AMENT_PREFIX_PATH=/home/akash/final_project_sme_lab_12194814/12194814_ros_ws/install/cam_pub_sub:${AMENT_PREFIX_PATH} CMAKE_PREFIX_PATH=/home/akash/final_project_sme_lab_12194814/12194814_ros_ws/install/gesture_interface:/home/akash/final_project_sme_lab_12194814/12194814_ros_ws/install/cam_interface:${CMAKE_PREFIX_PATH} LD_LIBRARY_PATH=/home/akash/final_project_sme_lab_12194814/12194814_ros_ws/install/gesture_interface/lib:/home/akash/final_project_sme_lab_12194814/12194814_ros_ws/install/cam_interface/lib:${LD_LIBRARY_PATH} PYTHONPATH=/home/akash/final_project_sme_lab_12194814/12194814_ros_ws/build/gesture_pub_sub/prefix_override:/home/akash/final_project_sme_lab_12194814/12194814_ros_ws/install/gesture_pub_sub/lib/python3.10/site-packages:/home/akash/final_project_sme_lab_12194814/12194814_ros_ws/install/cam_pub_sub/lib/python3.10/site-packages:${PYTHONPATH} /usr/bin/python3 setup.py egg_info --egg-base ../../build/gesture_pub_sub build --build-base /home/akash/final_project_sme_lab_12194814/12194814_ros_ws/build/gesture_pub_sub/build install --record /home/akash/final_project_sme_lab_12194814/12194814_ros_ws/build/gesture_pub_sub/install.log --install-scripts $base/lib/gesture_pub_sub --single-version-externally-managed
[17.388s] Level 1:colcon.colcon_core.environment:checking '/home/akash/final_project_sme_lab_12194814/12194814_ros_ws/install/gesture_pub_sub' for CMake module files
[17.389s] Level 1:colcon.colcon_core.environment:checking '/home/akash/final_project_sme_lab_12194814/12194814_ros_ws/install/gesture_pub_sub' for CMake config files
[17.391s] Level 1:colcon.colcon_core.environment:checking '/home/akash/final_project_sme_lab_12194814/12194814_ros_ws/install/gesture_pub_sub/lib'
[17.391s] Level 1:colcon.colcon_core.environment:checking '/home/akash/final_project_sme_lab_12194814/12194814_ros_ws/install/gesture_pub_sub/bin'
[17.391s] Level 1:colcon.colcon_core.environment:checking '/home/akash/final_project_sme_lab_12194814/12194814_ros_ws/install/gesture_pub_sub/lib/pkgconfig/gesture_pub_sub.pc'
[17.391s] Level 1:colcon.colcon_core.environment:checking '/home/akash/final_project_sme_lab_12194814/12194814_ros_ws/install/gesture_pub_sub/lib/python3.10/site-packages'
[17.392s] Level 1:colcon.colcon_core.shell:create_environment_hook('gesture_pub_sub', 'pythonpath')
[17.426s] INFO:colcon.colcon_core.shell:Creating environment hook '/home/akash/final_project_sme_lab_12194814/12194814_ros_ws/install/gesture_pub_sub/share/gesture_pub_sub/hook/pythonpath.ps1'
[17.427s] INFO:colcon.colcon_core.shell:Creating environment descriptor '/home/akash/final_project_sme_lab_12194814/12194814_ros_ws/install/gesture_pub_sub/share/gesture_pub_sub/hook/pythonpath.dsv'
[17.427s] INFO:colcon.colcon_core.shell:Creating environment hook '/home/akash/final_project_sme_lab_12194814/12194814_ros_ws/install/gesture_pub_sub/share/gesture_pub_sub/hook/pythonpath.sh'
[17.428s] Level 1:colcon.colcon_core.environment:checking '/home/akash/final_project_sme_lab_12194814/12194814_ros_ws/install/gesture_pub_sub/bin'
[17.428s] Level 1:colcon.colcon_core.environment:create_environment_scripts_only(gesture_pub_sub)
[17.453s] INFO:colcon.colcon_core.shell:Creating package script '/home/akash/final_project_sme_lab_12194814/12194814_ros_ws/install/gesture_pub_sub/share/gesture_pub_sub/package.ps1'
[17.453s] INFO:colcon.colcon_core.shell:Creating package descriptor '/home/akash/final_project_sme_lab_12194814/12194814_ros_ws/install/gesture_pub_sub/share/gesture_pub_sub/package.dsv'
[17.454s] INFO:colcon.colcon_core.shell:Creating package script '/home/akash/final_project_sme_lab_12194814/12194814_ros_ws/install/gesture_pub_sub/share/gesture_pub_sub/package.sh'
[17.455s] INFO:colcon.colcon_core.shell:Creating package script '/home/akash/final_project_sme_lab_12194814/12194814_ros_ws/install/gesture_pub_sub/share/gesture_pub_sub/package.bash'
[17.455s] INFO:colcon.colcon_core.shell:Creating package script '/home/akash/final_project_sme_lab_12194814/12194814_ros_ws/install/gesture_pub_sub/share/gesture_pub_sub/package.zsh'
[17.456s] Level 1:colcon.colcon_core.environment:create_file_with_runtime_dependencies(/home/akash/final_project_sme_lab_12194814/12194814_ros_ws/install/gesture_pub_sub/share/colcon-core/packages/gesture_pub_sub)
[17.457s] DEBUG:colcon.colcon_parallel_executor.executor.parallel:closing loop
[17.459s] DEBUG:colcon.colcon_parallel_executor.executor.parallel:loop closed
[17.459s] DEBUG:colcon.colcon_parallel_executor.executor.parallel:run_until_complete finished with '0'
[17.459s] DEBUG:colcon.colcon_core.event_reactor:joining thread
[17.632s] INFO:colcon.colcon_core.plugin_system:Skipping extension 'colcon_notification.desktop_notification.notify_send': Could not find 'notify-send'
[17.633s] INFO:colcon.colcon_core.plugin_system:Skipping extension 'colcon_notification.desktop_notification.terminal_notifier': Not used on non-Darwin systems
[17.633s] INFO:colcon.colcon_core.plugin_system:Skipping extension 'colcon_notification.desktop_notification.win32': Not used on non-Windows systems
[17.633s] INFO:colcon.colcon_notification.desktop_notification:Sending desktop notification using 'notify2'
[17.633s] DEBUG:colcon.colcon_notification.desktop_notification.notify2:Failed to initialize notify2: org.freedesktop.DBus.Error.FileNotFound: Failed to connect to socket /run/user/1000/bus: No such file or directory
[17.633s] DEBUG:colcon.colcon_core.event_reactor:joined thread
[17.657s] INFO:colcon.colcon_core.shell:Creating prefix script '/home/akash/final_project_sme_lab_12194814/12194814_ros_ws/install/local_setup.ps1'
[17.658s] INFO:colcon.colcon_core.shell:Creating prefix util module '/home/akash/final_project_sme_lab_12194814/12194814_ros_ws/install/_local_setup_util_ps1.py'
[17.661s] INFO:colcon.colcon_core.shell:Creating prefix chain script '/home/akash/final_project_sme_lab_12194814/12194814_ros_ws/install/setup.ps1'
[17.686s] INFO:colcon.colcon_core.shell:Creating prefix script '/home/akash/final_project_sme_lab_12194814/12194814_ros_ws/install/local_setup.sh'
[17.687s] INFO:colcon.colcon_core.shell:Creating prefix util module '/home/akash/final_project_sme_lab_12194814/12194814_ros_ws/install/_local_setup_util_sh.py'
[17.688s] INFO:colcon.colcon_core.shell:Creating prefix chain script '/home/akash/final_project_sme_lab_12194814/12194814_ros_ws/install/setup.sh'
[17.722s] INFO:colcon.colcon_core.shell:Creating prefix script '/home/akash/final_project_sme_lab_12194814/12194814_ros_ws/install/local_setup.bash'
[17.723s] INFO:colcon.colcon_core.shell:Creating prefix chain script '/home/akash/final_project_sme_lab_12194814/12194814_ros_ws/install/setup.bash'
[17.747s] INFO:colcon.colcon_core.shell:Creating prefix script '/home/akash/final_project_sme_lab_12194814/12194814_ros_ws/install/local_setup.zsh'
[17.748s] INFO:colcon.colcon_core.shell:Creating prefix chain script '/home/akash/final_project_sme_lab_12194814/12194814_ros_ws/install/setup.zsh'
