[3.099s] Invoking command in '/home/akash/new_ros_ws/src/gesture_pub_sub': AMENT_PREFIX_PATH=/home/akash/new_ros_ws/install/cam_pub_sub:/home/akash/new_ros_ws/install/gesture_interface:${AMENT_PREFIX_PATH} CMAKE_PREFIX_PATH=/home/akash/new_ros_ws/install/gesture_interface:${CMAKE_PREFIX_PATH} LD_LIBRARY_PATH=/home/akash/new_ros_ws/install/gesture_interface/lib:${LD_LIBRARY_PATH} PYTHONPATH=/home/akash/new_ros_ws/build/gesture_pub_sub/prefix_override:/home/akash/new_ros_ws/install/gesture_pub_sub/lib/python3.10/site-packages:/home/akash/new_ros_ws/install/cam_pub_sub/lib/python3.10/site-packages:/home/akash/new_ros_ws/install/gesture_interface/local/lib/python3.10/dist-packages:${PYTHONPATH} /usr/bin/python3 setup.py egg_info --egg-base ../../build/gesture_pub_sub build --build-base /home/akash/new_ros_ws/build/gesture_pub_sub/build install --record /home/akash/new_ros_ws/build/gesture_pub_sub/install.log --install-scripts $base/lib/gesture_pub_sub --single-version-externally-managed
[3.488s] /usr/lib/python3/dist-packages/setuptools/dist.py:723: UserWarning: Usage of dash-separated 'script-dir' will not be supported in future versions. Please use the underscore name 'script_dir' instead
[3.488s]   warnings.warn(
[3.502s] running egg_info
[3.503s] creating ../../build/gesture_pub_sub/gesture_pub_sub.egg-info
[3.503s] writing ../../build/gesture_pub_sub/gesture_pub_sub.egg-info/PKG-INFO
[3.504s] writing dependency_links to ../../build/gesture_pub_sub/gesture_pub_sub.egg-info/dependency_links.txt
[3.504s] writing entry points to ../../build/gesture_pub_sub/gesture_pub_sub.egg-info/entry_points.txt
[3.504s] writing requirements to ../../build/gesture_pub_sub/gesture_pub_sub.egg-info/requires.txt
[3.505s] writing top-level names to ../../build/gesture_pub_sub/gesture_pub_sub.egg-info/top_level.txt
[3.505s] writing manifest file '../../build/gesture_pub_sub/gesture_pub_sub.egg-info/SOURCES.txt'
[3.508s] reading manifest file '../../build/gesture_pub_sub/gesture_pub_sub.egg-info/SOURCES.txt'
[3.511s] writing manifest file '../../build/gesture_pub_sub/gesture_pub_sub.egg-info/SOURCES.txt'
[3.511s] running build
[3.512s] running build_py
[3.512s] creating /home/akash/new_ros_ws/build/gesture_pub_sub/build
[3.512s] creating /home/akash/new_ros_ws/build/gesture_pub_sub/build/lib
[3.513s] creating /home/akash/new_ros_ws/build/gesture_pub_sub/build/lib/gesture_pub_sub
[3.513s] copying gesture_pub_sub/ges_sub.py -> /home/akash/new_ros_ws/build/gesture_pub_sub/build/lib/gesture_pub_sub
[3.514s] copying gesture_pub_sub/__init__.py -> /home/akash/new_ros_ws/build/gesture_pub_sub/build/lib/gesture_pub_sub
[3.514s] copying gesture_pub_sub/ges_pub.py -> /home/akash/new_ros_ws/build/gesture_pub_sub/build/lib/gesture_pub_sub
[3.514s] copying gesture_pub_sub/gesture_detector.py -> /home/akash/new_ros_ws/build/gesture_pub_sub/build/lib/gesture_pub_sub
[3.515s] running install
[3.515s] /usr/lib/python3/dist-packages/setuptools/command/install.py:34: SetuptoolsDeprecationWarning: setup.py install is deprecated. Use build and pip and other standards-based tools.
[3.515s]   warnings.warn(
[3.516s] running install_lib
[3.518s] creating /home/akash/new_ros_ws/install/gesture_pub_sub/lib/python3.10/site-packages/gesture_pub_sub
[3.519s] copying /home/akash/new_ros_ws/build/gesture_pub_sub/build/lib/gesture_pub_sub/ges_sub.py -> /home/akash/new_ros_ws/install/gesture_pub_sub/lib/python3.10/site-packages/gesture_pub_sub
[3.519s] copying /home/akash/new_ros_ws/build/gesture_pub_sub/build/lib/gesture_pub_sub/__init__.py -> /home/akash/new_ros_ws/install/gesture_pub_sub/lib/python3.10/site-packages/gesture_pub_sub
[3.519s] copying /home/akash/new_ros_ws/build/gesture_pub_sub/build/lib/gesture_pub_sub/ges_pub.py -> /home/akash/new_ros_ws/install/gesture_pub_sub/lib/python3.10/site-packages/gesture_pub_sub
[3.519s] copying /home/akash/new_ros_ws/build/gesture_pub_sub/build/lib/gesture_pub_sub/gesture_detector.py -> /home/akash/new_ros_ws/install/gesture_pub_sub/lib/python3.10/site-packages/gesture_pub_sub
[3.520s] byte-compiling /home/akash/new_ros_ws/install/gesture_pub_sub/lib/python3.10/site-packages/gesture_pub_sub/ges_sub.py to ges_sub.cpython-310.pyc
[3.521s] byte-compiling /home/akash/new_ros_ws/install/gesture_pub_sub/lib/python3.10/site-packages/gesture_pub_sub/__init__.py to __init__.cpython-310.pyc
[3.521s] byte-compiling /home/akash/new_ros_ws/install/gesture_pub_sub/lib/python3.10/site-packages/gesture_pub_sub/ges_pub.py to ges_pub.cpython-310.pyc
[3.523s] byte-compiling /home/akash/new_ros_ws/install/gesture_pub_sub/lib/python3.10/site-packages/gesture_pub_sub/gesture_detector.py to gesture_detector.cpython-310.pyc
[3.523s] running install_data
[3.525s] creating /home/akash/new_ros_ws/install/gesture_pub_sub/share/ament_index
[3.525s] creating /home/akash/new_ros_ws/install/gesture_pub_sub/share/ament_index/resource_index
[3.525s] creating /home/akash/new_ros_ws/install/gesture_pub_sub/share/ament_index/resource_index/packages
[3.526s] copying resource/gesture_pub_sub -> /home/akash/new_ros_ws/install/gesture_pub_sub/share/ament_index/resource_index/packages
[3.526s] copying package.xml -> /home/akash/new_ros_ws/install/gesture_pub_sub/share/gesture_pub_sub
[3.527s] running install_egg_info
[3.531s] Copying ../../build/gesture_pub_sub/gesture_pub_sub.egg-info to /home/akash/new_ros_ws/install/gesture_pub_sub/lib/python3.10/site-packages/gesture_pub_sub-0.0.0-py3.10.egg-info
[3.534s] running install_scripts
[3.571s] Installing gesture_publisher script to /home/akash/new_ros_ws/install/gesture_pub_sub/lib/gesture_pub_sub
[3.571s] Installing gesture_subscriber script to /home/akash/new_ros_ws/install/gesture_pub_sub/lib/gesture_pub_sub
[3.572s] writing list of installed files to '/home/akash/new_ros_ws/build/gesture_pub_sub/install.log'
[3.613s] Invoked command in '/home/akash/new_ros_ws/src/gesture_pub_sub' returned '0': AMENT_PREFIX_PATH=/home/akash/new_ros_ws/install/cam_pub_sub:/home/akash/new_ros_ws/install/gesture_interface:${AMENT_PREFIX_PATH} CMAKE_PREFIX_PATH=/home/akash/new_ros_ws/install/gesture_interface:${CMAKE_PREFIX_PATH} LD_LIBRARY_PATH=/home/akash/new_ros_ws/install/gesture_interface/lib:${LD_LIBRARY_PATH} PYTHONPATH=/home/akash/new_ros_ws/build/gesture_pub_sub/prefix_override:/home/akash/new_ros_ws/install/gesture_pub_sub/lib/python3.10/site-packages:/home/akash/new_ros_ws/install/cam_pub_sub/lib/python3.10/site-packages:/home/akash/new_ros_ws/install/gesture_interface/local/lib/python3.10/dist-packages:${PYTHONPATH} /usr/bin/python3 setup.py egg_info --egg-base ../../build/gesture_pub_sub build --build-base /home/akash/new_ros_ws/build/gesture_pub_sub/build install --record /home/akash/new_ros_ws/build/gesture_pub_sub/install.log --install-scripts $base/lib/gesture_pub_sub --single-version-externally-managed
