[2.715s] DEBUG:colcon:Command line arguments: ['/usr/bin/colcon', 'build']
[2.715s] DEBUG:colcon:Parsed command line arguments: Namespace(log_base=None, log_level=None, verb_name='build', build_base='build', install_base='install', merge_install=False, symlink_install=False, test_result_base=None, continue_on_error=False, executor='parallel', parallel_workers=12, event_handlers=None, ignore_user_meta=False, metas=['./colcon.meta'], base_paths=['.'], packages_ignore=None, packages_ignore_regex=None, paths=None, packages_up_to=None, packages_up_to_regex=None, packages_above=None, packages_above_and_dependencies=None, packages_above_depth=None, packages_select_by_dep=None, packages_skip_by_dep=None, packages_skip_up_to=None, packages_select_build_failed=False, packages_skip_build_finished=False, packages_select_test_failures=False, packages_skip_test_passed=False, packages_select=None, packages_skip=None, packages_select_regex=None, packages_skip_regex=None, packages_start=None, packages_end=None, allow_overriding=[], cmake_args=None, cmake_target=None, cmake_target_skip_unavailable=False, cmake_clean_cache=False, cmake_clean_first=False, cmake_force_configure=False, ament_cmake_args=None, catkin_cmake_args=None, catkin_skip_building_tests=False, verb_parser=<colcon_defaults.argument_parser.defaults.DefaultArgumentsDecorator object at 0x7f5d60e9d6c0>, verb_extension=<colcon_core.verb.build.BuildVerb object at 0x7f5d60e9ea40>, main=<bound method BuildVerb.main of <colcon_core.verb.build.BuildVerb object at 0x7f5d60e9ea40>>)
[2.857s] Level 1:colcon.colcon_core.package_discovery:discover_packages(colcon_meta) check parameters
[2.857s] Level 1:colcon.colcon_core.package_discovery:discover_packages(recursive) check parameters
[2.857s] Level 1:colcon.colcon_core.package_discovery:discover_packages(ignore) check parameters
[2.857s] Level 1:colcon.colcon_core.package_discovery:discover_packages(path) check parameters
[2.857s] Level 1:colcon.colcon_core.package_discovery:discover_packages(colcon_meta) discover
[2.857s] Level 1:colcon.colcon_core.package_discovery:discover_packages(recursive) discover
[2.857s] INFO:colcon.colcon_core.package_discovery:Crawling recursively for packages in '/home/akash/new_ros_ws'
[2.857s] Level 1:colcon.colcon_core.package_identification:_identify(.) by extensions ['ignore', 'ignore_ament_install']
[2.858s] Level 1:colcon.colcon_core.package_identification:_identify(.) by extension 'ignore'
[2.858s] Level 1:colcon.colcon_core.package_identification:_identify(.) by extension 'ignore_ament_install'
[2.858s] Level 1:colcon.colcon_core.package_identification:_identify(.) by extensions ['colcon_pkg']
[2.858s] Level 1:colcon.colcon_core.package_identification:_identify(.) by extension 'colcon_pkg'
[2.858s] Level 1:colcon.colcon_core.package_identification:_identify(.) by extensions ['colcon_meta']
[2.858s] Level 1:colcon.colcon_core.package_identification:_identify(.) by extension 'colcon_meta'
[2.858s] Level 1:colcon.colcon_core.package_identification:_identify(.) by extensions ['ros']
[2.858s] Level 1:colcon.colcon_core.package_identification:_identify(.) by extension 'ros'
[2.886s] Level 1:colcon.colcon_core.package_identification:_identify(.) by extensions ['cmake', 'python']
[2.886s] Level 1:colcon.colcon_core.package_identification:_identify(.) by extension 'cmake'
[2.886s] Level 1:colcon.colcon_core.package_identification:_identify(.) by extension 'python'
[2.886s] Level 1:colcon.colcon_core.package_identification:_identify(.) by extensions ['python_setup_py']
[2.887s] Level 1:colcon.colcon_core.package_identification:_identify(.) by extension 'python_setup_py'
[2.887s] Level 1:colcon.colcon_core.package_identification:_identify(build) by extensions ['ignore', 'ignore_ament_install']
[2.887s] Level 1:colcon.colcon_core.package_identification:_identify(build) by extension 'ignore'
[2.887s] Level 1:colcon.colcon_core.package_identification:_identify(build) ignored
[2.887s] Level 1:colcon.colcon_core.package_identification:_identify(install) by extensions ['ignore', 'ignore_ament_install']
[2.887s] Level 1:colcon.colcon_core.package_identification:_identify(install) by extension 'ignore'
[2.887s] Level 1:colcon.colcon_core.package_identification:_identify(install) ignored
[2.888s] Level 1:colcon.colcon_core.package_identification:_identify(log) by extensions ['ignore', 'ignore_ament_install']
[2.888s] Level 1:colcon.colcon_core.package_identification:_identify(log) by extension 'ignore'
[2.888s] Level 1:colcon.colcon_core.package_identification:_identify(log) ignored
[2.889s] Level 1:colcon.colcon_core.package_identification:_identify(src) by extensions ['ignore', 'ignore_ament_install']
[2.889s] Level 1:colcon.colcon_core.package_identification:_identify(src) by extension 'ignore'
[2.889s] Level 1:colcon.colcon_core.package_identification:_identify(src) by extension 'ignore_ament_install'
[2.889s] Level 1:colcon.colcon_core.package_identification:_identify(src) by extensions ['colcon_pkg']
[2.889s] Level 1:colcon.colcon_core.package_identification:_identify(src) by extension 'colcon_pkg'
[2.889s] Level 1:colcon.colcon_core.package_identification:_identify(src) by extensions ['colcon_meta']
[2.889s] Level 1:colcon.colcon_core.package_identification:_identify(src) by extension 'colcon_meta'
[2.889s] Level 1:colcon.colcon_core.package_identification:_identify(src) by extensions ['ros']
[2.889s] Level 1:colcon.colcon_core.package_identification:_identify(src) by extension 'ros'
[2.889s] Level 1:colcon.colcon_core.package_identification:_identify(src) by extensions ['cmake', 'python']
[2.889s] Level 1:colcon.colcon_core.package_identification:_identify(src) by extension 'cmake'
[2.889s] Level 1:colcon.colcon_core.package_identification:_identify(src) by extension 'python'
[2.890s] Level 1:colcon.colcon_core.package_identification:_identify(src) by extensions ['python_setup_py']
[2.890s] Level 1:colcon.colcon_core.package_identification:_identify(src) by extension 'python_setup_py'
[2.890s] Level 1:colcon.colcon_core.package_identification:_identify(src/cam_interface) by extensions ['ignore', 'ignore_ament_install']
[2.891s] Level 1:colcon.colcon_core.package_identification:_identify(src/cam_interface) by extension 'ignore'
[2.891s] Level 1:colcon.colcon_core.package_identification:_identify(src/cam_interface) by extension 'ignore_ament_install'
[2.891s] Level 1:colcon.colcon_core.package_identification:_identify(src/cam_interface) by extensions ['colcon_pkg']
[2.891s] Level 1:colcon.colcon_core.package_identification:_identify(src/cam_interface) by extension 'colcon_pkg'
[2.891s] Level 1:colcon.colcon_core.package_identification:_identify(src/cam_interface) by extensions ['colcon_meta']
[2.891s] Level 1:colcon.colcon_core.package_identification:_identify(src/cam_interface) by extension 'colcon_meta'
[2.891s] Level 1:colcon.colcon_core.package_identification:_identify(src/cam_interface) by extensions ['ros']
[2.891s] Level 1:colcon.colcon_core.package_identification:_identify(src/cam_interface) by extension 'ros'
[2.898s] DEBUG:colcon.colcon_core.package_identification:Package 'src/cam_interface' with type 'ros.ament_cmake' and name 'cam_interface'
[2.900s] Level 1:colcon.colcon_core.package_identification:_identify(src/cam_pub_sub) by extensions ['ignore', 'ignore_ament_install']
[2.900s] Level 1:colcon.colcon_core.package_identification:_identify(src/cam_pub_sub) by extension 'ignore'
[2.900s] Level 1:colcon.colcon_core.package_identification:_identify(src/cam_pub_sub) by extension 'ignore_ament_install'
[2.900s] Level 1:colcon.colcon_core.package_identification:_identify(src/cam_pub_sub) by extensions ['colcon_pkg']
[2.900s] Level 1:colcon.colcon_core.package_identification:_identify(src/cam_pub_sub) by extension 'colcon_pkg'
[2.900s] Level 1:colcon.colcon_core.package_identification:_identify(src/cam_pub_sub) by extensions ['colcon_meta']
[2.900s] Level 1:colcon.colcon_core.package_identification:_identify(src/cam_pub_sub) by extension 'colcon_meta'
[2.900s] Level 1:colcon.colcon_core.package_identification:_identify(src/cam_pub_sub) by extensions ['ros']
[2.900s] Level 1:colcon.colcon_core.package_identification:_identify(src/cam_pub_sub) by extension 'ros'
[2.902s] DEBUG:colcon.colcon_core.package_identification:Package 'src/cam_pub_sub' with type 'ros.ament_python' and name 'cam_pub_sub'
[2.903s] Level 1:colcon.colcon_core.package_identification:_identify(src/gesture_interface) by extensions ['ignore', 'ignore_ament_install']
[2.903s] Level 1:colcon.colcon_core.package_identification:_identify(src/gesture_interface) by extension 'ignore'
[2.903s] Level 1:colcon.colcon_core.package_identification:_identify(src/gesture_interface) by extension 'ignore_ament_install'
[2.904s] Level 1:colcon.colcon_core.package_identification:_identify(src/gesture_interface) by extensions ['colcon_pkg']
[2.904s] Level 1:colcon.colcon_core.package_identification:_identify(src/gesture_interface) by extension 'colcon_pkg'
[2.904s] Level 1:colcon.colcon_core.package_identification:_identify(src/gesture_interface) by extensions ['colcon_meta']
[2.904s] Level 1:colcon.colcon_core.package_identification:_identify(src/gesture_interface) by extension 'colcon_meta'
[2.904s] Level 1:colcon.colcon_core.package_identification:_identify(src/gesture_interface) by extensions ['ros']
[2.904s] Level 1:colcon.colcon_core.package_identification:_identify(src/gesture_interface) by extension 'ros'
[2.905s] DEBUG:colcon.colcon_core.package_identification:Package 'src/gesture_interface' with type 'ros.ament_cmake' and name 'gesture_interface'
[2.906s] Level 1:colcon.colcon_core.package_identification:_identify(src/gesture_pub_sub) by extensions ['ignore', 'ignore_ament_install']
[2.906s] Level 1:colcon.colcon_core.package_identification:_identify(src/gesture_pub_sub) by extension 'ignore'
[2.906s] Level 1:colcon.colcon_core.package_identification:_identify(src/gesture_pub_sub) by extension 'ignore_ament_install'
[2.906s] Level 1:colcon.colcon_core.package_identification:_identify(src/gesture_pub_sub) by extensions ['colcon_pkg']
[2.907s] Level 1:colcon.colcon_core.package_identification:_identify(src/gesture_pub_sub) by extension 'colcon_pkg'
[2.907s] Level 1:colcon.colcon_core.package_identification:_identify(src/gesture_pub_sub) by extensions ['colcon_meta']
[2.907s] Level 1:colcon.colcon_core.package_identification:_identify(src/gesture_pub_sub) by extension 'colcon_meta'
[2.907s] Level 1:colcon.colcon_core.package_identification:_identify(src/gesture_pub_sub) by extensions ['ros']
[2.907s] Level 1:colcon.colcon_core.package_identification:_identify(src/gesture_pub_sub) by extension 'ros'
[2.909s] DEBUG:colcon.colcon_core.package_identification:Package 'src/gesture_pub_sub' with type 'ros.ament_python' and name 'gesture_pub_sub'
[2.910s] Level 1:colcon.colcon_core.package_identification:_identify(video) by extensions ['ignore', 'ignore_ament_install']
[2.910s] Level 1:colcon.colcon_core.package_identification:_identify(video) by extension 'ignore'
[2.910s] Level 1:colcon.colcon_core.package_identification:_identify(video) by extension 'ignore_ament_install'
[2.910s] Level 1:colcon.colcon_core.package_identification:_identify(video) by extensions ['colcon_pkg']
[2.910s] Level 1:colcon.colcon_core.package_identification:_identify(video) by extension 'colcon_pkg'
[2.910s] Level 1:colcon.colcon_core.package_identification:_identify(video) by extensions ['colcon_meta']
[2.910s] Level 1:colcon.colcon_core.package_identification:_identify(video) by extension 'colcon_meta'
[2.910s] Level 1:colcon.colcon_core.package_identification:_identify(video) by extensions ['ros']
[2.910s] Level 1:colcon.colcon_core.package_identification:_identify(video) by extension 'ros'
[2.911s] Level 1:colcon.colcon_core.package_identification:_identify(video) by extensions ['cmake', 'python']
[2.911s] Level 1:colcon.colcon_core.package_identification:_identify(video) by extension 'cmake'
[2.911s] Level 1:colcon.colcon_core.package_identification:_identify(video) by extension 'python'
[2.911s] Level 1:colcon.colcon_core.package_identification:_identify(video) by extensions ['python_setup_py']
[2.911s] Level 1:colcon.colcon_core.package_identification:_identify(video) by extension 'python_setup_py'
[2.911s] Level 1:colcon.colcon_core.package_discovery:discover_packages(recursive) using defaults
[2.911s] Level 1:colcon.colcon_core.package_discovery:discover_packages(ignore) discover
[2.911s] Level 1:colcon.colcon_core.package_discovery:discover_packages(ignore) using defaults
[2.911s] Level 1:colcon.colcon_core.package_discovery:discover_packages(path) discover
[2.911s] Level 1:colcon.colcon_core.package_discovery:discover_packages(path) using defaults
[3.097s] Level 1:colcon.colcon_core.package_discovery:discover_packages(prefix_path) check parameters
[3.097s] Level 1:colcon.colcon_core.package_discovery:discover_packages(prefix_path) discover
[3.152s] DEBUG:colcon.colcon_installed_package_information.package_discovery:Found 270 installed packages in /opt/ros/humble
[3.154s] Level 1:colcon.colcon_core.package_discovery:discover_packages(prefix_path) using defaults
[3.297s] Level 5:colcon.colcon_core.verb:set package 'cam_interface' build argument 'cmake_args' from command line to 'None'
[3.297s] Level 5:colcon.colcon_core.verb:set package 'cam_interface' build argument 'cmake_target' from command line to 'None'
[3.297s] Level 5:colcon.colcon_core.verb:set package 'cam_interface' build argument 'cmake_target_skip_unavailable' from command line to 'False'
[3.297s] Level 5:colcon.colcon_core.verb:set package 'cam_interface' build argument 'cmake_clean_cache' from command line to 'False'
[3.297s] Level 5:colcon.colcon_core.verb:set package 'cam_interface' build argument 'cmake_clean_first' from command line to 'False'
[3.298s] Level 5:colcon.colcon_core.verb:set package 'cam_interface' build argument 'cmake_force_configure' from command line to 'False'
[3.298s] Level 5:colcon.colcon_core.verb:set package 'cam_interface' build argument 'ament_cmake_args' from command line to 'None'
[3.298s] Level 5:colcon.colcon_core.verb:set package 'cam_interface' build argument 'catkin_cmake_args' from command line to 'None'
[3.298s] Level 5:colcon.colcon_core.verb:set package 'cam_interface' build argument 'catkin_skip_building_tests' from command line to 'False'
[3.298s] DEBUG:colcon.colcon_core.verb:Building package 'cam_interface' with the following arguments: {'ament_cmake_args': None, 'build_base': '/home/akash/new_ros_ws/build/cam_interface', 'catkin_cmake_args': None, 'catkin_skip_building_tests': False, 'cmake_args': None, 'cmake_clean_cache': False, 'cmake_clean_first': False, 'cmake_force_configure': False, 'cmake_target': None, 'cmake_target_skip_unavailable': False, 'install_base': '/home/akash/new_ros_ws/install/cam_interface', 'merge_install': False, 'path': '/home/akash/new_ros_ws/src/cam_interface', 'symlink_install': False, 'test_result_base': None}
[3.320s] Level 5:colcon.colcon_core.verb:set package 'gesture_interface' build argument 'cmake_args' from command line to 'None'
[3.320s] Level 5:colcon.colcon_core.verb:set package 'gesture_interface' build argument 'cmake_target' from command line to 'None'
[3.320s] Level 5:colcon.colcon_core.verb:set package 'gesture_interface' build argument 'cmake_target_skip_unavailable' from command line to 'False'
[3.320s] Level 5:colcon.colcon_core.verb:set package 'gesture_interface' build argument 'cmake_clean_cache' from command line to 'False'
[3.320s] Level 5:colcon.colcon_core.verb:set package 'gesture_interface' build argument 'cmake_clean_first' from command line to 'False'
[3.320s] Level 5:colcon.colcon_core.verb:set package 'gesture_interface' build argument 'cmake_force_configure' from command line to 'False'
[3.320s] Level 5:colcon.colcon_core.verb:set package 'gesture_interface' build argument 'ament_cmake_args' from command line to 'None'
[3.320s] Level 5:colcon.colcon_core.verb:set package 'gesture_interface' build argument 'catkin_cmake_args' from command line to 'None'
[3.320s] Level 5:colcon.colcon_core.verb:set package 'gesture_interface' build argument 'catkin_skip_building_tests' from command line to 'False'
[3.321s] DEBUG:colcon.colcon_core.verb:Building package 'gesture_interface' with the following arguments: {'ament_cmake_args': None, 'build_base': '/home/akash/new_ros_ws/build/gesture_interface', 'catkin_cmake_args': None, 'catkin_skip_building_tests': False, 'cmake_args': None, 'cmake_clean_cache': False, 'cmake_clean_first': False, 'cmake_force_configure': False, 'cmake_target': None, 'cmake_target_skip_unavailable': False, 'install_base': '/home/akash/new_ros_ws/install/gesture_interface', 'merge_install': False, 'path': '/home/akash/new_ros_ws/src/gesture_interface', 'symlink_install': False, 'test_result_base': None}
[3.342s] Level 5:colcon.colcon_core.verb:set package 'cam_pub_sub' build argument 'cmake_args' from command line to 'None'
[3.342s] Level 5:colcon.colcon_core.verb:set package 'cam_pub_sub' build argument 'cmake_target' from command line to 'None'
[3.343s] Level 5:colcon.colcon_core.verb:set package 'cam_pub_sub' build argument 'cmake_target_skip_unavailable' from command line to 'False'
[3.343s] Level 5:colcon.colcon_core.verb:set package 'cam_pub_sub' build argument 'cmake_clean_cache' from command line to 'False'
[3.343s] Level 5:colcon.colcon_core.verb:set package 'cam_pub_sub' build argument 'cmake_clean_first' from command line to 'False'
[3.343s] Level 5:colcon.colcon_core.verb:set package 'cam_pub_sub' build argument 'cmake_force_configure' from command line to 'False'
[3.343s] Level 5:colcon.colcon_core.verb:set package 'cam_pub_sub' build argument 'ament_cmake_args' from command line to 'None'
[3.343s] Level 5:colcon.colcon_core.verb:set package 'cam_pub_sub' build argument 'catkin_cmake_args' from command line to 'None'
[3.343s] Level 5:colcon.colcon_core.verb:set package 'cam_pub_sub' build argument 'catkin_skip_building_tests' from command line to 'False'
[3.343s] DEBUG:colcon.colcon_core.verb:Building package 'cam_pub_sub' with the following arguments: {'ament_cmake_args': None, 'build_base': '/home/akash/new_ros_ws/build/cam_pub_sub', 'catkin_cmake_args': None, 'catkin_skip_building_tests': False, 'cmake_args': None, 'cmake_clean_cache': False, 'cmake_clean_first': False, 'cmake_force_configure': False, 'cmake_target': None, 'cmake_target_skip_unavailable': False, 'install_base': '/home/akash/new_ros_ws/install/cam_pub_sub', 'merge_install': False, 'path': '/home/akash/new_ros_ws/src/cam_pub_sub', 'symlink_install': False, 'test_result_base': None}
[3.365s] Level 5:colcon.colcon_core.verb:set package 'gesture_pub_sub' build argument 'cmake_args' from command line to 'None'
[3.365s] Level 5:colcon.colcon_core.verb:set package 'gesture_pub_sub' build argument 'cmake_target' from command line to 'None'
[3.365s] Level 5:colcon.colcon_core.verb:set package 'gesture_pub_sub' build argument 'cmake_target_skip_unavailable' from command line to 'False'
[3.365s] Level 5:colcon.colcon_core.verb:set package 'gesture_pub_sub' build argument 'cmake_clean_cache' from command line to 'False'
[3.365s] Level 5:colcon.colcon_core.verb:set package 'gesture_pub_sub' build argument 'cmake_clean_first' from command line to 'False'
[3.365s] Level 5:colcon.colcon_core.verb:set package 'gesture_pub_sub' build argument 'cmake_force_configure' from command line to 'False'
[3.365s] Level 5:colcon.colcon_core.verb:set package 'gesture_pub_sub' build argument 'ament_cmake_args' from command line to 'None'
[3.365s] Level 5:colcon.colcon_core.verb:set package 'gesture_pub_sub' build argument 'catkin_cmake_args' from command line to 'None'
[3.365s] Level 5:colcon.colcon_core.verb:set package 'gesture_pub_sub' build argument 'catkin_skip_building_tests' from command line to 'False'
[3.365s] DEBUG:colcon.colcon_core.verb:Building package 'gesture_pub_sub' with the following arguments: {'ament_cmake_args': None, 'build_base': '/home/akash/new_ros_ws/build/gesture_pub_sub', 'catkin_cmake_args': None, 'catkin_skip_building_tests': False, 'cmake_args': None, 'cmake_clean_cache': False, 'cmake_clean_first': False, 'cmake_force_configure': False, 'cmake_target': None, 'cmake_target_skip_unavailable': False, 'install_base': '/home/akash/new_ros_ws/install/gesture_pub_sub', 'merge_install': False, 'path': '/home/akash/new_ros_ws/src/gesture_pub_sub', 'symlink_install': False, 'test_result_base': None}
[3.387s] INFO:colcon.colcon_core.executor:Executing jobs using 'parallel' executor
[3.410s] DEBUG:colcon.colcon_parallel_executor.executor.parallel:run_until_complete
[3.410s] INFO:colcon.colcon_ros.task.ament_cmake.build:Building ROS package in '/home/akash/new_ros_ws/src/cam_interface' with build type 'ament_cmake'
[3.411s] INFO:colcon.colcon_cmake.task.cmake.build:Building CMake package in '/home/akash/new_ros_ws/src/cam_interface'
[3.454s] INFO:colcon.colcon_core.plugin_system:Skipping extension 'colcon_core.shell.bat': Not used on non-Windows systems
[3.455s] INFO:colcon.colcon_core.shell:Skip shell extension 'powershell' for command environment: Not usable outside of PowerShell
[3.455s] DEBUG:colcon.colcon_core.shell:Skip shell extension 'dsv' for command environment
[3.503s] INFO:colcon.colcon_ros.task.ament_cmake.build:Building ROS package in '/home/akash/new_ros_ws/src/gesture_interface' with build type 'ament_cmake'
[3.504s] INFO:colcon.colcon_cmake.task.cmake.build:Building CMake package in '/home/akash/new_ros_ws/src/gesture_interface'
[3.530s] INFO:colcon.colcon_core.shell:Skip shell extension 'powershell' for command environment: Not usable outside of PowerShell
[3.531s] DEBUG:colcon.colcon_core.shell:Skip shell extension 'dsv' for command environment
[3.591s] DEBUG:colcon.colcon_core.event_handler.log_command:Invoking command in '/home/akash/new_ros_ws/build/cam_interface': CMAKE_PREFIX_PATH=/opt/ros/humble /usr/bin/cmake --build /home/akash/new_ros_ws/build/cam_interface -- -j12 -l12
[3.606s] DEBUG:colcon.colcon_core.event_handler.log_command:Invoking command in '/home/akash/new_ros_ws/build/gesture_interface': CMAKE_PREFIX_PATH=/opt/ros/humble /usr/bin/cmake --build /home/akash/new_ros_ws/build/gesture_interface -- -j12 -l12
[5.005s] DEBUG:colcon.colcon_core.event_handler.log_command:Invoked command in '/home/akash/new_ros_ws/build/cam_interface' returned '0': CMAKE_PREFIX_PATH=/opt/ros/humble /usr/bin/cmake --build /home/akash/new_ros_ws/build/cam_interface -- -j12 -l12
[5.013s] DEBUG:colcon.colcon_core.event_handler.log_command:Invoked command in '/home/akash/new_ros_ws/build/gesture_interface' returned '0': CMAKE_PREFIX_PATH=/opt/ros/humble /usr/bin/cmake --build /home/akash/new_ros_ws/build/gesture_interface -- -j12 -l12
[5.116s] DEBUG:colcon.colcon_core.event_handler.log_command:Invoking command in '/home/akash/new_ros_ws/build/cam_interface': CMAKE_PREFIX_PATH=/opt/ros/humble /usr/bin/cmake --install /home/akash/new_ros_ws/build/cam_interface
[5.122s] DEBUG:colcon.colcon_core.event_handler.log_command:Invoking command in '/home/akash/new_ros_ws/build/gesture_interface': CMAKE_PREFIX_PATH=/opt/ros/humble /usr/bin/cmake --install /home/akash/new_ros_ws/build/gesture_interface
[5.355s] Level 1:colcon.colcon_core.environment:create_environment_scripts_only(gesture_interface)
[5.360s] DEBUG:colcon.colcon_core.event_handler.log_command:Invoked command in '/home/akash/new_ros_ws/build/gesture_interface' returned '0': CMAKE_PREFIX_PATH=/opt/ros/humble /usr/bin/cmake --install /home/akash/new_ros_ws/build/gesture_interface
[5.490s] Level 1:colcon.colcon_core.environment:checking '/home/akash/new_ros_ws/install/gesture_interface' for CMake module files
[5.492s] Level 1:colcon.colcon_core.environment:checking '/home/akash/new_ros_ws/install/gesture_interface' for CMake config files
[5.493s] Level 1:colcon.colcon_core.shell:create_environment_hook('gesture_interface', 'cmake_prefix_path')
[5.528s] INFO:colcon.colcon_core.shell:Creating environment hook '/home/akash/new_ros_ws/install/gesture_interface/share/gesture_interface/hook/cmake_prefix_path.ps1'
[5.531s] INFO:colcon.colcon_core.shell:Creating environment descriptor '/home/akash/new_ros_ws/install/gesture_interface/share/gesture_interface/hook/cmake_prefix_path.dsv'
[5.532s] INFO:colcon.colcon_core.shell:Creating environment hook '/home/akash/new_ros_ws/install/gesture_interface/share/gesture_interface/hook/cmake_prefix_path.sh'
[5.534s] Level 1:colcon.colcon_core.environment:checking '/home/akash/new_ros_ws/install/gesture_interface/lib'
[5.534s] Level 1:colcon.colcon_core.shell:create_environment_hook('gesture_interface', 'ld_library_path_lib')
[5.559s] INFO:colcon.colcon_core.shell:Creating environment hook '/home/akash/new_ros_ws/install/gesture_interface/share/gesture_interface/hook/ld_library_path_lib.ps1'
[5.559s] INFO:colcon.colcon_core.shell:Creating environment descriptor '/home/akash/new_ros_ws/install/gesture_interface/share/gesture_interface/hook/ld_library_path_lib.dsv'
[5.560s] INFO:colcon.colcon_core.shell:Creating environment hook '/home/akash/new_ros_ws/install/gesture_interface/share/gesture_interface/hook/ld_library_path_lib.sh'
[5.560s] Level 1:colcon.colcon_core.environment:checking '/home/akash/new_ros_ws/install/gesture_interface/bin'
[5.560s] Level 1:colcon.colcon_core.environment:checking '/home/akash/new_ros_ws/install/gesture_interface/lib/pkgconfig/gesture_interface.pc'
[5.561s] Level 1:colcon.colcon_core.environment:checking '/home/akash/new_ros_ws/install/gesture_interface/lib/python3.10/site-packages'
[5.561s] Level 1:colcon.colcon_core.environment:checking '/home/akash/new_ros_ws/install/gesture_interface/bin'
[5.585s] INFO:colcon.colcon_core.shell:Creating package script '/home/akash/new_ros_ws/install/gesture_interface/share/gesture_interface/package.ps1'
[5.587s] INFO:colcon.colcon_core.shell:Creating package descriptor '/home/akash/new_ros_ws/install/gesture_interface/share/gesture_interface/package.dsv'
[5.588s] INFO:colcon.colcon_core.shell:Creating package script '/home/akash/new_ros_ws/install/gesture_interface/share/gesture_interface/package.sh'
[5.589s] INFO:colcon.colcon_core.shell:Creating package script '/home/akash/new_ros_ws/install/gesture_interface/share/gesture_interface/package.bash'
[5.592s] INFO:colcon.colcon_core.shell:Creating package script '/home/akash/new_ros_ws/install/gesture_interface/share/gesture_interface/package.zsh'
[5.593s] Level 1:colcon.colcon_core.environment:create_file_with_runtime_dependencies(/home/akash/new_ros_ws/install/gesture_interface/share/colcon-core/packages/gesture_interface)
[5.596s] Level 1:colcon.colcon_core.environment:create_environment_scripts_only(cam_interface)
[5.597s] DEBUG:colcon.colcon_core.event_handler.log_command:Invoked command in '/home/akash/new_ros_ws/build/cam_interface' returned '0': CMAKE_PREFIX_PATH=/opt/ros/humble /usr/bin/cmake --install /home/akash/new_ros_ws/build/cam_interface
[5.621s] Level 1:colcon.colcon_core.environment:checking '/home/akash/new_ros_ws/install/cam_interface' for CMake module files
[5.622s] Level 1:colcon.colcon_core.environment:checking '/home/akash/new_ros_ws/install/cam_interface' for CMake config files
[5.624s] Level 1:colcon.colcon_core.shell:create_environment_hook('cam_interface', 'cmake_prefix_path')
[5.649s] INFO:colcon.colcon_core.shell:Creating environment hook '/home/akash/new_ros_ws/install/cam_interface/share/cam_interface/hook/cmake_prefix_path.ps1'
[5.649s] INFO:colcon.colcon_core.shell:Creating environment descriptor '/home/akash/new_ros_ws/install/cam_interface/share/cam_interface/hook/cmake_prefix_path.dsv'
[5.650s] INFO:colcon.colcon_core.shell:Creating environment hook '/home/akash/new_ros_ws/install/cam_interface/share/cam_interface/hook/cmake_prefix_path.sh'
[5.651s] Level 1:colcon.colcon_core.environment:checking '/home/akash/new_ros_ws/install/cam_interface/lib'
[5.652s] Level 1:colcon.colcon_core.shell:create_environment_hook('cam_interface', 'ld_library_path_lib')
[5.677s] INFO:colcon.colcon_core.shell:Creating environment hook '/home/akash/new_ros_ws/install/cam_interface/share/cam_interface/hook/ld_library_path_lib.ps1'
[5.678s] INFO:colcon.colcon_core.shell:Creating environment descriptor '/home/akash/new_ros_ws/install/cam_interface/share/cam_interface/hook/ld_library_path_lib.dsv'
[5.678s] INFO:colcon.colcon_core.shell:Creating environment hook '/home/akash/new_ros_ws/install/cam_interface/share/cam_interface/hook/ld_library_path_lib.sh'
[5.679s] Level 1:colcon.colcon_core.environment:checking '/home/akash/new_ros_ws/install/cam_interface/bin'
[5.679s] Level 1:colcon.colcon_core.environment:checking '/home/akash/new_ros_ws/install/cam_interface/lib/pkgconfig/cam_interface.pc'
[5.679s] Level 1:colcon.colcon_core.environment:checking '/home/akash/new_ros_ws/install/cam_interface/lib/python3.10/site-packages'
[5.680s] Level 1:colcon.colcon_core.environment:checking '/home/akash/new_ros_ws/install/cam_interface/bin'
[5.784s] INFO:colcon.colcon_core.shell:Creating package script '/home/akash/new_ros_ws/install/cam_interface/share/cam_interface/package.ps1'
[5.788s] INFO:colcon.colcon_core.shell:Creating package descriptor '/home/akash/new_ros_ws/install/cam_interface/share/cam_interface/package.dsv'
[5.789s] INFO:colcon.colcon_core.shell:Creating package script '/home/akash/new_ros_ws/install/cam_interface/share/cam_interface/package.sh'
[5.790s] INFO:colcon.colcon_core.shell:Creating package script '/home/akash/new_ros_ws/install/cam_interface/share/cam_interface/package.bash'
[5.790s] INFO:colcon.colcon_core.shell:Creating package script '/home/akash/new_ros_ws/install/cam_interface/share/cam_interface/package.zsh'
[5.791s] Level 1:colcon.colcon_core.environment:create_file_with_runtime_dependencies(/home/akash/new_ros_ws/install/cam_interface/share/colcon-core/packages/cam_interface)
[5.820s] Level 1:colcon.colcon_core.environment:create_environment_scripts_only(gesture_interface)
[5.917s] Level 1:colcon.colcon_core.environment:checking '/home/akash/new_ros_ws/install/gesture_interface' for CMake module files
[5.918s] Level 1:colcon.colcon_core.environment:checking '/home/akash/new_ros_ws/install/gesture_interface' for CMake config files
[5.918s] Level 1:colcon.colcon_core.shell:create_environment_hook('gesture_interface', 'cmake_prefix_path')
[5.981s] INFO:colcon.colcon_core.shell:Creating environment hook '/home/akash/new_ros_ws/install/gesture_interface/share/gesture_interface/hook/cmake_prefix_path.ps1'
[5.983s] INFO:colcon.colcon_core.shell:Creating environment descriptor '/home/akash/new_ros_ws/install/gesture_interface/share/gesture_interface/hook/cmake_prefix_path.dsv'
[5.984s] INFO:colcon.colcon_core.shell:Creating environment hook '/home/akash/new_ros_ws/install/gesture_interface/share/gesture_interface/hook/cmake_prefix_path.sh'
[5.984s] Level 1:colcon.colcon_core.environment:checking '/home/akash/new_ros_ws/install/gesture_interface/lib'
[5.984s] Level 1:colcon.colcon_core.shell:create_environment_hook('gesture_interface', 'ld_library_path_lib')
[6.010s] INFO:colcon.colcon_core.shell:Creating environment hook '/home/akash/new_ros_ws/install/gesture_interface/share/gesture_interface/hook/ld_library_path_lib.ps1'
[6.011s] INFO:colcon.colcon_core.shell:Creating environment descriptor '/home/akash/new_ros_ws/install/gesture_interface/share/gesture_interface/hook/ld_library_path_lib.dsv'
[6.011s] INFO:colcon.colcon_core.shell:Creating environment hook '/home/akash/new_ros_ws/install/gesture_interface/share/gesture_interface/hook/ld_library_path_lib.sh'
[6.012s] Level 1:colcon.colcon_core.environment:checking '/home/akash/new_ros_ws/install/gesture_interface/bin'
[6.012s] Level 1:colcon.colcon_core.environment:checking '/home/akash/new_ros_ws/install/gesture_interface/lib/pkgconfig/gesture_interface.pc'
[6.012s] Level 1:colcon.colcon_core.environment:checking '/home/akash/new_ros_ws/install/gesture_interface/lib/python3.10/site-packages'
[6.013s] Level 1:colcon.colcon_core.environment:checking '/home/akash/new_ros_ws/install/gesture_interface/bin'
[6.037s] INFO:colcon.colcon_core.shell:Creating package script '/home/akash/new_ros_ws/install/gesture_interface/share/gesture_interface/package.ps1'
[6.038s] INFO:colcon.colcon_core.shell:Creating package descriptor '/home/akash/new_ros_ws/install/gesture_interface/share/gesture_interface/package.dsv'
[6.038s] INFO:colcon.colcon_core.shell:Creating package script '/home/akash/new_ros_ws/install/gesture_interface/share/gesture_interface/package.sh'
[6.039s] INFO:colcon.colcon_core.shell:Creating package script '/home/akash/new_ros_ws/install/gesture_interface/share/gesture_interface/package.bash'
[6.040s] INFO:colcon.colcon_core.shell:Creating package script '/home/akash/new_ros_ws/install/gesture_interface/share/gesture_interface/package.zsh'
[6.040s] Level 1:colcon.colcon_core.environment:create_file_with_runtime_dependencies(/home/akash/new_ros_ws/install/gesture_interface/share/colcon-core/packages/gesture_interface)
[6.077s] Level 1:colcon.colcon_core.environment:create_environment_scripts_only(cam_interface)
[6.105s] Level 1:colcon.colcon_core.environment:checking '/home/akash/new_ros_ws/install/cam_interface' for CMake module files
[6.106s] Level 1:colcon.colcon_core.environment:checking '/home/akash/new_ros_ws/install/cam_interface' for CMake config files
[6.106s] Level 1:colcon.colcon_core.shell:create_environment_hook('cam_interface', 'cmake_prefix_path')
[6.128s] INFO:colcon.colcon_core.shell:Creating environment hook '/home/akash/new_ros_ws/install/cam_interface/share/cam_interface/hook/cmake_prefix_path.ps1'
[6.129s] INFO:colcon.colcon_core.shell:Creating environment descriptor '/home/akash/new_ros_ws/install/cam_interface/share/cam_interface/hook/cmake_prefix_path.dsv'
[6.129s] INFO:colcon.colcon_core.shell:Creating environment hook '/home/akash/new_ros_ws/install/cam_interface/share/cam_interface/hook/cmake_prefix_path.sh'
[6.130s] Level 1:colcon.colcon_core.environment:checking '/home/akash/new_ros_ws/install/cam_interface/lib'
[6.130s] Level 1:colcon.colcon_core.shell:create_environment_hook('cam_interface', 'ld_library_path_lib')
[6.155s] INFO:colcon.colcon_core.shell:Creating environment hook '/home/akash/new_ros_ws/install/cam_interface/share/cam_interface/hook/ld_library_path_lib.ps1'
[6.156s] INFO:colcon.colcon_core.shell:Creating environment descriptor '/home/akash/new_ros_ws/install/cam_interface/share/cam_interface/hook/ld_library_path_lib.dsv'
[6.157s] INFO:colcon.colcon_core.shell:Creating environment hook '/home/akash/new_ros_ws/install/cam_interface/share/cam_interface/hook/ld_library_path_lib.sh'
[6.158s] Level 1:colcon.colcon_core.environment:checking '/home/akash/new_ros_ws/install/cam_interface/bin'
[6.158s] Level 1:colcon.colcon_core.environment:checking '/home/akash/new_ros_ws/install/cam_interface/lib/pkgconfig/cam_interface.pc'
[6.159s] Level 1:colcon.colcon_core.environment:checking '/home/akash/new_ros_ws/install/cam_interface/lib/python3.10/site-packages'
[6.159s] Level 1:colcon.colcon_core.environment:checking '/home/akash/new_ros_ws/install/cam_interface/bin'
[6.190s] INFO:colcon.colcon_core.shell:Creating package script '/home/akash/new_ros_ws/install/cam_interface/share/cam_interface/package.ps1'
[6.192s] INFO:colcon.colcon_core.shell:Creating package descriptor '/home/akash/new_ros_ws/install/cam_interface/share/cam_interface/package.dsv'
[6.193s] INFO:colcon.colcon_core.shell:Creating package script '/home/akash/new_ros_ws/install/cam_interface/share/cam_interface/package.sh'
[6.194s] INFO:colcon.colcon_core.shell:Creating package script '/home/akash/new_ros_ws/install/cam_interface/share/cam_interface/package.bash'
[6.195s] INFO:colcon.colcon_core.shell:Creating package script '/home/akash/new_ros_ws/install/cam_interface/share/cam_interface/package.zsh'
[6.196s] Level 1:colcon.colcon_core.environment:create_file_with_runtime_dependencies(/home/akash/new_ros_ws/install/cam_interface/share/colcon-core/packages/cam_interface)
[6.196s] INFO:colcon.colcon_ros.task.ament_python.build:Building ROS package in '/home/akash/new_ros_ws/src/cam_pub_sub' with build type 'ament_python'
[6.197s] Level 1:colcon.colcon_core.shell:create_environment_hook('cam_pub_sub', 'ament_prefix_path')
[6.225s] INFO:colcon.colcon_core.shell:Creating environment hook '/home/akash/new_ros_ws/install/cam_pub_sub/share/cam_pub_sub/hook/ament_prefix_path.ps1'
[6.228s] INFO:colcon.colcon_core.shell:Creating environment descriptor '/home/akash/new_ros_ws/install/cam_pub_sub/share/cam_pub_sub/hook/ament_prefix_path.dsv'
[6.229s] INFO:colcon.colcon_core.shell:Creating environment hook '/home/akash/new_ros_ws/install/cam_pub_sub/share/cam_pub_sub/hook/ament_prefix_path.sh'
[6.260s] INFO:colcon.colcon_core.shell:Skip shell extension 'powershell' for command environment: Not usable outside of PowerShell
[6.260s] DEBUG:colcon.colcon_core.shell:Skip shell extension 'dsv' for command environment
[7.132s] INFO:colcon.colcon_core.task.python.build:Building Python package in '/home/akash/new_ros_ws/src/cam_pub_sub'
[7.160s] INFO:colcon.colcon_core.shell:Skip shell extension 'powershell' for command environment: Not usable outside of PowerShell
[7.160s] DEBUG:colcon.colcon_core.shell:Skip shell extension 'dsv' for command environment
[8.263s] DEBUG:colcon.colcon_core.event_handler.log_command:Invoking command in '/home/akash/new_ros_ws/src/cam_pub_sub': AMENT_PREFIX_PATH=/home/akash/new_ros_ws/install/cam_interface:${AMENT_PREFIX_PATH} CMAKE_PREFIX_PATH=/home/akash/new_ros_ws/install/cam_interface LD_LIBRARY_PATH=/home/akash/new_ros_ws/install/cam_interface/lib:${LD_LIBRARY_PATH} PYTHONPATH=/home/akash/new_ros_ws/build/cam_pub_sub/prefix_override:/home/akash/new_ros_ws/install/cam_pub_sub/lib/python3.10/site-packages:/home/akash/new_ros_ws/install/cam_interface/local/lib/python3.10/dist-packages:${PYTHONPATH} /usr/bin/python3 setup.py egg_info --egg-base ../../build/cam_pub_sub build --build-base /home/akash/new_ros_ws/build/cam_pub_sub/build install --record /home/akash/new_ros_ws/build/cam_pub_sub/install.log --single-version-externally-managed
[9.087s] DEBUG:colcon.colcon_core.event_handler.log_command:Invoked command in '/home/akash/new_ros_ws/src/cam_pub_sub' returned '0': AMENT_PREFIX_PATH=/home/akash/new_ros_ws/install/cam_interface:${AMENT_PREFIX_PATH} CMAKE_PREFIX_PATH=/home/akash/new_ros_ws/install/cam_interface LD_LIBRARY_PATH=/home/akash/new_ros_ws/install/cam_interface/lib:${LD_LIBRARY_PATH} PYTHONPATH=/home/akash/new_ros_ws/build/cam_pub_sub/prefix_override:/home/akash/new_ros_ws/install/cam_pub_sub/lib/python3.10/site-packages:/home/akash/new_ros_ws/install/cam_interface/local/lib/python3.10/dist-packages:${PYTHONPATH} /usr/bin/python3 setup.py egg_info --egg-base ../../build/cam_pub_sub build --build-base /home/akash/new_ros_ws/build/cam_pub_sub/build install --record /home/akash/new_ros_ws/build/cam_pub_sub/install.log --single-version-externally-managed
[9.134s] Level 1:colcon.colcon_core.environment:checking '/home/akash/new_ros_ws/install/cam_pub_sub' for CMake module files
[9.135s] Level 1:colcon.colcon_core.environment:checking '/home/akash/new_ros_ws/install/cam_pub_sub' for CMake config files
[9.138s] Level 1:colcon.colcon_core.environment:checking '/home/akash/new_ros_ws/install/cam_pub_sub/lib'
[9.138s] Level 1:colcon.colcon_core.environment:checking '/home/akash/new_ros_ws/install/cam_pub_sub/bin'
[9.138s] Level 1:colcon.colcon_core.environment:checking '/home/akash/new_ros_ws/install/cam_pub_sub/lib/pkgconfig/cam_pub_sub.pc'
[9.138s] Level 1:colcon.colcon_core.environment:checking '/home/akash/new_ros_ws/install/cam_pub_sub/lib/python3.10/site-packages'
[9.139s] Level 1:colcon.colcon_core.shell:create_environment_hook('cam_pub_sub', 'pythonpath')
[9.164s] INFO:colcon.colcon_core.shell:Creating environment hook '/home/akash/new_ros_ws/install/cam_pub_sub/share/cam_pub_sub/hook/pythonpath.ps1'
[9.165s] INFO:colcon.colcon_core.shell:Creating environment descriptor '/home/akash/new_ros_ws/install/cam_pub_sub/share/cam_pub_sub/hook/pythonpath.dsv'
[9.166s] INFO:colcon.colcon_core.shell:Creating environment hook '/home/akash/new_ros_ws/install/cam_pub_sub/share/cam_pub_sub/hook/pythonpath.sh'
[9.167s] Level 1:colcon.colcon_core.environment:checking '/home/akash/new_ros_ws/install/cam_pub_sub/bin'
[9.167s] Level 1:colcon.colcon_core.environment:create_environment_scripts_only(cam_pub_sub)
[9.194s] INFO:colcon.colcon_core.shell:Creating package script '/home/akash/new_ros_ws/install/cam_pub_sub/share/cam_pub_sub/package.ps1'
[9.195s] INFO:colcon.colcon_core.shell:Creating package descriptor '/home/akash/new_ros_ws/install/cam_pub_sub/share/cam_pub_sub/package.dsv'
[9.196s] INFO:colcon.colcon_core.shell:Creating package script '/home/akash/new_ros_ws/install/cam_pub_sub/share/cam_pub_sub/package.sh'
[9.196s] INFO:colcon.colcon_core.shell:Creating package script '/home/akash/new_ros_ws/install/cam_pub_sub/share/cam_pub_sub/package.bash'
[9.197s] INFO:colcon.colcon_core.shell:Creating package script '/home/akash/new_ros_ws/install/cam_pub_sub/share/cam_pub_sub/package.zsh'
[9.197s] Level 1:colcon.colcon_core.environment:create_file_with_runtime_dependencies(/home/akash/new_ros_ws/install/cam_pub_sub/share/colcon-core/packages/cam_pub_sub)
[9.198s] INFO:colcon.colcon_ros.task.ament_python.build:Building ROS package in '/home/akash/new_ros_ws/src/gesture_pub_sub' with build type 'ament_python'
[9.198s] Level 1:colcon.colcon_core.shell:create_environment_hook('gesture_pub_sub', 'ament_prefix_path')
[9.227s] INFO:colcon.colcon_core.shell:Creating environment hook '/home/akash/new_ros_ws/install/gesture_pub_sub/share/gesture_pub_sub/hook/ament_prefix_path.ps1'
[9.229s] INFO:colcon.colcon_core.shell:Creating environment descriptor '/home/akash/new_ros_ws/install/gesture_pub_sub/share/gesture_pub_sub/hook/ament_prefix_path.dsv'
[9.230s] INFO:colcon.colcon_core.shell:Creating environment hook '/home/akash/new_ros_ws/install/gesture_pub_sub/share/gesture_pub_sub/hook/ament_prefix_path.sh'
[9.257s] INFO:colcon.colcon_core.shell:Skip shell extension 'powershell' for command environment: Not usable outside of PowerShell
[9.257s] DEBUG:colcon.colcon_core.shell:Skip shell extension 'dsv' for command environment
[11.014s] INFO:colcon.colcon_core.task.python.build:Building Python package in '/home/akash/new_ros_ws/src/gesture_pub_sub'
[11.047s] INFO:colcon.colcon_core.shell:Skip shell extension 'powershell' for command environment: Not usable outside of PowerShell
[11.047s] DEBUG:colcon.colcon_core.shell:Skip shell extension 'dsv' for command environment
[15.063s] DEBUG:colcon.colcon_core.event_handler.log_command:Invoking command in '/home/akash/new_ros_ws/src/gesture_pub_sub': AMENT_PREFIX_PATH=/home/akash/new_ros_ws/install/cam_pub_sub:/home/akash/new_ros_ws/install/gesture_interface:/home/akash/new_ros_ws/install/cam_interface:${AMENT_PREFIX_PATH} CMAKE_PREFIX_PATH=/home/akash/new_ros_ws/install/gesture_interface:/home/akash/new_ros_ws/install/cam_interface LD_LIBRARY_PATH=/home/akash/new_ros_ws/install/gesture_interface/lib:/home/akash/new_ros_ws/install/cam_interface/lib:${LD_LIBRARY_PATH} PYTHONPATH=/home/akash/new_ros_ws/build/gesture_pub_sub/prefix_override:/home/akash/new_ros_ws/install/gesture_pub_sub/lib/python3.10/site-packages:/home/akash/new_ros_ws/install/cam_pub_sub/lib/python3.10/site-packages:/home/akash/new_ros_ws/install/gesture_interface/local/lib/python3.10/dist-packages:/home/akash/new_ros_ws/install/cam_interface/local/lib/python3.10/dist-packages:${PYTHONPATH} /usr/bin/python3 setup.py egg_info --egg-base ../../build/gesture_pub_sub build --build-base /home/akash/new_ros_ws/build/gesture_pub_sub/build install --record /home/akash/new_ros_ws/build/gesture_pub_sub/install.log --install-scripts $base/lib/gesture_pub_sub --single-version-externally-managed
[16.181s] DEBUG:colcon.colcon_core.event_handler.log_command:Invoked command in '/home/akash/new_ros_ws/src/gesture_pub_sub' returned '0': AMENT_PREFIX_PATH=/home/akash/new_ros_ws/install/cam_pub_sub:/home/akash/new_ros_ws/install/gesture_interface:/home/akash/new_ros_ws/install/cam_interface:${AMENT_PREFIX_PATH} CMAKE_PREFIX_PATH=/home/akash/new_ros_ws/install/gesture_interface:/home/akash/new_ros_ws/install/cam_interface LD_LIBRARY_PATH=/home/akash/new_ros_ws/install/gesture_interface/lib:/home/akash/new_ros_ws/install/cam_interface/lib:${LD_LIBRARY_PATH} PYTHONPATH=/home/akash/new_ros_ws/build/gesture_pub_sub/prefix_override:/home/akash/new_ros_ws/install/gesture_pub_sub/lib/python3.10/site-packages:/home/akash/new_ros_ws/install/cam_pub_sub/lib/python3.10/site-packages:/home/akash/new_ros_ws/install/gesture_interface/local/lib/python3.10/dist-packages:/home/akash/new_ros_ws/install/cam_interface/local/lib/python3.10/dist-packages:${PYTHONPATH} /usr/bin/python3 setup.py egg_info --egg-base ../../build/gesture_pub_sub build --build-base /home/akash/new_ros_ws/build/gesture_pub_sub/build install --record /home/akash/new_ros_ws/build/gesture_pub_sub/install.log --install-scripts $base/lib/gesture_pub_sub --single-version-externally-managed
[16.258s] Level 1:colcon.colcon_core.environment:checking '/home/akash/new_ros_ws/install/gesture_pub_sub' for CMake module files
[16.262s] Level 1:colcon.colcon_core.environment:checking '/home/akash/new_ros_ws/install/gesture_pub_sub' for CMake config files
[16.272s] Level 1:colcon.colcon_core.environment:checking '/home/akash/new_ros_ws/install/gesture_pub_sub/lib'
[16.272s] Level 1:colcon.colcon_core.environment:checking '/home/akash/new_ros_ws/install/gesture_pub_sub/bin'
[16.273s] Level 1:colcon.colcon_core.environment:checking '/home/akash/new_ros_ws/install/gesture_pub_sub/lib/pkgconfig/gesture_pub_sub.pc'
[16.273s] Level 1:colcon.colcon_core.environment:checking '/home/akash/new_ros_ws/install/gesture_pub_sub/lib/python3.10/site-packages'
[16.273s] Level 1:colcon.colcon_core.shell:create_environment_hook('gesture_pub_sub', 'pythonpath')
[16.343s] INFO:colcon.colcon_core.shell:Creating environment hook '/home/akash/new_ros_ws/install/gesture_pub_sub/share/gesture_pub_sub/hook/pythonpath.ps1'
[16.344s] INFO:colcon.colcon_core.shell:Creating environment descriptor '/home/akash/new_ros_ws/install/gesture_pub_sub/share/gesture_pub_sub/hook/pythonpath.dsv'
[16.347s] INFO:colcon.colcon_core.shell:Creating environment hook '/home/akash/new_ros_ws/install/gesture_pub_sub/share/gesture_pub_sub/hook/pythonpath.sh'
[16.349s] Level 1:colcon.colcon_core.environment:checking '/home/akash/new_ros_ws/install/gesture_pub_sub/bin'
[16.349s] Level 1:colcon.colcon_core.environment:create_environment_scripts_only(gesture_pub_sub)
[16.434s] INFO:colcon.colcon_core.shell:Creating package script '/home/akash/new_ros_ws/install/gesture_pub_sub/share/gesture_pub_sub/package.ps1'
[16.436s] INFO:colcon.colcon_core.shell:Creating package descriptor '/home/akash/new_ros_ws/install/gesture_pub_sub/share/gesture_pub_sub/package.dsv'
[16.437s] INFO:colcon.colcon_core.shell:Creating package script '/home/akash/new_ros_ws/install/gesture_pub_sub/share/gesture_pub_sub/package.sh'
[16.438s] INFO:colcon.colcon_core.shell:Creating package script '/home/akash/new_ros_ws/install/gesture_pub_sub/share/gesture_pub_sub/package.bash'
[16.441s] INFO:colcon.colcon_core.shell:Creating package script '/home/akash/new_ros_ws/install/gesture_pub_sub/share/gesture_pub_sub/package.zsh'
[16.442s] Level 1:colcon.colcon_core.environment:create_file_with_runtime_dependencies(/home/akash/new_ros_ws/install/gesture_pub_sub/share/colcon-core/packages/gesture_pub_sub)
[16.446s] DEBUG:colcon.colcon_parallel_executor.executor.parallel:closing loop
[16.450s] DEBUG:colcon.colcon_parallel_executor.executor.parallel:loop closed
[16.450s] DEBUG:colcon.colcon_parallel_executor.executor.parallel:run_until_complete finished with '0'
[16.451s] DEBUG:colcon.colcon_core.event_reactor:joining thread
[17.185s] INFO:colcon.colcon_core.plugin_system:Skipping extension 'colcon_notification.desktop_notification.notify_send': Could not find 'notify-send'
[17.185s] INFO:colcon.colcon_core.plugin_system:Skipping extension 'colcon_notification.desktop_notification.terminal_notifier': Not used on non-Darwin systems
[17.185s] INFO:colcon.colcon_core.plugin_system:Skipping extension 'colcon_notification.desktop_notification.win32': Not used on non-Windows systems
[17.186s] INFO:colcon.colcon_notification.desktop_notification:Sending desktop notification using 'notify2'
[17.186s] DEBUG:colcon.colcon_notification.desktop_notification.notify2:Failed to initialize notify2: org.freedesktop.DBus.Error.FileNotFound: Failed to connect to socket /run/user/1000/bus: No such file or directory
[17.186s] DEBUG:colcon.colcon_core.event_reactor:joined thread
[17.257s] INFO:colcon.colcon_core.shell:Creating prefix script '/home/akash/new_ros_ws/install/local_setup.ps1'
[17.261s] INFO:colcon.colcon_core.shell:Creating prefix util module '/home/akash/new_ros_ws/install/_local_setup_util_ps1.py'
[17.272s] INFO:colcon.colcon_core.shell:Creating prefix chain script '/home/akash/new_ros_ws/install/setup.ps1'
[17.324s] INFO:colcon.colcon_core.shell:Creating prefix script '/home/akash/new_ros_ws/install/local_setup.sh'
[17.327s] INFO:colcon.colcon_core.shell:Creating prefix util module '/home/akash/new_ros_ws/install/_local_setup_util_sh.py'
[17.328s] INFO:colcon.colcon_core.shell:Creating prefix chain script '/home/akash/new_ros_ws/install/setup.sh'
[17.420s] INFO:colcon.colcon_core.shell:Creating prefix script '/home/akash/new_ros_ws/install/local_setup.bash'
[17.422s] INFO:colcon.colcon_core.shell:Creating prefix chain script '/home/akash/new_ros_ws/install/setup.bash'
[17.529s] INFO:colcon.colcon_core.shell:Creating prefix script '/home/akash/new_ros_ws/install/local_setup.zsh'
[17.530s] INFO:colcon.colcon_core.shell:Creating prefix chain script '/home/akash/new_ros_ws/install/setup.zsh'
