[0.129s] Invoking command in '/home/akash/new_ros_ws/build/gesture_interface': CMAKE_PREFIX_PATH=${CMAKE_PREFIX_PATH}:/home/akash/new_ros_ws/install/gesture_pub_sub:/home/akash/new_ros_ws/install/cam_pub_sub:/opt/ros/humble /usr/bin/cmake --build /home/akash/new_ros_ws/build/gesture_interface -- -j12 -l12
[0.225s] [  3%] Built target gesture_interface__cpp
[0.243s] [ 12%] Built target gesture_interface__rosidl_generator_c
[0.262s] [ 12%] Built target ament_cmake_python_copy_gesture_interface
[0.291s] [ 22%] Built target gesture_interface__rosidl_typesupport_cpp
[0.299s] [ 32%] Built target gesture_interface__rosidl_typesupport_fastrtps_cpp
[0.306s] [ 41%] Built target gesture_interface__rosidl_typesupport_introspection_cpp
[0.320s] [ 51%] Built target gesture_interface__rosidl_typesupport_fastrtps_c
[0.326s] [ 61%] Built target gesture_interface__rosidl_typesupport_c
[0.327s] [ 70%] Built target gesture_interface__rosidl_typesupport_introspection_c
[0.360s] [ 70%] Built target gesture_interface
[0.392s] [ 74%] Built target gesture_interface__py
[0.430s] [ 80%] Built target gesture_interface__rosidl_generator_py
[0.468s] [ 87%] Built target gesture_interface__rosidl_typesupport_introspection_c__pyext
[0.469s] [ 93%] Built target gesture_interface__rosidl_typesupport_fastrtps_c__pyext
[0.472s] [100%] Built target gesture_interface__rosidl_typesupport_c__pyext
[0.753s] running egg_info
[0.754s] writing gesture_interface.egg-info/PKG-INFO
[0.755s] writing dependency_links to gesture_interface.egg-info/dependency_links.txt
[0.755s] writing top-level names to gesture_interface.egg-info/top_level.txt
[0.758s] reading manifest file 'gesture_interface.egg-info/SOURCES.txt'
[0.759s] writing manifest file 'gesture_interface.egg-info/SOURCES.txt'
[0.799s] [100%] Built target ament_cmake_python_build_gesture_interface_egg
[0.815s] Invoked command in '/home/akash/new_ros_ws/build/gesture_interface' returned '0': CMAKE_PREFIX_PATH=${CMAKE_PREFIX_PATH}:/home/akash/new_ros_ws/install/gesture_pub_sub:/home/akash/new_ros_ws/install/cam_pub_sub:/opt/ros/humble /usr/bin/cmake --build /home/akash/new_ros_ws/build/gesture_interface -- -j12 -l12
[0.935s] Invoking command in '/home/akash/new_ros_ws/build/gesture_interface': CMAKE_PREFIX_PATH=${CMAKE_PREFIX_PATH}:/home/akash/new_ros_ws/install/gesture_pub_sub:/home/akash/new_ros_ws/install/cam_pub_sub:/opt/ros/humble /usr/bin/cmake --install /home/akash/new_ros_ws/build/gesture_interface
[0.950s] -- Install configuration: ""
[0.950s] -- Up-to-date: /home/akash/new_ros_ws/install/gesture_interface/share/ament_index/resource_index/rosidl_interfaces/gesture_interface
[0.951s] -- Up-to-date: /home/akash/new_ros_ws/install/gesture_interface/include/gesture_interface/gesture_interface
[0.951s] -- Up-to-date: /home/akash/new_ros_ws/install/gesture_interface/include/gesture_interface/gesture_interface/msg
[0.952s] -- Up-to-date: /home/akash/new_ros_ws/install/gesture_interface/include/gesture_interface/gesture_interface/msg/rosidl_generator_c__visibility_control.h
[0.952s] -- Up-to-date: /home/akash/new_ros_ws/install/gesture_interface/include/gesture_interface/gesture_interface/msg/gesture_topic.h
[0.953s] -- Up-to-date: /home/akash/new_ros_ws/install/gesture_interface/include/gesture_interface/gesture_interface/msg/detail
[0.954s] -- Up-to-date: /home/akash/new_ros_ws/install/gesture_interface/include/gesture_interface/gesture_interface/msg/detail/gesture_topic__functions.c
[0.954s] -- Up-to-date: /home/akash/new_ros_ws/install/gesture_interface/include/gesture_interface/gesture_interface/msg/detail/gesture_topic__type_support.h
[0.954s] -- Up-to-date: /home/akash/new_ros_ws/install/gesture_interface/include/gesture_interface/gesture_interface/msg/detail/gesture_topic__struct.h
[0.955s] -- Up-to-date: /home/akash/new_ros_ws/install/gesture_interface/include/gesture_interface/gesture_interface/msg/detail/gesture_topic__functions.h
[0.955s] -- Up-to-date: /home/akash/new_ros_ws/install/gesture_interface/share/gesture_interface/environment/library_path.sh
[0.956s] -- Up-to-date: /home/akash/new_ros_ws/install/gesture_interface/share/gesture_interface/environment/library_path.dsv
[0.957s] -- Up-to-date: /home/akash/new_ros_ws/install/gesture_interface/lib/libgesture_interface__rosidl_generator_c.so
[0.958s] -- Up-to-date: /home/akash/new_ros_ws/install/gesture_interface/include/gesture_interface/gesture_interface
[0.958s] -- Up-to-date: /home/akash/new_ros_ws/install/gesture_interface/include/gesture_interface/gesture_interface/msg
[0.958s] -- Up-to-date: /home/akash/new_ros_ws/install/gesture_interface/include/gesture_interface/gesture_interface/msg/rosidl_typesupport_fastrtps_c__visibility_control.h
[0.959s] -- Up-to-date: /home/akash/new_ros_ws/install/gesture_interface/include/gesture_interface/gesture_interface/msg/detail
[0.959s] -- Up-to-date: /home/akash/new_ros_ws/install/gesture_interface/include/gesture_interface/gesture_interface/msg/detail/gesture_topic__rosidl_typesupport_fastrtps_c.h
[0.960s] -- Up-to-date: /home/akash/new_ros_ws/install/gesture_interface/lib/libgesture_interface__rosidl_typesupport_fastrtps_c.so
[0.960s] -- Up-to-date: /home/akash/new_ros_ws/install/gesture_interface/include/gesture_interface/gesture_interface
[0.961s] -- Up-to-date: /home/akash/new_ros_ws/install/gesture_interface/include/gesture_interface/gesture_interface/msg
[0.963s] -- Up-to-date: /home/akash/new_ros_ws/install/gesture_interface/include/gesture_interface/gesture_interface/msg/rosidl_typesupport_introspection_c__visibility_control.h
[0.964s] -- Up-to-date: /home/akash/new_ros_ws/install/gesture_interface/include/gesture_interface/gesture_interface/msg/detail
[0.964s] -- Up-to-date: /home/akash/new_ros_ws/install/gesture_interface/include/gesture_interface/gesture_interface/msg/detail/gesture_topic__type_support.c
[0.965s] -- Up-to-date: /home/akash/new_ros_ws/install/gesture_interface/include/gesture_interface/gesture_interface/msg/detail/gesture_topic__rosidl_typesupport_introspection_c.h
[0.965s] -- Up-to-date: /home/akash/new_ros_ws/install/gesture_interface/lib/libgesture_interface__rosidl_typesupport_introspection_c.so
[0.966s] -- Up-to-date: /home/akash/new_ros_ws/install/gesture_interface/lib/libgesture_interface__rosidl_typesupport_c.so
[0.966s] -- Up-to-date: /home/akash/new_ros_ws/install/gesture_interface/include/gesture_interface/gesture_interface
[0.966s] -- Up-to-date: /home/akash/new_ros_ws/install/gesture_interface/include/gesture_interface/gesture_interface/msg
[0.967s] -- Up-to-date: /home/akash/new_ros_ws/install/gesture_interface/include/gesture_interface/gesture_interface/msg/gesture_topic.hpp
[0.967s] -- Up-to-date: /home/akash/new_ros_ws/install/gesture_interface/include/gesture_interface/gesture_interface/msg/detail
[0.968s] -- Up-to-date: /home/akash/new_ros_ws/install/gesture_interface/include/gesture_interface/gesture_interface/msg/detail/gesture_topic__struct.hpp
[0.969s] -- Up-to-date: /home/akash/new_ros_ws/install/gesture_interface/include/gesture_interface/gesture_interface/msg/detail/gesture_topic__traits.hpp
[0.969s] -- Up-to-date: /home/akash/new_ros_ws/install/gesture_interface/include/gesture_interface/gesture_interface/msg/detail/gesture_topic__builder.hpp
[0.970s] -- Up-to-date: /home/akash/new_ros_ws/install/gesture_interface/include/gesture_interface/gesture_interface
[0.971s] -- Up-to-date: /home/akash/new_ros_ws/install/gesture_interface/include/gesture_interface/gesture_interface/msg
[0.971s] -- Up-to-date: /home/akash/new_ros_ws/install/gesture_interface/include/gesture_interface/gesture_interface/msg/rosidl_typesupport_fastrtps_cpp__visibility_control.h
[0.971s] -- Up-to-date: /home/akash/new_ros_ws/install/gesture_interface/include/gesture_interface/gesture_interface/msg/detail
[0.971s] -- Up-to-date: /home/akash/new_ros_ws/install/gesture_interface/include/gesture_interface/gesture_interface/msg/detail/dds_fastrtps
[0.972s] -- Up-to-date: /home/akash/new_ros_ws/install/gesture_interface/include/gesture_interface/gesture_interface/msg/detail/gesture_topic__rosidl_typesupport_fastrtps_cpp.hpp
[0.972s] -- Up-to-date: /home/akash/new_ros_ws/install/gesture_interface/lib/libgesture_interface__rosidl_typesupport_fastrtps_cpp.so
[0.973s] -- Up-to-date: /home/akash/new_ros_ws/install/gesture_interface/include/gesture_interface/gesture_interface
[0.973s] -- Up-to-date: /home/akash/new_ros_ws/install/gesture_interface/include/gesture_interface/gesture_interface/msg
[0.974s] -- Up-to-date: /home/akash/new_ros_ws/install/gesture_interface/include/gesture_interface/gesture_interface/msg/detail
[0.974s] -- Up-to-date: /home/akash/new_ros_ws/install/gesture_interface/include/gesture_interface/gesture_interface/msg/detail/gesture_topic__rosidl_typesupport_introspection_cpp.hpp
[0.974s] -- Up-to-date: /home/akash/new_ros_ws/install/gesture_interface/include/gesture_interface/gesture_interface/msg/detail/gesture_topic__type_support.cpp
[0.974s] -- Up-to-date: /home/akash/new_ros_ws/install/gesture_interface/lib/libgesture_interface__rosidl_typesupport_introspection_cpp.so
[0.974s] -- Up-to-date: /home/akash/new_ros_ws/install/gesture_interface/lib/libgesture_interface__rosidl_typesupport_cpp.so
[0.975s] -- Up-to-date: /home/akash/new_ros_ws/install/gesture_interface/share/gesture_interface/environment/pythonpath.sh
[0.975s] -- Up-to-date: /home/akash/new_ros_ws/install/gesture_interface/share/gesture_interface/environment/pythonpath.dsv
[0.975s] -- Up-to-date: /home/akash/new_ros_ws/install/gesture_interface/local/lib/python3.10/dist-packages/gesture_interface-0.0.0-py3.10.egg-info
[0.975s] -- Installing: /home/akash/new_ros_ws/install/gesture_interface/local/lib/python3.10/dist-packages/gesture_interface-0.0.0-py3.10.egg-info/SOURCES.txt
[0.976s] -- Installing: /home/akash/new_ros_ws/install/gesture_interface/local/lib/python3.10/dist-packages/gesture_interface-0.0.0-py3.10.egg-info/top_level.txt
[0.976s] -- Installing: /home/akash/new_ros_ws/install/gesture_interface/local/lib/python3.10/dist-packages/gesture_interface-0.0.0-py3.10.egg-info/dependency_links.txt
[0.976s] -- Installing: /home/akash/new_ros_ws/install/gesture_interface/local/lib/python3.10/dist-packages/gesture_interface-0.0.0-py3.10.egg-info/PKG-INFO
[0.976s] -- Up-to-date: /home/akash/new_ros_ws/install/gesture_interface/local/lib/python3.10/dist-packages/gesture_interface
[0.976s] -- Up-to-date: /home/akash/new_ros_ws/install/gesture_interface/local/lib/python3.10/dist-packages/gesture_interface/gesture_interface_s__rosidl_typesupport_c.cpython-310-x86_64-linux-gnu.so
[0.977s] -- Up-to-date: /home/akash/new_ros_ws/install/gesture_interface/local/lib/python3.10/dist-packages/gesture_interface/gesture_interface_s__rosidl_typesupport_fastrtps_c.cpython-310-x86_64-linux-gnu.so
[0.977s] -- Up-to-date: /home/akash/new_ros_ws/install/gesture_interface/local/lib/python3.10/dist-packages/gesture_interface/_gesture_interface_s.ep.rosidl_typesupport_c.c
[0.977s] -- Up-to-date: /home/akash/new_ros_ws/install/gesture_interface/local/lib/python3.10/dist-packages/gesture_interface/_gesture_interface_s.ep.rosidl_typesupport_introspection_c.c
[0.978s] -- Up-to-date: /home/akash/new_ros_ws/install/gesture_interface/local/lib/python3.10/dist-packages/gesture_interface/__init__.py
[0.978s] -- Up-to-date: /home/akash/new_ros_ws/install/gesture_interface/local/lib/python3.10/dist-packages/gesture_interface/_gesture_interface_s.ep.rosidl_typesupport_fastrtps_c.c
[0.978s] -- Up-to-date: /home/akash/new_ros_ws/install/gesture_interface/local/lib/python3.10/dist-packages/gesture_interface/libgesture_interface__rosidl_generator_py.so
[0.984s] -- Up-to-date: /home/akash/new_ros_ws/install/gesture_interface/local/lib/python3.10/dist-packages/gesture_interface/gesture_interface_s__rosidl_typesupport_introspection_c.cpython-310-x86_64-linux-gnu.so
[0.985s] -- Up-to-date: /home/akash/new_ros_ws/install/gesture_interface/local/lib/python3.10/dist-packages/gesture_interface/msg
[0.985s] -- Up-to-date: /home/akash/new_ros_ws/install/gesture_interface/local/lib/python3.10/dist-packages/gesture_interface/msg/__init__.py
[0.985s] -- Up-to-date: /home/akash/new_ros_ws/install/gesture_interface/local/lib/python3.10/dist-packages/gesture_interface/msg/_gesture_topic.py
[0.985s] -- Up-to-date: /home/akash/new_ros_ws/install/gesture_interface/local/lib/python3.10/dist-packages/gesture_interface/msg/_gesture_topic_s.c
[1.025s] Listing '/home/akash/new_ros_ws/install/gesture_interface/local/lib/python3.10/dist-packages/gesture_interface'...
[1.025s] Listing '/home/akash/new_ros_ws/install/gesture_interface/local/lib/python3.10/dist-packages/gesture_interface/msg'...
[1.032s] -- Up-to-date: /home/akash/new_ros_ws/install/gesture_interface/local/lib/python3.10/dist-packages/gesture_interface/gesture_interface_s__rosidl_typesupport_fastrtps_c.cpython-310-x86_64-linux-gnu.so
[1.033s] -- Up-to-date: /home/akash/new_ros_ws/install/gesture_interface/local/lib/python3.10/dist-packages/gesture_interface/gesture_interface_s__rosidl_typesupport_introspection_c.cpython-310-x86_64-linux-gnu.so
[1.033s] -- Up-to-date: /home/akash/new_ros_ws/install/gesture_interface/local/lib/python3.10/dist-packages/gesture_interface/gesture_interface_s__rosidl_typesupport_c.cpython-310-x86_64-linux-gnu.so
[1.034s] -- Up-to-date: /home/akash/new_ros_ws/install/gesture_interface/lib/libgesture_interface__rosidl_generator_py.so
[1.034s] -- Up-to-date: /home/akash/new_ros_ws/install/gesture_interface/share/gesture_interface/msg/GestureTopic.idl
[1.035s] -- Up-to-date: /home/akash/new_ros_ws/install/gesture_interface/share/gesture_interface/msg/GestureTopic.msg
[1.035s] -- Up-to-date: /home/akash/new_ros_ws/install/gesture_interface/share/ament_index/resource_index/package_run_dependencies/gesture_interface
[1.035s] -- Up-to-date: /home/akash/new_ros_ws/install/gesture_interface/share/ament_index/resource_index/parent_prefix_path/gesture_interface
[1.036s] -- Up-to-date: /home/akash/new_ros_ws/install/gesture_interface/share/gesture_interface/environment/ament_prefix_path.sh
[1.036s] -- Up-to-date: /home/akash/new_ros_ws/install/gesture_interface/share/gesture_interface/environment/ament_prefix_path.dsv
[1.037s] -- Up-to-date: /home/akash/new_ros_ws/install/gesture_interface/share/gesture_interface/environment/path.sh
[1.037s] -- Up-to-date: /home/akash/new_ros_ws/install/gesture_interface/share/gesture_interface/environment/path.dsv
[1.038s] -- Up-to-date: /home/akash/new_ros_ws/install/gesture_interface/share/gesture_interface/local_setup.bash
[1.038s] -- Up-to-date: /home/akash/new_ros_ws/install/gesture_interface/share/gesture_interface/local_setup.sh
[1.038s] -- Up-to-date: /home/akash/new_ros_ws/install/gesture_interface/share/gesture_interface/local_setup.zsh
[1.039s] -- Up-to-date: /home/akash/new_ros_ws/install/gesture_interface/share/gesture_interface/local_setup.dsv
[1.039s] -- Installing: /home/akash/new_ros_ws/install/gesture_interface/share/gesture_interface/package.dsv
[1.039s] -- Up-to-date: /home/akash/new_ros_ws/install/gesture_interface/share/ament_index/resource_index/packages/gesture_interface
[1.040s] -- Up-to-date: /home/akash/new_ros_ws/install/gesture_interface/share/gesture_interface/cmake/export_gesture_interface__rosidl_generator_cExport.cmake
[1.041s] -- Up-to-date: /home/akash/new_ros_ws/install/gesture_interface/share/gesture_interface/cmake/export_gesture_interface__rosidl_generator_cExport-noconfig.cmake
[1.041s] -- Up-to-date: /home/akash/new_ros_ws/install/gesture_interface/share/gesture_interface/cmake/export_gesture_interface__rosidl_typesupport_fastrtps_cExport.cmake
[1.041s] -- Up-to-date: /home/akash/new_ros_ws/install/gesture_interface/share/gesture_interface/cmake/export_gesture_interface__rosidl_typesupport_fastrtps_cExport-noconfig.cmake
[1.042s] -- Up-to-date: /home/akash/new_ros_ws/install/gesture_interface/share/gesture_interface/cmake/gesture_interface__rosidl_typesupport_introspection_cExport.cmake
[1.042s] -- Up-to-date: /home/akash/new_ros_ws/install/gesture_interface/share/gesture_interface/cmake/gesture_interface__rosidl_typesupport_introspection_cExport-noconfig.cmake
[1.042s] -- Up-to-date: /home/akash/new_ros_ws/install/gesture_interface/share/gesture_interface/cmake/gesture_interface__rosidl_typesupport_cExport.cmake
[1.043s] -- Up-to-date: /home/akash/new_ros_ws/install/gesture_interface/share/gesture_interface/cmake/gesture_interface__rosidl_typesupport_cExport-noconfig.cmake
[1.043s] -- Up-to-date: /home/akash/new_ros_ws/install/gesture_interface/share/gesture_interface/cmake/export_gesture_interface__rosidl_generator_cppExport.cmake
[1.044s] -- Up-to-date: /home/akash/new_ros_ws/install/gesture_interface/share/gesture_interface/cmake/export_gesture_interface__rosidl_typesupport_fastrtps_cppExport.cmake
[1.045s] -- Up-to-date: /home/akash/new_ros_ws/install/gesture_interface/share/gesture_interface/cmake/export_gesture_interface__rosidl_typesupport_fastrtps_cppExport-noconfig.cmake
[1.045s] -- Up-to-date: /home/akash/new_ros_ws/install/gesture_interface/share/gesture_interface/cmake/gesture_interface__rosidl_typesupport_introspection_cppExport.cmake
[1.046s] -- Up-to-date: /home/akash/new_ros_ws/install/gesture_interface/share/gesture_interface/cmake/gesture_interface__rosidl_typesupport_introspection_cppExport-noconfig.cmake
[1.046s] -- Up-to-date: /home/akash/new_ros_ws/install/gesture_interface/share/gesture_interface/cmake/gesture_interface__rosidl_typesupport_cppExport.cmake
[1.047s] -- Up-to-date: /home/akash/new_ros_ws/install/gesture_interface/share/gesture_interface/cmake/gesture_interface__rosidl_typesupport_cppExport-noconfig.cmake
[1.048s] -- Up-to-date: /home/akash/new_ros_ws/install/gesture_interface/share/gesture_interface/cmake/export_gesture_interface__rosidl_generator_pyExport.cmake
[1.048s] -- Up-to-date: /home/akash/new_ros_ws/install/gesture_interface/share/gesture_interface/cmake/export_gesture_interface__rosidl_generator_pyExport-noconfig.cmake
[1.048s] -- Up-to-date: /home/akash/new_ros_ws/install/gesture_interface/share/gesture_interface/cmake/rosidl_cmake-extras.cmake
[1.048s] -- Up-to-date: /home/akash/new_ros_ws/install/gesture_interface/share/gesture_interface/cmake/ament_cmake_export_include_directories-extras.cmake
[1.049s] -- Up-to-date: /home/akash/new_ros_ws/install/gesture_interface/share/gesture_interface/cmake/ament_cmake_export_libraries-extras.cmake
[1.050s] -- Up-to-date: /home/akash/new_ros_ws/install/gesture_interface/share/gesture_interface/cmake/ament_cmake_export_targets-extras.cmake
[1.050s] -- Up-to-date: /home/akash/new_ros_ws/install/gesture_interface/share/gesture_interface/cmake/rosidl_cmake_export_typesupport_targets-extras.cmake
[1.050s] -- Up-to-date: /home/akash/new_ros_ws/install/gesture_interface/share/gesture_interface/cmake/ament_cmake_export_dependencies-extras.cmake
[1.051s] -- Up-to-date: /home/akash/new_ros_ws/install/gesture_interface/share/gesture_interface/cmake/rosidl_cmake_export_typesupport_libraries-extras.cmake
[1.051s] -- Up-to-date: /home/akash/new_ros_ws/install/gesture_interface/share/gesture_interface/cmake/gesture_interfaceConfig.cmake
[1.052s] -- Up-to-date: /home/akash/new_ros_ws/install/gesture_interface/share/gesture_interface/cmake/gesture_interfaceConfig-version.cmake
[1.053s] -- Up-to-date: /home/akash/new_ros_ws/install/gesture_interface/share/gesture_interface/package.xml
[1.070s] Invoked command in '/home/akash/new_ros_ws/build/gesture_interface' returned '0': CMAKE_PREFIX_PATH=${CMAKE_PREFIX_PATH}:/home/akash/new_ros_ws/install/gesture_pub_sub:/home/akash/new_ros_ws/install/cam_pub_sub:/opt/ros/humble /usr/bin/cmake --install /home/akash/new_ros_ws/build/gesture_interface
