[2.269s] DEBUG:colcon:Command line arguments: ['/usr/bin/colcon', 'build']
[2.269s] DEBUG:colcon:Parsed command line arguments: Namespace(log_base=None, log_level=None, verb_name='build', build_base='build', install_base='install', merge_install=False, symlink_install=False, test_result_base=None, continue_on_error=False, executor='parallel', parallel_workers=12, event_handlers=None, ignore_user_meta=False, metas=['./colcon.meta'], base_paths=['.'], packages_ignore=None, packages_ignore_regex=None, paths=None, packages_up_to=None, packages_up_to_regex=None, packages_above=None, packages_above_and_dependencies=None, packages_above_depth=None, packages_select_by_dep=None, packages_skip_by_dep=None, packages_skip_up_to=None, packages_select_build_failed=False, packages_skip_build_finished=False, packages_select_test_failures=False, packages_skip_test_passed=False, packages_select=None, packages_skip=None, packages_select_regex=None, packages_skip_regex=None, packages_start=None, packages_end=None, allow_overriding=[], cmake_args=None, cmake_target=None, cmake_target_skip_unavailable=False, cmake_clean_cache=False, cmake_clean_first=False, cmake_force_configure=False, ament_cmake_args=None, catkin_cmake_args=None, catkin_skip_building_tests=False, verb_parser=<colcon_defaults.argument_parser.defaults.DefaultArgumentsDecorator object at 0x7f5e2ad5abf0>, verb_extension=<colcon_core.verb.build.BuildVerb object at 0x7f5e2ad21900>, main=<bound method BuildVerb.main of <colcon_core.verb.build.BuildVerb object at 0x7f5e2ad21900>>)
[2.371s] Level 1:colcon.colcon_core.package_discovery:discover_packages(colcon_meta) check parameters
[2.371s] Level 1:colcon.colcon_core.package_discovery:discover_packages(recursive) check parameters
[2.371s] Level 1:colcon.colcon_core.package_discovery:discover_packages(ignore) check parameters
[2.371s] Level 1:colcon.colcon_core.package_discovery:discover_packages(path) check parameters
[2.371s] Level 1:colcon.colcon_core.package_discovery:discover_packages(colcon_meta) discover
[2.371s] Level 1:colcon.colcon_core.package_discovery:discover_packages(recursive) discover
[2.371s] INFO:colcon.colcon_core.package_discovery:Crawling recursively for packages in '/home/akash/new_ros_ws'
[2.371s] Level 1:colcon.colcon_core.package_identification:_identify(.) by extensions ['ignore', 'ignore_ament_install']
[2.372s] Level 1:colcon.colcon_core.package_identification:_identify(.) by extension 'ignore'
[2.372s] Level 1:colcon.colcon_core.package_identification:_identify(.) by extension 'ignore_ament_install'
[2.372s] Level 1:colcon.colcon_core.package_identification:_identify(.) by extensions ['colcon_pkg']
[2.372s] Level 1:colcon.colcon_core.package_identification:_identify(.) by extension 'colcon_pkg'
[2.372s] Level 1:colcon.colcon_core.package_identification:_identify(.) by extensions ['colcon_meta']
[2.372s] Level 1:colcon.colcon_core.package_identification:_identify(.) by extension 'colcon_meta'
[2.372s] Level 1:colcon.colcon_core.package_identification:_identify(.) by extensions ['ros']
[2.372s] Level 1:colcon.colcon_core.package_identification:_identify(.) by extension 'ros'
[2.398s] Level 1:colcon.colcon_core.package_identification:_identify(.) by extensions ['cmake', 'python']
[2.398s] Level 1:colcon.colcon_core.package_identification:_identify(.) by extension 'cmake'
[2.398s] Level 1:colcon.colcon_core.package_identification:_identify(.) by extension 'python'
[2.398s] Level 1:colcon.colcon_core.package_identification:_identify(.) by extensions ['python_setup_py']
[2.398s] Level 1:colcon.colcon_core.package_identification:_identify(.) by extension 'python_setup_py'
[2.398s] Level 1:colcon.colcon_core.package_identification:_identify(build) by extensions ['ignore', 'ignore_ament_install']
[2.399s] Level 1:colcon.colcon_core.package_identification:_identify(build) by extension 'ignore'
[2.399s] Level 1:colcon.colcon_core.package_identification:_identify(build) ignored
[2.399s] Level 1:colcon.colcon_core.package_identification:_identify(install) by extensions ['ignore', 'ignore_ament_install']
[2.399s] Level 1:colcon.colcon_core.package_identification:_identify(install) by extension 'ignore'
[2.399s] Level 1:colcon.colcon_core.package_identification:_identify(install) ignored
[2.399s] Level 1:colcon.colcon_core.package_identification:_identify(log) by extensions ['ignore', 'ignore_ament_install']
[2.400s] Level 1:colcon.colcon_core.package_identification:_identify(log) by extension 'ignore'
[2.400s] Level 1:colcon.colcon_core.package_identification:_identify(log) ignored
[2.400s] Level 1:colcon.colcon_core.package_identification:_identify(src) by extensions ['ignore', 'ignore_ament_install']
[2.400s] Level 1:colcon.colcon_core.package_identification:_identify(src) by extension 'ignore'
[2.400s] Level 1:colcon.colcon_core.package_identification:_identify(src) by extension 'ignore_ament_install'
[2.401s] Level 1:colcon.colcon_core.package_identification:_identify(src) by extensions ['colcon_pkg']
[2.401s] Level 1:colcon.colcon_core.package_identification:_identify(src) by extension 'colcon_pkg'
[2.401s] Level 1:colcon.colcon_core.package_identification:_identify(src) by extensions ['colcon_meta']
[2.401s] Level 1:colcon.colcon_core.package_identification:_identify(src) by extension 'colcon_meta'
[2.401s] Level 1:colcon.colcon_core.package_identification:_identify(src) by extensions ['ros']
[2.401s] Level 1:colcon.colcon_core.package_identification:_identify(src) by extension 'ros'
[2.401s] Level 1:colcon.colcon_core.package_identification:_identify(src) by extensions ['cmake', 'python']
[2.402s] Level 1:colcon.colcon_core.package_identification:_identify(src) by extension 'cmake'
[2.402s] Level 1:colcon.colcon_core.package_identification:_identify(src) by extension 'python'
[2.402s] Level 1:colcon.colcon_core.package_identification:_identify(src) by extensions ['python_setup_py']
[2.402s] Level 1:colcon.colcon_core.package_identification:_identify(src) by extension 'python_setup_py'
[2.402s] Level 1:colcon.colcon_core.package_identification:_identify(src/cam_interface) by extensions ['ignore', 'ignore_ament_install']
[2.403s] Level 1:colcon.colcon_core.package_identification:_identify(src/cam_interface) by extension 'ignore'
[2.403s] Level 1:colcon.colcon_core.package_identification:_identify(src/cam_interface) by extension 'ignore_ament_install'
[2.403s] Level 1:colcon.colcon_core.package_identification:_identify(src/cam_interface) by extensions ['colcon_pkg']
[2.403s] Level 1:colcon.colcon_core.package_identification:_identify(src/cam_interface) by extension 'colcon_pkg'
[2.403s] Level 1:colcon.colcon_core.package_identification:_identify(src/cam_interface) by extensions ['colcon_meta']
[2.403s] Level 1:colcon.colcon_core.package_identification:_identify(src/cam_interface) by extension 'colcon_meta'
[2.403s] Level 1:colcon.colcon_core.package_identification:_identify(src/cam_interface) by extensions ['ros']
[2.403s] Level 1:colcon.colcon_core.package_identification:_identify(src/cam_interface) by extension 'ros'
[2.408s] DEBUG:colcon.colcon_core.package_identification:Package 'src/cam_interface' with type 'ros.ament_cmake' and name 'cam_interface'
[2.409s] Level 1:colcon.colcon_core.package_identification:_identify(src/cam_pub_sub) by extensions ['ignore', 'ignore_ament_install']
[2.409s] Level 1:colcon.colcon_core.package_identification:_identify(src/cam_pub_sub) by extension 'ignore'
[2.409s] Level 1:colcon.colcon_core.package_identification:_identify(src/cam_pub_sub) by extension 'ignore_ament_install'
[2.409s] Level 1:colcon.colcon_core.package_identification:_identify(src/cam_pub_sub) by extensions ['colcon_pkg']
[2.409s] Level 1:colcon.colcon_core.package_identification:_identify(src/cam_pub_sub) by extension 'colcon_pkg'
[2.410s] Level 1:colcon.colcon_core.package_identification:_identify(src/cam_pub_sub) by extensions ['colcon_meta']
[2.410s] Level 1:colcon.colcon_core.package_identification:_identify(src/cam_pub_sub) by extension 'colcon_meta'
[2.410s] Level 1:colcon.colcon_core.package_identification:_identify(src/cam_pub_sub) by extensions ['ros']
[2.410s] Level 1:colcon.colcon_core.package_identification:_identify(src/cam_pub_sub) by extension 'ros'
[2.412s] DEBUG:colcon.colcon_core.package_identification:Package 'src/cam_pub_sub' with type 'ros.ament_python' and name 'cam_pub_sub'
[2.412s] Level 1:colcon.colcon_core.package_identification:_identify(src/gesture_interface) by extensions ['ignore', 'ignore_ament_install']
[2.412s] Level 1:colcon.colcon_core.package_identification:_identify(src/gesture_interface) by extension 'ignore'
[2.412s] Level 1:colcon.colcon_core.package_identification:_identify(src/gesture_interface) by extension 'ignore_ament_install'
[2.412s] Level 1:colcon.colcon_core.package_identification:_identify(src/gesture_interface) by extensions ['colcon_pkg']
[2.413s] Level 1:colcon.colcon_core.package_identification:_identify(src/gesture_interface) by extension 'colcon_pkg'
[2.413s] Level 1:colcon.colcon_core.package_identification:_identify(src/gesture_interface) by extensions ['colcon_meta']
[2.413s] Level 1:colcon.colcon_core.package_identification:_identify(src/gesture_interface) by extension 'colcon_meta'
[2.413s] Level 1:colcon.colcon_core.package_identification:_identify(src/gesture_interface) by extensions ['ros']
[2.413s] Level 1:colcon.colcon_core.package_identification:_identify(src/gesture_interface) by extension 'ros'
[2.415s] DEBUG:colcon.colcon_core.package_identification:Package 'src/gesture_interface' with type 'ros.ament_cmake' and name 'gesture_interface'
[2.415s] Level 1:colcon.colcon_core.package_identification:_identify(src/gesture_pub_sub) by extensions ['ignore', 'ignore_ament_install']
[2.415s] Level 1:colcon.colcon_core.package_identification:_identify(src/gesture_pub_sub) by extension 'ignore'
[2.415s] Level 1:colcon.colcon_core.package_identification:_identify(src/gesture_pub_sub) by extension 'ignore_ament_install'
[2.415s] Level 1:colcon.colcon_core.package_identification:_identify(src/gesture_pub_sub) by extensions ['colcon_pkg']
[2.415s] Level 1:colcon.colcon_core.package_identification:_identify(src/gesture_pub_sub) by extension 'colcon_pkg'
[2.416s] Level 1:colcon.colcon_core.package_identification:_identify(src/gesture_pub_sub) by extensions ['colcon_meta']
[2.416s] Level 1:colcon.colcon_core.package_identification:_identify(src/gesture_pub_sub) by extension 'colcon_meta'
[2.416s] Level 1:colcon.colcon_core.package_identification:_identify(src/gesture_pub_sub) by extensions ['ros']
[2.416s] Level 1:colcon.colcon_core.package_identification:_identify(src/gesture_pub_sub) by extension 'ros'
[2.417s] DEBUG:colcon.colcon_core.package_identification:Package 'src/gesture_pub_sub' with type 'ros.ament_python' and name 'gesture_pub_sub'
[2.418s] Level 1:colcon.colcon_core.package_identification:_identify(video) by extensions ['ignore', 'ignore_ament_install']
[2.418s] Level 1:colcon.colcon_core.package_identification:_identify(video) by extension 'ignore'
[2.418s] Level 1:colcon.colcon_core.package_identification:_identify(video) by extension 'ignore_ament_install'
[2.418s] Level 1:colcon.colcon_core.package_identification:_identify(video) by extensions ['colcon_pkg']
[2.418s] Level 1:colcon.colcon_core.package_identification:_identify(video) by extension 'colcon_pkg'
[2.418s] Level 1:colcon.colcon_core.package_identification:_identify(video) by extensions ['colcon_meta']
[2.418s] Level 1:colcon.colcon_core.package_identification:_identify(video) by extension 'colcon_meta'
[2.418s] Level 1:colcon.colcon_core.package_identification:_identify(video) by extensions ['ros']
[2.418s] Level 1:colcon.colcon_core.package_identification:_identify(video) by extension 'ros'
[2.418s] Level 1:colcon.colcon_core.package_identification:_identify(video) by extensions ['cmake', 'python']
[2.418s] Level 1:colcon.colcon_core.package_identification:_identify(video) by extension 'cmake'
[2.418s] Level 1:colcon.colcon_core.package_identification:_identify(video) by extension 'python'
[2.419s] Level 1:colcon.colcon_core.package_identification:_identify(video) by extensions ['python_setup_py']
[2.419s] Level 1:colcon.colcon_core.package_identification:_identify(video) by extension 'python_setup_py'
[2.419s] Level 1:colcon.colcon_core.package_discovery:discover_packages(recursive) using defaults
[2.419s] Level 1:colcon.colcon_core.package_discovery:discover_packages(ignore) discover
[2.419s] Level 1:colcon.colcon_core.package_discovery:discover_packages(ignore) using defaults
[2.419s] Level 1:colcon.colcon_core.package_discovery:discover_packages(path) discover
[2.419s] Level 1:colcon.colcon_core.package_discovery:discover_packages(path) using defaults
[2.603s] Level 1:colcon.colcon_core.package_discovery:discover_packages(prefix_path) check parameters
[2.603s] Level 1:colcon.colcon_core.package_discovery:discover_packages(prefix_path) discover
[2.658s] DEBUG:colcon.colcon_installed_package_information.package_discovery:Found 4 installed packages in /home/akash/new_ros_ws/install
[2.694s] DEBUG:colcon.colcon_installed_package_information.package_discovery:Found 270 installed packages in /opt/ros/humble
[2.696s] Level 1:colcon.colcon_core.package_discovery:discover_packages(prefix_path) using defaults
[2.877s] Level 5:colcon.colcon_core.verb:set package 'cam_interface' build argument 'cmake_args' from command line to 'None'
[2.877s] Level 5:colcon.colcon_core.verb:set package 'cam_interface' build argument 'cmake_target' from command line to 'None'
[2.878s] Level 5:colcon.colcon_core.verb:set package 'cam_interface' build argument 'cmake_target_skip_unavailable' from command line to 'False'
[2.878s] Level 5:colcon.colcon_core.verb:set package 'cam_interface' build argument 'cmake_clean_cache' from command line to 'False'
[2.878s] Level 5:colcon.colcon_core.verb:set package 'cam_interface' build argument 'cmake_clean_first' from command line to 'False'
[2.878s] Level 5:colcon.colcon_core.verb:set package 'cam_interface' build argument 'cmake_force_configure' from command line to 'False'
[2.878s] Level 5:colcon.colcon_core.verb:set package 'cam_interface' build argument 'ament_cmake_args' from command line to 'None'
[2.878s] Level 5:colcon.colcon_core.verb:set package 'cam_interface' build argument 'catkin_cmake_args' from command line to 'None'
[2.878s] Level 5:colcon.colcon_core.verb:set package 'cam_interface' build argument 'catkin_skip_building_tests' from command line to 'False'
[2.878s] DEBUG:colcon.colcon_core.verb:Building package 'cam_interface' with the following arguments: {'ament_cmake_args': None, 'build_base': '/home/akash/new_ros_ws/build/cam_interface', 'catkin_cmake_args': None, 'catkin_skip_building_tests': False, 'cmake_args': None, 'cmake_clean_cache': False, 'cmake_clean_first': False, 'cmake_force_configure': False, 'cmake_target': None, 'cmake_target_skip_unavailable': False, 'install_base': '/home/akash/new_ros_ws/install/cam_interface', 'merge_install': False, 'path': '/home/akash/new_ros_ws/src/cam_interface', 'symlink_install': False, 'test_result_base': None}
[2.908s] Level 5:colcon.colcon_core.verb:set package 'gesture_interface' build argument 'cmake_args' from command line to 'None'
[2.908s] Level 5:colcon.colcon_core.verb:set package 'gesture_interface' build argument 'cmake_target' from command line to 'None'
[2.908s] Level 5:colcon.colcon_core.verb:set package 'gesture_interface' build argument 'cmake_target_skip_unavailable' from command line to 'False'
[2.908s] Level 5:colcon.colcon_core.verb:set package 'gesture_interface' build argument 'cmake_clean_cache' from command line to 'False'
[2.908s] Level 5:colcon.colcon_core.verb:set package 'gesture_interface' build argument 'cmake_clean_first' from command line to 'False'
[2.908s] Level 5:colcon.colcon_core.verb:set package 'gesture_interface' build argument 'cmake_force_configure' from command line to 'False'
[2.908s] Level 5:colcon.colcon_core.verb:set package 'gesture_interface' build argument 'ament_cmake_args' from command line to 'None'
[2.908s] Level 5:colcon.colcon_core.verb:set package 'gesture_interface' build argument 'catkin_cmake_args' from command line to 'None'
[2.908s] Level 5:colcon.colcon_core.verb:set package 'gesture_interface' build argument 'catkin_skip_building_tests' from command line to 'False'
[2.908s] DEBUG:colcon.colcon_core.verb:Building package 'gesture_interface' with the following arguments: {'ament_cmake_args': None, 'build_base': '/home/akash/new_ros_ws/build/gesture_interface', 'catkin_cmake_args': None, 'catkin_skip_building_tests': False, 'cmake_args': None, 'cmake_clean_cache': False, 'cmake_clean_first': False, 'cmake_force_configure': False, 'cmake_target': None, 'cmake_target_skip_unavailable': False, 'install_base': '/home/akash/new_ros_ws/install/gesture_interface', 'merge_install': False, 'path': '/home/akash/new_ros_ws/src/gesture_interface', 'symlink_install': False, 'test_result_base': None}
[2.936s] Level 5:colcon.colcon_core.verb:set package 'cam_pub_sub' build argument 'cmake_args' from command line to 'None'
[2.936s] Level 5:colcon.colcon_core.verb:set package 'cam_pub_sub' build argument 'cmake_target' from command line to 'None'
[2.936s] Level 5:colcon.colcon_core.verb:set package 'cam_pub_sub' build argument 'cmake_target_skip_unavailable' from command line to 'False'
[2.936s] Level 5:colcon.colcon_core.verb:set package 'cam_pub_sub' build argument 'cmake_clean_cache' from command line to 'False'
[2.936s] Level 5:colcon.colcon_core.verb:set package 'cam_pub_sub' build argument 'cmake_clean_first' from command line to 'False'
[2.936s] Level 5:colcon.colcon_core.verb:set package 'cam_pub_sub' build argument 'cmake_force_configure' from command line to 'False'
[2.936s] Level 5:colcon.colcon_core.verb:set package 'cam_pub_sub' build argument 'ament_cmake_args' from command line to 'None'
[2.936s] Level 5:colcon.colcon_core.verb:set package 'cam_pub_sub' build argument 'catkin_cmake_args' from command line to 'None'
[2.936s] Level 5:colcon.colcon_core.verb:set package 'cam_pub_sub' build argument 'catkin_skip_building_tests' from command line to 'False'
[2.936s] DEBUG:colcon.colcon_core.verb:Building package 'cam_pub_sub' with the following arguments: {'ament_cmake_args': None, 'build_base': '/home/akash/new_ros_ws/build/cam_pub_sub', 'catkin_cmake_args': None, 'catkin_skip_building_tests': False, 'cmake_args': None, 'cmake_clean_cache': False, 'cmake_clean_first': False, 'cmake_force_configure': False, 'cmake_target': None, 'cmake_target_skip_unavailable': False, 'install_base': '/home/akash/new_ros_ws/install/cam_pub_sub', 'merge_install': False, 'path': '/home/akash/new_ros_ws/src/cam_pub_sub', 'symlink_install': False, 'test_result_base': None}
[2.961s] Level 5:colcon.colcon_core.verb:set package 'gesture_pub_sub' build argument 'cmake_args' from command line to 'None'
[2.961s] Level 5:colcon.colcon_core.verb:set package 'gesture_pub_sub' build argument 'cmake_target' from command line to 'None'
[2.961s] Level 5:colcon.colcon_core.verb:set package 'gesture_pub_sub' build argument 'cmake_target_skip_unavailable' from command line to 'False'
[2.961s] Level 5:colcon.colcon_core.verb:set package 'gesture_pub_sub' build argument 'cmake_clean_cache' from command line to 'False'
[2.961s] Level 5:colcon.colcon_core.verb:set package 'gesture_pub_sub' build argument 'cmake_clean_first' from command line to 'False'
[2.961s] Level 5:colcon.colcon_core.verb:set package 'gesture_pub_sub' build argument 'cmake_force_configure' from command line to 'False'
[2.961s] Level 5:colcon.colcon_core.verb:set package 'gesture_pub_sub' build argument 'ament_cmake_args' from command line to 'None'
[2.961s] Level 5:colcon.colcon_core.verb:set package 'gesture_pub_sub' build argument 'catkin_cmake_args' from command line to 'None'
[2.961s] Level 5:colcon.colcon_core.verb:set package 'gesture_pub_sub' build argument 'catkin_skip_building_tests' from command line to 'False'
[2.961s] DEBUG:colcon.colcon_core.verb:Building package 'gesture_pub_sub' with the following arguments: {'ament_cmake_args': None, 'build_base': '/home/akash/new_ros_ws/build/gesture_pub_sub', 'catkin_cmake_args': None, 'catkin_skip_building_tests': False, 'cmake_args': None, 'cmake_clean_cache': False, 'cmake_clean_first': False, 'cmake_force_configure': False, 'cmake_target': None, 'cmake_target_skip_unavailable': False, 'install_base': '/home/akash/new_ros_ws/install/gesture_pub_sub', 'merge_install': False, 'path': '/home/akash/new_ros_ws/src/gesture_pub_sub', 'symlink_install': False, 'test_result_base': None}
[2.989s] INFO:colcon.colcon_core.executor:Executing jobs using 'parallel' executor
[3.021s] DEBUG:colcon.colcon_parallel_executor.executor.parallel:run_until_complete
[3.022s] INFO:colcon.colcon_ros.task.ament_cmake.build:Building ROS package in '/home/akash/new_ros_ws/src/cam_interface' with build type 'ament_cmake'
[3.023s] INFO:colcon.colcon_cmake.task.cmake.build:Building CMake package in '/home/akash/new_ros_ws/src/cam_interface'
[3.051s] INFO:colcon.colcon_core.plugin_system:Skipping extension 'colcon_core.shell.bat': Not used on non-Windows systems
[3.051s] INFO:colcon.colcon_core.shell:Skip shell extension 'powershell' for command environment: Not usable outside of PowerShell
[3.051s] DEBUG:colcon.colcon_core.shell:Skip shell extension 'dsv' for command environment
[3.149s] INFO:colcon.colcon_ros.task.ament_cmake.build:Building ROS package in '/home/akash/new_ros_ws/src/gesture_interface' with build type 'ament_cmake'
[3.149s] INFO:colcon.colcon_cmake.task.cmake.build:Building CMake package in '/home/akash/new_ros_ws/src/gesture_interface'
[3.181s] INFO:colcon.colcon_core.shell:Skip shell extension 'powershell' for command environment: Not usable outside of PowerShell
[3.182s] DEBUG:colcon.colcon_core.shell:Skip shell extension 'dsv' for command environment
[3.285s] DEBUG:colcon.colcon_core.event_handler.log_command:Invoking command in '/home/akash/new_ros_ws/build/cam_interface': CMAKE_PREFIX_PATH=${CMAKE_PREFIX_PATH}:/home/akash/new_ros_ws/install/gesture_pub_sub:/home/akash/new_ros_ws/install/cam_pub_sub:/opt/ros/humble /usr/bin/cmake --build /home/akash/new_ros_ws/build/cam_interface -- -j12 -l12
[3.294s] DEBUG:colcon.colcon_core.event_handler.log_command:Invoking command in '/home/akash/new_ros_ws/build/gesture_interface': CMAKE_PREFIX_PATH=${CMAKE_PREFIX_PATH}:/home/akash/new_ros_ws/install/gesture_pub_sub:/home/akash/new_ros_ws/install/cam_pub_sub:/opt/ros/humble /usr/bin/cmake --build /home/akash/new_ros_ws/build/gesture_interface -- -j12 -l12
[4.017s] DEBUG:colcon.colcon_core.event_handler.log_command:Invoked command in '/home/akash/new_ros_ws/build/gesture_interface' returned '0': CMAKE_PREFIX_PATH=${CMAKE_PREFIX_PATH}:/home/akash/new_ros_ws/install/gesture_pub_sub:/home/akash/new_ros_ws/install/cam_pub_sub:/opt/ros/humble /usr/bin/cmake --build /home/akash/new_ros_ws/build/gesture_interface -- -j12 -l12
[4.022s] DEBUG:colcon.colcon_core.event_handler.log_command:Invoked command in '/home/akash/new_ros_ws/build/cam_interface' returned '0': CMAKE_PREFIX_PATH=${CMAKE_PREFIX_PATH}:/home/akash/new_ros_ws/install/gesture_pub_sub:/home/akash/new_ros_ws/install/cam_pub_sub:/opt/ros/humble /usr/bin/cmake --build /home/akash/new_ros_ws/build/cam_interface -- -j12 -l12
[4.138s] DEBUG:colcon.colcon_core.event_handler.log_command:Invoking command in '/home/akash/new_ros_ws/build/gesture_interface': CMAKE_PREFIX_PATH=${CMAKE_PREFIX_PATH}:/home/akash/new_ros_ws/install/gesture_pub_sub:/home/akash/new_ros_ws/install/cam_pub_sub:/opt/ros/humble /usr/bin/cmake --install /home/akash/new_ros_ws/build/gesture_interface
[4.145s] DEBUG:colcon.colcon_core.event_handler.log_command:Invoking command in '/home/akash/new_ros_ws/build/cam_interface': CMAKE_PREFIX_PATH=${CMAKE_PREFIX_PATH}:/home/akash/new_ros_ws/install/gesture_pub_sub:/home/akash/new_ros_ws/install/cam_pub_sub:/opt/ros/humble /usr/bin/cmake --install /home/akash/new_ros_ws/build/cam_interface
[4.270s] Level 1:colcon.colcon_core.environment:create_environment_scripts_only(cam_interface)
[4.279s] DEBUG:colcon.colcon_core.event_handler.log_command:Invoked command in '/home/akash/new_ros_ws/build/cam_interface' returned '0': CMAKE_PREFIX_PATH=${CMAKE_PREFIX_PATH}:/home/akash/new_ros_ws/install/gesture_pub_sub:/home/akash/new_ros_ws/install/cam_pub_sub:/opt/ros/humble /usr/bin/cmake --install /home/akash/new_ros_ws/build/cam_interface
[4.310s] Level 1:colcon.colcon_core.environment:checking '/home/akash/new_ros_ws/install/cam_interface' for CMake module files
[4.311s] Level 1:colcon.colcon_core.environment:checking '/home/akash/new_ros_ws/install/cam_interface' for CMake config files
[4.311s] Level 1:colcon.colcon_core.shell:create_environment_hook('cam_interface', 'cmake_prefix_path')
[4.340s] INFO:colcon.colcon_core.shell:Creating environment hook '/home/akash/new_ros_ws/install/cam_interface/share/cam_interface/hook/cmake_prefix_path.ps1'
[4.342s] INFO:colcon.colcon_core.shell:Creating environment descriptor '/home/akash/new_ros_ws/install/cam_interface/share/cam_interface/hook/cmake_prefix_path.dsv'
[4.343s] INFO:colcon.colcon_core.shell:Creating environment hook '/home/akash/new_ros_ws/install/cam_interface/share/cam_interface/hook/cmake_prefix_path.sh'
[4.344s] Level 1:colcon.colcon_core.environment:checking '/home/akash/new_ros_ws/install/cam_interface/lib'
[4.345s] Level 1:colcon.colcon_core.shell:create_environment_hook('cam_interface', 'ld_library_path_lib')
[4.376s] INFO:colcon.colcon_core.shell:Creating environment hook '/home/akash/new_ros_ws/install/cam_interface/share/cam_interface/hook/ld_library_path_lib.ps1'
[4.377s] INFO:colcon.colcon_core.shell:Creating environment descriptor '/home/akash/new_ros_ws/install/cam_interface/share/cam_interface/hook/ld_library_path_lib.dsv'
[4.378s] INFO:colcon.colcon_core.shell:Creating environment hook '/home/akash/new_ros_ws/install/cam_interface/share/cam_interface/hook/ld_library_path_lib.sh'
[4.379s] Level 1:colcon.colcon_core.environment:checking '/home/akash/new_ros_ws/install/cam_interface/bin'
[4.379s] Level 1:colcon.colcon_core.environment:checking '/home/akash/new_ros_ws/install/cam_interface/lib/pkgconfig/cam_interface.pc'
[4.380s] Level 1:colcon.colcon_core.environment:checking '/home/akash/new_ros_ws/install/cam_interface/lib/python3.10/site-packages'
[4.381s] Level 1:colcon.colcon_core.environment:checking '/home/akash/new_ros_ws/install/cam_interface/bin'
[4.406s] INFO:colcon.colcon_core.shell:Creating package script '/home/akash/new_ros_ws/install/cam_interface/share/cam_interface/package.ps1'
[4.407s] INFO:colcon.colcon_core.shell:Creating package descriptor '/home/akash/new_ros_ws/install/cam_interface/share/cam_interface/package.dsv'
[4.408s] INFO:colcon.colcon_core.shell:Creating package script '/home/akash/new_ros_ws/install/cam_interface/share/cam_interface/package.sh'
[4.409s] INFO:colcon.colcon_core.shell:Creating package script '/home/akash/new_ros_ws/install/cam_interface/share/cam_interface/package.bash'
[4.411s] INFO:colcon.colcon_core.shell:Creating package script '/home/akash/new_ros_ws/install/cam_interface/share/cam_interface/package.zsh'
[4.413s] Level 1:colcon.colcon_core.environment:create_file_with_runtime_dependencies(/home/akash/new_ros_ws/install/cam_interface/share/colcon-core/packages/cam_interface)
[4.415s] Level 1:colcon.colcon_core.environment:create_environment_scripts_only(gesture_interface)
[4.417s] DEBUG:colcon.colcon_core.event_handler.log_command:Invoked command in '/home/akash/new_ros_ws/build/gesture_interface' returned '0': CMAKE_PREFIX_PATH=${CMAKE_PREFIX_PATH}:/home/akash/new_ros_ws/install/gesture_pub_sub:/home/akash/new_ros_ws/install/cam_pub_sub:/opt/ros/humble /usr/bin/cmake --install /home/akash/new_ros_ws/build/gesture_interface
[4.447s] Level 1:colcon.colcon_core.environment:checking '/home/akash/new_ros_ws/install/gesture_interface' for CMake module files
[4.448s] Level 1:colcon.colcon_core.environment:checking '/home/akash/new_ros_ws/install/gesture_interface' for CMake config files
[4.448s] Level 1:colcon.colcon_core.shell:create_environment_hook('gesture_interface', 'cmake_prefix_path')
[4.480s] INFO:colcon.colcon_core.shell:Creating environment hook '/home/akash/new_ros_ws/install/gesture_interface/share/gesture_interface/hook/cmake_prefix_path.ps1'
[4.481s] INFO:colcon.colcon_core.shell:Creating environment descriptor '/home/akash/new_ros_ws/install/gesture_interface/share/gesture_interface/hook/cmake_prefix_path.dsv'
[4.482s] INFO:colcon.colcon_core.shell:Creating environment hook '/home/akash/new_ros_ws/install/gesture_interface/share/gesture_interface/hook/cmake_prefix_path.sh'
[4.483s] Level 1:colcon.colcon_core.environment:checking '/home/akash/new_ros_ws/install/gesture_interface/lib'
[4.483s] Level 1:colcon.colcon_core.shell:create_environment_hook('gesture_interface', 'ld_library_path_lib')
[4.513s] INFO:colcon.colcon_core.shell:Creating environment hook '/home/akash/new_ros_ws/install/gesture_interface/share/gesture_interface/hook/ld_library_path_lib.ps1'
[4.514s] INFO:colcon.colcon_core.shell:Creating environment descriptor '/home/akash/new_ros_ws/install/gesture_interface/share/gesture_interface/hook/ld_library_path_lib.dsv'
[4.514s] INFO:colcon.colcon_core.shell:Creating environment hook '/home/akash/new_ros_ws/install/gesture_interface/share/gesture_interface/hook/ld_library_path_lib.sh'
[4.515s] Level 1:colcon.colcon_core.environment:checking '/home/akash/new_ros_ws/install/gesture_interface/bin'
[4.515s] Level 1:colcon.colcon_core.environment:checking '/home/akash/new_ros_ws/install/gesture_interface/lib/pkgconfig/gesture_interface.pc'
[4.515s] Level 1:colcon.colcon_core.environment:checking '/home/akash/new_ros_ws/install/gesture_interface/lib/python3.10/site-packages'
[4.516s] Level 1:colcon.colcon_core.environment:checking '/home/akash/new_ros_ws/install/gesture_interface/bin'
[4.560s] INFO:colcon.colcon_core.shell:Creating package script '/home/akash/new_ros_ws/install/gesture_interface/share/gesture_interface/package.ps1'
[4.561s] INFO:colcon.colcon_core.shell:Creating package descriptor '/home/akash/new_ros_ws/install/gesture_interface/share/gesture_interface/package.dsv'
[4.562s] INFO:colcon.colcon_core.shell:Creating package script '/home/akash/new_ros_ws/install/gesture_interface/share/gesture_interface/package.sh'
[4.562s] INFO:colcon.colcon_core.shell:Creating package script '/home/akash/new_ros_ws/install/gesture_interface/share/gesture_interface/package.bash'
[4.563s] INFO:colcon.colcon_core.shell:Creating package script '/home/akash/new_ros_ws/install/gesture_interface/share/gesture_interface/package.zsh'
[4.563s] Level 1:colcon.colcon_core.environment:create_file_with_runtime_dependencies(/home/akash/new_ros_ws/install/gesture_interface/share/colcon-core/packages/gesture_interface)
[4.597s] Level 1:colcon.colcon_core.environment:create_environment_scripts_only(cam_interface)
[4.626s] Level 1:colcon.colcon_core.environment:checking '/home/akash/new_ros_ws/install/cam_interface' for CMake module files
[4.627s] Level 1:colcon.colcon_core.environment:checking '/home/akash/new_ros_ws/install/cam_interface' for CMake config files
[4.628s] Level 1:colcon.colcon_core.shell:create_environment_hook('cam_interface', 'cmake_prefix_path')
[4.655s] INFO:colcon.colcon_core.shell:Creating environment hook '/home/akash/new_ros_ws/install/cam_interface/share/cam_interface/hook/cmake_prefix_path.ps1'
[4.655s] INFO:colcon.colcon_core.shell:Creating environment descriptor '/home/akash/new_ros_ws/install/cam_interface/share/cam_interface/hook/cmake_prefix_path.dsv'
[4.656s] INFO:colcon.colcon_core.shell:Creating environment hook '/home/akash/new_ros_ws/install/cam_interface/share/cam_interface/hook/cmake_prefix_path.sh'
[4.657s] Level 1:colcon.colcon_core.environment:checking '/home/akash/new_ros_ws/install/cam_interface/lib'
[4.657s] Level 1:colcon.colcon_core.shell:create_environment_hook('cam_interface', 'ld_library_path_lib')
[4.686s] INFO:colcon.colcon_core.shell:Creating environment hook '/home/akash/new_ros_ws/install/cam_interface/share/cam_interface/hook/ld_library_path_lib.ps1'
[4.687s] INFO:colcon.colcon_core.shell:Creating environment descriptor '/home/akash/new_ros_ws/install/cam_interface/share/cam_interface/hook/ld_library_path_lib.dsv'
[4.687s] INFO:colcon.colcon_core.shell:Creating environment hook '/home/akash/new_ros_ws/install/cam_interface/share/cam_interface/hook/ld_library_path_lib.sh'
[4.688s] Level 1:colcon.colcon_core.environment:checking '/home/akash/new_ros_ws/install/cam_interface/bin'
[4.688s] Level 1:colcon.colcon_core.environment:checking '/home/akash/new_ros_ws/install/cam_interface/lib/pkgconfig/cam_interface.pc'
[4.688s] Level 1:colcon.colcon_core.environment:checking '/home/akash/new_ros_ws/install/cam_interface/lib/python3.10/site-packages'
[4.689s] Level 1:colcon.colcon_core.environment:checking '/home/akash/new_ros_ws/install/cam_interface/bin'
[4.719s] INFO:colcon.colcon_core.shell:Creating package script '/home/akash/new_ros_ws/install/cam_interface/share/cam_interface/package.ps1'
[4.720s] INFO:colcon.colcon_core.shell:Creating package descriptor '/home/akash/new_ros_ws/install/cam_interface/share/cam_interface/package.dsv'
[4.721s] INFO:colcon.colcon_core.shell:Creating package script '/home/akash/new_ros_ws/install/cam_interface/share/cam_interface/package.sh'
[4.722s] INFO:colcon.colcon_core.shell:Creating package script '/home/akash/new_ros_ws/install/cam_interface/share/cam_interface/package.bash'
[4.723s] INFO:colcon.colcon_core.shell:Creating package script '/home/akash/new_ros_ws/install/cam_interface/share/cam_interface/package.zsh'
[4.725s] Level 1:colcon.colcon_core.environment:create_file_with_runtime_dependencies(/home/akash/new_ros_ws/install/cam_interface/share/colcon-core/packages/cam_interface)
[4.726s] INFO:colcon.colcon_ros.task.ament_python.build:Building ROS package in '/home/akash/new_ros_ws/src/cam_pub_sub' with build type 'ament_python'
[4.726s] Level 1:colcon.colcon_core.shell:create_environment_hook('cam_pub_sub', 'ament_prefix_path')
[4.756s] INFO:colcon.colcon_core.shell:Creating environment hook '/home/akash/new_ros_ws/install/cam_pub_sub/share/cam_pub_sub/hook/ament_prefix_path.ps1'
[4.756s] INFO:colcon.colcon_core.shell:Creating environment descriptor '/home/akash/new_ros_ws/install/cam_pub_sub/share/cam_pub_sub/hook/ament_prefix_path.dsv'
[4.757s] INFO:colcon.colcon_core.shell:Creating environment hook '/home/akash/new_ros_ws/install/cam_pub_sub/share/cam_pub_sub/hook/ament_prefix_path.sh'
[4.785s] INFO:colcon.colcon_core.shell:Skip shell extension 'powershell' for command environment: Not usable outside of PowerShell
[4.785s] DEBUG:colcon.colcon_core.shell:Skip shell extension 'dsv' for command environment
[4.912s] Level 1:colcon.colcon_core.environment:create_environment_scripts_only(gesture_interface)
[4.947s] Level 1:colcon.colcon_core.environment:checking '/home/akash/new_ros_ws/install/gesture_interface' for CMake module files
[4.948s] Level 1:colcon.colcon_core.environment:checking '/home/akash/new_ros_ws/install/gesture_interface' for CMake config files
[4.948s] Level 1:colcon.colcon_core.shell:create_environment_hook('gesture_interface', 'cmake_prefix_path')
[4.984s] INFO:colcon.colcon_core.shell:Creating environment hook '/home/akash/new_ros_ws/install/gesture_interface/share/gesture_interface/hook/cmake_prefix_path.ps1'
[4.985s] INFO:colcon.colcon_core.shell:Creating environment descriptor '/home/akash/new_ros_ws/install/gesture_interface/share/gesture_interface/hook/cmake_prefix_path.dsv'
[4.986s] INFO:colcon.colcon_core.shell:Creating environment hook '/home/akash/new_ros_ws/install/gesture_interface/share/gesture_interface/hook/cmake_prefix_path.sh'
[4.986s] Level 1:colcon.colcon_core.environment:checking '/home/akash/new_ros_ws/install/gesture_interface/lib'
[4.987s] Level 1:colcon.colcon_core.shell:create_environment_hook('gesture_interface', 'ld_library_path_lib')
[5.017s] INFO:colcon.colcon_core.shell:Creating environment hook '/home/akash/new_ros_ws/install/gesture_interface/share/gesture_interface/hook/ld_library_path_lib.ps1'
[5.018s] INFO:colcon.colcon_core.shell:Creating environment descriptor '/home/akash/new_ros_ws/install/gesture_interface/share/gesture_interface/hook/ld_library_path_lib.dsv'
[5.019s] INFO:colcon.colcon_core.shell:Creating environment hook '/home/akash/new_ros_ws/install/gesture_interface/share/gesture_interface/hook/ld_library_path_lib.sh'
[5.020s] Level 1:colcon.colcon_core.environment:checking '/home/akash/new_ros_ws/install/gesture_interface/bin'
[5.020s] Level 1:colcon.colcon_core.environment:checking '/home/akash/new_ros_ws/install/gesture_interface/lib/pkgconfig/gesture_interface.pc'
[5.021s] Level 1:colcon.colcon_core.environment:checking '/home/akash/new_ros_ws/install/gesture_interface/lib/python3.10/site-packages'
[5.022s] Level 1:colcon.colcon_core.environment:checking '/home/akash/new_ros_ws/install/gesture_interface/bin'
[5.061s] INFO:colcon.colcon_core.shell:Creating package script '/home/akash/new_ros_ws/install/gesture_interface/share/gesture_interface/package.ps1'
[5.062s] INFO:colcon.colcon_core.shell:Creating package descriptor '/home/akash/new_ros_ws/install/gesture_interface/share/gesture_interface/package.dsv'
[5.064s] INFO:colcon.colcon_core.shell:Creating package script '/home/akash/new_ros_ws/install/gesture_interface/share/gesture_interface/package.sh'
[5.065s] INFO:colcon.colcon_core.shell:Creating package script '/home/akash/new_ros_ws/install/gesture_interface/share/gesture_interface/package.bash'
[5.066s] INFO:colcon.colcon_core.shell:Creating package script '/home/akash/new_ros_ws/install/gesture_interface/share/gesture_interface/package.zsh'
[5.066s] Level 1:colcon.colcon_core.environment:create_file_with_runtime_dependencies(/home/akash/new_ros_ws/install/gesture_interface/share/colcon-core/packages/gesture_interface)
[5.659s] INFO:colcon.colcon_core.task.python.build:Building Python package in '/home/akash/new_ros_ws/src/cam_pub_sub'
[5.685s] INFO:colcon.colcon_core.shell:Skip shell extension 'powershell' for command environment: Not usable outside of PowerShell
[5.685s] DEBUG:colcon.colcon_core.shell:Skip shell extension 'dsv' for command environment
[6.733s] DEBUG:colcon.colcon_core.event_handler.log_command:Invoking command in '/home/akash/new_ros_ws/src/cam_pub_sub': CMAKE_PREFIX_PATH=/home/akash/new_ros_ws/install/cam_interface:/home/akash/new_ros_ws/install/gesture_interface LD_LIBRARY_PATH=/home/akash/new_ros_ws/install/cam_interface/lib:/home/akash/new_ros_ws/install/gesture_interface/lib:/opt/ros/humble/opt/rviz_ogre_vendor/lib:/opt/ros/humble/lib/x86_64-linux-gnu:/opt/ros/humble/lib PYTHONPATH=/home/akash/new_ros_ws/build/cam_pub_sub/prefix_override:/home/akash/new_ros_ws/install/cam_pub_sub/lib/python3.10/site-packages:${PYTHONPATH} /usr/bin/python3 setup.py egg_info --egg-base ../../build/cam_pub_sub build --build-base /home/akash/new_ros_ws/build/cam_pub_sub/build install --record /home/akash/new_ros_ws/build/cam_pub_sub/install.log --single-version-externally-managed
[7.291s] DEBUG:colcon.colcon_core.event_handler.log_command:Invoked command in '/home/akash/new_ros_ws/src/cam_pub_sub' returned '0': CMAKE_PREFIX_PATH=/home/akash/new_ros_ws/install/cam_interface:/home/akash/new_ros_ws/install/gesture_interface LD_LIBRARY_PATH=/home/akash/new_ros_ws/install/cam_interface/lib:/home/akash/new_ros_ws/install/gesture_interface/lib:/opt/ros/humble/opt/rviz_ogre_vendor/lib:/opt/ros/humble/lib/x86_64-linux-gnu:/opt/ros/humble/lib PYTHONPATH=/home/akash/new_ros_ws/build/cam_pub_sub/prefix_override:/home/akash/new_ros_ws/install/cam_pub_sub/lib/python3.10/site-packages:${PYTHONPATH} /usr/bin/python3 setup.py egg_info --egg-base ../../build/cam_pub_sub build --build-base /home/akash/new_ros_ws/build/cam_pub_sub/build install --record /home/akash/new_ros_ws/build/cam_pub_sub/install.log --single-version-externally-managed
[7.322s] Level 1:colcon.colcon_core.environment:checking '/home/akash/new_ros_ws/install/cam_pub_sub' for CMake module files
[7.323s] Level 1:colcon.colcon_core.environment:checking '/home/akash/new_ros_ws/install/cam_pub_sub' for CMake config files
[7.324s] Level 1:colcon.colcon_core.environment:checking '/home/akash/new_ros_ws/install/cam_pub_sub/lib'
[7.324s] Level 1:colcon.colcon_core.environment:checking '/home/akash/new_ros_ws/install/cam_pub_sub/bin'
[7.324s] Level 1:colcon.colcon_core.environment:checking '/home/akash/new_ros_ws/install/cam_pub_sub/lib/pkgconfig/cam_pub_sub.pc'
[7.325s] Level 1:colcon.colcon_core.environment:checking '/home/akash/new_ros_ws/install/cam_pub_sub/lib/python3.10/site-packages'
[7.325s] Level 1:colcon.colcon_core.shell:create_environment_hook('cam_pub_sub', 'pythonpath')
[7.362s] INFO:colcon.colcon_core.shell:Creating environment hook '/home/akash/new_ros_ws/install/cam_pub_sub/share/cam_pub_sub/hook/pythonpath.ps1'
[7.363s] INFO:colcon.colcon_core.shell:Creating environment descriptor '/home/akash/new_ros_ws/install/cam_pub_sub/share/cam_pub_sub/hook/pythonpath.dsv'
[7.363s] INFO:colcon.colcon_core.shell:Creating environment hook '/home/akash/new_ros_ws/install/cam_pub_sub/share/cam_pub_sub/hook/pythonpath.sh'
[7.364s] Level 1:colcon.colcon_core.environment:checking '/home/akash/new_ros_ws/install/cam_pub_sub/bin'
[7.364s] Level 1:colcon.colcon_core.environment:create_environment_scripts_only(cam_pub_sub)
[7.396s] INFO:colcon.colcon_core.shell:Creating package script '/home/akash/new_ros_ws/install/cam_pub_sub/share/cam_pub_sub/package.ps1'
[7.397s] INFO:colcon.colcon_core.shell:Creating package descriptor '/home/akash/new_ros_ws/install/cam_pub_sub/share/cam_pub_sub/package.dsv'
[7.398s] INFO:colcon.colcon_core.shell:Creating package script '/home/akash/new_ros_ws/install/cam_pub_sub/share/cam_pub_sub/package.sh'
[7.399s] INFO:colcon.colcon_core.shell:Creating package script '/home/akash/new_ros_ws/install/cam_pub_sub/share/cam_pub_sub/package.bash'
[7.399s] INFO:colcon.colcon_core.shell:Creating package script '/home/akash/new_ros_ws/install/cam_pub_sub/share/cam_pub_sub/package.zsh'
[7.400s] Level 1:colcon.colcon_core.environment:create_file_with_runtime_dependencies(/home/akash/new_ros_ws/install/cam_pub_sub/share/colcon-core/packages/cam_pub_sub)
[7.401s] INFO:colcon.colcon_ros.task.ament_python.build:Building ROS package in '/home/akash/new_ros_ws/src/gesture_pub_sub' with build type 'ament_python'
[7.401s] Level 1:colcon.colcon_core.shell:create_environment_hook('gesture_pub_sub', 'ament_prefix_path')
[7.432s] INFO:colcon.colcon_core.shell:Creating environment hook '/home/akash/new_ros_ws/install/gesture_pub_sub/share/gesture_pub_sub/hook/ament_prefix_path.ps1'
[7.433s] INFO:colcon.colcon_core.shell:Creating environment descriptor '/home/akash/new_ros_ws/install/gesture_pub_sub/share/gesture_pub_sub/hook/ament_prefix_path.dsv'
[7.434s] INFO:colcon.colcon_core.shell:Creating environment hook '/home/akash/new_ros_ws/install/gesture_pub_sub/share/gesture_pub_sub/hook/ament_prefix_path.sh'
[7.463s] INFO:colcon.colcon_core.shell:Skip shell extension 'powershell' for command environment: Not usable outside of PowerShell
[7.463s] DEBUG:colcon.colcon_core.shell:Skip shell extension 'dsv' for command environment
[8.962s] INFO:colcon.colcon_core.task.python.build:Building Python package in '/home/akash/new_ros_ws/src/gesture_pub_sub'
[8.988s] INFO:colcon.colcon_core.shell:Skip shell extension 'powershell' for command environment: Not usable outside of PowerShell
[8.988s] DEBUG:colcon.colcon_core.shell:Skip shell extension 'dsv' for command environment
[10.563s] DEBUG:colcon.colcon_core.event_handler.log_command:Invoking command in '/home/akash/new_ros_ws/src/gesture_pub_sub': AMENT_PREFIX_PATH=/home/akash/new_ros_ws/install/cam_pub_sub:/home/akash/new_ros_ws/install/gesture_pub_sub:/home/akash/new_ros_ws/install/gesture_interface:/home/akash/new_ros_ws/install/cam_interface:/opt/ros/humble PYTHONPATH=/home/akash/new_ros_ws/build/gesture_pub_sub/prefix_override:/home/akash/new_ros_ws/install/gesture_pub_sub/lib/python3.10/site-packages:/home/akash/new_ros_ws/install/cam_pub_sub/lib/python3.10/site-packages:/home/akash/new_ros_ws/install/gesture_pub_sub/lib/python3.10/site-packages:/home/akash/new_ros_ws/install/gesture_interface/local/lib/python3.10/dist-packages:/home/akash/new_ros_ws/install/cam_interface/local/lib/python3.10/dist-packages:/opt/ros/humble/lib/python3.10/site-packages:/opt/ros/humble/local/lib/python3.10/dist-packages /usr/bin/python3 setup.py egg_info --egg-base ../../build/gesture_pub_sub build --build-base /home/akash/new_ros_ws/build/gesture_pub_sub/build install --record /home/akash/new_ros_ws/build/gesture_pub_sub/install.log --install-scripts $base/lib/gesture_pub_sub --single-version-externally-managed
[11.048s] DEBUG:colcon.colcon_core.event_handler.log_command:Invoked command in '/home/akash/new_ros_ws/src/gesture_pub_sub' returned '0': AMENT_PREFIX_PATH=/home/akash/new_ros_ws/install/cam_pub_sub:/home/akash/new_ros_ws/install/gesture_pub_sub:/home/akash/new_ros_ws/install/gesture_interface:/home/akash/new_ros_ws/install/cam_interface:/opt/ros/humble PYTHONPATH=/home/akash/new_ros_ws/build/gesture_pub_sub/prefix_override:/home/akash/new_ros_ws/install/gesture_pub_sub/lib/python3.10/site-packages:/home/akash/new_ros_ws/install/cam_pub_sub/lib/python3.10/site-packages:/home/akash/new_ros_ws/install/gesture_pub_sub/lib/python3.10/site-packages:/home/akash/new_ros_ws/install/gesture_interface/local/lib/python3.10/dist-packages:/home/akash/new_ros_ws/install/cam_interface/local/lib/python3.10/dist-packages:/opt/ros/humble/lib/python3.10/site-packages:/opt/ros/humble/local/lib/python3.10/dist-packages /usr/bin/python3 setup.py egg_info --egg-base ../../build/gesture_pub_sub build --build-base /home/akash/new_ros_ws/build/gesture_pub_sub/build install --record /home/akash/new_ros_ws/build/gesture_pub_sub/install.log --install-scripts $base/lib/gesture_pub_sub --single-version-externally-managed
[11.078s] Level 1:colcon.colcon_core.environment:checking '/home/akash/new_ros_ws/install/gesture_pub_sub' for CMake module files
[11.078s] Level 1:colcon.colcon_core.environment:checking '/home/akash/new_ros_ws/install/gesture_pub_sub' for CMake config files
[11.079s] Level 1:colcon.colcon_core.environment:checking '/home/akash/new_ros_ws/install/gesture_pub_sub/lib'
[11.079s] Level 1:colcon.colcon_core.environment:checking '/home/akash/new_ros_ws/install/gesture_pub_sub/bin'
[11.080s] Level 1:colcon.colcon_core.environment:checking '/home/akash/new_ros_ws/install/gesture_pub_sub/lib/pkgconfig/gesture_pub_sub.pc'
[11.080s] Level 1:colcon.colcon_core.environment:checking '/home/akash/new_ros_ws/install/gesture_pub_sub/lib/python3.10/site-packages'
[11.080s] Level 1:colcon.colcon_core.shell:create_environment_hook('gesture_pub_sub', 'pythonpath')
[11.107s] INFO:colcon.colcon_core.shell:Creating environment hook '/home/akash/new_ros_ws/install/gesture_pub_sub/share/gesture_pub_sub/hook/pythonpath.ps1'
[11.108s] INFO:colcon.colcon_core.shell:Creating environment descriptor '/home/akash/new_ros_ws/install/gesture_pub_sub/share/gesture_pub_sub/hook/pythonpath.dsv'
[11.109s] INFO:colcon.colcon_core.shell:Creating environment hook '/home/akash/new_ros_ws/install/gesture_pub_sub/share/gesture_pub_sub/hook/pythonpath.sh'
[11.109s] Level 1:colcon.colcon_core.environment:checking '/home/akash/new_ros_ws/install/gesture_pub_sub/bin'
[11.109s] Level 1:colcon.colcon_core.environment:create_environment_scripts_only(gesture_pub_sub)
[11.133s] INFO:colcon.colcon_core.shell:Creating package script '/home/akash/new_ros_ws/install/gesture_pub_sub/share/gesture_pub_sub/package.ps1'
[11.134s] INFO:colcon.colcon_core.shell:Creating package descriptor '/home/akash/new_ros_ws/install/gesture_pub_sub/share/gesture_pub_sub/package.dsv'
[11.135s] INFO:colcon.colcon_core.shell:Creating package script '/home/akash/new_ros_ws/install/gesture_pub_sub/share/gesture_pub_sub/package.sh'
[11.135s] INFO:colcon.colcon_core.shell:Creating package script '/home/akash/new_ros_ws/install/gesture_pub_sub/share/gesture_pub_sub/package.bash'
[11.136s] INFO:colcon.colcon_core.shell:Creating package script '/home/akash/new_ros_ws/install/gesture_pub_sub/share/gesture_pub_sub/package.zsh'
[11.136s] Level 1:colcon.colcon_core.environment:create_file_with_runtime_dependencies(/home/akash/new_ros_ws/install/gesture_pub_sub/share/colcon-core/packages/gesture_pub_sub)
[11.137s] DEBUG:colcon.colcon_parallel_executor.executor.parallel:closing loop
[11.138s] DEBUG:colcon.colcon_parallel_executor.executor.parallel:loop closed
[11.138s] DEBUG:colcon.colcon_parallel_executor.executor.parallel:run_until_complete finished with '0'
[11.138s] DEBUG:colcon.colcon_core.event_reactor:joining thread
[11.344s] INFO:colcon.colcon_core.plugin_system:Skipping extension 'colcon_notification.desktop_notification.notify_send': Could not find 'notify-send'
[11.344s] INFO:colcon.colcon_core.plugin_system:Skipping extension 'colcon_notification.desktop_notification.terminal_notifier': Not used on non-Darwin systems
[11.345s] INFO:colcon.colcon_core.plugin_system:Skipping extension 'colcon_notification.desktop_notification.win32': Not used on non-Windows systems
[11.345s] INFO:colcon.colcon_notification.desktop_notification:Sending desktop notification using 'notify2'
[11.345s] DEBUG:colcon.colcon_notification.desktop_notification.notify2:Failed to initialize notify2: org.freedesktop.DBus.Error.FileNotFound: Failed to connect to socket /run/user/1000/bus: No such file or directory
[11.345s] DEBUG:colcon.colcon_core.event_reactor:joined thread
[11.368s] INFO:colcon.colcon_core.shell:Creating prefix script '/home/akash/new_ros_ws/install/local_setup.ps1'
[11.370s] INFO:colcon.colcon_core.shell:Creating prefix util module '/home/akash/new_ros_ws/install/_local_setup_util_ps1.py'
[11.371s] INFO:colcon.colcon_core.shell:Creating prefix chain script '/home/akash/new_ros_ws/install/setup.ps1'
[11.396s] INFO:colcon.colcon_core.shell:Creating prefix script '/home/akash/new_ros_ws/install/local_setup.sh'
[11.396s] INFO:colcon.colcon_core.shell:Creating prefix util module '/home/akash/new_ros_ws/install/_local_setup_util_sh.py'
[11.397s] INFO:colcon.colcon_core.shell:Creating prefix chain script '/home/akash/new_ros_ws/install/setup.sh'
[11.428s] INFO:colcon.colcon_core.shell:Creating prefix script '/home/akash/new_ros_ws/install/local_setup.bash'
[11.428s] INFO:colcon.colcon_core.shell:Creating prefix chain script '/home/akash/new_ros_ws/install/setup.bash'
[11.453s] INFO:colcon.colcon_core.shell:Creating prefix script '/home/akash/new_ros_ws/install/local_setup.zsh'
[11.453s] INFO:colcon.colcon_core.shell:Creating prefix chain script '/home/akash/new_ros_ws/install/setup.zsh'
