[2.143s] DEBUG:colcon:Command line arguments: ['/usr/bin/colcon', 'build']
[2.143s] DEBUG:colcon:Parsed command line arguments: Namespace(log_base=None, log_level=None, verb_name='build', build_base='build', install_base='install', merge_install=False, symlink_install=False, test_result_base=None, continue_on_error=False, executor='parallel', parallel_workers=12, event_handlers=None, ignore_user_meta=False, metas=['./colcon.meta'], base_paths=['.'], packages_ignore=None, packages_ignore_regex=None, paths=None, packages_up_to=None, packages_up_to_regex=None, packages_above=None, packages_above_and_dependencies=None, packages_above_depth=None, packages_select_by_dep=None, packages_skip_by_dep=None, packages_skip_up_to=None, packages_select_build_failed=False, packages_skip_build_finished=False, packages_select_test_failures=False, packages_skip_test_passed=False, packages_select=None, packages_skip=None, packages_select_regex=None, packages_skip_regex=None, packages_start=None, packages_end=None, allow_overriding=[], cmake_args=None, cmake_target=None, cmake_target_skip_unavailable=False, cmake_clean_cache=False, cmake_clean_first=False, cmake_force_configure=False, ament_cmake_args=None, catkin_cmake_args=None, catkin_skip_building_tests=False, verb_parser=<colcon_defaults.argument_parser.defaults.DefaultArgumentsDecorator object at 0x7fac9741ea40>, verb_extension=<colcon_core.verb.build.BuildVerb object at 0x7fac973ebdc0>, main=<bound method BuildVerb.main of <colcon_core.verb.build.BuildVerb object at 0x7fac973ebdc0>>)
[2.244s] Level 1:colcon.colcon_core.package_discovery:discover_packages(colcon_meta) check parameters
[2.245s] Level 1:colcon.colcon_core.package_discovery:discover_packages(recursive) check parameters
[2.245s] Level 1:colcon.colcon_core.package_discovery:discover_packages(ignore) check parameters
[2.245s] Level 1:colcon.colcon_core.package_discovery:discover_packages(path) check parameters
[2.245s] Level 1:colcon.colcon_core.package_discovery:discover_packages(colcon_meta) discover
[2.245s] Level 1:colcon.colcon_core.package_discovery:discover_packages(recursive) discover
[2.245s] INFO:colcon.colcon_core.package_discovery:Crawling recursively for packages in '/home/akash/new_ros_ws'
[2.245s] Level 1:colcon.colcon_core.package_identification:_identify(.) by extensions ['ignore', 'ignore_ament_install']
[2.245s] Level 1:colcon.colcon_core.package_identification:_identify(.) by extension 'ignore'
[2.245s] Level 1:colcon.colcon_core.package_identification:_identify(.) by extension 'ignore_ament_install'
[2.245s] Level 1:colcon.colcon_core.package_identification:_identify(.) by extensions ['colcon_pkg']
[2.246s] Level 1:colcon.colcon_core.package_identification:_identify(.) by extension 'colcon_pkg'
[2.246s] Level 1:colcon.colcon_core.package_identification:_identify(.) by extensions ['colcon_meta']
[2.246s] Level 1:colcon.colcon_core.package_identification:_identify(.) by extension 'colcon_meta'
[2.246s] Level 1:colcon.colcon_core.package_identification:_identify(.) by extensions ['ros']
[2.246s] Level 1:colcon.colcon_core.package_identification:_identify(.) by extension 'ros'
[2.264s] Level 1:colcon.colcon_core.package_identification:_identify(.) by extensions ['cmake', 'python']
[2.264s] Level 1:colcon.colcon_core.package_identification:_identify(.) by extension 'cmake'
[2.265s] Level 1:colcon.colcon_core.package_identification:_identify(.) by extension 'python'
[2.265s] Level 1:colcon.colcon_core.package_identification:_identify(.) by extensions ['python_setup_py']
[2.265s] Level 1:colcon.colcon_core.package_identification:_identify(.) by extension 'python_setup_py'
[2.265s] Level 1:colcon.colcon_core.package_identification:_identify(build) by extensions ['ignore', 'ignore_ament_install']
[2.265s] Level 1:colcon.colcon_core.package_identification:_identify(build) by extension 'ignore'
[2.265s] Level 1:colcon.colcon_core.package_identification:_identify(build) ignored
[2.265s] Level 1:colcon.colcon_core.package_identification:_identify(install) by extensions ['ignore', 'ignore_ament_install']
[2.265s] Level 1:colcon.colcon_core.package_identification:_identify(install) by extension 'ignore'
[2.266s] Level 1:colcon.colcon_core.package_identification:_identify(install) ignored
[2.266s] Level 1:colcon.colcon_core.package_identification:_identify(log) by extensions ['ignore', 'ignore_ament_install']
[2.266s] Level 1:colcon.colcon_core.package_identification:_identify(log) by extension 'ignore'
[2.266s] Level 1:colcon.colcon_core.package_identification:_identify(log) ignored
[2.266s] Level 1:colcon.colcon_core.package_identification:_identify(src) by extensions ['ignore', 'ignore_ament_install']
[2.266s] Level 1:colcon.colcon_core.package_identification:_identify(src) by extension 'ignore'
[2.266s] Level 1:colcon.colcon_core.package_identification:_identify(src) by extension 'ignore_ament_install'
[2.266s] Level 1:colcon.colcon_core.package_identification:_identify(src) by extensions ['colcon_pkg']
[2.266s] Level 1:colcon.colcon_core.package_identification:_identify(src) by extension 'colcon_pkg'
[2.266s] Level 1:colcon.colcon_core.package_identification:_identify(src) by extensions ['colcon_meta']
[2.267s] Level 1:colcon.colcon_core.package_identification:_identify(src) by extension 'colcon_meta'
[2.267s] Level 1:colcon.colcon_core.package_identification:_identify(src) by extensions ['ros']
[2.267s] Level 1:colcon.colcon_core.package_identification:_identify(src) by extension 'ros'
[2.267s] Level 1:colcon.colcon_core.package_identification:_identify(src) by extensions ['cmake', 'python']
[2.267s] Level 1:colcon.colcon_core.package_identification:_identify(src) by extension 'cmake'
[2.267s] Level 1:colcon.colcon_core.package_identification:_identify(src) by extension 'python'
[2.267s] Level 1:colcon.colcon_core.package_identification:_identify(src) by extensions ['python_setup_py']
[2.267s] Level 1:colcon.colcon_core.package_identification:_identify(src) by extension 'python_setup_py'
[2.267s] Level 1:colcon.colcon_core.package_identification:_identify(src/cam_interface) by extensions ['ignore', 'ignore_ament_install']
[2.267s] Level 1:colcon.colcon_core.package_identification:_identify(src/cam_interface) by extension 'ignore'
[2.267s] Level 1:colcon.colcon_core.package_identification:_identify(src/cam_interface) by extension 'ignore_ament_install'
[2.268s] Level 1:colcon.colcon_core.package_identification:_identify(src/cam_interface) by extensions ['colcon_pkg']
[2.268s] Level 1:colcon.colcon_core.package_identification:_identify(src/cam_interface) by extension 'colcon_pkg'
[2.268s] Level 1:colcon.colcon_core.package_identification:_identify(src/cam_interface) by extensions ['colcon_meta']
[2.268s] Level 1:colcon.colcon_core.package_identification:_identify(src/cam_interface) by extension 'colcon_meta'
[2.268s] Level 1:colcon.colcon_core.package_identification:_identify(src/cam_interface) by extensions ['ros']
[2.268s] Level 1:colcon.colcon_core.package_identification:_identify(src/cam_interface) by extension 'ros'
[2.273s] DEBUG:colcon.colcon_core.package_identification:Package 'src/cam_interface' with type 'ros.ament_cmake' and name 'cam_interface'
[2.273s] Level 1:colcon.colcon_core.package_identification:_identify(src/cam_pub_sub) by extensions ['ignore', 'ignore_ament_install']
[2.273s] Level 1:colcon.colcon_core.package_identification:_identify(src/cam_pub_sub) by extension 'ignore'
[2.273s] Level 1:colcon.colcon_core.package_identification:_identify(src/cam_pub_sub) by extension 'ignore_ament_install'
[2.273s] Level 1:colcon.colcon_core.package_identification:_identify(src/cam_pub_sub) by extensions ['colcon_pkg']
[2.273s] Level 1:colcon.colcon_core.package_identification:_identify(src/cam_pub_sub) by extension 'colcon_pkg'
[2.274s] Level 1:colcon.colcon_core.package_identification:_identify(src/cam_pub_sub) by extensions ['colcon_meta']
[2.274s] Level 1:colcon.colcon_core.package_identification:_identify(src/cam_pub_sub) by extension 'colcon_meta'
[2.274s] Level 1:colcon.colcon_core.package_identification:_identify(src/cam_pub_sub) by extensions ['ros']
[2.274s] Level 1:colcon.colcon_core.package_identification:_identify(src/cam_pub_sub) by extension 'ros'
[2.275s] DEBUG:colcon.colcon_core.package_identification:Package 'src/cam_pub_sub' with type 'ros.ament_python' and name 'cam_pub_sub'
[2.276s] Level 1:colcon.colcon_core.package_identification:_identify(src/gesture_interface) by extensions ['ignore', 'ignore_ament_install']
[2.276s] Level 1:colcon.colcon_core.package_identification:_identify(src/gesture_interface) by extension 'ignore'
[2.276s] Level 1:colcon.colcon_core.package_identification:_identify(src/gesture_interface) by extension 'ignore_ament_install'
[2.276s] Level 1:colcon.colcon_core.package_identification:_identify(src/gesture_interface) by extensions ['colcon_pkg']
[2.276s] Level 1:colcon.colcon_core.package_identification:_identify(src/gesture_interface) by extension 'colcon_pkg'
[2.276s] Level 1:colcon.colcon_core.package_identification:_identify(src/gesture_interface) by extensions ['colcon_meta']
[2.276s] Level 1:colcon.colcon_core.package_identification:_identify(src/gesture_interface) by extension 'colcon_meta'
[2.276s] Level 1:colcon.colcon_core.package_identification:_identify(src/gesture_interface) by extensions ['ros']
[2.276s] Level 1:colcon.colcon_core.package_identification:_identify(src/gesture_interface) by extension 'ros'
[2.277s] DEBUG:colcon.colcon_core.package_identification:Package 'src/gesture_interface' with type 'ros.ament_cmake' and name 'gesture_interface'
[2.278s] Level 1:colcon.colcon_core.package_identification:_identify(src/gesture_pub_sub) by extensions ['ignore', 'ignore_ament_install']
[2.278s] Level 1:colcon.colcon_core.package_identification:_identify(src/gesture_pub_sub) by extension 'ignore'
[2.278s] Level 1:colcon.colcon_core.package_identification:_identify(src/gesture_pub_sub) by extension 'ignore_ament_install'
[2.278s] Level 1:colcon.colcon_core.package_identification:_identify(src/gesture_pub_sub) by extensions ['colcon_pkg']
[2.278s] Level 1:colcon.colcon_core.package_identification:_identify(src/gesture_pub_sub) by extension 'colcon_pkg'
[2.278s] Level 1:colcon.colcon_core.package_identification:_identify(src/gesture_pub_sub) by extensions ['colcon_meta']
[2.278s] Level 1:colcon.colcon_core.package_identification:_identify(src/gesture_pub_sub) by extension 'colcon_meta'
[2.278s] Level 1:colcon.colcon_core.package_identification:_identify(src/gesture_pub_sub) by extensions ['ros']
[2.278s] Level 1:colcon.colcon_core.package_identification:_identify(src/gesture_pub_sub) by extension 'ros'
[2.280s] DEBUG:colcon.colcon_core.package_identification:Package 'src/gesture_pub_sub' with type 'ros.ament_python' and name 'gesture_pub_sub'
[2.280s] Level 1:colcon.colcon_core.package_identification:_identify(video) by extensions ['ignore', 'ignore_ament_install']
[2.280s] Level 1:colcon.colcon_core.package_identification:_identify(video) by extension 'ignore'
[2.280s] Level 1:colcon.colcon_core.package_identification:_identify(video) by extension 'ignore_ament_install'
[2.280s] Level 1:colcon.colcon_core.package_identification:_identify(video) by extensions ['colcon_pkg']
[2.280s] Level 1:colcon.colcon_core.package_identification:_identify(video) by extension 'colcon_pkg'
[2.281s] Level 1:colcon.colcon_core.package_identification:_identify(video) by extensions ['colcon_meta']
[2.281s] Level 1:colcon.colcon_core.package_identification:_identify(video) by extension 'colcon_meta'
[2.281s] Level 1:colcon.colcon_core.package_identification:_identify(video) by extensions ['ros']
[2.281s] Level 1:colcon.colcon_core.package_identification:_identify(video) by extension 'ros'
[2.281s] Level 1:colcon.colcon_core.package_identification:_identify(video) by extensions ['cmake', 'python']
[2.281s] Level 1:colcon.colcon_core.package_identification:_identify(video) by extension 'cmake'
[2.281s] Level 1:colcon.colcon_core.package_identification:_identify(video) by extension 'python'
[2.281s] Level 1:colcon.colcon_core.package_identification:_identify(video) by extensions ['python_setup_py']
[2.281s] Level 1:colcon.colcon_core.package_identification:_identify(video) by extension 'python_setup_py'
[2.281s] Level 1:colcon.colcon_core.package_discovery:discover_packages(recursive) using defaults
[2.281s] Level 1:colcon.colcon_core.package_discovery:discover_packages(ignore) discover
[2.281s] Level 1:colcon.colcon_core.package_discovery:discover_packages(ignore) using defaults
[2.281s] Level 1:colcon.colcon_core.package_discovery:discover_packages(path) discover
[2.281s] Level 1:colcon.colcon_core.package_discovery:discover_packages(path) using defaults
[2.446s] Level 1:colcon.colcon_core.package_discovery:discover_packages(prefix_path) check parameters
[2.446s] Level 1:colcon.colcon_core.package_discovery:discover_packages(prefix_path) discover
[2.499s] DEBUG:colcon.colcon_installed_package_information.package_discovery:Found 4 installed packages in /home/akash/new_ros_ws/install
[2.526s] DEBUG:colcon.colcon_installed_package_information.package_discovery:Found 270 installed packages in /opt/ros/humble
[2.529s] Level 1:colcon.colcon_core.package_discovery:discover_packages(prefix_path) using defaults
[2.701s] Level 5:colcon.colcon_core.verb:set package 'cam_interface' build argument 'cmake_args' from command line to 'None'
[2.701s] Level 5:colcon.colcon_core.verb:set package 'cam_interface' build argument 'cmake_target' from command line to 'None'
[2.701s] Level 5:colcon.colcon_core.verb:set package 'cam_interface' build argument 'cmake_target_skip_unavailable' from command line to 'False'
[2.701s] Level 5:colcon.colcon_core.verb:set package 'cam_interface' build argument 'cmake_clean_cache' from command line to 'False'
[2.701s] Level 5:colcon.colcon_core.verb:set package 'cam_interface' build argument 'cmake_clean_first' from command line to 'False'
[2.701s] Level 5:colcon.colcon_core.verb:set package 'cam_interface' build argument 'cmake_force_configure' from command line to 'False'
[2.701s] Level 5:colcon.colcon_core.verb:set package 'cam_interface' build argument 'ament_cmake_args' from command line to 'None'
[2.701s] Level 5:colcon.colcon_core.verb:set package 'cam_interface' build argument 'catkin_cmake_args' from command line to 'None'
[2.702s] Level 5:colcon.colcon_core.verb:set package 'cam_interface' build argument 'catkin_skip_building_tests' from command line to 'False'
[2.702s] DEBUG:colcon.colcon_core.verb:Building package 'cam_interface' with the following arguments: {'ament_cmake_args': None, 'build_base': '/home/akash/new_ros_ws/build/cam_interface', 'catkin_cmake_args': None, 'catkin_skip_building_tests': False, 'cmake_args': None, 'cmake_clean_cache': False, 'cmake_clean_first': False, 'cmake_force_configure': False, 'cmake_target': None, 'cmake_target_skip_unavailable': False, 'install_base': '/home/akash/new_ros_ws/install/cam_interface', 'merge_install': False, 'path': '/home/akash/new_ros_ws/src/cam_interface', 'symlink_install': False, 'test_result_base': None}
[2.734s] Level 5:colcon.colcon_core.verb:set package 'gesture_interface' build argument 'cmake_args' from command line to 'None'
[2.734s] Level 5:colcon.colcon_core.verb:set package 'gesture_interface' build argument 'cmake_target' from command line to 'None'
[2.734s] Level 5:colcon.colcon_core.verb:set package 'gesture_interface' build argument 'cmake_target_skip_unavailable' from command line to 'False'
[2.734s] Level 5:colcon.colcon_core.verb:set package 'gesture_interface' build argument 'cmake_clean_cache' from command line to 'False'
[2.734s] Level 5:colcon.colcon_core.verb:set package 'gesture_interface' build argument 'cmake_clean_first' from command line to 'False'
[2.734s] Level 5:colcon.colcon_core.verb:set package 'gesture_interface' build argument 'cmake_force_configure' from command line to 'False'
[2.734s] Level 5:colcon.colcon_core.verb:set package 'gesture_interface' build argument 'ament_cmake_args' from command line to 'None'
[2.734s] Level 5:colcon.colcon_core.verb:set package 'gesture_interface' build argument 'catkin_cmake_args' from command line to 'None'
[2.734s] Level 5:colcon.colcon_core.verb:set package 'gesture_interface' build argument 'catkin_skip_building_tests' from command line to 'False'
[2.735s] DEBUG:colcon.colcon_core.verb:Building package 'gesture_interface' with the following arguments: {'ament_cmake_args': None, 'build_base': '/home/akash/new_ros_ws/build/gesture_interface', 'catkin_cmake_args': None, 'catkin_skip_building_tests': False, 'cmake_args': None, 'cmake_clean_cache': False, 'cmake_clean_first': False, 'cmake_force_configure': False, 'cmake_target': None, 'cmake_target_skip_unavailable': False, 'install_base': '/home/akash/new_ros_ws/install/gesture_interface', 'merge_install': False, 'path': '/home/akash/new_ros_ws/src/gesture_interface', 'symlink_install': False, 'test_result_base': None}
[2.759s] Level 5:colcon.colcon_core.verb:set package 'cam_pub_sub' build argument 'cmake_args' from command line to 'None'
[2.760s] Level 5:colcon.colcon_core.verb:set package 'cam_pub_sub' build argument 'cmake_target' from command line to 'None'
[2.760s] Level 5:colcon.colcon_core.verb:set package 'cam_pub_sub' build argument 'cmake_target_skip_unavailable' from command line to 'False'
[2.760s] Level 5:colcon.colcon_core.verb:set package 'cam_pub_sub' build argument 'cmake_clean_cache' from command line to 'False'
[2.760s] Level 5:colcon.colcon_core.verb:set package 'cam_pub_sub' build argument 'cmake_clean_first' from command line to 'False'
[2.760s] Level 5:colcon.colcon_core.verb:set package 'cam_pub_sub' build argument 'cmake_force_configure' from command line to 'False'
[2.760s] Level 5:colcon.colcon_core.verb:set package 'cam_pub_sub' build argument 'ament_cmake_args' from command line to 'None'
[2.760s] Level 5:colcon.colcon_core.verb:set package 'cam_pub_sub' build argument 'catkin_cmake_args' from command line to 'None'
[2.760s] Level 5:colcon.colcon_core.verb:set package 'cam_pub_sub' build argument 'catkin_skip_building_tests' from command line to 'False'
[2.760s] DEBUG:colcon.colcon_core.verb:Building package 'cam_pub_sub' with the following arguments: {'ament_cmake_args': None, 'build_base': '/home/akash/new_ros_ws/build/cam_pub_sub', 'catkin_cmake_args': None, 'catkin_skip_building_tests': False, 'cmake_args': None, 'cmake_clean_cache': False, 'cmake_clean_first': False, 'cmake_force_configure': False, 'cmake_target': None, 'cmake_target_skip_unavailable': False, 'install_base': '/home/akash/new_ros_ws/install/cam_pub_sub', 'merge_install': False, 'path': '/home/akash/new_ros_ws/src/cam_pub_sub', 'symlink_install': False, 'test_result_base': None}
[2.785s] Level 5:colcon.colcon_core.verb:set package 'gesture_pub_sub' build argument 'cmake_args' from command line to 'None'
[2.785s] Level 5:colcon.colcon_core.verb:set package 'gesture_pub_sub' build argument 'cmake_target' from command line to 'None'
[2.785s] Level 5:colcon.colcon_core.verb:set package 'gesture_pub_sub' build argument 'cmake_target_skip_unavailable' from command line to 'False'
[2.785s] Level 5:colcon.colcon_core.verb:set package 'gesture_pub_sub' build argument 'cmake_clean_cache' from command line to 'False'
[2.785s] Level 5:colcon.colcon_core.verb:set package 'gesture_pub_sub' build argument 'cmake_clean_first' from command line to 'False'
[2.785s] Level 5:colcon.colcon_core.verb:set package 'gesture_pub_sub' build argument 'cmake_force_configure' from command line to 'False'
[2.786s] Level 5:colcon.colcon_core.verb:set package 'gesture_pub_sub' build argument 'ament_cmake_args' from command line to 'None'
[2.786s] Level 5:colcon.colcon_core.verb:set package 'gesture_pub_sub' build argument 'catkin_cmake_args' from command line to 'None'
[2.786s] Level 5:colcon.colcon_core.verb:set package 'gesture_pub_sub' build argument 'catkin_skip_building_tests' from command line to 'False'
[2.786s] DEBUG:colcon.colcon_core.verb:Building package 'gesture_pub_sub' with the following arguments: {'ament_cmake_args': None, 'build_base': '/home/akash/new_ros_ws/build/gesture_pub_sub', 'catkin_cmake_args': None, 'catkin_skip_building_tests': False, 'cmake_args': None, 'cmake_clean_cache': False, 'cmake_clean_first': False, 'cmake_force_configure': False, 'cmake_target': None, 'cmake_target_skip_unavailable': False, 'install_base': '/home/akash/new_ros_ws/install/gesture_pub_sub', 'merge_install': False, 'path': '/home/akash/new_ros_ws/src/gesture_pub_sub', 'symlink_install': False, 'test_result_base': None}
[2.812s] INFO:colcon.colcon_core.executor:Executing jobs using 'parallel' executor
[2.838s] DEBUG:colcon.colcon_parallel_executor.executor.parallel:run_until_complete
[2.838s] INFO:colcon.colcon_ros.task.ament_cmake.build:Building ROS package in '/home/akash/new_ros_ws/src/cam_interface' with build type 'ament_cmake'
[2.839s] INFO:colcon.colcon_cmake.task.cmake.build:Building CMake package in '/home/akash/new_ros_ws/src/cam_interface'
[2.870s] INFO:colcon.colcon_core.plugin_system:Skipping extension 'colcon_core.shell.bat': Not used on non-Windows systems
[2.871s] INFO:colcon.colcon_core.shell:Skip shell extension 'powershell' for command environment: Not usable outside of PowerShell
[2.871s] DEBUG:colcon.colcon_core.shell:Skip shell extension 'dsv' for command environment
[2.963s] INFO:colcon.colcon_ros.task.ament_cmake.build:Building ROS package in '/home/akash/new_ros_ws/src/gesture_interface' with build type 'ament_cmake'
[2.964s] INFO:colcon.colcon_cmake.task.cmake.build:Building CMake package in '/home/akash/new_ros_ws/src/gesture_interface'
[2.992s] INFO:colcon.colcon_core.shell:Skip shell extension 'powershell' for command environment: Not usable outside of PowerShell
[2.992s] DEBUG:colcon.colcon_core.shell:Skip shell extension 'dsv' for command environment
[3.089s] DEBUG:colcon.colcon_core.event_handler.log_command:Invoking command in '/home/akash/new_ros_ws/build/cam_interface': CMAKE_PREFIX_PATH=${CMAKE_PREFIX_PATH}:/home/akash/new_ros_ws/install/gesture_pub_sub:/home/akash/new_ros_ws/install/cam_pub_sub:/opt/ros/humble /usr/bin/cmake --build /home/akash/new_ros_ws/build/cam_interface -- -j12 -l12
[3.102s] DEBUG:colcon.colcon_core.event_handler.log_command:Invoking command in '/home/akash/new_ros_ws/build/gesture_interface': CMAKE_PREFIX_PATH=${CMAKE_PREFIX_PATH}:/home/akash/new_ros_ws/install/gesture_pub_sub:/home/akash/new_ros_ws/install/cam_pub_sub:/opt/ros/humble /usr/bin/cmake --build /home/akash/new_ros_ws/build/gesture_interface -- -j12 -l12
[3.833s] DEBUG:colcon.colcon_core.event_handler.log_command:Invoked command in '/home/akash/new_ros_ws/build/gesture_interface' returned '0': CMAKE_PREFIX_PATH=${CMAKE_PREFIX_PATH}:/home/akash/new_ros_ws/install/gesture_pub_sub:/home/akash/new_ros_ws/install/cam_pub_sub:/opt/ros/humble /usr/bin/cmake --build /home/akash/new_ros_ws/build/gesture_interface -- -j12 -l12
[3.842s] DEBUG:colcon.colcon_core.event_handler.log_command:Invoked command in '/home/akash/new_ros_ws/build/cam_interface' returned '0': CMAKE_PREFIX_PATH=${CMAKE_PREFIX_PATH}:/home/akash/new_ros_ws/install/gesture_pub_sub:/home/akash/new_ros_ws/install/cam_pub_sub:/opt/ros/humble /usr/bin/cmake --build /home/akash/new_ros_ws/build/cam_interface -- -j12 -l12
[3.966s] DEBUG:colcon.colcon_core.event_handler.log_command:Invoking command in '/home/akash/new_ros_ws/build/gesture_interface': CMAKE_PREFIX_PATH=${CMAKE_PREFIX_PATH}:/home/akash/new_ros_ws/install/gesture_pub_sub:/home/akash/new_ros_ws/install/cam_pub_sub:/opt/ros/humble /usr/bin/cmake --install /home/akash/new_ros_ws/build/gesture_interface
[3.974s] DEBUG:colcon.colcon_core.event_handler.log_command:Invoking command in '/home/akash/new_ros_ws/build/cam_interface': CMAKE_PREFIX_PATH=${CMAKE_PREFIX_PATH}:/home/akash/new_ros_ws/install/gesture_pub_sub:/home/akash/new_ros_ws/install/cam_pub_sub:/opt/ros/humble /usr/bin/cmake --install /home/akash/new_ros_ws/build/cam_interface
[4.094s] Level 1:colcon.colcon_core.environment:create_environment_scripts_only(gesture_interface)
[4.133s] DEBUG:colcon.colcon_core.event_handler.log_command:Invoked command in '/home/akash/new_ros_ws/build/gesture_interface' returned '0': CMAKE_PREFIX_PATH=${CMAKE_PREFIX_PATH}:/home/akash/new_ros_ws/install/gesture_pub_sub:/home/akash/new_ros_ws/install/cam_pub_sub:/opt/ros/humble /usr/bin/cmake --install /home/akash/new_ros_ws/build/gesture_interface
[4.149s] Level 1:colcon.colcon_core.environment:checking '/home/akash/new_ros_ws/install/gesture_interface' for CMake module files
[4.150s] Level 1:colcon.colcon_core.environment:checking '/home/akash/new_ros_ws/install/gesture_interface' for CMake config files
[4.150s] Level 1:colcon.colcon_core.shell:create_environment_hook('gesture_interface', 'cmake_prefix_path')
[4.182s] INFO:colcon.colcon_core.shell:Creating environment hook '/home/akash/new_ros_ws/install/gesture_interface/share/gesture_interface/hook/cmake_prefix_path.ps1'
[4.183s] INFO:colcon.colcon_core.shell:Creating environment descriptor '/home/akash/new_ros_ws/install/gesture_interface/share/gesture_interface/hook/cmake_prefix_path.dsv'
[4.184s] INFO:colcon.colcon_core.shell:Creating environment hook '/home/akash/new_ros_ws/install/gesture_interface/share/gesture_interface/hook/cmake_prefix_path.sh'
[4.185s] Level 1:colcon.colcon_core.environment:checking '/home/akash/new_ros_ws/install/gesture_interface/lib'
[4.185s] Level 1:colcon.colcon_core.shell:create_environment_hook('gesture_interface', 'ld_library_path_lib')
[4.214s] INFO:colcon.colcon_core.shell:Creating environment hook '/home/akash/new_ros_ws/install/gesture_interface/share/gesture_interface/hook/ld_library_path_lib.ps1'
[4.215s] INFO:colcon.colcon_core.shell:Creating environment descriptor '/home/akash/new_ros_ws/install/gesture_interface/share/gesture_interface/hook/ld_library_path_lib.dsv'
[4.215s] INFO:colcon.colcon_core.shell:Creating environment hook '/home/akash/new_ros_ws/install/gesture_interface/share/gesture_interface/hook/ld_library_path_lib.sh'
[4.216s] Level 1:colcon.colcon_core.environment:checking '/home/akash/new_ros_ws/install/gesture_interface/bin'
[4.216s] Level 1:colcon.colcon_core.environment:checking '/home/akash/new_ros_ws/install/gesture_interface/lib/pkgconfig/gesture_interface.pc'
[4.216s] Level 1:colcon.colcon_core.environment:checking '/home/akash/new_ros_ws/install/gesture_interface/lib/python3.10/site-packages'
[4.217s] Level 1:colcon.colcon_core.environment:checking '/home/akash/new_ros_ws/install/gesture_interface/bin'
[4.244s] INFO:colcon.colcon_core.shell:Creating package script '/home/akash/new_ros_ws/install/gesture_interface/share/gesture_interface/package.ps1'
[4.246s] INFO:colcon.colcon_core.shell:Creating package descriptor '/home/akash/new_ros_ws/install/gesture_interface/share/gesture_interface/package.dsv'
[4.247s] INFO:colcon.colcon_core.shell:Creating package script '/home/akash/new_ros_ws/install/gesture_interface/share/gesture_interface/package.sh'
[4.248s] INFO:colcon.colcon_core.shell:Creating package script '/home/akash/new_ros_ws/install/gesture_interface/share/gesture_interface/package.bash'
[4.250s] INFO:colcon.colcon_core.shell:Creating package script '/home/akash/new_ros_ws/install/gesture_interface/share/gesture_interface/package.zsh'
[4.252s] Level 1:colcon.colcon_core.environment:create_file_with_runtime_dependencies(/home/akash/new_ros_ws/install/gesture_interface/share/colcon-core/packages/gesture_interface)
[4.255s] Level 1:colcon.colcon_core.environment:create_environment_scripts_only(cam_interface)
[4.257s] DEBUG:colcon.colcon_core.event_handler.log_command:Invoked command in '/home/akash/new_ros_ws/build/cam_interface' returned '0': CMAKE_PREFIX_PATH=${CMAKE_PREFIX_PATH}:/home/akash/new_ros_ws/install/gesture_pub_sub:/home/akash/new_ros_ws/install/cam_pub_sub:/opt/ros/humble /usr/bin/cmake --install /home/akash/new_ros_ws/build/cam_interface
[4.286s] Level 1:colcon.colcon_core.environment:checking '/home/akash/new_ros_ws/install/cam_interface' for CMake module files
[4.287s] Level 1:colcon.colcon_core.environment:checking '/home/akash/new_ros_ws/install/cam_interface' for CMake config files
[4.288s] Level 1:colcon.colcon_core.shell:create_environment_hook('cam_interface', 'cmake_prefix_path')
[4.316s] INFO:colcon.colcon_core.shell:Creating environment hook '/home/akash/new_ros_ws/install/cam_interface/share/cam_interface/hook/cmake_prefix_path.ps1'
[4.317s] INFO:colcon.colcon_core.shell:Creating environment descriptor '/home/akash/new_ros_ws/install/cam_interface/share/cam_interface/hook/cmake_prefix_path.dsv'
[4.317s] INFO:colcon.colcon_core.shell:Creating environment hook '/home/akash/new_ros_ws/install/cam_interface/share/cam_interface/hook/cmake_prefix_path.sh'
[4.318s] Level 1:colcon.colcon_core.environment:checking '/home/akash/new_ros_ws/install/cam_interface/lib'
[4.318s] Level 1:colcon.colcon_core.shell:create_environment_hook('cam_interface', 'ld_library_path_lib')
[4.347s] INFO:colcon.colcon_core.shell:Creating environment hook '/home/akash/new_ros_ws/install/cam_interface/share/cam_interface/hook/ld_library_path_lib.ps1'
[4.347s] INFO:colcon.colcon_core.shell:Creating environment descriptor '/home/akash/new_ros_ws/install/cam_interface/share/cam_interface/hook/ld_library_path_lib.dsv'
[4.348s] INFO:colcon.colcon_core.shell:Creating environment hook '/home/akash/new_ros_ws/install/cam_interface/share/cam_interface/hook/ld_library_path_lib.sh'
[4.348s] Level 1:colcon.colcon_core.environment:checking '/home/akash/new_ros_ws/install/cam_interface/bin'
[4.349s] Level 1:colcon.colcon_core.environment:checking '/home/akash/new_ros_ws/install/cam_interface/lib/pkgconfig/cam_interface.pc'
[4.349s] Level 1:colcon.colcon_core.environment:checking '/home/akash/new_ros_ws/install/cam_interface/lib/python3.10/site-packages'
[4.349s] Level 1:colcon.colcon_core.environment:checking '/home/akash/new_ros_ws/install/cam_interface/bin'
[4.391s] INFO:colcon.colcon_core.shell:Creating package script '/home/akash/new_ros_ws/install/cam_interface/share/cam_interface/package.ps1'
[4.392s] INFO:colcon.colcon_core.shell:Creating package descriptor '/home/akash/new_ros_ws/install/cam_interface/share/cam_interface/package.dsv'
[4.392s] INFO:colcon.colcon_core.shell:Creating package script '/home/akash/new_ros_ws/install/cam_interface/share/cam_interface/package.sh'
[4.393s] INFO:colcon.colcon_core.shell:Creating package script '/home/akash/new_ros_ws/install/cam_interface/share/cam_interface/package.bash'
[4.394s] INFO:colcon.colcon_core.shell:Creating package script '/home/akash/new_ros_ws/install/cam_interface/share/cam_interface/package.zsh'
[4.395s] Level 1:colcon.colcon_core.environment:create_file_with_runtime_dependencies(/home/akash/new_ros_ws/install/cam_interface/share/colcon-core/packages/cam_interface)
[4.427s] Level 1:colcon.colcon_core.environment:create_environment_scripts_only(gesture_interface)
[4.458s] Level 1:colcon.colcon_core.environment:checking '/home/akash/new_ros_ws/install/gesture_interface' for CMake module files
[4.460s] Level 1:colcon.colcon_core.environment:checking '/home/akash/new_ros_ws/install/gesture_interface' for CMake config files
[4.460s] Level 1:colcon.colcon_core.shell:create_environment_hook('gesture_interface', 'cmake_prefix_path')
[4.486s] INFO:colcon.colcon_core.shell:Creating environment hook '/home/akash/new_ros_ws/install/gesture_interface/share/gesture_interface/hook/cmake_prefix_path.ps1'
[4.487s] INFO:colcon.colcon_core.shell:Creating environment descriptor '/home/akash/new_ros_ws/install/gesture_interface/share/gesture_interface/hook/cmake_prefix_path.dsv'
[4.487s] INFO:colcon.colcon_core.shell:Creating environment hook '/home/akash/new_ros_ws/install/gesture_interface/share/gesture_interface/hook/cmake_prefix_path.sh'
[4.489s] Level 1:colcon.colcon_core.environment:checking '/home/akash/new_ros_ws/install/gesture_interface/lib'
[4.489s] Level 1:colcon.colcon_core.shell:create_environment_hook('gesture_interface', 'ld_library_path_lib')
[4.520s] INFO:colcon.colcon_core.shell:Creating environment hook '/home/akash/new_ros_ws/install/gesture_interface/share/gesture_interface/hook/ld_library_path_lib.ps1'
[4.520s] INFO:colcon.colcon_core.shell:Creating environment descriptor '/home/akash/new_ros_ws/install/gesture_interface/share/gesture_interface/hook/ld_library_path_lib.dsv'
[4.521s] INFO:colcon.colcon_core.shell:Creating environment hook '/home/akash/new_ros_ws/install/gesture_interface/share/gesture_interface/hook/ld_library_path_lib.sh'
[4.522s] Level 1:colcon.colcon_core.environment:checking '/home/akash/new_ros_ws/install/gesture_interface/bin'
[4.522s] Level 1:colcon.colcon_core.environment:checking '/home/akash/new_ros_ws/install/gesture_interface/lib/pkgconfig/gesture_interface.pc'
[4.522s] Level 1:colcon.colcon_core.environment:checking '/home/akash/new_ros_ws/install/gesture_interface/lib/python3.10/site-packages'
[4.522s] Level 1:colcon.colcon_core.environment:checking '/home/akash/new_ros_ws/install/gesture_interface/bin'
[4.549s] INFO:colcon.colcon_core.shell:Creating package script '/home/akash/new_ros_ws/install/gesture_interface/share/gesture_interface/package.ps1'
[4.550s] INFO:colcon.colcon_core.shell:Creating package descriptor '/home/akash/new_ros_ws/install/gesture_interface/share/gesture_interface/package.dsv'
[4.551s] INFO:colcon.colcon_core.shell:Creating package script '/home/akash/new_ros_ws/install/gesture_interface/share/gesture_interface/package.sh'
[4.551s] INFO:colcon.colcon_core.shell:Creating package script '/home/akash/new_ros_ws/install/gesture_interface/share/gesture_interface/package.bash'
[4.552s] INFO:colcon.colcon_core.shell:Creating package script '/home/akash/new_ros_ws/install/gesture_interface/share/gesture_interface/package.zsh'
[4.552s] Level 1:colcon.colcon_core.environment:create_file_with_runtime_dependencies(/home/akash/new_ros_ws/install/gesture_interface/share/colcon-core/packages/gesture_interface)
[4.583s] Level 1:colcon.colcon_core.environment:create_environment_scripts_only(cam_interface)
[4.614s] Level 1:colcon.colcon_core.environment:checking '/home/akash/new_ros_ws/install/cam_interface' for CMake module files
[4.614s] Level 1:colcon.colcon_core.environment:checking '/home/akash/new_ros_ws/install/cam_interface' for CMake config files
[4.615s] Level 1:colcon.colcon_core.shell:create_environment_hook('cam_interface', 'cmake_prefix_path')
[4.641s] INFO:colcon.colcon_core.shell:Creating environment hook '/home/akash/new_ros_ws/install/cam_interface/share/cam_interface/hook/cmake_prefix_path.ps1'
[4.641s] INFO:colcon.colcon_core.shell:Creating environment descriptor '/home/akash/new_ros_ws/install/cam_interface/share/cam_interface/hook/cmake_prefix_path.dsv'
[4.642s] INFO:colcon.colcon_core.shell:Creating environment hook '/home/akash/new_ros_ws/install/cam_interface/share/cam_interface/hook/cmake_prefix_path.sh'
[4.642s] Level 1:colcon.colcon_core.environment:checking '/home/akash/new_ros_ws/install/cam_interface/lib'
[4.643s] Level 1:colcon.colcon_core.shell:create_environment_hook('cam_interface', 'ld_library_path_lib')
[4.669s] INFO:colcon.colcon_core.shell:Creating environment hook '/home/akash/new_ros_ws/install/cam_interface/share/cam_interface/hook/ld_library_path_lib.ps1'
[4.670s] INFO:colcon.colcon_core.shell:Creating environment descriptor '/home/akash/new_ros_ws/install/cam_interface/share/cam_interface/hook/ld_library_path_lib.dsv'
[4.670s] INFO:colcon.colcon_core.shell:Creating environment hook '/home/akash/new_ros_ws/install/cam_interface/share/cam_interface/hook/ld_library_path_lib.sh'
[4.671s] Level 1:colcon.colcon_core.environment:checking '/home/akash/new_ros_ws/install/cam_interface/bin'
[4.671s] Level 1:colcon.colcon_core.environment:checking '/home/akash/new_ros_ws/install/cam_interface/lib/pkgconfig/cam_interface.pc'
[4.671s] Level 1:colcon.colcon_core.environment:checking '/home/akash/new_ros_ws/install/cam_interface/lib/python3.10/site-packages'
[4.672s] Level 1:colcon.colcon_core.environment:checking '/home/akash/new_ros_ws/install/cam_interface/bin'
[4.699s] INFO:colcon.colcon_core.shell:Creating package script '/home/akash/new_ros_ws/install/cam_interface/share/cam_interface/package.ps1'
[4.700s] INFO:colcon.colcon_core.shell:Creating package descriptor '/home/akash/new_ros_ws/install/cam_interface/share/cam_interface/package.dsv'
[4.701s] INFO:colcon.colcon_core.shell:Creating package script '/home/akash/new_ros_ws/install/cam_interface/share/cam_interface/package.sh'
[4.702s] INFO:colcon.colcon_core.shell:Creating package script '/home/akash/new_ros_ws/install/cam_interface/share/cam_interface/package.bash'
[4.703s] INFO:colcon.colcon_core.shell:Creating package script '/home/akash/new_ros_ws/install/cam_interface/share/cam_interface/package.zsh'
[4.703s] Level 1:colcon.colcon_core.environment:create_file_with_runtime_dependencies(/home/akash/new_ros_ws/install/cam_interface/share/colcon-core/packages/cam_interface)
[4.705s] INFO:colcon.colcon_ros.task.ament_python.build:Building ROS package in '/home/akash/new_ros_ws/src/cam_pub_sub' with build type 'ament_python'
[4.705s] Level 1:colcon.colcon_core.shell:create_environment_hook('cam_pub_sub', 'ament_prefix_path')
[4.734s] INFO:colcon.colcon_core.shell:Creating environment hook '/home/akash/new_ros_ws/install/cam_pub_sub/share/cam_pub_sub/hook/ament_prefix_path.ps1'
[4.735s] INFO:colcon.colcon_core.shell:Creating environment descriptor '/home/akash/new_ros_ws/install/cam_pub_sub/share/cam_pub_sub/hook/ament_prefix_path.dsv'
[4.735s] INFO:colcon.colcon_core.shell:Creating environment hook '/home/akash/new_ros_ws/install/cam_pub_sub/share/cam_pub_sub/hook/ament_prefix_path.sh'
[4.765s] INFO:colcon.colcon_core.shell:Skip shell extension 'powershell' for command environment: Not usable outside of PowerShell
[4.765s] DEBUG:colcon.colcon_core.shell:Skip shell extension 'dsv' for command environment
[5.758s] INFO:colcon.colcon_core.task.python.build:Building Python package in '/home/akash/new_ros_ws/src/cam_pub_sub'
[5.786s] INFO:colcon.colcon_core.shell:Skip shell extension 'powershell' for command environment: Not usable outside of PowerShell
[5.786s] DEBUG:colcon.colcon_core.shell:Skip shell extension 'dsv' for command environment
[6.813s] DEBUG:colcon.colcon_core.event_handler.log_command:Invoking command in '/home/akash/new_ros_ws/src/cam_pub_sub': CMAKE_PREFIX_PATH=/home/akash/new_ros_ws/install/cam_interface:/home/akash/new_ros_ws/install/gesture_interface LD_LIBRARY_PATH=/home/akash/new_ros_ws/install/cam_interface/lib:/home/akash/new_ros_ws/install/gesture_interface/lib:/opt/ros/humble/opt/rviz_ogre_vendor/lib:/opt/ros/humble/lib/x86_64-linux-gnu:/opt/ros/humble/lib PYTHONPATH=/home/akash/new_ros_ws/build/cam_pub_sub/prefix_override:/home/akash/new_ros_ws/install/cam_pub_sub/lib/python3.10/site-packages:${PYTHONPATH} /usr/bin/python3 setup.py egg_info --egg-base ../../build/cam_pub_sub build --build-base /home/akash/new_ros_ws/build/cam_pub_sub/build install --record /home/akash/new_ros_ws/build/cam_pub_sub/install.log --single-version-externally-managed
[7.321s] DEBUG:colcon.colcon_core.event_handler.log_command:Invoked command in '/home/akash/new_ros_ws/src/cam_pub_sub' returned '0': CMAKE_PREFIX_PATH=/home/akash/new_ros_ws/install/cam_interface:/home/akash/new_ros_ws/install/gesture_interface LD_LIBRARY_PATH=/home/akash/new_ros_ws/install/cam_interface/lib:/home/akash/new_ros_ws/install/gesture_interface/lib:/opt/ros/humble/opt/rviz_ogre_vendor/lib:/opt/ros/humble/lib/x86_64-linux-gnu:/opt/ros/humble/lib PYTHONPATH=/home/akash/new_ros_ws/build/cam_pub_sub/prefix_override:/home/akash/new_ros_ws/install/cam_pub_sub/lib/python3.10/site-packages:${PYTHONPATH} /usr/bin/python3 setup.py egg_info --egg-base ../../build/cam_pub_sub build --build-base /home/akash/new_ros_ws/build/cam_pub_sub/build install --record /home/akash/new_ros_ws/build/cam_pub_sub/install.log --single-version-externally-managed
[7.345s] Level 1:colcon.colcon_core.environment:checking '/home/akash/new_ros_ws/install/cam_pub_sub' for CMake module files
[7.346s] Level 1:colcon.colcon_core.environment:checking '/home/akash/new_ros_ws/install/cam_pub_sub' for CMake config files
[7.347s] Level 1:colcon.colcon_core.environment:checking '/home/akash/new_ros_ws/install/cam_pub_sub/lib'
[7.347s] Level 1:colcon.colcon_core.environment:checking '/home/akash/new_ros_ws/install/cam_pub_sub/bin'
[7.347s] Level 1:colcon.colcon_core.environment:checking '/home/akash/new_ros_ws/install/cam_pub_sub/lib/pkgconfig/cam_pub_sub.pc'
[7.347s] Level 1:colcon.colcon_core.environment:checking '/home/akash/new_ros_ws/install/cam_pub_sub/lib/python3.10/site-packages'
[7.348s] Level 1:colcon.colcon_core.shell:create_environment_hook('cam_pub_sub', 'pythonpath')
[7.376s] INFO:colcon.colcon_core.shell:Creating environment hook '/home/akash/new_ros_ws/install/cam_pub_sub/share/cam_pub_sub/hook/pythonpath.ps1'
[7.376s] INFO:colcon.colcon_core.shell:Creating environment descriptor '/home/akash/new_ros_ws/install/cam_pub_sub/share/cam_pub_sub/hook/pythonpath.dsv'
[7.377s] INFO:colcon.colcon_core.shell:Creating environment hook '/home/akash/new_ros_ws/install/cam_pub_sub/share/cam_pub_sub/hook/pythonpath.sh'
[7.378s] Level 1:colcon.colcon_core.environment:checking '/home/akash/new_ros_ws/install/cam_pub_sub/bin'
[7.378s] Level 1:colcon.colcon_core.environment:create_environment_scripts_only(cam_pub_sub)
[7.402s] INFO:colcon.colcon_core.shell:Creating package script '/home/akash/new_ros_ws/install/cam_pub_sub/share/cam_pub_sub/package.ps1'
[7.403s] INFO:colcon.colcon_core.shell:Creating package descriptor '/home/akash/new_ros_ws/install/cam_pub_sub/share/cam_pub_sub/package.dsv'
[7.404s] INFO:colcon.colcon_core.shell:Creating package script '/home/akash/new_ros_ws/install/cam_pub_sub/share/cam_pub_sub/package.sh'
[7.404s] INFO:colcon.colcon_core.shell:Creating package script '/home/akash/new_ros_ws/install/cam_pub_sub/share/cam_pub_sub/package.bash'
[7.405s] INFO:colcon.colcon_core.shell:Creating package script '/home/akash/new_ros_ws/install/cam_pub_sub/share/cam_pub_sub/package.zsh'
[7.405s] Level 1:colcon.colcon_core.environment:create_file_with_runtime_dependencies(/home/akash/new_ros_ws/install/cam_pub_sub/share/colcon-core/packages/cam_pub_sub)
[7.406s] INFO:colcon.colcon_ros.task.ament_python.build:Building ROS package in '/home/akash/new_ros_ws/src/gesture_pub_sub' with build type 'ament_python'
[7.406s] Level 1:colcon.colcon_core.shell:create_environment_hook('gesture_pub_sub', 'ament_prefix_path')
[7.438s] INFO:colcon.colcon_core.shell:Creating environment hook '/home/akash/new_ros_ws/install/gesture_pub_sub/share/gesture_pub_sub/hook/ament_prefix_path.ps1'
[7.439s] INFO:colcon.colcon_core.shell:Creating environment descriptor '/home/akash/new_ros_ws/install/gesture_pub_sub/share/gesture_pub_sub/hook/ament_prefix_path.dsv'
[7.439s] INFO:colcon.colcon_core.shell:Creating environment hook '/home/akash/new_ros_ws/install/gesture_pub_sub/share/gesture_pub_sub/hook/ament_prefix_path.sh'
[7.465s] INFO:colcon.colcon_core.shell:Skip shell extension 'powershell' for command environment: Not usable outside of PowerShell
[7.465s] DEBUG:colcon.colcon_core.shell:Skip shell extension 'dsv' for command environment
[9.220s] INFO:colcon.colcon_core.task.python.build:Building Python package in '/home/akash/new_ros_ws/src/gesture_pub_sub'
[9.244s] INFO:colcon.colcon_core.shell:Skip shell extension 'powershell' for command environment: Not usable outside of PowerShell
[9.244s] DEBUG:colcon.colcon_core.shell:Skip shell extension 'dsv' for command environment
[11.144s] DEBUG:colcon.colcon_core.event_handler.log_command:Invoking command in '/home/akash/new_ros_ws/src/gesture_pub_sub': AMENT_PREFIX_PATH=/home/akash/new_ros_ws/install/cam_pub_sub:/home/akash/new_ros_ws/install/gesture_pub_sub:/home/akash/new_ros_ws/install/gesture_interface:/home/akash/new_ros_ws/install/cam_interface:/opt/ros/humble PYTHONPATH=/home/akash/new_ros_ws/build/gesture_pub_sub/prefix_override:/home/akash/new_ros_ws/install/gesture_pub_sub/lib/python3.10/site-packages:/home/akash/new_ros_ws/install/cam_pub_sub/lib/python3.10/site-packages:/home/akash/new_ros_ws/install/gesture_pub_sub/lib/python3.10/site-packages:/home/akash/new_ros_ws/install/gesture_interface/local/lib/python3.10/dist-packages:/home/akash/new_ros_ws/install/cam_interface/local/lib/python3.10/dist-packages:/opt/ros/humble/lib/python3.10/site-packages:/opt/ros/humble/local/lib/python3.10/dist-packages /usr/bin/python3 setup.py egg_info --egg-base ../../build/gesture_pub_sub build --build-base /home/akash/new_ros_ws/build/gesture_pub_sub/build install --record /home/akash/new_ros_ws/build/gesture_pub_sub/install.log --install-scripts $base/lib/gesture_pub_sub --single-version-externally-managed
[11.630s] DEBUG:colcon.colcon_core.event_handler.log_command:Invoked command in '/home/akash/new_ros_ws/src/gesture_pub_sub' returned '0': AMENT_PREFIX_PATH=/home/akash/new_ros_ws/install/cam_pub_sub:/home/akash/new_ros_ws/install/gesture_pub_sub:/home/akash/new_ros_ws/install/gesture_interface:/home/akash/new_ros_ws/install/cam_interface:/opt/ros/humble PYTHONPATH=/home/akash/new_ros_ws/build/gesture_pub_sub/prefix_override:/home/akash/new_ros_ws/install/gesture_pub_sub/lib/python3.10/site-packages:/home/akash/new_ros_ws/install/cam_pub_sub/lib/python3.10/site-packages:/home/akash/new_ros_ws/install/gesture_pub_sub/lib/python3.10/site-packages:/home/akash/new_ros_ws/install/gesture_interface/local/lib/python3.10/dist-packages:/home/akash/new_ros_ws/install/cam_interface/local/lib/python3.10/dist-packages:/opt/ros/humble/lib/python3.10/site-packages:/opt/ros/humble/local/lib/python3.10/dist-packages /usr/bin/python3 setup.py egg_info --egg-base ../../build/gesture_pub_sub build --build-base /home/akash/new_ros_ws/build/gesture_pub_sub/build install --record /home/akash/new_ros_ws/build/gesture_pub_sub/install.log --install-scripts $base/lib/gesture_pub_sub --single-version-externally-managed
[11.656s] Level 1:colcon.colcon_core.environment:checking '/home/akash/new_ros_ws/install/gesture_pub_sub' for CMake module files
[11.656s] Level 1:colcon.colcon_core.environment:checking '/home/akash/new_ros_ws/install/gesture_pub_sub' for CMake config files
[11.657s] Level 1:colcon.colcon_core.environment:checking '/home/akash/new_ros_ws/install/gesture_pub_sub/lib'
[11.657s] Level 1:colcon.colcon_core.environment:checking '/home/akash/new_ros_ws/install/gesture_pub_sub/bin'
[11.657s] Level 1:colcon.colcon_core.environment:checking '/home/akash/new_ros_ws/install/gesture_pub_sub/lib/pkgconfig/gesture_pub_sub.pc'
[11.658s] Level 1:colcon.colcon_core.environment:checking '/home/akash/new_ros_ws/install/gesture_pub_sub/lib/python3.10/site-packages'
[11.658s] Level 1:colcon.colcon_core.shell:create_environment_hook('gesture_pub_sub', 'pythonpath')
[11.682s] INFO:colcon.colcon_core.shell:Creating environment hook '/home/akash/new_ros_ws/install/gesture_pub_sub/share/gesture_pub_sub/hook/pythonpath.ps1'
[11.683s] INFO:colcon.colcon_core.shell:Creating environment descriptor '/home/akash/new_ros_ws/install/gesture_pub_sub/share/gesture_pub_sub/hook/pythonpath.dsv'
[11.683s] INFO:colcon.colcon_core.shell:Creating environment hook '/home/akash/new_ros_ws/install/gesture_pub_sub/share/gesture_pub_sub/hook/pythonpath.sh'
[11.684s] Level 1:colcon.colcon_core.environment:checking '/home/akash/new_ros_ws/install/gesture_pub_sub/bin'
[11.684s] Level 1:colcon.colcon_core.environment:create_environment_scripts_only(gesture_pub_sub)
[11.712s] INFO:colcon.colcon_core.shell:Creating package script '/home/akash/new_ros_ws/install/gesture_pub_sub/share/gesture_pub_sub/package.ps1'
[11.713s] INFO:colcon.colcon_core.shell:Creating package descriptor '/home/akash/new_ros_ws/install/gesture_pub_sub/share/gesture_pub_sub/package.dsv'
[11.714s] INFO:colcon.colcon_core.shell:Creating package script '/home/akash/new_ros_ws/install/gesture_pub_sub/share/gesture_pub_sub/package.sh'
[11.715s] INFO:colcon.colcon_core.shell:Creating package script '/home/akash/new_ros_ws/install/gesture_pub_sub/share/gesture_pub_sub/package.bash'
[11.716s] INFO:colcon.colcon_core.shell:Creating package script '/home/akash/new_ros_ws/install/gesture_pub_sub/share/gesture_pub_sub/package.zsh'
[11.716s] Level 1:colcon.colcon_core.environment:create_file_with_runtime_dependencies(/home/akash/new_ros_ws/install/gesture_pub_sub/share/colcon-core/packages/gesture_pub_sub)
[11.717s] DEBUG:colcon.colcon_parallel_executor.executor.parallel:closing loop
[11.717s] DEBUG:colcon.colcon_parallel_executor.executor.parallel:loop closed
[11.717s] DEBUG:colcon.colcon_parallel_executor.executor.parallel:run_until_complete finished with '0'
[11.717s] DEBUG:colcon.colcon_core.event_reactor:joining thread
[11.945s] INFO:colcon.colcon_core.plugin_system:Skipping extension 'colcon_notification.desktop_notification.notify_send': Could not find 'notify-send'
[11.946s] INFO:colcon.colcon_core.plugin_system:Skipping extension 'colcon_notification.desktop_notification.terminal_notifier': Not used on non-Darwin systems
[11.946s] INFO:colcon.colcon_core.plugin_system:Skipping extension 'colcon_notification.desktop_notification.win32': Not used on non-Windows systems
[11.946s] INFO:colcon.colcon_notification.desktop_notification:Sending desktop notification using 'notify2'
[11.946s] DEBUG:colcon.colcon_notification.desktop_notification.notify2:Failed to initialize notify2: org.freedesktop.DBus.Error.FileNotFound: Failed to connect to socket /run/user/1000/bus: No such file or directory
[11.946s] DEBUG:colcon.colcon_core.event_reactor:joined thread
[11.971s] INFO:colcon.colcon_core.shell:Creating prefix script '/home/akash/new_ros_ws/install/local_setup.ps1'
[11.973s] INFO:colcon.colcon_core.shell:Creating prefix util module '/home/akash/new_ros_ws/install/_local_setup_util_ps1.py'
[11.975s] INFO:colcon.colcon_core.shell:Creating prefix chain script '/home/akash/new_ros_ws/install/setup.ps1'
[12.000s] INFO:colcon.colcon_core.shell:Creating prefix script '/home/akash/new_ros_ws/install/local_setup.sh'
[12.001s] INFO:colcon.colcon_core.shell:Creating prefix util module '/home/akash/new_ros_ws/install/_local_setup_util_sh.py'
[12.001s] INFO:colcon.colcon_core.shell:Creating prefix chain script '/home/akash/new_ros_ws/install/setup.sh'
[12.030s] INFO:colcon.colcon_core.shell:Creating prefix script '/home/akash/new_ros_ws/install/local_setup.bash'
[12.030s] INFO:colcon.colcon_core.shell:Creating prefix chain script '/home/akash/new_ros_ws/install/setup.bash'
[12.062s] INFO:colcon.colcon_core.shell:Creating prefix script '/home/akash/new_ros_ws/install/local_setup.zsh'
[12.063s] INFO:colcon.colcon_core.shell:Creating prefix chain script '/home/akash/new_ros_ws/install/setup.zsh'
