-- Found ament_cmake: 1.3.6 (/opt/ros/humble/share/ament_cmake/cmake)
-- Found rosidl_default_generators: 1.2.0 (/opt/ros/humble/share/rosidl_default_generators/cmake)
-- Using all available rosidl_typesupport_c: rosidl_typesupport_fastrtps_c;rosidl_typesupport_introspection_c
-- Found rosidl_adapter: 3.1.5 (/opt/ros/humble/share/rosidl_adapter/cmake)
-- Using all available rosidl_typesupport_cpp: rosidl_typesupport_fastrtps_cpp;rosidl_typesupport_introspection_cpp
-- Found std_msgs: 4.2.3 (/opt/ros/humble/share/std_msgs/cmake)
-- Found sensor_msgs: 4.2.3 (/opt/ros/humble/share/sensor_msgs/cmake)
-- Found ament_cmake_ros: 0.10.0 (/opt/ros/humble/share/ament_cmake_ros/cmake)
-- Using all available rosidl_typesupport_c: rosidl_typesupport_fastrtps_c;rosidl_typesupport_introspection_c
-- Using all available rosidl_typesupport_cpp: rosidl_typesupport_fastrtps_cpp;rosidl_typesupport_introspection_cpp
-- Found python_cmake_module: 0.10.0 (/opt/ros/humble/share/python_cmake_module/cmake)
-- Using PYTHON_EXECUTABLE: /usr/bin/python3
-- Using PYTHON_INCLUDE_DIRS: /usr/include/python3.10
-- Using PYTHON_LIBRARIES: /usr/lib/x86_64-linux-gnu/libpython3.10.so
-- Configuring done
-- Generating done
-- Build files have been written to: /home/akash/new_ros_ws/build/cam_interface
[  3%] [34m[1mGenerating C code for ROS interfaces[0m
[  6%] [34m[1mGenerating C++ code for ROS interfaces[0m
[  6%] Built target ament_cmake_python_copy_cam_interface
running egg_info
writing cam_interface.egg-info/PKG-INFO
writing dependency_links to cam_interface.egg-info/dependency_links.txt
writing top-level names to cam_interface.egg-info/top_level.txt
reading manifest file 'cam_interface.egg-info/SOURCES.txt'
writing manifest file 'cam_interface.egg-info/SOURCES.txt'
[35m[1mConsolidate compiler generated dependencies of target cam_interface__rosidl_generator_c[0m
[  6%] Built target cam_interface__cpp
[  9%] [32mBuilding C object CMakeFiles/cam_interface__rosidl_generator_c.dir/rosidl_generator_c/cam_interface/msg/detail/cam_topic__functions.c.o[0m
[ 12%] [34m[1mGenerating C++ introspection for ROS interfaces[0m
[ 16%] [34m[1mGenerating C++ type support dispatch for ROS interfaces[0m
[ 19%] [34m[1mGenerating C++ type support for eProsima Fast-RTPS[0m
[ 19%] Built target ament_cmake_python_build_cam_interface_egg
[ 22%] [32m[1mLinking C shared library libcam_interface__rosidl_generator_c.so[0m
[35m[1mConsolidate compiler generated dependencies of target cam_interface__rosidl_typesupport_cpp[0m
[ 22%] Built target cam_interface__rosidl_generator_c
[35m[1mConsolidate compiler generated dependencies of target cam_interface__rosidl_typesupport_introspection_cpp[0m
[ 25%] [34m[1mGenerating C introspection for ROS interfaces[0m
[ 29%] [32mBuilding CXX object CMakeFiles/cam_interface__rosidl_typesupport_cpp.dir/rosidl_typesupport_cpp/cam_interface/msg/cam_topic__type_support.cpp.o[0m
[ 32%] [34m[1mGenerating C type support for eProsima Fast-RTPS[0m
[ 35%] [34m[1mGenerating C type support dispatch for ROS interfaces[0m
[ 38%] [32mBuilding CXX object CMakeFiles/cam_interface__rosidl_typesupport_introspection_cpp.dir/rosidl_typesupport_introspection_cpp/cam_interface/msg/detail/cam_topic__type_support.cpp.o[0m
[35m[1mConsolidate compiler generated dependencies of target cam_interface__rosidl_typesupport_fastrtps_cpp[0m
[ 41%] [32mBuilding CXX object CMakeFiles/cam_interface__rosidl_typesupport_fastrtps_cpp.dir/rosidl_typesupport_fastrtps_cpp/cam_interface/msg/detail/dds_fastrtps/cam_topic__type_support.cpp.o[0m
[35m[1mConsolidate compiler generated dependencies of target cam_interface__rosidl_typesupport_c[0m
[ 45%] [32mBuilding CXX object CMakeFiles/cam_interface__rosidl_typesupport_c.dir/rosidl_typesupport_c/cam_interface/msg/cam_topic__type_support.cpp.o[0m
[35m[1mConsolidate compiler generated dependencies of target cam_interface__rosidl_typesupport_introspection_c[0m
[35m[1mConsolidate compiler generated dependencies of target cam_interface__rosidl_typesupport_fastrtps_c[0m
[ 48%] [32mBuilding C object CMakeFiles/cam_interface__rosidl_typesupport_introspection_c.dir/rosidl_typesupport_introspection_c/cam_interface/msg/detail/cam_topic__type_support.c.o[0m
[ 51%] [32mBuilding CXX object CMakeFiles/cam_interface__rosidl_typesupport_fastrtps_c.dir/rosidl_typesupport_fastrtps_c/cam_interface/msg/detail/cam_topic__type_support_c.cpp.o[0m
[ 54%] [32m[1mLinking CXX shared library libcam_interface__rosidl_typesupport_c.so[0m
[ 58%] [32m[1mLinking C shared library libcam_interface__rosidl_typesupport_introspection_c.so[0m
[ 61%] [32m[1mLinking CXX shared library libcam_interface__rosidl_typesupport_cpp.so[0m
[ 64%] [32m[1mLinking CXX shared library libcam_interface__rosidl_typesupport_fastrtps_cpp.so[0m
[ 67%] [32m[1mLinking CXX shared library libcam_interface__rosidl_typesupport_introspection_cpp.so[0m
[ 67%] Built target cam_interface__rosidl_typesupport_c
[ 67%] Built target cam_interface__rosidl_typesupport_introspection_c
[ 67%] Built target cam_interface__rosidl_typesupport_cpp
[ 70%] [32m[1mLinking CXX shared library libcam_interface__rosidl_typesupport_fastrtps_c.so[0m
[ 70%] Built target cam_interface__rosidl_typesupport_fastrtps_cpp
[ 70%] Built target cam_interface__rosidl_typesupport_introspection_cpp
[ 70%] Built target cam_interface__rosidl_typesupport_fastrtps_c
[ 70%] Built target cam_interface
[ 74%] [34m[1mGenerating Python code for ROS interfaces[0m
[ 74%] Built target cam_interface__py
[35m[1mConsolidate compiler generated dependencies of target cam_interface__rosidl_generator_py[0m
[ 77%] [32mBuilding C object CMakeFiles/cam_interface__rosidl_generator_py.dir/rosidl_generator_py/cam_interface/msg/_cam_topic_s.c.o[0m
[ 80%] [32m[1mLinking C shared library rosidl_generator_py/cam_interface/libcam_interface__rosidl_generator_py.so[0m
[ 80%] Built target cam_interface__rosidl_generator_py
[35m[1mConsolidate compiler generated dependencies of target cam_interface__rosidl_typesupport_fastrtps_c__pyext[0m
[35m[1mConsolidate compiler generated dependencies of target cam_interface__rosidl_typesupport_introspection_c__pyext[0m
[35m[1mConsolidate compiler generated dependencies of target cam_interface__rosidl_typesupport_c__pyext[0m
[ 83%] [32mBuilding C object CMakeFiles/cam_interface__rosidl_typesupport_introspection_c__pyext.dir/rosidl_generator_py/cam_interface/_cam_interface_s.ep.rosidl_typesupport_introspection_c.c.o[0m
[ 87%] [32mBuilding C object CMakeFiles/cam_interface__rosidl_typesupport_fastrtps_c__pyext.dir/rosidl_generator_py/cam_interface/_cam_interface_s.ep.rosidl_typesupport_fastrtps_c.c.o[0m
[ 90%] [32mBuilding C object CMakeFiles/cam_interface__rosidl_typesupport_c__pyext.dir/rosidl_generator_py/cam_interface/_cam_interface_s.ep.rosidl_typesupport_c.c.o[0m
[ 93%] [32m[1mLinking C shared library rosidl_generator_py/cam_interface/cam_interface_s__rosidl_typesupport_introspection_c.cpython-310-x86_64-linux-gnu.so[0m
[ 96%] [32m[1mLinking C shared library rosidl_generator_py/cam_interface/cam_interface_s__rosidl_typesupport_c.cpython-310-x86_64-linux-gnu.so[0m
[100%] [32m[1mLinking C shared library rosidl_generator_py/cam_interface/cam_interface_s__rosidl_typesupport_fastrtps_c.cpython-310-x86_64-linux-gnu.so[0m
[100%] Built target cam_interface__rosidl_typesupport_c__pyext
[100%] Built target cam_interface__rosidl_typesupport_introspection_c__pyext
[100%] Built target cam_interface__rosidl_typesupport_fastrtps_c__pyext
-- Install configuration: ""
-- Up-to-date: /home/akash/new_ros_ws/install/cam_interface/share/ament_index/resource_index/rosidl_interfaces/cam_interface
-- Up-to-date: /home/akash/new_ros_ws/install/cam_interface/include/cam_interface/cam_interface
-- Up-to-date: /home/akash/new_ros_ws/install/cam_interface/include/cam_interface/cam_interface/msg
-- Up-to-date: /home/akash/new_ros_ws/install/cam_interface/include/cam_interface/cam_interface/msg/rosidl_generator_c__visibility_control.h
-- Installing: /home/akash/new_ros_ws/install/cam_interface/include/cam_interface/cam_interface/msg/cam_topic.h
-- Up-to-date: /home/akash/new_ros_ws/install/cam_interface/include/cam_interface/cam_interface/msg/detail
-- Installing: /home/akash/new_ros_ws/install/cam_interface/include/cam_interface/cam_interface/msg/detail/cam_topic__functions.c
-- Installing: /home/akash/new_ros_ws/install/cam_interface/include/cam_interface/cam_interface/msg/detail/cam_topic__struct.h
-- Installing: /home/akash/new_ros_ws/install/cam_interface/include/cam_interface/cam_interface/msg/detail/cam_topic__type_support.h
-- Installing: /home/akash/new_ros_ws/install/cam_interface/include/cam_interface/cam_interface/msg/detail/cam_topic__functions.h
-- Up-to-date: /home/akash/new_ros_ws/install/cam_interface/share/cam_interface/environment/library_path.sh
-- Installing: /home/akash/new_ros_ws/install/cam_interface/share/cam_interface/environment/library_path.dsv
-- Installing: /home/akash/new_ros_ws/install/cam_interface/lib/libcam_interface__rosidl_generator_c.so
-- Set runtime path of "/home/akash/new_ros_ws/install/cam_interface/lib/libcam_interface__rosidl_generator_c.so" to ""
-- Up-to-date: /home/akash/new_ros_ws/install/cam_interface/include/cam_interface/cam_interface
-- Up-to-date: /home/akash/new_ros_ws/install/cam_interface/include/cam_interface/cam_interface/msg
-- Up-to-date: /home/akash/new_ros_ws/install/cam_interface/include/cam_interface/cam_interface/msg/rosidl_typesupport_fastrtps_c__visibility_control.h
-- Up-to-date: /home/akash/new_ros_ws/install/cam_interface/include/cam_interface/cam_interface/msg/detail
-- Installing: /home/akash/new_ros_ws/install/cam_interface/include/cam_interface/cam_interface/msg/detail/cam_topic__rosidl_typesupport_fastrtps_c.h
-- Installing: /home/akash/new_ros_ws/install/cam_interface/lib/libcam_interface__rosidl_typesupport_fastrtps_c.so
-- Set runtime path of "/home/akash/new_ros_ws/install/cam_interface/lib/libcam_interface__rosidl_typesupport_fastrtps_c.so" to ""
-- Up-to-date: /home/akash/new_ros_ws/install/cam_interface/include/cam_interface/cam_interface
-- Up-to-date: /home/akash/new_ros_ws/install/cam_interface/include/cam_interface/cam_interface/msg
-- Up-to-date: /home/akash/new_ros_ws/install/cam_interface/include/cam_interface/cam_interface/msg/rosidl_typesupport_introspection_c__visibility_control.h
-- Up-to-date: /home/akash/new_ros_ws/install/cam_interface/include/cam_interface/cam_interface/msg/detail
-- Installing: /home/akash/new_ros_ws/install/cam_interface/include/cam_interface/cam_interface/msg/detail/cam_topic__rosidl_typesupport_introspection_c.h
-- Installing: /home/akash/new_ros_ws/install/cam_interface/include/cam_interface/cam_interface/msg/detail/cam_topic__type_support.c
-- Installing: /home/akash/new_ros_ws/install/cam_interface/lib/libcam_interface__rosidl_typesupport_introspection_c.so
-- Set runtime path of "/home/akash/new_ros_ws/install/cam_interface/lib/libcam_interface__rosidl_typesupport_introspection_c.so" to ""
-- Installing: /home/akash/new_ros_ws/install/cam_interface/lib/libcam_interface__rosidl_typesupport_c.so
-- Set runtime path of "/home/akash/new_ros_ws/install/cam_interface/lib/libcam_interface__rosidl_typesupport_c.so" to ""
-- Up-to-date: /home/akash/new_ros_ws/install/cam_interface/include/cam_interface/cam_interface
-- Up-to-date: /home/akash/new_ros_ws/install/cam_interface/include/cam_interface/cam_interface/msg
-- Installing: /home/akash/new_ros_ws/install/cam_interface/include/cam_interface/cam_interface/msg/cam_topic.hpp
-- Up-to-date: /home/akash/new_ros_ws/install/cam_interface/include/cam_interface/cam_interface/msg/detail
-- Installing: /home/akash/new_ros_ws/install/cam_interface/include/cam_interface/cam_interface/msg/detail/cam_topic__traits.hpp
-- Installing: /home/akash/new_ros_ws/install/cam_interface/include/cam_interface/cam_interface/msg/detail/cam_topic__struct.hpp
-- Installing: /home/akash/new_ros_ws/install/cam_interface/include/cam_interface/cam_interface/msg/detail/cam_topic__builder.hpp
-- Up-to-date: /home/akash/new_ros_ws/install/cam_interface/include/cam_interface/cam_interface
-- Up-to-date: /home/akash/new_ros_ws/install/cam_interface/include/cam_interface/cam_interface/msg
-- Up-to-date: /home/akash/new_ros_ws/install/cam_interface/include/cam_interface/cam_interface/msg/rosidl_typesupport_fastrtps_cpp__visibility_control.h
-- Up-to-date: /home/akash/new_ros_ws/install/cam_interface/include/cam_interface/cam_interface/msg/detail
-- Up-to-date: /home/akash/new_ros_ws/install/cam_interface/include/cam_interface/cam_interface/msg/detail/dds_fastrtps
-- Installing: /home/akash/new_ros_ws/install/cam_interface/include/cam_interface/cam_interface/msg/detail/cam_topic__rosidl_typesupport_fastrtps_cpp.hpp
-- Installing: /home/akash/new_ros_ws/install/cam_interface/lib/libcam_interface__rosidl_typesupport_fastrtps_cpp.so
-- Set runtime path of "/home/akash/new_ros_ws/install/cam_interface/lib/libcam_interface__rosidl_typesupport_fastrtps_cpp.so" to ""
-- Up-to-date: /home/akash/new_ros_ws/install/cam_interface/include/cam_interface/cam_interface
-- Up-to-date: /home/akash/new_ros_ws/install/cam_interface/include/cam_interface/cam_interface/msg
-- Up-to-date: /home/akash/new_ros_ws/install/cam_interface/include/cam_interface/cam_interface/msg/detail
-- Installing: /home/akash/new_ros_ws/install/cam_interface/include/cam_interface/cam_interface/msg/detail/cam_topic__rosidl_typesupport_introspection_cpp.hpp
-- Installing: /home/akash/new_ros_ws/install/cam_interface/include/cam_interface/cam_interface/msg/detail/cam_topic__type_support.cpp
-- Installing: /home/akash/new_ros_ws/install/cam_interface/lib/libcam_interface__rosidl_typesupport_introspection_cpp.so
-- Set runtime path of "/home/akash/new_ros_ws/install/cam_interface/lib/libcam_interface__rosidl_typesupport_introspection_cpp.so" to ""
-- Installing: /home/akash/new_ros_ws/install/cam_interface/lib/libcam_interface__rosidl_typesupport_cpp.so
-- Set runtime path of "/home/akash/new_ros_ws/install/cam_interface/lib/libcam_interface__rosidl_typesupport_cpp.so" to ""
-- Up-to-date: /home/akash/new_ros_ws/install/cam_interface/share/cam_interface/environment/pythonpath.sh
-- Installing: /home/akash/new_ros_ws/install/cam_interface/share/cam_interface/environment/pythonpath.dsv
-- Up-to-date: /home/akash/new_ros_ws/install/cam_interface/local/lib/python3.10/dist-packages/cam_interface-0.0.0-py3.10.egg-info
-- Installing: /home/akash/new_ros_ws/install/cam_interface/local/lib/python3.10/dist-packages/cam_interface-0.0.0-py3.10.egg-info/SOURCES.txt
-- Installing: /home/akash/new_ros_ws/install/cam_interface/local/lib/python3.10/dist-packages/cam_interface-0.0.0-py3.10.egg-info/top_level.txt
-- Installing: /home/akash/new_ros_ws/install/cam_interface/local/lib/python3.10/dist-packages/cam_interface-0.0.0-py3.10.egg-info/dependency_links.txt
-- Installing: /home/akash/new_ros_ws/install/cam_interface/local/lib/python3.10/dist-packages/cam_interface-0.0.0-py3.10.egg-info/PKG-INFO
-- Up-to-date: /home/akash/new_ros_ws/install/cam_interface/local/lib/python3.10/dist-packages/cam_interface
-- Installing: /home/akash/new_ros_ws/install/cam_interface/local/lib/python3.10/dist-packages/cam_interface/cam_interface_s__rosidl_typesupport_c.cpython-310-x86_64-linux-gnu.so
-- Installing: /home/akash/new_ros_ws/install/cam_interface/local/lib/python3.10/dist-packages/cam_interface/cam_interface_s__rosidl_typesupport_introspection_c.cpython-310-x86_64-linux-gnu.so
-- Installing: /home/akash/new_ros_ws/install/cam_interface/local/lib/python3.10/dist-packages/cam_interface/_cam_interface_s.ep.rosidl_typesupport_introspection_c.c
-- Installing: /home/akash/new_ros_ws/install/cam_interface/local/lib/python3.10/dist-packages/cam_interface/__init__.py
-- Installing: /home/akash/new_ros_ws/install/cam_interface/local/lib/python3.10/dist-packages/cam_interface/_cam_interface_s.ep.rosidl_typesupport_fastrtps_c.c
-- Installing: /home/akash/new_ros_ws/install/cam_interface/local/lib/python3.10/dist-packages/cam_interface/cam_interface_s__rosidl_typesupport_fastrtps_c.cpython-310-x86_64-linux-gnu.so
-- Installing: /home/akash/new_ros_ws/install/cam_interface/local/lib/python3.10/dist-packages/cam_interface/_cam_interface_s.ep.rosidl_typesupport_c.c
-- Installing: /home/akash/new_ros_ws/install/cam_interface/local/lib/python3.10/dist-packages/cam_interface/libcam_interface__rosidl_generator_py.so
-- Up-to-date: /home/akash/new_ros_ws/install/cam_interface/local/lib/python3.10/dist-packages/cam_interface/msg
-- Installing: /home/akash/new_ros_ws/install/cam_interface/local/lib/python3.10/dist-packages/cam_interface/msg/_cam_topic.py
-- Installing: /home/akash/new_ros_ws/install/cam_interface/local/lib/python3.10/dist-packages/cam_interface/msg/__init__.py
-- Installing: /home/akash/new_ros_ws/install/cam_interface/local/lib/python3.10/dist-packages/cam_interface/msg/_cam_topic_s.c
Listing '/home/akash/new_ros_ws/install/cam_interface/local/lib/python3.10/dist-packages/cam_interface'...
Compiling '/home/akash/new_ros_ws/install/cam_interface/local/lib/python3.10/dist-packages/cam_interface/__init__.py'...
Listing '/home/akash/new_ros_ws/install/cam_interface/local/lib/python3.10/dist-packages/cam_interface/msg'...
Compiling '/home/akash/new_ros_ws/install/cam_interface/local/lib/python3.10/dist-packages/cam_interface/msg/__init__.py'...
Compiling '/home/akash/new_ros_ws/install/cam_interface/local/lib/python3.10/dist-packages/cam_interface/msg/_cam_topic.py'...
-- Installing: /home/akash/new_ros_ws/install/cam_interface/local/lib/python3.10/dist-packages/cam_interface/cam_interface_s__rosidl_typesupport_fastrtps_c.cpython-310-x86_64-linux-gnu.so
-- Set runtime path of "/home/akash/new_ros_ws/install/cam_interface/local/lib/python3.10/dist-packages/cam_interface/cam_interface_s__rosidl_typesupport_fastrtps_c.cpython-310-x86_64-linux-gnu.so" to ""
-- Installing: /home/akash/new_ros_ws/install/cam_interface/local/lib/python3.10/dist-packages/cam_interface/cam_interface_s__rosidl_typesupport_introspection_c.cpython-310-x86_64-linux-gnu.so
-- Set runtime path of "/home/akash/new_ros_ws/install/cam_interface/local/lib/python3.10/dist-packages/cam_interface/cam_interface_s__rosidl_typesupport_introspection_c.cpython-310-x86_64-linux-gnu.so" to ""
-- Installing: /home/akash/new_ros_ws/install/cam_interface/local/lib/python3.10/dist-packages/cam_interface/cam_interface_s__rosidl_typesupport_c.cpython-310-x86_64-linux-gnu.so
-- Set runtime path of "/home/akash/new_ros_ws/install/cam_interface/local/lib/python3.10/dist-packages/cam_interface/cam_interface_s__rosidl_typesupport_c.cpython-310-x86_64-linux-gnu.so" to ""
-- Installing: /home/akash/new_ros_ws/install/cam_interface/lib/libcam_interface__rosidl_generator_py.so
-- Set runtime path of "/home/akash/new_ros_ws/install/cam_interface/lib/libcam_interface__rosidl_generator_py.so" to ""
-- Installing: /home/akash/new_ros_ws/install/cam_interface/share/cam_interface/msg/CamTopic.idl
-- Installing: /home/akash/new_ros_ws/install/cam_interface/share/cam_interface/msg/CamTopic.msg
-- Up-to-date: /home/akash/new_ros_ws/install/cam_interface/share/ament_index/resource_index/package_run_dependencies/cam_interface
-- Installing: /home/akash/new_ros_ws/install/cam_interface/share/ament_index/resource_index/parent_prefix_path/cam_interface
-- Up-to-date: /home/akash/new_ros_ws/install/cam_interface/share/cam_interface/environment/ament_prefix_path.sh
-- Installing: /home/akash/new_ros_ws/install/cam_interface/share/cam_interface/environment/ament_prefix_path.dsv
-- Up-to-date: /home/akash/new_ros_ws/install/cam_interface/share/cam_interface/environment/path.sh
-- Installing: /home/akash/new_ros_ws/install/cam_interface/share/cam_interface/environment/path.dsv
-- Up-to-date: /home/akash/new_ros_ws/install/cam_interface/share/cam_interface/local_setup.bash
-- Up-to-date: /home/akash/new_ros_ws/install/cam_interface/share/cam_interface/local_setup.sh
-- Up-to-date: /home/akash/new_ros_ws/install/cam_interface/share/cam_interface/local_setup.zsh
-- Installing: /home/akash/new_ros_ws/install/cam_interface/share/cam_interface/local_setup.dsv
-- Installing: /home/akash/new_ros_ws/install/cam_interface/share/cam_interface/package.dsv
-- Up-to-date: /home/akash/new_ros_ws/install/cam_interface/share/ament_index/resource_index/packages/cam_interface
-- Up-to-date: /home/akash/new_ros_ws/install/cam_interface/share/cam_interface/cmake/export_cam_interface__rosidl_generator_cExport.cmake
-- Up-to-date: /home/akash/new_ros_ws/install/cam_interface/share/cam_interface/cmake/export_cam_interface__rosidl_generator_cExport-noconfig.cmake
-- Up-to-date: /home/akash/new_ros_ws/install/cam_interface/share/cam_interface/cmake/export_cam_interface__rosidl_typesupport_fastrtps_cExport.cmake
-- Up-to-date: /home/akash/new_ros_ws/install/cam_interface/share/cam_interface/cmake/export_cam_interface__rosidl_typesupport_fastrtps_cExport-noconfig.cmake
-- Up-to-date: /home/akash/new_ros_ws/install/cam_interface/share/cam_interface/cmake/cam_interface__rosidl_typesupport_introspection_cExport.cmake
-- Up-to-date: /home/akash/new_ros_ws/install/cam_interface/share/cam_interface/cmake/cam_interface__rosidl_typesupport_introspection_cExport-noconfig.cmake
-- Up-to-date: /home/akash/new_ros_ws/install/cam_interface/share/cam_interface/cmake/cam_interface__rosidl_typesupport_cExport.cmake
-- Up-to-date: /home/akash/new_ros_ws/install/cam_interface/share/cam_interface/cmake/cam_interface__rosidl_typesupport_cExport-noconfig.cmake
-- Up-to-date: /home/akash/new_ros_ws/install/cam_interface/share/cam_interface/cmake/export_cam_interface__rosidl_generator_cppExport.cmake
-- Up-to-date: /home/akash/new_ros_ws/install/cam_interface/share/cam_interface/cmake/export_cam_interface__rosidl_typesupport_fastrtps_cppExport.cmake
-- Up-to-date: /home/akash/new_ros_ws/install/cam_interface/share/cam_interface/cmake/export_cam_interface__rosidl_typesupport_fastrtps_cppExport-noconfig.cmake
-- Up-to-date: /home/akash/new_ros_ws/install/cam_interface/share/cam_interface/cmake/cam_interface__rosidl_typesupport_introspection_cppExport.cmake
-- Up-to-date: /home/akash/new_ros_ws/install/cam_interface/share/cam_interface/cmake/cam_interface__rosidl_typesupport_introspection_cppExport-noconfig.cmake
-- Up-to-date: /home/akash/new_ros_ws/install/cam_interface/share/cam_interface/cmake/cam_interface__rosidl_typesupport_cppExport.cmake
-- Up-to-date: /home/akash/new_ros_ws/install/cam_interface/share/cam_interface/cmake/cam_interface__rosidl_typesupport_cppExport-noconfig.cmake
-- Up-to-date: /home/akash/new_ros_ws/install/cam_interface/share/cam_interface/cmake/export_cam_interface__rosidl_generator_pyExport.cmake
-- Up-to-date: /home/akash/new_ros_ws/install/cam_interface/share/cam_interface/cmake/export_cam_interface__rosidl_generator_pyExport-noconfig.cmake
-- Up-to-date: /home/akash/new_ros_ws/install/cam_interface/share/cam_interface/cmake/rosidl_cmake-extras.cmake
-- Up-to-date: /home/akash/new_ros_ws/install/cam_interface/share/cam_interface/cmake/ament_cmake_export_dependencies-extras.cmake
-- Up-to-date: /home/akash/new_ros_ws/install/cam_interface/share/cam_interface/cmake/ament_cmake_export_include_directories-extras.cmake
-- Up-to-date: /home/akash/new_ros_ws/install/cam_interface/share/cam_interface/cmake/ament_cmake_export_libraries-extras.cmake
-- Up-to-date: /home/akash/new_ros_ws/install/cam_interface/share/cam_interface/cmake/ament_cmake_export_targets-extras.cmake
-- Up-to-date: /home/akash/new_ros_ws/install/cam_interface/share/cam_interface/cmake/rosidl_cmake_export_typesupport_targets-extras.cmake
-- Up-to-date: /home/akash/new_ros_ws/install/cam_interface/share/cam_interface/cmake/rosidl_cmake_export_typesupport_libraries-extras.cmake
-- Up-to-date: /home/akash/new_ros_ws/install/cam_interface/share/cam_interface/cmake/cam_interfaceConfig.cmake
-- Up-to-date: /home/akash/new_ros_ws/install/cam_interface/share/cam_interface/cmake/cam_interfaceConfig-version.cmake
-- Up-to-date: /home/akash/new_ros_ws/install/cam_interface/share/cam_interface/package.xml
